发生时间：2020-04-03 14:53:54,574 
内容： 
[.ctor:74@choFastApiService.cs]EcoFastApiService creator,thread id:12 
 
发生时间：2020-04-03 14:53:54,574 
内容： 
[.ctor:79@choFastApiService.cs]EcoFastApiService init ok 
 
发生时间：2020-04-03 14:53:54,677 
内容： 
[NodeRegiste:252@FastCallService.cs]Login ,thread id:12 
 
发生时间：2020-04-03 14:53:55,060 
内容： 
[NodeRegiste:282@FastCallService.cs]registe fail 
 
发生时间：2020-04-03 14:53:55,117 
内容： 
[Dispose:95@choFastApiService.cs]ecoFtpApiserver dispose ,thread id:12 
 
发生时间：2020-04-03 14:53:55,158 
内容： 
[.ctor:74@choFastApiService.cs]EcoFastApiService creator,thread id:12 
 
发生时间：2020-04-03 14:53:55,159 
内容： 
[.ctor:79@choFastApiService.cs]EcoFastApiService init ok 
 
发生时间：2020-04-03 14:53:55,162 
内容： 
[NodeRegiste:252@FastCallService.cs]Login ,thread id:12 
 
发生时间：2020-04-03 14:53:55,313 
内容： 
[NodeRegiste:282@FastCallService.cs]registe fail 
 
发生时间：2020-04-03 14:53:55,331 
内容： 
[Dispose:95@choFastApiService.cs]ecoFtpApiserver dispose ,thread id:12 
 
发生时间：2020-04-03 14:53:55,337 
内容： 
[.ctor:74@choFastApiService.cs]EcoFastApiService creator,thread id:12 
 
发生时间：2020-04-03 14:53:55,353 
内容： 
[.ctor:79@choFastApiService.cs]EcoFastApiService init ok 
 
发生时间：2020-04-03 14:53:55,356 
内容： 
[NodeRegiste:252@FastCallService.cs]Login ,thread id:12 
 
发生时间：2020-04-03 14:53:55,480 
内容： 
[NodeRegiste:282@FastCallService.cs]registe fail 
 
发生时间：2020-04-03 14:53:55,498 
内容： 
[Dispose:95@choFastApiService.cs]ecoFtpApiserver dispose ,thread id:12 
 
发生时间：2020-04-03 14:53:55,509 
内容： 
[.ctor:74@choFastApiService.cs]EcoFastApiService creator,thread id:12 
 
发生时间：2020-04-03 14:53:55,529 
内容： 
[.ctor:79@choFastApiService.cs]EcoFastApiService init ok 
 
发生时间：2020-04-03 14:53:55,553 
内容： 
[NodeRegiste:252@FastCallService.cs]Login ,thread id:12 
 
发生时间：2020-04-03 14:53:55,695 
内容： 
[NodeRegiste:282@FastCallService.cs]registe fail 
 
发生时间：2020-04-03 14:53:55,711 
内容： 
[Dispose:95@choFastApiService.cs]ecoFtpApiserver dispose ,thread id:12 
 
发生时间：2020-04-03 14:53:55,714 
内容： 
[.ctor:74@choFastApiService.cs]EcoFastApiService creator,thread id:12 
 
发生时间：2020-04-03 14:53:55,729 
内容： 
[.ctor:79@choFastApiService.cs]EcoFastApiService init ok 
 
发生时间：2020-04-03 14:53:55,746 
内容： 
[NodeRegiste:252@FastCallService.cs]Login ,thread id:12 
 
发生时间：2020-04-03 14:53:55,912 
内容： 
[NodeRegiste:282@FastCallService.cs]registe fail 
 
发生时间：2020-04-03 14:53:55,922 
内容： 
[Dispose:95@choFastApiService.cs]ecoFtpApiserver dispose ,thread id:12 
 
发生时间：2020-04-03 14:53:55,922 
内容： 
[.ctor:74@choFastApiService.cs]EcoFastApiService creator,thread id:12 
 
发生时间：2020-04-03 14:53:55,937 
内容： 
[.ctor:79@choFastApiService.cs]EcoFastApiService init ok 
 
发生时间：2020-04-03 14:53:55,940 
内容： 
[NodeRegiste:252@FastCallService.cs]Login ,thread id:12 
 
发生时间：2020-04-03 14:53:56,040 
内容： 
[NodeRegiste:282@FastCallService.cs]registe fail 
 
发生时间：2020-04-03 14:53:56,045 
内容： 
[Dispose:95@choFastApiService.cs]ecoFtpApiserver dispose ,thread id:12 
 
发生时间：2020-04-03 14:53:56,046 
内容： 
[.ctor:74@choFastApiService.cs]EcoFastApiService creator,thread id:12 
 
发生时间：2020-04-03 14:53:56,061 
内容： 
[.ctor:79@choFastApiService.cs]EcoFastApiService init ok 
 
发生时间：2020-04-03 14:53:56,064 
内容： 
[NodeRegiste:252@FastCallService.cs]Login ,thread id:12 
 
发生时间：2020-04-03 14:53:56,272 
内容： 
[NodeRegiste:277@FastCallService.cs]registe ok 
 
发生时间：2020-04-03 14:53:56,273 
内容： 
[Dispose:95@choFastApiService.cs]ecoFtpApiserver dispose ,thread id:12 
 
发生时间：2020-04-03 14:54:02,134 
内容： 
[.ctor:74@choFastApiService.cs]EcoFastApiService creator,thread id:12 
 
发生时间：2020-04-03 14:54:02,134 
内容： 
[.ctor:79@choFastApiService.cs]EcoFastApiService init ok 
 
发生时间：2020-04-03 14:54:02,541 
内容： 
[Dispose:95@choFastApiService.cs]ecoFtpApiserver dispose ,thread id:12 
 
发生时间：2020-04-03 14:56:04,297 
内容： 
[.ctor:74@choFastApiService.cs]EcoFastApiService creator,thread id:12 
 
发生时间：2020-04-03 14:56:04,298 
内容： 
[.ctor:79@choFastApiService.cs]EcoFastApiService init ok 
 
发生时间：2020-04-03 14:56:04,303 
内容： 
[Dispose:95@choFastApiService.cs]ecoFtpApiserver dispose ,thread id:12 
 
发生时间：2020-04-03 14:58:04,323 
内容： 
[.ctor:74@choFastApiService.cs]EcoFastApiService creator,thread id:12 
 
发生时间：2020-04-03 14:58:04,328 
内容： 
[.ctor:79@choFastApiService.cs]EcoFastApiService init ok 
 
发生时间：2020-04-03 14:58:04,370 
内容： 
[Dispose:95@choFastApiService.cs]ecoFtpApiserver dispose ,thread id:12 
 
发生时间：2020-04-03 15:04:38,237 
内容： 
[.ctor:74@choFastApiService.cs]EcoFastApiService creator,thread id:11 
 
发生时间：2020-04-03 15:04:38,238 
内容： 
[.ctor:79@choFastApiService.cs]EcoFastApiService init ok 
 
发生时间：2020-04-03 15:04:38,327 
内容： 
[NodeRegiste:252@FastCallService.cs]Login ,thread id:11 
 
发生时间：2020-04-03 15:04:38,636 
内容： 
[NodeRegiste:282@FastCallService.cs]registe fail 
 
发生时间：2020-04-03 15:04:38,681 
内容： 
[Dispose:95@choFastApiService.cs]ecoFtpApiserver dispose ,thread id:11 
 
发生时间：2020-04-03 15:04:38,721 
内容： 
[.ctor:74@choFastApiService.cs]EcoFastApiService creator,thread id:11 
 
发生时间：2020-04-03 15:04:38,721 
内容： 
[.ctor:79@choFastApiService.cs]EcoFastApiService init ok 
 
发生时间：2020-04-03 15:04:38,727 
内容： 
[NodeRegiste:252@FastCallService.cs]Login ,thread id:11 
 
发生时间：2020-04-03 15:04:38,865 
内容： 
[NodeRegiste:282@FastCallService.cs]registe fail 
 
发生时间：2020-04-03 15:04:38,866 
内容： 
[Dispose:95@choFastApiService.cs]ecoFtpApiserver dispose ,thread id:11 
 
发生时间：2020-04-03 15:04:38,880 
内容： 
[.ctor:74@choFastApiService.cs]EcoFastApiService creator,thread id:11 
 
发生时间：2020-04-03 15:04:38,884 
内容： 
[.ctor:79@choFastApiService.cs]EcoFastApiService init ok 
 
发生时间：2020-04-03 15:04:38,899 
内容： 
[NodeRegiste:252@FastCallService.cs]Login ,thread id:11 
 
发生时间：2020-04-03 15:04:39,034 
内容： 
[NodeRegiste:282@FastCallService.cs]registe fail 
 
发生时间：2020-04-03 15:04:39,047 
内容： 
[Dispose:95@choFastApiService.cs]ecoFtpApiserver dispose ,thread id:11 
 
发生时间：2020-04-03 15:04:39,067 
内容： 
[.ctor:74@choFastApiService.cs]EcoFastApiService creator,thread id:11 
 
发生时间：2020-04-03 15:04:39,082 
内容： 
[.ctor:79@choFastApiService.cs]EcoFastApiService init ok 
 
发生时间：2020-04-03 15:04:39,100 
内容： 
[NodeRegiste:252@FastCallService.cs]Login ,thread id:11 
 
发生时间：2020-04-03 15:04:39,244 
内容： 
[NodeRegiste:282@FastCallService.cs]registe fail 
 
发生时间：2020-04-03 15:04:39,250 
内容： 
[Dispose:95@choFastApiService.cs]ecoFtpApiserver dispose ,thread id:11 
 
发生时间：2020-04-03 15:04:39,266 
内容： 
[.ctor:74@choFastApiService.cs]EcoFastApiService creator,thread id:11 
 
发生时间：2020-04-03 15:04:39,283 
内容： 
[.ctor:79@choFastApiService.cs]EcoFastApiService init ok 
 
发生时间：2020-04-03 15:04:39,301 
内容： 
[NodeRegiste:252@FastCallService.cs]Login ,thread id:11 
 
发生时间：2020-04-03 15:04:39,445 
内容： 
[NodeRegiste:282@FastCallService.cs]registe fail 
 
发生时间：2020-04-03 15:04:39,446 
内容： 
[Dispose:95@choFastApiService.cs]ecoFtpApiserver dispose ,thread id:11 
 
发生时间：2020-04-03 15:04:39,461 
内容： 
[.ctor:74@choFastApiService.cs]EcoFastApiService creator,thread id:11 
 
发生时间：2020-04-03 15:04:39,466 
内容： 
[.ctor:79@choFastApiService.cs]EcoFastApiService init ok 
 
发生时间：2020-04-03 15:04:39,481 
内容： 
[NodeRegiste:252@FastCallService.cs]Login ,thread id:11 
 
发生时间：2020-04-03 15:04:39,654 
内容： 
[NodeRegiste:282@FastCallService.cs]registe fail 
 
发生时间：2020-04-03 15:04:39,655 
内容： 
[Dispose:95@choFastApiService.cs]ecoFtpApiserver dispose ,thread id:11 
 
发生时间：2020-04-03 15:04:39,670 
内容： 
[.ctor:74@choFastApiService.cs]EcoFastApiService creator,thread id:11 
 
发生时间：2020-04-03 15:04:39,675 
内容： 
[.ctor:79@choFastApiService.cs]EcoFastApiService init ok 
 
发生时间：2020-04-03 15:04:39,689 
内容： 
[NodeRegiste:252@FastCallService.cs]Login ,thread id:11 
 
发生时间：2020-04-03 15:04:39,972 
内容： 
[NodeRegiste:277@FastCallService.cs]registe ok 
 
发生时间：2020-04-03 15:04:39,973 
内容： 
[Dispose:95@choFastApiService.cs]ecoFtpApiserver dispose ,thread id:11 
 
发生时间：2020-04-03 15:04:44,860 
内容： 
[.ctor:74@choFastApiService.cs]EcoFastApiService creator,thread id:11 
 
发生时间：2020-04-03 15:04:44,861 
内容： 
[.ctor:79@choFastApiService.cs]EcoFastApiService init ok 
 
发生时间：2020-04-03 15:04:45,238 
内容： 
[Dispose:95@choFastApiService.cs]ecoFtpApiserver dispose ,thread id:11 
 
发生时间：2020-04-03 15:06:46,788 
内容： 
[.ctor:74@choFastApiService.cs]EcoFastApiService creator,thread id:11 
 
发生时间：2020-04-03 15:06:46,788 
内容： 
[.ctor:79@choFastApiService.cs]EcoFastApiService init ok 
 
发生时间：2020-04-03 15:06:46,811 
内容： 
[Dispose:95@choFastApiService.cs]ecoFtpApiserver dispose ,thread id:11 
 
发生时间：2020-04-03 15:08:46,770 
内容： 
[.ctor:74@choFastApiService.cs]EcoFastApiService creator,thread id:11 
 
发生时间：2020-04-03 15:08:46,771 
内容： 
[.ctor:79@choFastApiService.cs]EcoFastApiService init ok 
 
发生时间：2020-04-03 15:08:46,792 
内容： 
[Dispose:95@choFastApiService.cs]ecoFtpApiserver dispose ,thread id:11 
 
发生时间：2020-04-03 15:11:10,844 
内容： 
[.ctor:74@choFastApiService.cs]EcoFastApiService creator,thread id:11 
 
发生时间：2020-04-03 15:11:10,845 
内容： 
[.ctor:79@choFastApiService.cs]EcoFastApiService init ok 
 
发生时间：2020-04-03 15:11:10,941 
内容： 
[NodeRegiste:252@FastCallService.cs]Login ,thread id:11 
 
发生时间：2020-04-03 15:11:11,267 
内容： 
[NodeRegiste:282@FastCallService.cs]registe fail 
 
发生时间：2020-04-03 15:11:11,310 
内容： 
[Dispose:95@choFastApiService.cs]ecoFtpApiserver dispose ,thread id:11 
 
发生时间：2020-04-03 15:11:11,350 
内容： 
[.ctor:74@choFastApiService.cs]EcoFastApiService creator,thread id:11 
 
发生时间：2020-04-03 15:11:11,350 
内容： 
[.ctor:79@choFastApiService.cs]EcoFastApiService init ok 
 
发生时间：2020-04-03 15:11:11,355 
内容： 
[NodeRegiste:252@FastCallService.cs]Login ,thread id:11 
 
发生时间：2020-04-03 15:11:11,493 
内容： 
[NodeRegiste:282@FastCallService.cs]registe fail 
 
发生时间：2020-04-03 15:11:11,496 
内容： 
[Dispose:95@choFastApiService.cs]ecoFtpApiserver dispose ,thread id:11 
 
发生时间：2020-04-03 15:11:11,512 
内容： 
[.ctor:74@choFastApiService.cs]EcoFastApiService creator,thread id:11 
 
发生时间：2020-04-03 15:11:11,515 
内容： 
[.ctor:79@choFastApiService.cs]EcoFastApiService init ok 
 
发生时间：2020-04-03 15:11:11,531 
内容： 
[NodeRegiste:252@FastCallService.cs]Login ,thread id:11 
 
发生时间：2020-04-03 15:11:11,662 
内容： 
[NodeRegiste:282@FastCallService.cs]registe fail 
 
发生时间：2020-04-03 15:11:11,673 
内容： 
[Dispose:95@choFastApiService.cs]ecoFtpApiserver dispose ,thread id:11 
 
发生时间：2020-04-03 15:11:11,679 
内容： 
[.ctor:74@choFastApiService.cs]EcoFastApiService creator,thread id:11 
 
发生时间：2020-04-03 15:11:11,697 
内容： 
[.ctor:79@choFastApiService.cs]EcoFastApiService init ok 
 
发生时间：2020-04-03 15:11:11,703 
内容： 
[NodeRegiste:252@FastCallService.cs]Login ,thread id:11 
 
发生时间：2020-04-03 15:11:11,840 
内容： 
[NodeRegiste:282@FastCallService.cs]registe fail 
 
发生时间：2020-04-03 15:11:11,856 
内容： 
[Dispose:95@choFastApiService.cs]ecoFtpApiserver dispose ,thread id:11 
 
发生时间：2020-04-03 15:11:11,872 
内容： 
[.ctor:74@choFastApiService.cs]EcoFastApiService creator,thread id:11 
 
发生时间：2020-04-03 15:11:11,889 
内容： 
[.ctor:79@choFastApiService.cs]EcoFastApiService init ok 
 
发生时间：2020-04-03 15:11:11,893 
内容： 
[NodeRegiste:252@FastCallService.cs]Login ,thread id:11 
 
发生时间：2020-04-03 15:11:12,035 
内容： 
[NodeRegiste:282@FastCallService.cs]registe fail 
 
发生时间：2020-04-03 15:11:12,049 
内容： 
[Dispose:95@choFastApiService.cs]ecoFtpApiserver dispose ,thread id:11 
 
发生时间：2020-04-03 15:11:12,053 
内容： 
[.ctor:74@choFastApiService.cs]EcoFastApiService creator,thread id:11 
 
发生时间：2020-04-03 15:11:12,068 
内容： 
[.ctor:79@choFastApiService.cs]EcoFastApiService init ok 
 
发生时间：2020-04-03 15:11:12,088 
内容： 
[NodeRegiste:252@FastCallService.cs]Login ,thread id:11 
 
发生时间：2020-04-03 15:11:12,228 
内容： 
[NodeRegiste:282@FastCallService.cs]registe fail 
 
发生时间：2020-04-03 15:11:12,238 
内容： 
[Dispose:95@choFastApiService.cs]ecoFtpApiserver dispose ,thread id:11 
 
发生时间：2020-04-03 15:11:12,261 
内容： 
[.ctor:74@choFastApiService.cs]EcoFastApiService creator,thread id:11 
 
发生时间：2020-04-03 15:11:12,288 
内容： 
[.ctor:79@choFastApiService.cs]EcoFastApiService init ok 
 
发生时间：2020-04-03 15:11:12,288 
内容： 
[NodeRegiste:252@FastCallService.cs]Login ,thread id:11 
 
发生时间：2020-04-03 15:11:12,515 
内容： 
[NodeRegiste:277@FastCallService.cs]registe ok 
 
发生时间：2020-04-03 15:11:12,515 
内容： 
[Dispose:95@choFastApiService.cs]ecoFtpApiserver dispose ,thread id:11 
 
发生时间：2020-04-03 15:11:15,228 
内容： 
[.ctor:74@choFastApiService.cs]EcoFastApiService creator,thread id:11 
 
发生时间：2020-04-03 15:11:15,229 
内容： 
[.ctor:79@choFastApiService.cs]EcoFastApiService init ok 
 
发生时间：2020-04-03 15:11:15,619 
内容： 
[Dispose:95@choFastApiService.cs]ecoFtpApiserver dispose ,thread id:11 
 
发生时间：2020-04-03 15:21:40,158 
内容： 
[.ctor:74@choFastApiService.cs]EcoFastApiService creator,thread id:11 
 
发生时间：2020-04-03 15:21:40,159 
内容： 
[.ctor:79@choFastApiService.cs]EcoFastApiService init ok 
 
发生时间：2020-04-03 15:21:40,252 
内容： 
[NodeRegiste:252@FastCallService.cs]Login ,thread id:11 
 
发生时间：2020-04-03 15:21:40,382 
内容： 
[NodeRegiste:282@FastCallService.cs]registe fail 
 
发生时间：2020-04-03 15:21:40,433 
内容： 
[Dispose:95@choFastApiService.cs]ecoFtpApiserver dispose ,thread id:11 
 
发生时间：2020-04-03 15:21:40,466 
内容： 
[.ctor:74@choFastApiService.cs]EcoFastApiService creator,thread id:11 
 
发生时间：2020-04-03 15:21:40,466 
内容： 
[.ctor:79@choFastApiService.cs]EcoFastApiService init ok 
 
发生时间：2020-04-03 15:21:40,469 
内容： 
[NodeRegiste:252@FastCallService.cs]Login ,thread id:11 
 
发生时间：2020-04-03 15:21:40,629 
内容： 
[NodeRegiste:282@FastCallService.cs]registe fail 
 
发生时间：2020-04-03 15:21:40,635 
内容： 
[Dispose:95@choFastApiService.cs]ecoFtpApiserver dispose ,thread id:11 
 
发生时间：2020-04-03 15:21:40,650 
内容： 
[.ctor:74@choFastApiService.cs]EcoFastApiService creator,thread id:11 
 
发生时间：2020-04-03 15:21:40,656 
内容： 
[.ctor:79@choFastApiService.cs]EcoFastApiService init ok 
 
发生时间：2020-04-03 15:21:40,675 
内容： 
[NodeRegiste:252@FastCallService.cs]Login ,thread id:11 
 
发生时间：2020-04-03 15:21:40,807 
内容： 
[NodeRegiste:282@FastCallService.cs]registe fail 
 
发生时间：2020-04-03 15:21:40,823 
内容： 
[Dispose:95@choFastApiService.cs]ecoFtpApiserver dispose ,thread id:11 
 
发生时间：2020-04-03 15:21:40,840 
内容： 
[.ctor:74@choFastApiService.cs]EcoFastApiService creator,thread id:11 
 
发生时间：2020-04-03 15:21:40,857 
内容： 
[.ctor:79@choFastApiService.cs]EcoFastApiService init ok 
 
发生时间：2020-04-03 15:21:40,875 
内容： 
[NodeRegiste:252@FastCallService.cs]Login ,thread id:11 
 
发生时间：2020-04-03 15:21:41,007 
内容： 
[NodeRegiste:282@FastCallService.cs]registe fail 
 
发生时间：2020-04-03 15:21:41,020 
内容： 
[Dispose:95@choFastApiService.cs]ecoFtpApiserver dispose ,thread id:11 
 
发生时间：2020-04-03 15:21:41,025 
内容： 
[.ctor:74@choFastApiService.cs]EcoFastApiService creator,thread id:11 
 
发生时间：2020-04-03 15:21:41,041 
内容： 
[.ctor:79@choFastApiService.cs]EcoFastApiService init ok 
 
发生时间：2020-04-03 15:21:41,046 
内容： 
[NodeRegiste:252@FastCallService.cs]Login ,thread id:11 
 
发生时间：2020-04-03 15:21:41,164 
内容： 
[NodeRegiste:282@FastCallService.cs]registe fail 
 
发生时间：2020-04-03 15:21:41,181 
内容： 
[Dispose:95@choFastApiService.cs]ecoFtpApiserver dispose ,thread id:11 
 
发生时间：2020-04-03 15:21:41,185 
内容： 
[.ctor:74@choFastApiService.cs]EcoFastApiService creator,thread id:11 
 
发生时间：2020-04-03 15:21:41,200 
内容： 
[.ctor:79@choFastApiService.cs]EcoFastApiService init ok 
 
发生时间：2020-04-03 15:21:41,204 
内容： 
[NodeRegiste:252@FastCallService.cs]Login ,thread id:11 
 
发生时间：2020-04-03 15:21:41,321 
内容： 
[NodeRegiste:282@FastCallService.cs]registe fail 
 
发生时间：2020-04-03 15:21:41,325 
内容： 
[Dispose:95@choFastApiService.cs]ecoFtpApiserver dispose ,thread id:11 
 
发生时间：2020-04-03 15:21:41,342 
内容： 
[.ctor:74@choFastApiService.cs]EcoFastApiService creator,thread id:11 
 
发生时间：2020-04-03 15:21:41,347 
内容： 
[.ctor:79@choFastApiService.cs]EcoFastApiService init ok 
 
发生时间：2020-04-03 15:21:41,362 
内容： 
[NodeRegiste:252@FastCallService.cs]Login ,thread id:11 
 
发生时间：2020-04-03 15:21:41,569 
内容： 
[NodeRegiste:277@FastCallService.cs]registe ok 
 
发生时间：2020-04-03 15:21:41,570 
内容： 
[Dispose:95@choFastApiService.cs]ecoFtpApiserver dispose ,thread id:11 
 
发生时间：2020-04-03 15:21:44,837 
内容： 
[.ctor:74@choFastApiService.cs]EcoFastApiService creator,thread id:11 
 
发生时间：2020-04-03 15:21:44,838 
内容： 
[.ctor:79@choFastApiService.cs]EcoFastApiService init ok 
 
发生时间：2020-04-03 15:21:45,095 
内容： 
[Dispose:95@choFastApiService.cs]ecoFtpApiserver dispose ,thread id:11 
 
发生时间：2020-04-03 16:46:28,172 
内容： 
[.ctor:74@choFastApiService.cs]EcoFastApiService creator,thread id:11 
 
发生时间：2020-04-03 16:46:28,173 
内容： 
[.ctor:79@choFastApiService.cs]EcoFastApiService init ok 
 
发生时间：2020-04-03 16:46:28,283 
内容： 
[NodeRegiste:252@FastCallService.cs]Login ,thread id:11 
 
发生时间：2020-04-03 16:46:28,589 
内容： 
[NodeRegiste:282@FastCallService.cs]registe fail 
 
发生时间：2020-04-03 16:46:28,637 
内容： 
[Dispose:95@choFastApiService.cs]ecoFtpApiserver dispose ,thread id:11 
 
发生时间：2020-04-03 16:46:28,677 
内容： 
[.ctor:74@choFastApiService.cs]EcoFastApiService creator,thread id:11 
 
发生时间：2020-04-03 16:46:28,679 
内容： 
[.ctor:79@choFastApiService.cs]EcoFastApiService init ok 
 
发生时间：2020-04-03 16:46:28,684 
内容： 
[NodeRegiste:252@FastCallService.cs]Login ,thread id:11 
 
发生时间：2020-04-03 16:46:28,831 
内容： 
[NodeRegiste:282@FastCallService.cs]registe fail 
 
发生时间：2020-04-03 16:46:28,844 
内容： 
[Dispose:95@choFastApiService.cs]ecoFtpApiserver dispose ,thread id:11 
 
发生时间：2020-04-03 16:46:28,864 
内容： 
[.ctor:74@choFastApiService.cs]EcoFastApiService creator,thread id:11 
 
发生时间：2020-04-03 16:46:28,867 
内容： 
[.ctor:79@choFastApiService.cs]EcoFastApiService init ok 
 
发生时间：2020-04-03 16:46:28,882 
内容： 
[NodeRegiste:252@FastCallService.cs]Login ,thread id:11 
 
发生时间：2020-04-03 16:46:29,013 
内容： 
[NodeRegiste:282@FastCallService.cs]registe fail 
 
发生时间：2020-04-03 16:46:29,029 
内容： 
[Dispose:95@choFastApiService.cs]ecoFtpApiserver dispose ,thread id:11 
 
发生时间：2020-04-03 16:46:29,046 
内容： 
[.ctor:74@choFastApiService.cs]EcoFastApiService creator,thread id:11 
 
发生时间：2020-04-03 16:46:29,052 
内容： 
[.ctor:79@choFastApiService.cs]EcoFastApiService init ok 
 
发生时间：2020-04-03 16:46:29,067 
内容： 
[NodeRegiste:252@FastCallService.cs]Login ,thread id:11 
 
发生时间：2020-04-03 16:46:29,201 
内容： 
[NodeRegiste:282@FastCallService.cs]registe fail 
 
发生时间：2020-04-03 16:46:29,211 
内容： 
[Dispose:95@choFastApiService.cs]ecoFtpApiserver dispose ,thread id:11 
 
发生时间：2020-04-03 16:46:29,229 
内容： 
[.ctor:74@choFastApiService.cs]EcoFastApiService creator,thread id:11 
 
发生时间：2020-04-03 16:46:29,245 
内容： 
[.ctor:79@choFastApiService.cs]EcoFastApiService init ok 
 
发生时间：2020-04-03 16:46:29,264 
内容： 
[NodeRegiste:252@FastCallService.cs]Login ,thread id:11 
 
发生时间：2020-04-03 16:46:29,400 
内容： 
[NodeRegiste:282@FastCallService.cs]registe fail 
 
发生时间：2020-04-03 16:46:29,405 
内容： 
[Dispose:95@choFastApiService.cs]ecoFtpApiserver dispose ,thread id:11 
 
发生时间：2020-04-03 16:46:29,421 
内容： 
[.ctor:74@choFastApiService.cs]EcoFastApiService creator,thread id:11 
 
发生时间：2020-04-03 16:46:29,425 
内容： 
[.ctor:79@choFastApiService.cs]EcoFastApiService init ok 
 
发生时间：2020-04-03 16:46:29,440 
内容： 
[NodeRegiste:252@FastCallService.cs]Login ,thread id:11 
 
发生时间：2020-04-03 16:46:29,582 
内容： 
[NodeRegiste:282@FastCallService.cs]registe fail 
 
发生时间：2020-04-03 16:46:29,595 
内容： 
[Dispose:95@choFastApiService.cs]ecoFtpApiserver dispose ,thread id:11 
 
发生时间：2020-04-03 16:46:29,612 
内容： 
[.ctor:74@choFastApiService.cs]EcoFastApiService creator,thread id:11 
 
发生时间：2020-04-03 16:46:29,627 
内容： 
[.ctor:79@choFastApiService.cs]EcoFastApiService init ok 
 
发生时间：2020-04-03 16:46:29,644 
内容： 
[NodeRegiste:252@FastCallService.cs]Login ,thread id:11 
 
发生时间：2020-04-03 16:46:29,885 
内容： 
[NodeRegiste:277@FastCallService.cs]registe ok 
 
发生时间：2020-04-03 16:46:29,886 
内容： 
[Dispose:95@choFastApiService.cs]ecoFtpApiserver dispose ,thread id:11 
 
发生时间：2020-04-03 16:46:33,140 
内容： 
[.ctor:74@choFastApiService.cs]EcoFastApiService creator,thread id:11 
 
发生时间：2020-04-03 16:46:33,140 
内容： 
[.ctor:79@choFastApiService.cs]EcoFastApiService init ok 
 
发生时间：2020-04-03 16:46:33,466 
内容： 
[Dispose:95@choFastApiService.cs]ecoFtpApiserver dispose ,thread id:11 
 
发生时间：2020-04-03 16:48:35,068 
内容： 
[.ctor:74@choFastApiService.cs]EcoFastApiService creator,thread id:11 
 
发生时间：2020-04-03 16:48:35,069 
内容： 
[.ctor:79@choFastApiService.cs]EcoFastApiService init ok 
 
发生时间：2020-04-03 16:48:35,089 
内容： 
[Dispose:95@choFastApiService.cs]ecoFtpApiserver dispose ,thread id:11 
 
发生时间：2020-04-03 16:50:35,064 
内容： 
[.ctor:74@choFastApiService.cs]EcoFastApiService creator,thread id:11 
 
发生时间：2020-04-03 16:50:35,065 
内容： 
[.ctor:79@choFastApiService.cs]EcoFastApiService init ok 
 
发生时间：2020-04-03 16:50:35,069 
内容： 
[Dispose:95@choFastApiService.cs]ecoFtpApiserver dispose ,thread id:11 
 
发生时间：2020-04-03 16:52:35,078 
内容： 
[.ctor:74@choFastApiService.cs]EcoFastApiService creator,thread id:11 
 
发生时间：2020-04-03 16:52:35,085 
内容： 
[.ctor:79@choFastApiService.cs]EcoFastApiService init ok 
 
发生时间：2020-04-03 16:52:35,121 
内容： 
[Dispose:95@choFastApiService.cs]ecoFtpApiserver dispose ,thread id:11 
 
发生时间：2020-04-03 16:54:35,154 
内容： 
[.ctor:74@choFastApiService.cs]EcoFastApiService creator,thread id:11 
 
发生时间：2020-04-03 16:54:35,155 
内容： 
[.ctor:79@choFastApiService.cs]EcoFastApiService init ok 
 
发生时间：2020-04-03 16:54:35,174 
内容： 
[Dispose:95@choFastApiService.cs]ecoFtpApiserver dispose ,thread id:11 
 
发生时间：2020-04-03 16:56:35,150 
内容： 
[.ctor:74@choFastApiService.cs]EcoFastApiService creator,thread id:11 
 
发生时间：2020-04-03 16:56:35,151 
内容： 
[.ctor:79@choFastApiService.cs]EcoFastApiService init ok 
 
发生时间：2020-04-03 16:56:35,179 
内容： 
[Dispose:95@choFastApiService.cs]ecoFtpApiserver dispose ,thread id:11 
 
发生时间：2020-04-03 16:58:35,085 
内容： 
[.ctor:74@choFastApiService.cs]EcoFastApiService creator,thread id:11 
 
发生时间：2020-04-03 16:58:35,086 
内容： 
[.ctor:79@choFastApiService.cs]EcoFastApiService init ok 
 
发生时间：2020-04-03 16:58:35,106 
内容： 
[Dispose:95@choFastApiService.cs]ecoFtpApiserver dispose ,thread id:11 
 
发生时间：2020-04-03 17:00:35,059 
内容： 
[.ctor:74@choFastApiService.cs]EcoFastApiService creator,thread id:11 
 
发生时间：2020-04-03 17:00:35,059 
内容： 
[.ctor:79@choFastApiService.cs]EcoFastApiService init ok 
 
发生时间：2020-04-03 17:00:35,078 
内容： 
[Dispose:95@choFastApiService.cs]ecoFtpApiserver dispose ,thread id:11 
 
发生时间：2020-04-03 17:02:35,095 
内容： 
[.ctor:74@choFastApiService.cs]EcoFastApiService creator,thread id:11 
 
发生时间：2020-04-03 17:02:35,095 
内容： 
[.ctor:79@choFastApiService.cs]EcoFastApiService init ok 
 
发生时间：2020-04-03 17:02:35,097 
内容： 
[Dispose:95@choFastApiService.cs]ecoFtpApiserver dispose ,thread id:11 
 
发生时间：2020-04-03 17:04:35,150 
内容： 
[.ctor:74@choFastApiService.cs]EcoFastApiService creator,thread id:11 
 
发生时间：2020-04-03 17:04:35,151 
内容： 
[.ctor:79@choFastApiService.cs]EcoFastApiService init ok 
 
发生时间：2020-04-03 17:04:35,211 
内容： 
[Dispose:95@choFastApiService.cs]ecoFtpApiserver dispose ,thread id:11 
 
发生时间：2020-04-03 17:06:33,967 
内容： 
[.ctor:74@choFastApiService.cs]EcoFastApiService creator,thread id:11 
 
发生时间：2020-04-03 17:06:33,967 
内容： 
[.ctor:79@choFastApiService.cs]EcoFastApiService init ok 
 
发生时间：2020-04-03 17:06:33,996 
内容： 
[CompareClientFiles:30@FastCallService.cs]CompareClientFiles  
 
发生时间：2020-04-03 17:06:34,000 
内容： 
[Dispose:95@choFastApiService.cs]ecoFtpApiserver dispose ,thread id:11 
 
发生时间：2020-04-03 17:06:35,137 
内容： 
[.ctor:74@choFastApiService.cs]EcoFastApiService creator,thread id:11 
 
发生时间：2020-04-03 17:06:35,138 
内容： 
[.ctor:79@choFastApiService.cs]EcoFastApiService init ok 
 
发生时间：2020-04-03 17:06:35,174 
内容： 
[Dispose:95@choFastApiService.cs]ecoFtpApiserver dispose ,thread id:11 
 
发生时间：2020-04-03 18:43:05,165 
内容： 
[.ctor:74@choFastApiService.cs]EcoFastApiService creator,thread id:11 
 
发生时间：2020-04-03 18:43:05,166 
内容： 
[.ctor:79@choFastApiService.cs]EcoFastApiService init ok 
 
发生时间：2020-04-03 18:43:05,261 
内容： 
[NodeRegiste:252@FastCallService.cs]Login ,thread id:11 
 
发生时间：2020-04-03 18:43:05,554 
内容： 
[NodeRegiste:282@FastCallService.cs]registe fail 
 
发生时间：2020-04-03 18:43:05,593 
内容： 
[Dispose:95@choFastApiService.cs]ecoFtpApiserver dispose ,thread id:11 
 
发生时间：2020-04-03 18:43:05,626 
内容： 
[.ctor:74@choFastApiService.cs]EcoFastApiService creator,thread id:11 
 
发生时间：2020-04-03 18:43:05,627 
内容： 
[.ctor:79@choFastApiService.cs]EcoFastApiService init ok 
 
发生时间：2020-04-03 18:43:05,631 
内容： 
[NodeRegiste:252@FastCallService.cs]Login ,thread id:11 
 
发生时间：2020-04-03 18:43:05,786 
内容： 
[NodeRegiste:282@FastCallService.cs]registe fail 
 
发生时间：2020-04-03 18:43:05,787 
内容： 
[Dispose:95@choFastApiService.cs]ecoFtpApiserver dispose ,thread id:11 
 
发生时间：2020-04-03 18:43:05,802 
内容： 
[.ctor:74@choFastApiService.cs]EcoFastApiService creator,thread id:11 
 
发生时间：2020-04-03 18:43:05,806 
内容： 
[.ctor:79@choFastApiService.cs]EcoFastApiService init ok 
 
发生时间：2020-04-03 18:43:05,822 
内容： 
[NodeRegiste:252@FastCallService.cs]Login ,thread id:11 
 
发生时间：2020-04-03 18:43:05,992 
内容： 
[NodeRegiste:282@FastCallService.cs]registe fail 
 
发生时间：2020-04-03 18:43:06,008 
内容： 
[Dispose:95@choFastApiService.cs]ecoFtpApiserver dispose ,thread id:11 
 
发生时间：2020-04-03 18:43:06,017 
内容： 
[.ctor:74@choFastApiService.cs]EcoFastApiService creator,thread id:11 
 
发生时间：2020-04-03 18:43:06,034 
内容： 
[.ctor:79@choFastApiService.cs]EcoFastApiService init ok 
 
发生时间：2020-04-03 18:43:06,038 
内容： 
[NodeRegiste:252@FastCallService.cs]Login ,thread id:11 
 
发生时间：2020-04-03 18:43:06,215 
内容： 
[NodeRegiste:282@FastCallService.cs]registe fail 
 
发生时间：2020-04-03 18:43:06,220 
内容： 
[Dispose:95@choFastApiService.cs]ecoFtpApiserver dispose ,thread id:11 
 
发生时间：2020-04-03 18:43:06,236 
内容： 
[.ctor:74@choFastApiService.cs]EcoFastApiService creator,thread id:11 
 
发生时间：2020-04-03 18:43:06,239 
内容： 
[.ctor:79@choFastApiService.cs]EcoFastApiService init ok 
 
发生时间：2020-04-03 18:43:06,256 
内容： 
[NodeRegiste:252@FastCallService.cs]Login ,thread id:11 
 
发生时间：2020-04-03 18:43:06,383 
内容： 
[NodeRegiste:282@FastCallService.cs]registe fail 
 
发生时间：2020-04-03 18:43:06,397 
内容： 
[Dispose:95@choFastApiService.cs]ecoFtpApiserver dispose ,thread id:11 
 
发生时间：2020-04-03 18:43:06,401 
内容： 
[.ctor:74@choFastApiService.cs]EcoFastApiService creator,thread id:11 
 
发生时间：2020-04-03 18:43:06,401 
内容： 
[.ctor:79@choFastApiService.cs]EcoFastApiService init ok 
 
发生时间：2020-04-03 18:43:06,417 
内容： 
[NodeRegiste:252@FastCallService.cs]Login ,thread id:11 
 
发生时间：2020-04-03 18:43:06,674 
内容： 
[NodeRegiste:277@FastCallService.cs]registe ok 
 
发生时间：2020-04-03 18:43:06,675 
内容： 
[Dispose:95@choFastApiService.cs]ecoFtpApiserver dispose ,thread id:11 
 
发生时间：2020-04-03 18:43:07,985 
内容： 
[.ctor:74@choFastApiService.cs]EcoFastApiService creator,thread id:11 
 
发生时间：2020-04-03 18:43:07,985 
内容： 
[.ctor:79@choFastApiService.cs]EcoFastApiService init ok 
 
发生时间：2020-04-03 18:43:08,241 
内容： 
[Dispose:95@choFastApiService.cs]ecoFtpApiserver dispose ,thread id:11 
 
发生时间：2020-04-03 18:45:09,693 
内容： 
[.ctor:74@choFastApiService.cs]EcoFastApiService creator,thread id:11 
 
发生时间：2020-04-03 18:45:09,693 
内容： 
[.ctor:79@choFastApiService.cs]EcoFastApiService init ok 
 
发生时间：2020-04-03 18:45:09,701 
内容： 
[Dispose:95@choFastApiService.cs]ecoFtpApiserver dispose ,thread id:11 
 
发生时间：2020-04-03 18:47:09,681 
内容： 
[.ctor:74@choFastApiService.cs]EcoFastApiService creator,thread id:11 
 
发生时间：2020-04-03 18:47:09,682 
内容： 
[.ctor:79@choFastApiService.cs]EcoFastApiService init ok 
 
发生时间：2020-04-03 18:47:09,685 
内容： 
[Dispose:95@choFastApiService.cs]ecoFtpApiserver dispose ,thread id:11 
 
发生时间：2020-04-03 18:49:09,676 
内容： 
[.ctor:74@choFastApiService.cs]EcoFastApiService creator,thread id:11 
 
发生时间：2020-04-03 18:49:09,676 
内容： 
[.ctor:79@choFastApiService.cs]EcoFastApiService init ok 
 
发生时间：2020-04-03 18:49:09,680 
内容： 
[Dispose:95@choFastApiService.cs]ecoFtpApiserver dispose ,thread id:11 
 
发生时间：2020-04-03 18:51:09,687 
内容： 
[.ctor:74@choFastApiService.cs]EcoFastApiService creator,thread id:11 
 
发生时间：2020-04-03 18:51:09,688 
内容： 
[.ctor:79@choFastApiService.cs]EcoFastApiService init ok 
 
发生时间：2020-04-03 18:51:09,693 
内容： 
[Dispose:95@choFastApiService.cs]ecoFtpApiserver dispose ,thread id:11 
 
发生时间：2020-04-03 18:53:09,692 
内容： 
[.ctor:74@choFastApiService.cs]EcoFastApiService creator,thread id:11 
 
发生时间：2020-04-03 18:53:09,692 
内容： 
[.ctor:79@choFastApiService.cs]EcoFastApiService init ok 
 
发生时间：2020-04-03 18:53:09,693 
内容： 
[Dispose:95@choFastApiService.cs]ecoFtpApiserver dispose ,thread id:11 
 
发生时间：2020-04-03 18:55:09,693 
内容： 
[.ctor:74@choFastApiService.cs]EcoFastApiService creator,thread id:11 
 
发生时间：2020-04-03 18:55:09,721 
内容： 
[.ctor:79@choFastApiService.cs]EcoFastApiService init ok 
 
发生时间：2020-04-03 18:55:09,722 
内容： 
[Dispose:95@choFastApiService.cs]ecoFtpApiserver dispose ,thread id:11 
 
发生时间：2020-04-03 18:57:09,698 
内容： 
[.ctor:74@choFastApiService.cs]EcoFastApiService creator,thread id:11 
 
发生时间：2020-04-03 18:57:09,698 
内容： 
[.ctor:79@choFastApiService.cs]EcoFastApiService init ok 
 
发生时间：2020-04-03 18:57:09,699 
内容： 
[Dispose:95@choFastApiService.cs]ecoFtpApiserver dispose ,thread id:11 
 
发生时间：2020-04-03 18:59:09,688 
内容： 
[.ctor:74@choFastApiService.cs]EcoFastApiService creator,thread id:11 
 
发生时间：2020-04-03 18:59:09,688 
内容： 
[.ctor:79@choFastApiService.cs]EcoFastApiService init ok 
 
发生时间：2020-04-03 18:59:09,692 
内容： 
[Dispose:95@choFastApiService.cs]ecoFtpApiserver dispose ,thread id:11 
 
发生时间：2020-04-03 19:01:09,690 
内容： 
[.ctor:74@choFastApiService.cs]EcoFastApiService creator,thread id:11 
 
发生时间：2020-04-03 19:01:09,690 
内容： 
[.ctor:79@choFastApiService.cs]EcoFastApiService init ok 
 
发生时间：2020-04-03 19:01:09,691 
内容： 
[Dispose:95@choFastApiService.cs]ecoFtpApiserver dispose ,thread id:11 
 
发生时间：2020-04-03 19:03:08,548 
内容： 
[.ctor:74@choFastApiService.cs]EcoFastApiService creator,thread id:11 
 
发生时间：2020-04-03 19:03:08,549 
内容： 
[.ctor:79@choFastApiService.cs]EcoFastApiService init ok 
 
发生时间：2020-04-03 19:03:08,579 
内容： 
[CompareClientFiles:30@FastCallService.cs]CompareClientFiles  
 
发生时间：2020-04-03 19:03:08,583 
内容： 
[Dispose:95@choFastApiService.cs]ecoFtpApiserver dispose ,thread id:11 
 
发生时间：2020-04-03 19:03:09,718 
内容： 
[.ctor:74@choFastApiService.cs]EcoFastApiService creator,thread id:11 
 
发生时间：2020-04-03 19:03:09,718 
内容： 
[.ctor:79@choFastApiService.cs]EcoFastApiService init ok 
 
发生时间：2020-04-03 19:03:09,722 
内容： 
[Dispose:95@choFastApiService.cs]ecoFtpApiserver dispose ,thread id:11 
 
发生时间：2020-04-03 19:05:09,677 
内容： 
[.ctor:74@choFastApiService.cs]EcoFastApiService creator,thread id:11 
 
发生时间：2020-04-03 19:05:09,677 
内容： 
[.ctor:79@choFastApiService.cs]EcoFastApiService init ok 
 
发生时间：2020-04-03 19:05:09,680 
内容： 
[Dispose:95@choFastApiService.cs]ecoFtpApiserver dispose ,thread id:11 
 
发生时间：2020-04-03 19:07:09,725 
内容： 
[.ctor:74@choFastApiService.cs]EcoFastApiService creator,thread id:11 
 
发生时间：2020-04-03 19:07:09,725 
内容： 
[.ctor:79@choFastApiService.cs]EcoFastApiService init ok 
 
发生时间：2020-04-03 19:07:09,729 
内容： 
[Dispose:95@choFastApiService.cs]ecoFtpApiserver dispose ,thread id:11 
 
发生时间：2020-04-03 19:09:09,687 
内容： 
[.ctor:74@choFastApiService.cs]EcoFastApiService creator,thread id:11 
 
发生时间：2020-04-03 19:09:09,688 
内容： 
[.ctor:79@choFastApiService.cs]EcoFastApiService init ok 
 
发生时间：2020-04-03 19:09:09,691 
内容： 
[Dispose:95@choFastApiService.cs]ecoFtpApiserver dispose ,thread id:11 
 
发生时间：2020-04-03 19:11:09,722 
内容： 
[.ctor:74@choFastApiService.cs]EcoFastApiService creator,thread id:11 
 
发生时间：2020-04-03 19:11:09,723 
内容： 
[.ctor:79@choFastApiService.cs]EcoFastApiService init ok 
 
发生时间：2020-04-03 19:11:09,723 
内容： 
[Dispose:95@choFastApiService.cs]ecoFtpApiserver dispose ,thread id:11 
 
发生时间：2020-04-03 19:13:09,712 
内容： 
[.ctor:74@choFastApiService.cs]EcoFastApiService creator,thread id:11 
 
发生时间：2020-04-03 19:13:09,712 
内容： 
[.ctor:79@choFastApiService.cs]EcoFastApiService init ok 
 
发生时间：2020-04-03 19:13:09,715 
内容： 
[Dispose:95@choFastApiService.cs]ecoFtpApiserver dispose ,thread id:11 
 
发生时间：2020-04-03 19:15:09,685 
内容： 
[.ctor:74@choFastApiService.cs]EcoFastApiService creator,thread id:11 
 
发生时间：2020-04-03 19:15:09,685 
内容： 
[.ctor:79@choFastApiService.cs]EcoFastApiService init ok 
 
发生时间：2020-04-03 19:15:09,689 
内容： 
[Dispose:95@choFastApiService.cs]ecoFtpApiserver dispose ,thread id:11 
 
发生时间：2020-04-03 19:17:09,793 
内容： 
[.ctor:74@choFastApiService.cs]EcoFastApiService creator,thread id:11 
 
发生时间：2020-04-03 19:17:09,795 
内容： 
[.ctor:79@choFastApiService.cs]EcoFastApiService init ok 
 
发生时间：2020-04-03 19:17:09,802 
内容： 
[Dispose:95@choFastApiService.cs]ecoFtpApiserver dispose ,thread id:11 
 
发生时间：2020-04-03 19:19:09,789 
内容： 
[.ctor:74@choFastApiService.cs]EcoFastApiService creator,thread id:11 
 
发生时间：2020-04-03 19:19:09,791 
内容： 
[.ctor:79@choFastApiService.cs]EcoFastApiService init ok 
 
发生时间：2020-04-03 19:19:09,795 
内容： 
[Dispose:95@choFastApiService.cs]ecoFtpApiserver dispose ,thread id:11 
 
发生时间：2020-04-03 19:21:09,758 
内容： 
[.ctor:74@choFastApiService.cs]EcoFastApiService creator,thread id:11 
 
发生时间：2020-04-03 19:21:09,758 
内容： 
[.ctor:79@choFastApiService.cs]EcoFastApiService init ok 
 
发生时间：2020-04-03 19:21:09,762 
内容： 
[Dispose:95@choFastApiService.cs]ecoFtpApiserver dispose ,thread id:11 
 
发生时间：2020-04-03 19:23:08,526 
内容： 
[.ctor:74@choFastApiService.cs]EcoFastApiService creator,thread id:11 
 
发生时间：2020-04-03 19:23:08,527 
内容： 
[.ctor:79@choFastApiService.cs]EcoFastApiService init ok 
 
发生时间：2020-04-03 19:23:08,537 
内容： 
[CompareClientFiles:30@FastCallService.cs]CompareClientFiles  
 
发生时间：2020-04-03 19:23:08,539 
内容： 
[Dispose:95@choFastApiService.cs]ecoFtpApiserver dispose ,thread id:11 
 
发生时间：2020-04-03 19:23:09,808 
内容： 
[.ctor:74@choFastApiService.cs]EcoFastApiService creator,thread id:11 
 
发生时间：2020-04-03 19:23:09,808 
内容： 
[.ctor:79@choFastApiService.cs]EcoFastApiService init ok 
 
发生时间：2020-04-03 19:23:09,817 
内容： 
[Dispose:95@choFastApiService.cs]ecoFtpApiserver dispose ,thread id:11 
 
发生时间：2020-04-03 19:25:09,783 
内容： 
[.ctor:74@choFastApiService.cs]EcoFastApiService creator,thread id:11 
 
发生时间：2020-04-03 19:25:09,784 
内容： 
[.ctor:79@choFastApiService.cs]EcoFastApiService init ok 
 
发生时间：2020-04-03 19:25:09,794 
内容： 
[Dispose:95@choFastApiService.cs]ecoFtpApiserver dispose ,thread id:11 
 
发生时间：2020-04-03 19:27:09,832 
内容： 
[.ctor:74@choFastApiService.cs]EcoFastApiService creator,thread id:11 
 
发生时间：2020-04-03 19:27:09,832 
内容： 
[.ctor:79@choFastApiService.cs]EcoFastApiService init ok 
 
发生时间：2020-04-03 19:27:09,833 
内容： 
[Dispose:95@choFastApiService.cs]ecoFtpApiserver dispose ,thread id:11 
 
发生时间：2020-04-03 19:29:09,771 
内容： 
[.ctor:74@choFastApiService.cs]EcoFastApiService creator,thread id:11 
 
发生时间：2020-04-03 19:29:09,773 
内容： 
[.ctor:79@choFastApiService.cs]EcoFastApiService init ok 
 
发生时间：2020-04-03 19:29:09,778 
内容： 
[Dispose:95@choFastApiService.cs]ecoFtpApiserver dispose ,thread id:11 
 
发生时间：2020-04-03 19:31:09,770 
内容： 
[.ctor:74@choFastApiService.cs]EcoFastApiService creator,thread id:11 
 
发生时间：2020-04-03 19:31:09,775 
内容： 
[.ctor:79@choFastApiService.cs]EcoFastApiService init ok 
 
发生时间：2020-04-03 19:31:09,776 
内容： 
[Dispose:95@choFastApiService.cs]ecoFtpApiserver dispose ,thread id:11 
 
发生时间：2020-04-03 19:33:09,685 
内容： 
[.ctor:74@choFastApiService.cs]EcoFastApiService creator,thread id:11 
 
发生时间：2020-04-03 19:33:09,687 
内容： 
[.ctor:79@choFastApiService.cs]EcoFastApiService init ok 
 
发生时间：2020-04-03 19:33:09,692 
内容： 
[Dispose:95@choFastApiService.cs]ecoFtpApiserver dispose ,thread id:11 
 
发生时间：2020-04-03 19:35:09,797 
内容： 
[.ctor:74@choFastApiService.cs]EcoFastApiService creator,thread id:11 
 
发生时间：2020-04-03 19:35:09,797 
内容： 
[.ctor:79@choFastApiService.cs]EcoFastApiService init ok 
 
发生时间：2020-04-03 19:35:09,803 
内容： 
[Dispose:95@choFastApiService.cs]ecoFtpApiserver dispose ,thread id:11 
 
发生时间：2020-04-03 19:37:09,695 
内容： 
[.ctor:74@choFastApiService.cs]EcoFastApiService creator,thread id:11 
 
发生时间：2020-04-03 19:37:09,696 
内容： 
[.ctor:79@choFastApiService.cs]EcoFastApiService init ok 
 
发生时间：2020-04-03 19:37:09,701 
内容： 
[Dispose:95@choFastApiService.cs]ecoFtpApiserver dispose ,thread id:11 
 
发生时间：2020-04-03 19:39:09,679 
内容： 
[.ctor:74@choFastApiService.cs]EcoFastApiService creator,thread id:11 
 
发生时间：2020-04-03 19:39:09,680 
内容： 
[.ctor:79@choFastApiService.cs]EcoFastApiService init ok 
 
发生时间：2020-04-03 19:39:09,683 
内容： 
[Dispose:95@choFastApiService.cs]ecoFtpApiserver dispose ,thread id:11 
 
发生时间：2020-04-03 19:41:09,724 
内容： 
[.ctor:74@choFastApiService.cs]EcoFastApiService creator,thread id:11 
 
发生时间：2020-04-03 19:41:09,724 
内容： 
[.ctor:79@choFastApiService.cs]EcoFastApiService init ok 
 
发生时间：2020-04-03 19:41:09,725 
内容： 
[Dispose:95@choFastApiService.cs]ecoFtpApiserver dispose ,thread id:11 
 
发生时间：2020-04-03 19:43:08,525 
内容： 
[.ctor:74@choFastApiService.cs]EcoFastApiService creator,thread id:11 
 
发生时间：2020-04-03 19:43:08,526 
内容： 
[.ctor:79@choFastApiService.cs]EcoFastApiService init ok 
 
发生时间：2020-04-03 19:43:08,530 
内容： 
[CompareClientFiles:30@FastCallService.cs]CompareClientFiles  
 
发生时间：2020-04-03 19:43:08,531 
内容： 
[Dispose:95@choFastApiService.cs]ecoFtpApiserver dispose ,thread id:11 
 
发生时间：2020-04-03 19:43:09,758 
内容： 
[.ctor:74@choFastApiService.cs]EcoFastApiService creator,thread id:11 
 
发生时间：2020-04-03 19:43:09,758 
内容： 
[.ctor:79@choFastApiService.cs]EcoFastApiService init ok 
 
发生时间：2020-04-03 19:43:09,762 
内容： 
[Dispose:95@choFastApiService.cs]ecoFtpApiserver dispose ,thread id:11 
 
发生时间：2020-04-03 19:45:09,804 
内容： 
[.ctor:74@choFastApiService.cs]EcoFastApiService creator,thread id:11 
 
发生时间：2020-04-03 19:45:09,806 
内容： 
[.ctor:79@choFastApiService.cs]EcoFastApiService init ok 
 
发生时间：2020-04-03 19:45:09,807 
内容： 
[Dispose:95@choFastApiService.cs]ecoFtpApiserver dispose ,thread id:11 
 
发生时间：2020-04-03 19:47:09,724 
内容： 
[.ctor:74@choFastApiService.cs]EcoFastApiService creator,thread id:11 
 
发生时间：2020-04-03 19:47:09,725 
内容： 
[.ctor:79@choFastApiService.cs]EcoFastApiService init ok 
 
发生时间：2020-04-03 19:47:09,734 
内容： 
[Dispose:95@choFastApiService.cs]ecoFtpApiserver dispose ,thread id:11 
 
发生时间：2020-04-03 19:49:09,768 
内容： 
[.ctor:74@choFastApiService.cs]EcoFastApiService creator,thread id:11 
 
发生时间：2020-04-03 19:49:09,770 
内容： 
[.ctor:79@choFastApiService.cs]EcoFastApiService init ok 
 
发生时间：2020-04-03 19:49:09,776 
内容： 
[Dispose:95@choFastApiService.cs]ecoFtpApiserver dispose ,thread id:11 
 
发生时间：2020-04-03 19:51:09,803 
内容： 
[.ctor:74@choFastApiService.cs]EcoFastApiService creator,thread id:11 
 
发生时间：2020-04-03 19:51:09,804 
内容： 
[.ctor:79@choFastApiService.cs]EcoFastApiService init ok 
 
发生时间：2020-04-03 19:51:09,806 
内容： 
[Dispose:95@choFastApiService.cs]ecoFtpApiserver dispose ,thread id:11 
 
发生时间：2020-04-03 19:53:09,680 
内容： 
[.ctor:74@choFastApiService.cs]EcoFastApiService creator,thread id:11 
 
发生时间：2020-04-03 19:53:09,680 
内容： 
[.ctor:79@choFastApiService.cs]EcoFastApiService init ok 
 
发生时间：2020-04-03 19:53:09,684 
内容： 
[Dispose:95@choFastApiService.cs]ecoFtpApiserver dispose ,thread id:11 
 
发生时间：2020-04-03 19:55:09,778 
内容： 
[.ctor:74@choFastApiService.cs]EcoFastApiService creator,thread id:11 
 
发生时间：2020-04-03 19:55:09,779 
内容： 
[.ctor:79@choFastApiService.cs]EcoFastApiService init ok 
 
发生时间：2020-04-03 19:55:09,801 
内容： 
[Dispose:95@choFastApiService.cs]ecoFtpApiserver dispose ,thread id:11 
 
发生时间：2020-04-03 19:57:09,681 
内容： 
[.ctor:74@choFastApiService.cs]EcoFastApiService creator,thread id:11 
 
发生时间：2020-04-03 19:57:09,681 
内容： 
[.ctor:79@choFastApiService.cs]EcoFastApiService init ok 
 
发生时间：2020-04-03 19:57:09,686 
内容： 
[Dispose:95@choFastApiService.cs]ecoFtpApiserver dispose ,thread id:11 
 
发生时间：2020-04-03 19:59:09,712 
内容： 
[.ctor:74@choFastApiService.cs]EcoFastApiService creator,thread id:11 
 
发生时间：2020-04-03 19:59:09,713 
内容： 
[.ctor:79@choFastApiService.cs]EcoFastApiService init ok 
 
发生时间：2020-04-03 19:59:09,716 
内容： 
[Dispose:95@choFastApiService.cs]ecoFtpApiserver dispose ,thread id:11 
 
发生时间：2020-04-03 20:01:09,682 
内容： 
[.ctor:74@choFastApiService.cs]EcoFastApiService creator,thread id:11 
 
发生时间：2020-04-03 20:01:09,682 
内容： 
[.ctor:79@choFastApiService.cs]EcoFastApiService init ok 
 
发生时间：2020-04-03 20:01:09,686 
内容： 
[Dispose:95@choFastApiService.cs]ecoFtpApiserver dispose ,thread id:11 
 
发生时间：2020-04-03 20:03:08,527 
内容： 
[.ctor:74@choFastApiService.cs]EcoFastApiService creator,thread id:11 
 
发生时间：2020-04-03 20:03:08,528 
内容： 
[.ctor:79@choFastApiService.cs]EcoFastApiService init ok 
 
发生时间：2020-04-03 20:03:08,532 
内容： 
[CompareClientFiles:30@FastCallService.cs]CompareClientFiles  
 
发生时间：2020-04-03 20:03:08,533 
内容： 
[Dispose:95@choFastApiService.cs]ecoFtpApiserver dispose ,thread id:11 
 
发生时间：2020-04-03 20:03:09,743 
内容： 
[.ctor:74@choFastApiService.cs]EcoFastApiService creator,thread id:11 
 
发生时间：2020-04-03 20:03:09,744 
内容： 
[.ctor:79@choFastApiService.cs]EcoFastApiService init ok 
 
发生时间：2020-04-03 20:03:09,748 
内容： 
[Dispose:95@choFastApiService.cs]ecoFtpApiserver dispose ,thread id:11 
 
发生时间：2020-04-03 20:05:09,688 
内容： 
[.ctor:74@choFastApiService.cs]EcoFastApiService creator,thread id:11 
 
发生时间：2020-04-03 20:05:09,690 
内容： 
[.ctor:79@choFastApiService.cs]EcoFastApiService init ok 
 
发生时间：2020-04-03 20:05:09,695 
内容： 
[Dispose:95@choFastApiService.cs]ecoFtpApiserver dispose ,thread id:11 
 
发生时间：2020-04-03 20:07:09,677 
内容： 
[.ctor:74@choFastApiService.cs]EcoFastApiService creator,thread id:11 
 
发生时间：2020-04-03 20:07:09,678 
内容： 
[.ctor:79@choFastApiService.cs]EcoFastApiService init ok 
 
发生时间：2020-04-03 20:07:09,681 
内容： 
[Dispose:95@choFastApiService.cs]ecoFtpApiserver dispose ,thread id:11 
 
发生时间：2020-04-03 20:09:09,702 
内容： 
[.ctor:74@choFastApiService.cs]EcoFastApiService creator,thread id:11 
 
发生时间：2020-04-03 20:09:09,703 
内容： 
[.ctor:79@choFastApiService.cs]EcoFastApiService init ok 
 
发生时间：2020-04-03 20:09:09,704 
内容： 
[Dispose:95@choFastApiService.cs]ecoFtpApiserver dispose ,thread id:11 
 
发生时间：2020-04-03 20:11:09,704 
内容： 
[.ctor:74@choFastApiService.cs]EcoFastApiService creator,thread id:11 
 
发生时间：2020-04-03 20:11:09,704 
内容： 
[.ctor:79@choFastApiService.cs]EcoFastApiService init ok 
 
发生时间：2020-04-03 20:11:09,705 
内容： 
[Dispose:95@choFastApiService.cs]ecoFtpApiserver dispose ,thread id:11 
 
发生时间：2020-04-03 20:13:09,753 
内容： 
[.ctor:74@choFastApiService.cs]EcoFastApiService creator,thread id:11 
 
发生时间：2020-04-03 20:13:09,753 
内容： 
[.ctor:79@choFastApiService.cs]EcoFastApiService init ok 
 
发生时间：2020-04-03 20:13:09,757 
内容： 
[Dispose:95@choFastApiService.cs]ecoFtpApiserver dispose ,thread id:11 
 
发生时间：2020-04-03 20:15:09,720 
内容： 
[.ctor:74@choFastApiService.cs]EcoFastApiService creator,thread id:11 
 
发生时间：2020-04-03 20:15:09,721 
内容： 
[.ctor:79@choFastApiService.cs]EcoFastApiService init ok 
 
发生时间：2020-04-03 20:15:09,724 
内容： 
[Dispose:95@choFastApiService.cs]ecoFtpApiserver dispose ,thread id:11 
 
发生时间：2020-04-03 20:17:09,691 
内容： 
[.ctor:74@choFastApiService.cs]EcoFastApiService creator,thread id:11 
 
发生时间：2020-04-03 20:17:09,691 
内容： 
[.ctor:79@choFastApiService.cs]EcoFastApiService init ok 
 
发生时间：2020-04-03 20:17:09,696 
内容： 
[Dispose:95@choFastApiService.cs]ecoFtpApiserver dispose ,thread id:11 
 
发生时间：2020-04-03 20:19:09,682 
内容： 
[.ctor:74@choFastApiService.cs]EcoFastApiService creator,thread id:11 
 
发生时间：2020-04-03 20:19:09,683 
内容： 
[.ctor:79@choFastApiService.cs]EcoFastApiService init ok 
 
发生时间：2020-04-03 20:19:09,686 
内容： 
[Dispose:95@choFastApiService.cs]ecoFtpApiserver dispose ,thread id:11 
 
发生时间：2020-04-03 20:21:09,710 
内容： 
[.ctor:74@choFastApiService.cs]EcoFastApiService creator,thread id:11 
 
发生时间：2020-04-03 20:21:09,711 
内容： 
[.ctor:79@choFastApiService.cs]EcoFastApiService init ok 
 
发生时间：2020-04-03 20:21:09,716 
内容： 
[Dispose:95@choFastApiService.cs]ecoFtpApiserver dispose ,thread id:11 
 
发生时间：2020-04-03 20:23:08,538 
内容： 
[.ctor:74@choFastApiService.cs]EcoFastApiService creator,thread id:11 
 
发生时间：2020-04-03 20:23:08,539 
内容： 
[.ctor:79@choFastApiService.cs]EcoFastApiService init ok 
 
发生时间：2020-04-03 20:23:08,542 
内容： 
[CompareClientFiles:30@FastCallService.cs]CompareClientFiles  
 
发生时间：2020-04-03 20:23:08,543 
内容： 
[Dispose:95@choFastApiService.cs]ecoFtpApiserver dispose ,thread id:11 
 
发生时间：2020-04-03 20:23:09,741 
内容： 
[.ctor:74@choFastApiService.cs]EcoFastApiService creator,thread id:11 
 
发生时间：2020-04-03 20:23:09,742 
内容： 
[.ctor:79@choFastApiService.cs]EcoFastApiService init ok 
 
发生时间：2020-04-03 20:23:09,746 
内容： 
[Dispose:95@choFastApiService.cs]ecoFtpApiserver dispose ,thread id:11 
 
发生时间：2020-04-03 20:25:09,698 
内容： 
[.ctor:74@choFastApiService.cs]EcoFastApiService creator,thread id:11 
 
发生时间：2020-04-03 20:25:09,698 
内容： 
[.ctor:79@choFastApiService.cs]EcoFastApiService init ok 
 
发生时间：2020-04-03 20:25:09,703 
内容： 
[Dispose:95@choFastApiService.cs]ecoFtpApiserver dispose ,thread id:11 
 
发生时间：2020-04-03 20:27:09,684 
内容： 
[.ctor:74@choFastApiService.cs]EcoFastApiService creator,thread id:11 
 
发生时间：2020-04-03 20:27:09,685 
内容： 
[.ctor:79@choFastApiService.cs]EcoFastApiService init ok 
 
发生时间：2020-04-03 20:27:09,688 
内容： 
[Dispose:95@choFastApiService.cs]ecoFtpApiserver dispose ,thread id:11 
 
发生时间：2020-04-03 20:29:09,706 
内容： 
[.ctor:74@choFastApiService.cs]EcoFastApiService creator,thread id:11 
 
发生时间：2020-04-03 20:29:09,706 
内容： 
[.ctor:79@choFastApiService.cs]EcoFastApiService init ok 
 
发生时间：2020-04-03 20:29:09,707 
内容： 
[Dispose:95@choFastApiService.cs]ecoFtpApiserver dispose ,thread id:11 
 
发生时间：2020-04-03 20:31:09,693 
内容： 
[.ctor:74@choFastApiService.cs]EcoFastApiService creator,thread id:11 
 
发生时间：2020-04-03 20:31:09,693 
内容： 
[.ctor:79@choFastApiService.cs]EcoFastApiService init ok 
 
发生时间：2020-04-03 20:31:09,696 
内容： 
[Dispose:95@choFastApiService.cs]ecoFtpApiserver dispose ,thread id:11 
 
发生时间：2020-04-03 20:33:09,678 
内容： 
[.ctor:74@choFastApiService.cs]EcoFastApiService creator,thread id:11 
 
发生时间：2020-04-03 20:33:09,678 
内容： 
[.ctor:79@choFastApiService.cs]EcoFastApiService init ok 
 
发生时间：2020-04-03 20:33:09,681 
内容： 
[Dispose:95@choFastApiService.cs]ecoFtpApiserver dispose ,thread id:11 
 
发生时间：2020-04-03 20:35:09,679 
内容： 
[.ctor:74@choFastApiService.cs]EcoFastApiService creator,thread id:11 
 
发生时间：2020-04-03 20:35:09,681 
内容： 
[.ctor:79@choFastApiService.cs]EcoFastApiService init ok 
 
发生时间：2020-04-03 20:35:09,684 
内容： 
[Dispose:95@choFastApiService.cs]ecoFtpApiserver dispose ,thread id:11 
 
发生时间：2020-04-03 20:37:09,686 
内容： 
[.ctor:74@choFastApiService.cs]EcoFastApiService creator,thread id:11 
 
发生时间：2020-04-03 20:37:09,687 
内容： 
[.ctor:79@choFastApiService.cs]EcoFastApiService init ok 
 
发生时间：2020-04-03 20:37:09,690 
内容： 
[Dispose:95@choFastApiService.cs]ecoFtpApiserver dispose ,thread id:11 
 
发生时间：2020-04-03 20:39:09,698 
内容： 
[.ctor:74@choFastApiService.cs]EcoFastApiService creator,thread id:11 
 
发生时间：2020-04-03 20:39:09,698 
内容： 
[.ctor:79@choFastApiService.cs]EcoFastApiService init ok 
 
发生时间：2020-04-03 20:39:09,702 
内容： 
[Dispose:95@choFastApiService.cs]ecoFtpApiserver dispose ,thread id:11 
 
发生时间：2020-04-03 20:41:09,686 
内容： 
[.ctor:74@choFastApiService.cs]EcoFastApiService creator,thread id:11 
 
发生时间：2020-04-03 20:41:09,687 
内容： 
[.ctor:79@choFastApiService.cs]EcoFastApiService init ok 
 
发生时间：2020-04-03 20:41:09,690 
内容： 
[Dispose:95@choFastApiService.cs]ecoFtpApiserver dispose ,thread id:11 
 
发生时间：2020-04-03 20:43:08,527 
内容： 
[.ctor:74@choFastApiService.cs]EcoFastApiService creator,thread id:11 
 
发生时间：2020-04-03 20:43:08,528 
内容： 
[.ctor:79@choFastApiService.cs]EcoFastApiService init ok 
 
发生时间：2020-04-03 20:43:08,531 
内容： 
[CompareClientFiles:30@FastCallService.cs]CompareClientFiles  
 
发生时间：2020-04-03 20:43:08,532 
内容： 
[Dispose:95@choFastApiService.cs]ecoFtpApiserver dispose ,thread id:11 
 
发生时间：2020-04-03 20:43:09,727 
内容： 
[.ctor:74@choFastApiService.cs]EcoFastApiService creator,thread id:11 
 
发生时间：2020-04-03 20:43:09,727 
内容： 
[.ctor:79@choFastApiService.cs]EcoFastApiService init ok 
 
发生时间：2020-04-03 20:43:09,731 
内容： 
[Dispose:95@choFastApiService.cs]ecoFtpApiserver dispose ,thread id:11 
 
发生时间：2020-04-03 20:45:09,772 
内容： 
[.ctor:74@choFastApiService.cs]EcoFastApiService creator,thread id:11 
 
发生时间：2020-04-03 20:45:09,776 
内容： 
[.ctor:79@choFastApiService.cs]EcoFastApiService init ok 
 
发生时间：2020-04-03 20:45:09,777 
内容： 
[Dispose:95@choFastApiService.cs]ecoFtpApiserver dispose ,thread id:11 
 
发生时间：2020-04-03 20:47:09,685 
内容： 
[.ctor:74@choFastApiService.cs]EcoFastApiService creator,thread id:11 
 
发生时间：2020-04-03 20:47:09,686 
内容： 
[.ctor:79@choFastApiService.cs]EcoFastApiService init ok 
 
发生时间：2020-04-03 20:47:09,690 
内容： 
[Dispose:95@choFastApiService.cs]ecoFtpApiserver dispose ,thread id:11 
 
发生时间：2020-04-03 20:49:09,770 
内容： 
[.ctor:74@choFastApiService.cs]EcoFastApiService creator,thread id:11 
 
发生时间：2020-04-03 20:49:09,771 
内容： 
[.ctor:79@choFastApiService.cs]EcoFastApiService init ok 
 
发生时间：2020-04-03 20:49:09,781 
内容： 
[Dispose:95@choFastApiService.cs]ecoFtpApiserver dispose ,thread id:11 
 
发生时间：2020-04-03 20:51:09,696 
内容： 
[.ctor:74@choFastApiService.cs]EcoFastApiService creator,thread id:11 
 
发生时间：2020-04-03 20:51:09,696 
内容： 
[.ctor:79@choFastApiService.cs]EcoFastApiService init ok 
 
发生时间：2020-04-03 20:51:09,700 
内容： 
[Dispose:95@choFastApiService.cs]ecoFtpApiserver dispose ,thread id:11 
 
发生时间：2020-04-03 20:53:09,697 
内容： 
[.ctor:74@choFastApiService.cs]EcoFastApiService creator,thread id:11 
 
发生时间：2020-04-03 20:53:09,697 
内容： 
[.ctor:79@choFastApiService.cs]EcoFastApiService init ok 
 
发生时间：2020-04-03 20:53:09,702 
内容： 
[Dispose:95@choFastApiService.cs]ecoFtpApiserver dispose ,thread id:11 
 
发生时间：2020-04-03 20:55:09,784 
内容： 
[.ctor:74@choFastApiService.cs]EcoFastApiService creator,thread id:11 
 
发生时间：2020-04-03 20:55:09,785 
内容： 
[.ctor:79@choFastApiService.cs]EcoFastApiService init ok 
 
发生时间：2020-04-03 20:55:09,794 
内容： 
[Dispose:95@choFastApiService.cs]ecoFtpApiserver dispose ,thread id:11 
 
发生时间：2020-04-03 20:57:09,684 
内容： 
[.ctor:74@choFastApiService.cs]EcoFastApiService creator,thread id:11 
 
发生时间：2020-04-03 20:57:09,684 
内容： 
[.ctor:79@choFastApiService.cs]EcoFastApiService init ok 
 
发生时间：2020-04-03 20:57:09,688 
内容： 
[Dispose:95@choFastApiService.cs]ecoFtpApiserver dispose ,thread id:11 
 
发生时间：2020-04-03 20:59:09,685 
内容： 
[.ctor:74@choFastApiService.cs]EcoFastApiService creator,thread id:11 
 
发生时间：2020-04-03 20:59:09,686 
内容： 
[.ctor:79@choFastApiService.cs]EcoFastApiService init ok 
 
发生时间：2020-04-03 20:59:09,689 
内容： 
[Dispose:95@choFastApiService.cs]ecoFtpApiserver dispose ,thread id:11 
 
发生时间：2020-04-03 21:01:09,707 
内容： 
[.ctor:74@choFastApiService.cs]EcoFastApiService creator,thread id:11 
 
发生时间：2020-04-03 21:01:09,708 
内容： 
[.ctor:79@choFastApiService.cs]EcoFastApiService init ok 
 
发生时间：2020-04-03 21:01:09,713 
内容： 
[Dispose:95@choFastApiService.cs]ecoFtpApiserver dispose ,thread id:11 
 
发生时间：2020-04-03 21:03:08,525 
内容： 
[.ctor:74@choFastApiService.cs]EcoFastApiService creator,thread id:11 
 
发生时间：2020-04-03 21:03:08,525 
内容： 
[.ctor:79@choFastApiService.cs]EcoFastApiService init ok 
 
发生时间：2020-04-03 21:03:08,529 
内容： 
[CompareClientFiles:30@FastCallService.cs]CompareClientFiles  
 
发生时间：2020-04-03 21:03:08,530 
内容： 
[Dispose:95@choFastApiService.cs]ecoFtpApiserver dispose ,thread id:11 
 
发生时间：2020-04-03 21:03:09,750 
内容： 
[.ctor:74@choFastApiService.cs]EcoFastApiService creator,thread id:11 
 
发生时间：2020-04-03 21:03:09,752 
内容： 
[.ctor:79@choFastApiService.cs]EcoFastApiService init ok 
 
发生时间：2020-04-03 21:03:09,760 
内容： 
[Dispose:95@choFastApiService.cs]ecoFtpApiserver dispose ,thread id:11 
 
发生时间：2020-04-03 21:05:09,682 
内容： 
[.ctor:74@choFastApiService.cs]EcoFastApiService creator,thread id:11 
 
发生时间：2020-04-03 21:05:09,682 
内容： 
[.ctor:79@choFastApiService.cs]EcoFastApiService init ok 
 
发生时间：2020-04-03 21:05:09,686 
内容： 
[Dispose:95@choFastApiService.cs]ecoFtpApiserver dispose ,thread id:11 
 
发生时间：2020-04-03 21:07:09,684 
内容： 
[.ctor:74@choFastApiService.cs]EcoFastApiService creator,thread id:11 
 
发生时间：2020-04-03 21:07:09,685 
内容： 
[.ctor:79@choFastApiService.cs]EcoFastApiService init ok 
 
发生时间：2020-04-03 21:07:09,689 
内容： 
[Dispose:95@choFastApiService.cs]ecoFtpApiserver dispose ,thread id:11 
 
发生时间：2020-04-03 21:09:09,678 
内容： 
[.ctor:74@choFastApiService.cs]EcoFastApiService creator,thread id:11 
 
发生时间：2020-04-03 21:09:09,679 
内容： 
[.ctor:79@choFastApiService.cs]EcoFastApiService init ok 
 
发生时间：2020-04-03 21:09:09,682 
内容： 
[Dispose:95@choFastApiService.cs]ecoFtpApiserver dispose ,thread id:11 
 
发生时间：2020-04-03 21:11:09,702 
内容： 
[.ctor:74@choFastApiService.cs]EcoFastApiService creator,thread id:11 
 
发生时间：2020-04-03 21:11:09,702 
内容： 
[.ctor:79@choFastApiService.cs]EcoFastApiService init ok 
 
发生时间：2020-04-03 21:11:09,703 
内容： 
[Dispose:95@choFastApiService.cs]ecoFtpApiserver dispose ,thread id:11 
 
发生时间：2020-04-03 21:13:09,752 
内容： 
[.ctor:74@choFastApiService.cs]EcoFastApiService creator,thread id:11 
 
发生时间：2020-04-03 21:13:09,752 
内容： 
[.ctor:79@choFastApiService.cs]EcoFastApiService init ok 
 
发生时间：2020-04-03 21:13:09,756 
内容： 
[Dispose:95@choFastApiService.cs]ecoFtpApiserver dispose ,thread id:11 
 
发生时间：2020-04-03 21:15:09,680 
内容： 
[.ctor:74@choFastApiService.cs]EcoFastApiService creator,thread id:11 
 
发生时间：2020-04-03 21:15:09,680 
内容： 
[.ctor:79@choFastApiService.cs]EcoFastApiService init ok 
 
发生时间：2020-04-03 21:15:09,684 
内容： 
[Dispose:95@choFastApiService.cs]ecoFtpApiserver dispose ,thread id:11 
 
发生时间：2020-04-03 21:17:09,719 
内容： 
[.ctor:74@choFastApiService.cs]EcoFastApiService creator,thread id:11 
 
发生时间：2020-04-03 21:17:09,720 
内容： 
[.ctor:79@choFastApiService.cs]EcoFastApiService init ok 
 
发生时间：2020-04-03 21:17:09,724 
内容： 
[Dispose:95@choFastApiService.cs]ecoFtpApiserver dispose ,thread id:11 
 
发生时间：2020-04-03 21:19:09,789 
内容： 
[.ctor:74@choFastApiService.cs]EcoFastApiService creator,thread id:11 
 
发生时间：2020-04-03 21:19:09,789 
内容： 
[.ctor:79@choFastApiService.cs]EcoFastApiService init ok 
 
发生时间：2020-04-03 21:19:09,797 
内容： 
[Dispose:95@choFastApiService.cs]ecoFtpApiserver dispose ,thread id:11 
 
发生时间：2020-04-03 21:21:09,734 
内容： 
[.ctor:74@choFastApiService.cs]EcoFastApiService creator,thread id:11 
 
发生时间：2020-04-03 21:21:09,734 
内容： 
[.ctor:79@choFastApiService.cs]EcoFastApiService init ok 
 
发生时间：2020-04-03 21:21:09,738 
内容： 
[Dispose:95@choFastApiService.cs]ecoFtpApiserver dispose ,thread id:11 
 
发生时间：2020-04-03 21:23:08,525 
内容： 
[.ctor:74@choFastApiService.cs]EcoFastApiService creator,thread id:11 
 
发生时间：2020-04-03 21:23:08,525 
内容： 
[.ctor:79@choFastApiService.cs]EcoFastApiService init ok 
 
发生时间：2020-04-03 21:23:08,528 
内容： 
[CompareClientFiles:30@FastCallService.cs]CompareClientFiles  
 
发生时间：2020-04-03 21:23:08,530 
内容： 
[Dispose:95@choFastApiService.cs]ecoFtpApiserver dispose ,thread id:11 
 
发生时间：2020-04-03 21:23:09,729 
内容： 
[.ctor:74@choFastApiService.cs]EcoFastApiService creator,thread id:11 
 
发生时间：2020-04-03 21:23:09,729 
内容： 
[.ctor:79@choFastApiService.cs]EcoFastApiService init ok 
 
发生时间：2020-04-03 21:23:09,733 
内容： 
[Dispose:95@choFastApiService.cs]ecoFtpApiserver dispose ,thread id:11 
 
发生时间：2020-04-03 21:25:09,688 
内容： 
[.ctor:74@choFastApiService.cs]EcoFastApiService creator,thread id:11 
 
发生时间：2020-04-03 21:25:09,688 
内容： 
[.ctor:79@choFastApiService.cs]EcoFastApiService init ok 
 
发生时间：2020-04-03 21:25:09,692 
内容： 
[Dispose:95@choFastApiService.cs]ecoFtpApiserver dispose ,thread id:11 
 
发生时间：2020-04-03 21:27:09,691 
内容： 
[.ctor:74@choFastApiService.cs]EcoFastApiService creator,thread id:11 
 
发生时间：2020-04-03 21:27:09,693 
内容： 
[.ctor:79@choFastApiService.cs]EcoFastApiService init ok 
 
发生时间：2020-04-03 21:27:09,698 
内容： 
[Dispose:95@choFastApiService.cs]ecoFtpApiserver dispose ,thread id:11 
 
发生时间：2020-04-03 21:29:09,791 
内容： 
[.ctor:74@choFastApiService.cs]EcoFastApiService creator,thread id:11 
 
发生时间：2020-04-03 21:29:09,792 
内容： 
[.ctor:79@choFastApiService.cs]EcoFastApiService init ok 
 
发生时间：2020-04-03 21:29:09,801 
内容： 
[Dispose:95@choFastApiService.cs]ecoFtpApiserver dispose ,thread id:11 
 
发生时间：2020-04-03 21:31:09,691 
内容： 
[.ctor:74@choFastApiService.cs]EcoFastApiService creator,thread id:11 
 
发生时间：2020-04-03 21:31:09,692 
内容： 
[.ctor:79@choFastApiService.cs]EcoFastApiService init ok 
 
发生时间：2020-04-03 21:31:09,697 
内容： 
[Dispose:95@choFastApiService.cs]ecoFtpApiserver dispose ,thread id:11 
 
发生时间：2020-04-03 21:33:09,718 
内容： 
[.ctor:74@choFastApiService.cs]EcoFastApiService creator,thread id:11 
 
发生时间：2020-04-03 21:33:09,719 
内容： 
[.ctor:79@choFastApiService.cs]EcoFastApiService init ok 
 
发生时间：2020-04-03 21:33:09,720 
内容： 
[Dispose:95@choFastApiService.cs]ecoFtpApiserver dispose ,thread id:11 
 
发生时间：2020-04-03 21:35:09,785 
内容： 
[.ctor:74@choFastApiService.cs]EcoFastApiService creator,thread id:11 
 
发生时间：2020-04-03 21:35:09,790 
内容： 
[.ctor:79@choFastApiService.cs]EcoFastApiService init ok 
 
发生时间：2020-04-03 21:35:09,792 
内容： 
[Dispose:95@choFastApiService.cs]ecoFtpApiserver dispose ,thread id:11 
 
发生时间：2020-04-03 21:37:09,762 
内容： 
[.ctor:74@choFastApiService.cs]EcoFastApiService creator,thread id:11 
 
发生时间：2020-04-03 21:37:09,763 
内容： 
[.ctor:79@choFastApiService.cs]EcoFastApiService init ok 
 
发生时间：2020-04-03 21:37:09,772 
内容： 
[Dispose:95@choFastApiService.cs]ecoFtpApiserver dispose ,thread id:11 
 
发生时间：2020-04-03 21:39:09,695 
内容： 
[.ctor:74@choFastApiService.cs]EcoFastApiService creator,thread id:11 
 
发生时间：2020-04-03 21:39:09,697 
内容： 
[.ctor:79@choFastApiService.cs]EcoFastApiService init ok 
 
发生时间：2020-04-03 21:39:09,703 
内容： 
[Dispose:95@choFastApiService.cs]ecoFtpApiserver dispose ,thread id:11 
 
发生时间：2020-04-03 21:41:09,791 
内容： 
[.ctor:74@choFastApiService.cs]EcoFastApiService creator,thread id:11 
 
发生时间：2020-04-03 21:41:09,792 
内容： 
[.ctor:79@choFastApiService.cs]EcoFastApiService init ok 
 
发生时间：2020-04-03 21:41:09,799 
内容： 
[Dispose:95@choFastApiService.cs]ecoFtpApiserver dispose ,thread id:11 
 
发生时间：2020-04-03 21:43:08,527 
内容： 
[.ctor:74@choFastApiService.cs]EcoFastApiService creator,thread id:11 
 
发生时间：2020-04-03 21:43:08,528 
内容： 
[.ctor:79@choFastApiService.cs]EcoFastApiService init ok 
 
发生时间：2020-04-03 21:43:08,531 
内容： 
[CompareClientFiles:30@FastCallService.cs]CompareClientFiles  
 
发生时间：2020-04-03 21:43:08,533 
内容： 
[Dispose:95@choFastApiService.cs]ecoFtpApiserver dispose ,thread id:11 
 
发生时间：2020-04-03 21:43:09,743 
内容： 
[.ctor:74@choFastApiService.cs]EcoFastApiService creator,thread id:11 
 
发生时间：2020-04-03 21:43:09,743 
内容： 
[.ctor:79@choFastApiService.cs]EcoFastApiService init ok 
 
发生时间：2020-04-03 21:43:09,747 
内容： 
[Dispose:95@choFastApiService.cs]ecoFtpApiserver dispose ,thread id:11 
 
发生时间：2020-04-03 21:45:09,795 
内容： 
[.ctor:74@choFastApiService.cs]EcoFastApiService creator,thread id:11 
 
发生时间：2020-04-03 21:45:09,797 
内容： 
[.ctor:79@choFastApiService.cs]EcoFastApiService init ok 
 
发生时间：2020-04-03 21:45:09,798 
内容： 
[Dispose:95@choFastApiService.cs]ecoFtpApiserver dispose ,thread id:11 
 
发生时间：2020-04-03 21:47:09,724 
内容： 
[.ctor:74@choFastApiService.cs]EcoFastApiService creator,thread id:11 
 
发生时间：2020-04-03 21:47:09,724 
内容： 
[.ctor:79@choFastApiService.cs]EcoFastApiService init ok 
 
发生时间：2020-04-03 21:47:09,729 
内容： 
[Dispose:95@choFastApiService.cs]ecoFtpApiserver dispose ,thread id:11 
 
发生时间：2020-04-03 21:49:09,800 
内容： 
[.ctor:74@choFastApiService.cs]EcoFastApiService creator,thread id:11 
 
发生时间：2020-04-03 21:49:09,801 
内容： 
[.ctor:79@choFastApiService.cs]EcoFastApiService init ok 
 
发生时间：2020-04-03 21:49:09,808 
内容： 
[Dispose:95@choFastApiService.cs]ecoFtpApiserver dispose ,thread id:11 
 
发生时间：2020-04-03 21:51:09,784 
内容： 
[.ctor:74@choFastApiService.cs]EcoFastApiService creator,thread id:11 
 
发生时间：2020-04-03 21:51:09,786 
内容： 
[.ctor:79@choFastApiService.cs]EcoFastApiService init ok 
 
发生时间：2020-04-03 21:51:09,792 
内容： 
[Dispose:95@choFastApiService.cs]ecoFtpApiserver dispose ,thread id:11 
 
发生时间：2020-04-03 21:53:09,691 
内容： 
[.ctor:74@choFastApiService.cs]EcoFastApiService creator,thread id:11 
 
发生时间：2020-04-03 21:53:09,691 
内容： 
[.ctor:79@choFastApiService.cs]EcoFastApiService init ok 
 
发生时间：2020-04-03 21:53:09,694 
内容： 
[Dispose:95@choFastApiService.cs]ecoFtpApiserver dispose ,thread id:11 
 
发生时间：2020-04-03 21:55:09,699 
内容： 
[.ctor:74@choFastApiService.cs]EcoFastApiService creator,thread id:11 
 
发生时间：2020-04-03 21:55:09,699 
内容： 
[.ctor:79@choFastApiService.cs]EcoFastApiService init ok 
 
发生时间：2020-04-03 21:55:09,700 
内容： 
[Dispose:95@choFastApiService.cs]ecoFtpApiserver dispose ,thread id:11 
 
发生时间：2020-04-03 21:57:09,699 
内容： 
[.ctor:74@choFastApiService.cs]EcoFastApiService creator,thread id:11 
 
发生时间：2020-04-03 21:57:09,700 
内容： 
[.ctor:79@choFastApiService.cs]EcoFastApiService init ok 
 
发生时间：2020-04-03 21:57:09,703 
内容： 
[Dispose:95@choFastApiService.cs]ecoFtpApiserver dispose ,thread id:11 
 
发生时间：2020-04-03 22:00:44,092 
内容： 
[.ctor:74@choFastApiService.cs]EcoFastApiService creator,thread id:11 
 
发生时间：2020-04-03 22:00:44,093 
内容： 
[.ctor:79@choFastApiService.cs]EcoFastApiService init ok 
 
发生时间：2020-04-03 22:00:44,200 
内容： 
[NodeRegiste:275@FastCallService.cs]Login ,thread id:11 
 
发生时间：2020-04-03 22:00:44,453 
内容： 
[NodeRegiste:305@FastCallService.cs]registe fail 
 
发生时间：2020-04-03 22:00:44,501 
内容： 
[Dispose:95@choFastApiService.cs]ecoFtpApiserver dispose ,thread id:11 
 
发生时间：2020-04-03 22:00:44,538 
内容： 
[.ctor:74@choFastApiService.cs]EcoFastApiService creator,thread id:11 
 
发生时间：2020-04-03 22:00:44,539 
内容： 
[.ctor:79@choFastApiService.cs]EcoFastApiService init ok 
 
发生时间：2020-04-03 22:00:44,542 
内容： 
[NodeRegiste:275@FastCallService.cs]Login ,thread id:11 
 
发生时间：2020-04-03 22:00:44,563 
内容： 
[NodeRegiste:305@FastCallService.cs]registe fail 
 
发生时间：2020-04-03 22:00:44,564 
内容： 
[Dispose:95@choFastApiService.cs]ecoFtpApiserver dispose ,thread id:11 
 
发生时间：2020-04-03 22:00:44,583 
内容： 
[.ctor:74@choFastApiService.cs]EcoFastApiService creator,thread id:11 
 
发生时间：2020-04-03 22:00:44,583 
内容： 
[.ctor:79@choFastApiService.cs]EcoFastApiService init ok 
 
发生时间：2020-04-03 22:00:44,584 
内容： 
[NodeRegiste:275@FastCallService.cs]Login ,thread id:11 
 
发生时间：2020-04-03 22:00:44,602 
内容： 
[NodeRegiste:305@FastCallService.cs]registe fail 
 
发生时间：2020-04-03 22:00:44,603 
内容： 
[Dispose:95@choFastApiService.cs]ecoFtpApiserver dispose ,thread id:11 
 
发生时间：2020-04-03 22:00:44,603 
内容： 
[.ctor:74@choFastApiService.cs]EcoFastApiService creator,thread id:11 
 
发生时间：2020-04-03 22:00:44,603 
内容： 
[.ctor:79@choFastApiService.cs]EcoFastApiService init ok 
 
发生时间：2020-04-03 22:00:44,604 
内容： 
[NodeRegiste:275@FastCallService.cs]Login ,thread id:11 
 
发生时间：2020-04-03 22:00:44,626 
内容： 
[NodeRegiste:305@FastCallService.cs]registe fail 
 
发生时间：2020-04-03 22:00:44,627 
内容： 
[Dispose:95@choFastApiService.cs]ecoFtpApiserver dispose ,thread id:11 
 
发生时间：2020-04-03 22:00:44,627 
内容： 
[.ctor:74@choFastApiService.cs]EcoFastApiService creator,thread id:11 
 
发生时间：2020-04-03 22:00:44,628 
内容： 
[.ctor:79@choFastApiService.cs]EcoFastApiService init ok 
 
发生时间：2020-04-03 22:00:44,629 
内容： 
[NodeRegiste:275@FastCallService.cs]Login ,thread id:11 
 
发生时间：2020-04-03 22:00:44,652 
内容： 
[NodeRegiste:305@FastCallService.cs]registe fail 
 
发生时间：2020-04-03 22:00:44,653 
内容： 
[Dispose:95@choFastApiService.cs]ecoFtpApiserver dispose ,thread id:11 
 
发生时间：2020-04-03 22:00:44,653 
内容： 
[.ctor:74@choFastApiService.cs]EcoFastApiService creator,thread id:11 
 
发生时间：2020-04-03 22:00:44,654 
内容： 
[.ctor:79@choFastApiService.cs]EcoFastApiService init ok 
 
发生时间：2020-04-03 22:00:44,654 
内容： 
[NodeRegiste:275@FastCallService.cs]Login ,thread id:11 
 
发生时间：2020-04-03 22:00:44,771 
内容： 
[NodeRegiste:300@FastCallService.cs]registe ok 
 
发生时间：2020-04-03 22:00:44,772 
内容： 
[Dispose:95@choFastApiService.cs]ecoFtpApiserver dispose ,thread id:11 
 
发生时间：2020-04-03 22:00:46,064 
内容： 
[.ctor:74@choFastApiService.cs]EcoFastApiService creator,thread id:11 
 
发生时间：2020-04-03 22:00:46,065 
内容： 
[.ctor:79@choFastApiService.cs]EcoFastApiService init ok 
 
发生时间：2020-04-03 22:00:46,279 
内容： 
[Dispose:95@choFastApiService.cs]ecoFtpApiserver dispose ,thread id:11 
 
发生时间：2020-04-03 22:01:46,636 
内容： 
[.ctor:74@choFastApiService.cs]EcoFastApiService creator,thread id:11 
 
发生时间：2020-04-03 22:01:46,637 
内容： 
[.ctor:79@choFastApiService.cs]EcoFastApiService init ok 
 
发生时间：2020-04-03 22:01:46,641 
内容： 
[SayAlive:341@FastCallService.cs]sayalive ok 
 
发生时间：2020-04-03 22:01:46,642 
内容： 
[Dispose:95@choFastApiService.cs]ecoFtpApiserver dispose ,thread id:11 
 
发生时间：2020-04-03 22:02:46,620 
内容： 
[.ctor:74@choFastApiService.cs]EcoFastApiService creator,thread id:11 
 
发生时间：2020-04-03 22:02:46,621 
内容： 
[.ctor:79@choFastApiService.cs]EcoFastApiService init ok 
 
发生时间：2020-04-03 22:02:46,624 
内容： 
[SayAlive:341@FastCallService.cs]sayalive ok 
 
发生时间：2020-04-03 22:02:46,625 
内容： 
[Dispose:95@choFastApiService.cs]ecoFtpApiserver dispose ,thread id:11 
 
发生时间：2020-04-03 22:02:47,795 
内容： 
[.ctor:74@choFastApiService.cs]EcoFastApiService creator,thread id:11 
 
发生时间：2020-04-03 22:02:47,796 
内容： 
[.ctor:79@choFastApiService.cs]EcoFastApiService init ok 
 
发生时间：2020-04-03 22:02:47,802 
内容： 
[Dispose:95@choFastApiService.cs]ecoFtpApiserver dispose ,thread id:11 
 
发生时间：2020-04-03 22:03:46,632 
内容： 
[.ctor:74@choFastApiService.cs]EcoFastApiService creator,thread id:11 
 
发生时间：2020-04-03 22:03:46,632 
内容： 
[.ctor:79@choFastApiService.cs]EcoFastApiService init ok 
 
发生时间：2020-04-03 22:03:46,637 
内容： 
[SayAlive:341@FastCallService.cs]sayalive ok 
 
发生时间：2020-04-03 22:03:46,638 
内容： 
[Dispose:95@choFastApiService.cs]ecoFtpApiserver dispose ,thread id:11 
 
发生时间：2020-04-03 22:04:46,618 
内容： 
[.ctor:74@choFastApiService.cs]EcoFastApiService creator,thread id:11 
 
发生时间：2020-04-03 22:04:46,619 
内容： 
[.ctor:79@choFastApiService.cs]EcoFastApiService init ok 
 
发生时间：2020-04-03 22:04:46,625 
内容： 
[SayAlive:341@FastCallService.cs]sayalive ok 
 
发生时间：2020-04-03 22:04:46,625 
内容： 
[Dispose:95@choFastApiService.cs]ecoFtpApiserver dispose ,thread id:11 
 
发生时间：2020-04-03 22:04:47,856 
内容： 
[.ctor:74@choFastApiService.cs]EcoFastApiService creator,thread id:11 
 
发生时间：2020-04-03 22:04:47,857 
内容： 
[.ctor:79@choFastApiService.cs]EcoFastApiService init ok 
 
发生时间：2020-04-03 22:04:47,861 
内容： 
[Dispose:95@choFastApiService.cs]ecoFtpApiserver dispose ,thread id:11 
 
发生时间：2020-04-03 22:05:46,620 
内容： 
[.ctor:74@choFastApiService.cs]EcoFastApiService creator,thread id:11 
 
发生时间：2020-04-03 22:05:46,621 
内容： 
[.ctor:79@choFastApiService.cs]EcoFastApiService init ok 
 
发生时间：2020-04-03 22:05:46,625 
内容： 
[SayAlive:341@FastCallService.cs]sayalive ok 
 
发生时间：2020-04-03 22:05:46,627 
内容： 
[Dispose:95@choFastApiService.cs]ecoFtpApiserver dispose ,thread id:11 
 
发生时间：2020-04-03 22:06:46,623 
内容： 
[.ctor:74@choFastApiService.cs]EcoFastApiService creator,thread id:11 
 
发生时间：2020-04-03 22:06:46,624 
内容： 
[.ctor:79@choFastApiService.cs]EcoFastApiService init ok 
 
发生时间：2020-04-03 22:06:46,629 
内容： 
[SayAlive:341@FastCallService.cs]sayalive ok 
 
发生时间：2020-04-03 22:06:46,630 
内容： 
[Dispose:95@choFastApiService.cs]ecoFtpApiserver dispose ,thread id:11 
 
发生时间：2020-04-03 22:06:47,864 
内容： 
[.ctor:74@choFastApiService.cs]EcoFastApiService creator,thread id:11 
 
发生时间：2020-04-03 22:06:47,864 
内容： 
[.ctor:79@choFastApiService.cs]EcoFastApiService init ok 
 
发生时间：2020-04-03 22:06:47,874 
内容： 
[Dispose:95@choFastApiService.cs]ecoFtpApiserver dispose ,thread id:11 
 
发生时间：2020-04-03 22:07:46,632 
内容： 
[.ctor:74@choFastApiService.cs]EcoFastApiService creator,thread id:11 
 
发生时间：2020-04-03 22:07:46,633 
内容： 
[.ctor:79@choFastApiService.cs]EcoFastApiService init ok 
 
发生时间：2020-04-03 22:07:46,638 
内容： 
[SayAlive:341@FastCallService.cs]sayalive ok 
 
发生时间：2020-04-03 22:07:46,639 
内容： 
[Dispose:95@choFastApiService.cs]ecoFtpApiserver dispose ,thread id:11 
 
发生时间：2020-04-03 22:08:46,621 
内容： 
[.ctor:74@choFastApiService.cs]EcoFastApiService creator,thread id:11 
 
发生时间：2020-04-03 22:08:46,621 
内容： 
[.ctor:79@choFastApiService.cs]EcoFastApiService init ok 
 
发生时间：2020-04-03 22:08:46,624 
内容： 
[SayAlive:341@FastCallService.cs]sayalive ok 
 
发生时间：2020-04-03 22:08:46,625 
内容： 
[Dispose:95@choFastApiService.cs]ecoFtpApiserver dispose ,thread id:11 
 
发生时间：2020-04-03 22:08:47,798 
内容： 
[.ctor:74@choFastApiService.cs]EcoFastApiService creator,thread id:11 
 
发生时间：2020-04-03 22:08:47,799 
内容： 
[.ctor:79@choFastApiService.cs]EcoFastApiService init ok 
 
发生时间：2020-04-03 22:08:47,803 
内容： 
[Dispose:95@choFastApiService.cs]ecoFtpApiserver dispose ,thread id:11 
 
发生时间：2020-04-03 22:09:46,621 
内容： 
[.ctor:74@choFastApiService.cs]EcoFastApiService creator,thread id:11 
 
发生时间：2020-04-03 22:09:46,621 
内容： 
[.ctor:79@choFastApiService.cs]EcoFastApiService init ok 
 
发生时间：2020-04-03 22:09:46,625 
内容： 
[SayAlive:341@FastCallService.cs]sayalive ok 
 
发生时间：2020-04-03 22:09:46,626 
内容： 
[Dispose:95@choFastApiService.cs]ecoFtpApiserver dispose ,thread id:11 
 
发生时间：2020-04-03 22:10:46,632 
内容： 
[.ctor:74@choFastApiService.cs]EcoFastApiService creator,thread id:11 
 
发生时间：2020-04-03 22:10:46,656 
内容： 
[.ctor:79@choFastApiService.cs]EcoFastApiService init ok 
 
发生时间：2020-04-03 22:10:46,657 
内容： 
[SayAlive:341@FastCallService.cs]sayalive ok 
 
发生时间：2020-04-03 22:10:46,657 
内容： 
[Dispose:95@choFastApiService.cs]ecoFtpApiserver dispose ,thread id:11 
 
发生时间：2020-04-03 22:10:47,893 
内容： 
[.ctor:74@choFastApiService.cs]EcoFastApiService creator,thread id:11 
 
发生时间：2020-04-03 22:10:47,894 
内容： 
[.ctor:79@choFastApiService.cs]EcoFastApiService init ok 
 
发生时间：2020-04-03 22:10:47,899 
内容： 
[Dispose:95@choFastApiService.cs]ecoFtpApiserver dispose ,thread id:11 
 
发生时间：2020-04-03 22:11:46,618 
内容： 
[.ctor:74@choFastApiService.cs]EcoFastApiService creator,thread id:11 
 
发生时间：2020-04-03 22:11:46,619 
内容： 
[.ctor:79@choFastApiService.cs]EcoFastApiService init ok 
 
发生时间：2020-04-03 22:11:46,626 
内容： 
[SayAlive:341@FastCallService.cs]sayalive ok 
 
发生时间：2020-04-03 22:11:46,627 
内容： 
[Dispose:95@choFastApiService.cs]ecoFtpApiserver dispose ,thread id:11 
 
发生时间：2020-04-03 22:12:46,624 
内容： 
[.ctor:74@choFastApiService.cs]EcoFastApiService creator,thread id:11 
 
发生时间：2020-04-03 22:12:46,633 
内容： 
[.ctor:79@choFastApiService.cs]EcoFastApiService init ok 
 
发生时间：2020-04-03 22:12:46,634 
内容： 
[SayAlive:341@FastCallService.cs]sayalive ok 
 
发生时间：2020-04-03 22:12:46,635 
内容： 
[Dispose:95@choFastApiService.cs]ecoFtpApiserver dispose ,thread id:11 
 
发生时间：2020-04-03 22:12:47,892 
内容： 
[.ctor:74@choFastApiService.cs]EcoFastApiService creator,thread id:11 
 
发生时间：2020-04-03 22:12:47,892 
内容： 
[.ctor:79@choFastApiService.cs]EcoFastApiService init ok 
 
发生时间：2020-04-03 22:12:47,900 
内容： 
[Dispose:95@choFastApiService.cs]ecoFtpApiserver dispose ,thread id:11 
 
发生时间：2020-04-03 22:13:46,634 
内容： 
[.ctor:74@choFastApiService.cs]EcoFastApiService creator,thread id:11 
 
发生时间：2020-04-03 22:13:46,635 
内容： 
[.ctor:79@choFastApiService.cs]EcoFastApiService init ok 
 
发生时间：2020-04-03 22:13:46,639 
内容： 
[SayAlive:341@FastCallService.cs]sayalive ok 
 
发生时间：2020-04-03 22:13:46,640 
内容： 
[Dispose:95@choFastApiService.cs]ecoFtpApiserver dispose ,thread id:11 
 
发生时间：2020-04-03 22:14:46,621 
内容： 
[.ctor:74@choFastApiService.cs]EcoFastApiService creator,thread id:11 
 
发生时间：2020-04-03 22:14:46,622 
内容： 
[.ctor:79@choFastApiService.cs]EcoFastApiService init ok 
 
发生时间：2020-04-03 22:14:46,626 
内容： 
[SayAlive:341@FastCallService.cs]sayalive ok 
 
发生时间：2020-04-03 22:14:46,627 
内容： 
[Dispose:95@choFastApiService.cs]ecoFtpApiserver dispose ,thread id:11 
 
发生时间：2020-04-03 22:14:47,880 
内容： 
[.ctor:74@choFastApiService.cs]EcoFastApiService creator,thread id:11 
 
发生时间：2020-04-03 22:14:47,882 
内容： 
[.ctor:79@choFastApiService.cs]EcoFastApiService init ok 
 
发生时间：2020-04-03 22:14:47,888 
内容： 
[Dispose:95@choFastApiService.cs]ecoFtpApiserver dispose ,thread id:11 
 
发生时间：2020-04-03 22:15:46,620 
内容： 
[.ctor:74@choFastApiService.cs]EcoFastApiService creator,thread id:11 
 
发生时间：2020-04-03 22:15:46,621 
内容： 
[.ctor:79@choFastApiService.cs]EcoFastApiService init ok 
 
发生时间：2020-04-03 22:15:46,625 
内容： 
[SayAlive:341@FastCallService.cs]sayalive ok 
 
发生时间：2020-04-03 22:15:46,626 
内容： 
[Dispose:95@choFastApiService.cs]ecoFtpApiserver dispose ,thread id:11 
 
发生时间：2020-04-03 22:16:46,620 
内容： 
[.ctor:74@choFastApiService.cs]EcoFastApiService creator,thread id:11 
 
发生时间：2020-04-03 22:16:46,620 
内容： 
[.ctor:79@choFastApiService.cs]EcoFastApiService init ok 
 
发生时间：2020-04-03 22:16:46,623 
内容： 
[SayAlive:341@FastCallService.cs]sayalive ok 
 
发生时间：2020-04-03 22:16:46,624 
内容： 
[Dispose:95@choFastApiService.cs]ecoFtpApiserver dispose ,thread id:11 
 
发生时间：2020-04-03 22:16:47,798 
内容： 
[.ctor:74@choFastApiService.cs]EcoFastApiService creator,thread id:11 
 
发生时间：2020-04-03 22:16:47,799 
内容： 
[.ctor:79@choFastApiService.cs]EcoFastApiService init ok 
 
发生时间：2020-04-03 22:16:47,803 
内容： 
[Dispose:95@choFastApiService.cs]ecoFtpApiserver dispose ,thread id:11 
 
发生时间：2020-04-03 22:17:46,621 
内容： 
[.ctor:74@choFastApiService.cs]EcoFastApiService creator,thread id:11 
 
发生时间：2020-04-03 22:17:46,622 
内容： 
[.ctor:79@choFastApiService.cs]EcoFastApiService init ok 
 
发生时间：2020-04-03 22:17:46,631 
内容： 
[SayAlive:341@FastCallService.cs]sayalive ok 
 
发生时间：2020-04-03 22:17:46,632 
内容： 
[Dispose:95@choFastApiService.cs]ecoFtpApiserver dispose ,thread id:11 
 
发生时间：2020-04-03 22:18:46,620 
内容： 
[.ctor:74@choFastApiService.cs]EcoFastApiService creator,thread id:11 
 
发生时间：2020-04-03 22:18:46,621 
内容： 
[.ctor:79@choFastApiService.cs]EcoFastApiService init ok 
 
发生时间：2020-04-03 22:18:46,625 
内容： 
[SayAlive:341@FastCallService.cs]sayalive ok 
 
发生时间：2020-04-03 22:18:46,626 
内容： 
[Dispose:95@choFastApiService.cs]ecoFtpApiserver dispose ,thread id:11 
 
发生时间：2020-04-03 22:18:47,834 
内容： 
[.ctor:74@choFastApiService.cs]EcoFastApiService creator,thread id:11 
 
发生时间：2020-04-03 22:18:47,835 
内容： 
[.ctor:79@choFastApiService.cs]EcoFastApiService init ok 
 
发生时间：2020-04-03 22:18:47,839 
内容： 
[Dispose:95@choFastApiService.cs]ecoFtpApiserver dispose ,thread id:11 
 
发生时间：2020-04-03 22:19:46,619 
内容： 
[.ctor:74@choFastApiService.cs]EcoFastApiService creator,thread id:11 
 
发生时间：2020-04-03 22:19:46,620 
内容： 
[.ctor:79@choFastApiService.cs]EcoFastApiService init ok 
 
发生时间：2020-04-03 22:19:46,625 
内容： 
[SayAlive:341@FastCallService.cs]sayalive ok 
 
发生时间：2020-04-03 22:19:46,626 
内容： 
[Dispose:95@choFastApiService.cs]ecoFtpApiserver dispose ,thread id:11 
 
发生时间：2020-04-03 22:20:46,620 
内容： 
[.ctor:74@choFastApiService.cs]EcoFastApiService creator,thread id:11 
 
发生时间：2020-04-03 22:20:46,624 
内容： 
[.ctor:79@choFastApiService.cs]EcoFastApiService init ok 
 
发生时间：2020-04-03 22:20:46,625 
内容： 
[SayAlive:341@FastCallService.cs]sayalive ok 
 
发生时间：2020-04-03 22:20:46,625 
内容： 
[Dispose:95@choFastApiService.cs]ecoFtpApiserver dispose ,thread id:11 
 
发生时间：2020-04-03 22:20:46,658 
内容： 
[.ctor:74@choFastApiService.cs]EcoFastApiService creator,thread id:11 
 
发生时间：2020-04-03 22:20:46,659 
内容： 
[.ctor:79@choFastApiService.cs]EcoFastApiService init ok 
 
发生时间：2020-04-03 22:20:46,721 
内容： 
[CompareClientFiles:30@FastCallService.cs]CompareClientFiles  
 
发生时间：2020-04-03 22:20:46,726 
内容： 
[Dispose:95@choFastApiService.cs]ecoFtpApiserver dispose ,thread id:11 
 
发生时间：2020-04-03 22:20:47,919 
内容： 
[.ctor:74@choFastApiService.cs]EcoFastApiService creator,thread id:11 
 
发生时间：2020-04-03 22:20:47,920 
内容： 
[.ctor:79@choFastApiService.cs]EcoFastApiService init ok 
 
发生时间：2020-04-03 22:20:47,927 
内容： 
[Dispose:95@choFastApiService.cs]ecoFtpApiserver dispose ,thread id:11 
 
发生时间：2020-04-03 22:21:46,620 
内容： 
[.ctor:74@choFastApiService.cs]EcoFastApiService creator,thread id:11 
 
发生时间：2020-04-03 22:21:46,622 
内容： 
[.ctor:79@choFastApiService.cs]EcoFastApiService init ok 
 
发生时间：2020-04-03 22:21:46,628 
内容： 
[SayAlive:341@FastCallService.cs]sayalive ok 
 
发生时间：2020-04-03 22:21:46,628 
内容： 
[Dispose:95@choFastApiService.cs]ecoFtpApiserver dispose ,thread id:11 
 
发生时间：2020-04-03 22:22:46,619 
内容： 
[.ctor:74@choFastApiService.cs]EcoFastApiService creator,thread id:11 
 
发生时间：2020-04-03 22:22:46,623 
内容： 
[.ctor:79@choFastApiService.cs]EcoFastApiService init ok 
 
发生时间：2020-04-03 22:22:46,624 
内容： 
[SayAlive:341@FastCallService.cs]sayalive ok 
 
发生时间：2020-04-03 22:22:46,625 
内容： 
[Dispose:95@choFastApiService.cs]ecoFtpApiserver dispose ,thread id:11 
 
发生时间：2020-04-03 22:22:47,803 
内容： 
[.ctor:74@choFastApiService.cs]EcoFastApiService creator,thread id:11 
 
发生时间：2020-04-03 22:22:47,805 
内容： 
[.ctor:79@choFastApiService.cs]EcoFastApiService init ok 
 
发生时间：2020-04-03 22:22:47,818 
内容： 
[Dispose:95@choFastApiService.cs]ecoFtpApiserver dispose ,thread id:11 
 
发生时间：2020-04-03 22:23:46,633 
内容： 
[.ctor:74@choFastApiService.cs]EcoFastApiService creator,thread id:11 
 
发生时间：2020-04-03 22:23:46,633 
内容： 
[.ctor:79@choFastApiService.cs]EcoFastApiService init ok 
 
发生时间：2020-04-03 22:23:46,636 
内容： 
[SayAlive:341@FastCallService.cs]sayalive ok 
 
发生时间：2020-04-03 22:23:46,636 
内容： 
[Dispose:95@choFastApiService.cs]ecoFtpApiserver dispose ,thread id:11 
 
发生时间：2020-04-03 22:27:26,781 
内容： 
[.ctor:74@choFastApiService.cs]EcoFastApiService creator,thread id:12 
 
发生时间：2020-04-03 22:27:26,783 
内容： 
[.ctor:79@choFastApiService.cs]EcoFastApiService init ok 
 
发生时间：2020-04-03 22:27:26,822 
内容： 
[Dispose:95@choFastApiService.cs]ecoFtpApiserver dispose ,thread id:12 
 
