发生时间：2020-04-04 10:15:20,062 
内容： 
[.ctor:74@choFastApiService.cs]EcoFastApiService creator,thread id:12 
 
发生时间：2020-04-04 10:15:20,063 
内容： 
[.ctor:79@choFastApiService.cs]EcoFastApiService init ok 
 
发生时间：2020-04-04 10:15:20,308 
内容： 
[NodeRegiste:316@FastCallService.cs]Login ,thread id:12 
 
发生时间：2020-04-04 10:15:20,948 
内容： 
[NodeRegiste:346@FastCallService.cs]registe fail 
 
发生时间：2020-04-04 10:15:21,049 
内容： 
[Dispose:95@choFastApiService.cs]ecoFtpApiserver dispose ,thread id:12 
 
发生时间：2020-04-04 10:15:21,142 
内容： 
[.ctor:74@choFastApiService.cs]EcoFastApiService creator,thread id:12 
 
发生时间：2020-04-04 10:15:21,143 
内容： 
[.ctor:79@choFastApiService.cs]EcoFastApiService init ok 
 
发生时间：2020-04-04 10:15:21,149 
内容： 
[NodeRegiste:316@FastCallService.cs]Login ,thread id:12 
 
发生时间：2020-04-04 10:15:21,194 
内容： 
[NodeRegiste:346@FastCallService.cs]registe fail 
 
发生时间：2020-04-04 10:15:21,223 
内容： 
[Dispose:95@choFastApiService.cs]ecoFtpApiserver dispose ,thread id:12 
 
发生时间：2020-04-04 10:15:21,225 
内容： 
[.ctor:74@choFastApiService.cs]EcoFastApiService creator,thread id:12 
 
发生时间：2020-04-04 10:15:21,226 
内容： 
[.ctor:79@choFastApiService.cs]EcoFastApiService init ok 
 
发生时间：2020-04-04 10:15:21,227 
内容： 
[NodeRegiste:316@FastCallService.cs]Login ,thread id:12 
 
发生时间：2020-04-04 10:15:21,274 
内容： 
[NodeRegiste:346@FastCallService.cs]registe fail 
 
发生时间：2020-04-04 10:15:21,275 
内容： 
[Dispose:95@choFastApiService.cs]ecoFtpApiserver dispose ,thread id:12 
 
发生时间：2020-04-04 10:15:21,276 
内容： 
[.ctor:74@choFastApiService.cs]EcoFastApiService creator,thread id:12 
 
发生时间：2020-04-04 10:15:21,277 
内容： 
[.ctor:79@choFastApiService.cs]EcoFastApiService init ok 
 
发生时间：2020-04-04 10:15:21,277 
内容： 
[NodeRegiste:316@FastCallService.cs]Login ,thread id:12 
 
发生时间：2020-04-04 10:15:21,336 
内容： 
[NodeRegiste:346@FastCallService.cs]registe fail 
 
发生时间：2020-04-04 10:15:21,337 
内容： 
[Dispose:95@choFastApiService.cs]ecoFtpApiserver dispose ,thread id:12 
 
发生时间：2020-04-04 10:15:21,338 
内容： 
[.ctor:74@choFastApiService.cs]EcoFastApiService creator,thread id:12 
 
发生时间：2020-04-04 10:15:21,339 
内容： 
[.ctor:79@choFastApiService.cs]EcoFastApiService init ok 
 
发生时间：2020-04-04 10:15:21,340 
内容： 
[NodeRegiste:316@FastCallService.cs]Login ,thread id:12 
 
发生时间：2020-04-04 10:15:21,368 
内容： 
[NodeRegiste:346@FastCallService.cs]registe fail 
 
发生时间：2020-04-04 10:15:21,369 
内容： 
[Dispose:95@choFastApiService.cs]ecoFtpApiserver dispose ,thread id:12 
 
发生时间：2020-04-04 10:15:21,394 
内容： 
[.ctor:74@choFastApiService.cs]EcoFastApiService creator,thread id:12 
 
发生时间：2020-04-04 10:15:21,395 
内容： 
[.ctor:79@choFastApiService.cs]EcoFastApiService init ok 
 
发生时间：2020-04-04 10:15:21,396 
内容： 
[NodeRegiste:316@FastCallService.cs]Login ,thread id:12 
 
发生时间：2020-04-04 10:15:21,688 
内容： 
[NodeRegiste:341@FastCallService.cs]registe ok 
 
发生时间：2020-04-04 10:15:21,692 
内容： 
[Dispose:95@choFastApiService.cs]ecoFtpApiserver dispose ,thread id:12 
 
发生时间：2020-04-04 10:15:24,354 
内容： 
[.ctor:74@choFastApiService.cs]EcoFastApiService creator,thread id:12 
 
发生时间：2020-04-04 10:15:24,355 
内容： 
[.ctor:79@choFastApiService.cs]EcoFastApiService init ok 
 
发生时间：2020-04-04 10:15:25,019 
内容： 
[Dispose:95@choFastApiService.cs]ecoFtpApiserver dispose ,thread id:12 
 
发生时间：2020-04-04 10:16:25,889 
内容： 
[.ctor:74@choFastApiService.cs]EcoFastApiService creator,thread id:12 
 
发生时间：2020-04-04 10:16:25,890 
内容： 
[.ctor:79@choFastApiService.cs]EcoFastApiService init ok 
 
发生时间：2020-04-04 10:16:25,897 
内容： 
[SayAlive:382@FastCallService.cs]sayalive ok 
 
发生时间：2020-04-04 10:16:25,898 
内容： 
[Dispose:95@choFastApiService.cs]ecoFtpApiserver dispose ,thread id:12 
 
发生时间：2020-04-04 10:17:25,888 
内容： 
[.ctor:74@choFastApiService.cs]EcoFastApiService creator,thread id:12 
 
发生时间：2020-04-04 10:17:25,889 
内容： 
[.ctor:79@choFastApiService.cs]EcoFastApiService init ok 
 
发生时间：2020-04-04 10:17:25,894 
内容： 
[SayAlive:382@FastCallService.cs]sayalive ok 
 
发生时间：2020-04-04 10:17:25,895 
内容： 
[Dispose:95@choFastApiService.cs]ecoFtpApiserver dispose ,thread id:12 
 
发生时间：2020-04-04 10:17:27,669 
内容： 
[.ctor:74@choFastApiService.cs]EcoFastApiService creator,thread id:12 
 
发生时间：2020-04-04 10:17:27,670 
内容： 
[.ctor:79@choFastApiService.cs]EcoFastApiService init ok 
 
发生时间：2020-04-04 10:17:27,681 
内容： 
[Dispose:95@choFastApiService.cs]ecoFtpApiserver dispose ,thread id:12 
 
发生时间：2020-04-04 10:18:25,898 
内容： 
[.ctor:74@choFastApiService.cs]EcoFastApiService creator,thread id:12 
 
发生时间：2020-04-04 10:18:25,899 
内容： 
[.ctor:79@choFastApiService.cs]EcoFastApiService init ok 
 
发生时间：2020-04-04 10:18:25,905 
内容： 
[SayAlive:382@FastCallService.cs]sayalive ok 
 
发生时间：2020-04-04 10:18:25,907 
内容： 
[Dispose:95@choFastApiService.cs]ecoFtpApiserver dispose ,thread id:12 
 
发生时间：2020-04-04 10:19:25,898 
内容： 
[.ctor:74@choFastApiService.cs]EcoFastApiService creator,thread id:12 
 
发生时间：2020-04-04 10:19:25,899 
内容： 
[.ctor:79@choFastApiService.cs]EcoFastApiService init ok 
 
发生时间：2020-04-04 10:19:25,907 
内容： 
[SayAlive:382@FastCallService.cs]sayalive ok 
 
发生时间：2020-04-04 10:19:25,908 
内容： 
[Dispose:95@choFastApiService.cs]ecoFtpApiserver dispose ,thread id:12 
 
发生时间：2020-04-04 10:19:27,696 
内容： 
[.ctor:74@choFastApiService.cs]EcoFastApiService creator,thread id:12 
 
发生时间：2020-04-04 10:19:27,697 
内容： 
[.ctor:79@choFastApiService.cs]EcoFastApiService init ok 
 
发生时间：2020-04-04 10:19:27,703 
内容： 
[Dispose:95@choFastApiService.cs]ecoFtpApiserver dispose ,thread id:12 
 
发生时间：2020-04-04 10:20:25,889 
内容： 
[.ctor:74@choFastApiService.cs]EcoFastApiService creator,thread id:12 
 
发生时间：2020-04-04 10:20:25,890 
内容： 
[.ctor:79@choFastApiService.cs]EcoFastApiService init ok 
 
发生时间：2020-04-04 10:20:25,895 
内容： 
[SayAlive:382@FastCallService.cs]sayalive ok 
 
发生时间：2020-04-04 10:20:25,896 
内容： 
[Dispose:95@choFastApiService.cs]ecoFtpApiserver dispose ,thread id:12 
 
发生时间：2020-04-04 10:21:25,889 
内容： 
[.ctor:74@choFastApiService.cs]EcoFastApiService creator,thread id:12 
 
发生时间：2020-04-04 10:21:25,890 
内容： 
[.ctor:79@choFastApiService.cs]EcoFastApiService init ok 
 
发生时间：2020-04-04 10:21:25,890 
内容： 
[SayAlive:382@FastCallService.cs]sayalive ok 
 
发生时间：2020-04-04 10:21:25,891 
内容： 
[Dispose:95@choFastApiService.cs]ecoFtpApiserver dispose ,thread id:12 
 
发生时间：2020-04-04 10:21:27,672 
内容： 
[.ctor:74@choFastApiService.cs]EcoFastApiService creator,thread id:12 
 
发生时间：2020-04-04 10:21:27,673 
内容： 
[.ctor:79@choFastApiService.cs]EcoFastApiService init ok 
 
发生时间：2020-04-04 10:21:27,683 
内容： 
[Dispose:95@choFastApiService.cs]ecoFtpApiserver dispose ,thread id:12 
 
发生时间：2020-04-04 10:22:25,898 
内容： 
[.ctor:74@choFastApiService.cs]EcoFastApiService creator,thread id:12 
 
发生时间：2020-04-04 10:22:25,899 
内容： 
[.ctor:79@choFastApiService.cs]EcoFastApiService init ok 
 
发生时间：2020-04-04 10:22:25,904 
内容： 
[SayAlive:382@FastCallService.cs]sayalive ok 
 
发生时间：2020-04-04 10:22:25,906 
内容： 
[Dispose:95@choFastApiService.cs]ecoFtpApiserver dispose ,thread id:12 
 
发生时间：2020-04-04 10:23:25,887 
内容： 
[.ctor:74@choFastApiService.cs]EcoFastApiService creator,thread id:12 
 
发生时间：2020-04-04 10:23:25,888 
内容： 
[.ctor:79@choFastApiService.cs]EcoFastApiService init ok 
 
发生时间：2020-04-04 10:23:25,895 
内容： 
[SayAlive:382@FastCallService.cs]sayalive ok 
 
发生时间：2020-04-04 10:23:25,896 
内容： 
[Dispose:95@choFastApiService.cs]ecoFtpApiserver dispose ,thread id:12 
 
发生时间：2020-04-04 10:23:27,623 
内容： 
[.ctor:74@choFastApiService.cs]EcoFastApiService creator,thread id:12 
 
发生时间：2020-04-04 10:23:27,624 
内容： 
[.ctor:79@choFastApiService.cs]EcoFastApiService init ok 
 
发生时间：2020-04-04 10:23:27,630 
内容： 
[Dispose:95@choFastApiService.cs]ecoFtpApiserver dispose ,thread id:12 
 
发生时间：2020-04-04 10:24:25,887 
内容： 
[.ctor:74@choFastApiService.cs]EcoFastApiService creator,thread id:12 
 
发生时间：2020-04-04 10:24:25,888 
内容： 
[.ctor:79@choFastApiService.cs]EcoFastApiService init ok 
 
发生时间：2020-04-04 10:24:25,893 
内容： 
[SayAlive:382@FastCallService.cs]sayalive ok 
 
发生时间：2020-04-04 10:24:25,895 
内容： 
[Dispose:95@choFastApiService.cs]ecoFtpApiserver dispose ,thread id:12 
 
发生时间：2020-04-04 10:25:25,887 
内容： 
[.ctor:74@choFastApiService.cs]EcoFastApiService creator,thread id:12 
 
发生时间：2020-04-04 10:25:25,894 
内容： 
[.ctor:79@choFastApiService.cs]EcoFastApiService init ok 
 
发生时间：2020-04-04 10:25:25,895 
内容： 
[SayAlive:382@FastCallService.cs]sayalive ok 
 
发生时间：2020-04-04 10:25:25,896 
内容： 
[Dispose:95@choFastApiService.cs]ecoFtpApiserver dispose ,thread id:12 
 
发生时间：2020-04-04 10:25:27,648 
内容： 
[.ctor:74@choFastApiService.cs]EcoFastApiService creator,thread id:12 
 
发生时间：2020-04-04 10:25:27,649 
内容： 
[.ctor:79@choFastApiService.cs]EcoFastApiService init ok 
 
发生时间：2020-04-04 10:25:27,657 
内容： 
[Dispose:95@choFastApiService.cs]ecoFtpApiserver dispose ,thread id:12 
 
发生时间：2020-04-04 10:26:25,901 
内容： 
[.ctor:74@choFastApiService.cs]EcoFastApiService creator,thread id:12 
 
发生时间：2020-04-04 10:26:25,903 
内容： 
[.ctor:79@choFastApiService.cs]EcoFastApiService init ok 
 
发生时间：2020-04-04 10:26:25,921 
内容： 
[SayAlive:382@FastCallService.cs]sayalive ok 
 
发生时间：2020-04-04 10:26:25,923 
内容： 
[Dispose:95@choFastApiService.cs]ecoFtpApiserver dispose ,thread id:12 
 
发生时间：2020-04-04 10:27:25,900 
内容： 
[.ctor:74@choFastApiService.cs]EcoFastApiService creator,thread id:12 
 
发生时间：2020-04-04 10:27:25,901 
内容： 
[.ctor:79@choFastApiService.cs]EcoFastApiService init ok 
 
发生时间：2020-04-04 10:27:25,908 
内容： 
[SayAlive:382@FastCallService.cs]sayalive ok 
 
发生时间：2020-04-04 10:27:25,909 
内容： 
[Dispose:95@choFastApiService.cs]ecoFtpApiserver dispose ,thread id:12 
 
发生时间：2020-04-04 10:27:27,682 
内容： 
[.ctor:74@choFastApiService.cs]EcoFastApiService creator,thread id:12 
 
发生时间：2020-04-04 10:27:27,683 
内容： 
[.ctor:79@choFastApiService.cs]EcoFastApiService init ok 
 
发生时间：2020-04-04 10:27:27,690 
内容： 
[Dispose:95@choFastApiService.cs]ecoFtpApiserver dispose ,thread id:12 
 
发生时间：2020-04-04 10:28:25,888 
内容： 
[.ctor:74@choFastApiService.cs]EcoFastApiService creator,thread id:12 
 
发生时间：2020-04-04 10:28:25,890 
内容： 
[.ctor:79@choFastApiService.cs]EcoFastApiService init ok 
 
发生时间：2020-04-04 10:28:25,896 
内容： 
[SayAlive:382@FastCallService.cs]sayalive ok 
 
发生时间：2020-04-04 10:28:25,897 
内容： 
[Dispose:95@choFastApiService.cs]ecoFtpApiserver dispose ,thread id:12 
 
发生时间：2020-04-04 10:29:27,974 
内容： 
[.ctor:74@choFastApiService.cs]EcoFastApiService creator,thread id:12 
 
发生时间：2020-04-04 10:29:27,975 
内容： 
[.ctor:79@choFastApiService.cs]EcoFastApiService init ok 
 
发生时间：2020-04-04 10:29:27,984 
内容： 
[Dispose:95@choFastApiService.cs]ecoFtpApiserver dispose ,thread id:12 
 
发生时间：2020-04-04 10:31:27,670 
内容： 
[.ctor:74@choFastApiService.cs]EcoFastApiService creator,thread id:12 
 
发生时间：2020-04-04 10:31:27,671 
内容： 
[.ctor:79@choFastApiService.cs]EcoFastApiService init ok 
 
发生时间：2020-04-04 10:31:27,672 
内容： 
[Dispose:95@choFastApiService.cs]ecoFtpApiserver dispose ,thread id:12 
 
发生时间：2020-04-04 10:33:27,678 
内容： 
[.ctor:74@choFastApiService.cs]EcoFastApiService creator,thread id:12 
 
发生时间：2020-04-04 10:33:27,679 
内容： 
[.ctor:79@choFastApiService.cs]EcoFastApiService init ok 
 
发生时间：2020-04-04 10:33:27,682 
内容： 
[Dispose:95@choFastApiService.cs]ecoFtpApiserver dispose ,thread id:12 
 
发生时间：2020-04-04 10:34:25,899 
内容： 
[.ctor:74@choFastApiService.cs]EcoFastApiService creator,thread id:12 
 
发生时间：2020-04-04 10:34:25,900 
内容： 
[.ctor:79@choFastApiService.cs]EcoFastApiService init ok 
 
发生时间：2020-04-04 10:34:25,902 
内容： 
[SayAlive:382@FastCallService.cs]sayalive ok 
 
发生时间：2020-04-04 10:34:25,904 
内容： 
[Dispose:95@choFastApiService.cs]ecoFtpApiserver dispose ,thread id:12 
 
发生时间：2020-04-04 10:35:25,887 
内容： 
[.ctor:74@choFastApiService.cs]EcoFastApiService creator,thread id:12 
 
发生时间：2020-04-04 10:35:25,889 
内容： 
[.ctor:79@choFastApiService.cs]EcoFastApiService init ok 
 
发生时间：2020-04-04 10:35:25,891 
内容： 
[SayAlive:382@FastCallService.cs]sayalive ok 
 
发生时间：2020-04-04 10:35:25,892 
内容： 
[Dispose:95@choFastApiService.cs]ecoFtpApiserver dispose ,thread id:12 
 
发生时间：2020-04-04 10:35:25,962 
内容： 
[.ctor:74@choFastApiService.cs]EcoFastApiService creator,thread id:12 
 
发生时间：2020-04-04 10:35:25,964 
内容： 
[.ctor:79@choFastApiService.cs]EcoFastApiService init ok 
 
发生时间：2020-04-04 10:35:26,028 
内容： 
[CompareClientFiles:30@FastCallService.cs]CompareClientFiles  
 
发生时间：2020-04-04 10:35:26,035 
内容： 
[Dispose:95@choFastApiService.cs]ecoFtpApiserver dispose ,thread id:12 
 
发生时间：2020-04-04 10:35:27,724 
内容： 
[.ctor:74@choFastApiService.cs]EcoFastApiService creator,thread id:12 
 
发生时间：2020-04-04 10:35:27,725 
内容： 
[.ctor:79@choFastApiService.cs]EcoFastApiService init ok 
 
发生时间：2020-04-04 10:35:27,727 
内容： 
[Dispose:95@choFastApiService.cs]ecoFtpApiserver dispose ,thread id:12 
 
发生时间：2020-04-04 10:36:25,897 
内容： 
[.ctor:74@choFastApiService.cs]EcoFastApiService creator,thread id:12 
 
发生时间：2020-04-04 10:36:25,898 
内容： 
[.ctor:79@choFastApiService.cs]EcoFastApiService init ok 
 
发生时间：2020-04-04 10:36:25,898 
内容： 
[SayAlive:382@FastCallService.cs]sayalive ok 
 
发生时间：2020-04-04 10:36:25,899 
内容： 
[Dispose:95@choFastApiService.cs]ecoFtpApiserver dispose ,thread id:12 
 
发生时间：2020-04-04 10:37:25,925 
内容： 
[.ctor:74@choFastApiService.cs]EcoFastApiService creator,thread id:12 
 
发生时间：2020-04-04 10:37:25,945 
内容： 
[.ctor:79@choFastApiService.cs]EcoFastApiService init ok 
 
发生时间：2020-04-04 10:37:25,948 
内容： 
[SayAlive:382@FastCallService.cs]sayalive ok 
 
发生时间：2020-04-04 10:37:25,950 
内容： 
[Dispose:95@choFastApiService.cs]ecoFtpApiserver dispose ,thread id:12 
 
发生时间：2020-04-04 10:37:28,370 
内容： 
[.ctor:74@choFastApiService.cs]EcoFastApiService creator,thread id:12 
 
发生时间：2020-04-04 10:37:28,371 
内容： 
[.ctor:79@choFastApiService.cs]EcoFastApiService init ok 
 
发生时间：2020-04-04 10:37:28,373 
内容： 
[Dispose:95@choFastApiService.cs]ecoFtpApiserver dispose ,thread id:12 
 
发生时间：2020-04-04 10:38:25,887 
内容： 
[.ctor:74@choFastApiService.cs]EcoFastApiService creator,thread id:12 
 
发生时间：2020-04-04 10:38:25,887 
内容： 
[.ctor:79@choFastApiService.cs]EcoFastApiService init ok 
 
发生时间：2020-04-04 10:38:25,888 
内容： 
[SayAlive:382@FastCallService.cs]sayalive ok 
 
发生时间：2020-04-04 10:38:25,889 
内容： 
[Dispose:95@choFastApiService.cs]ecoFtpApiserver dispose ,thread id:12 
 
发生时间：2020-04-04 10:39:25,886 
内容： 
[.ctor:74@choFastApiService.cs]EcoFastApiService creator,thread id:12 
 
发生时间：2020-04-04 10:39:25,888 
内容： 
[.ctor:79@choFastApiService.cs]EcoFastApiService init ok 
 
发生时间：2020-04-04 10:39:25,888 
内容： 
[SayAlive:382@FastCallService.cs]sayalive ok 
 
发生时间：2020-04-04 10:39:25,889 
内容： 
[Dispose:95@choFastApiService.cs]ecoFtpApiserver dispose ,thread id:12 
 
发生时间：2020-04-04 10:39:27,671 
内容： 
[.ctor:74@choFastApiService.cs]EcoFastApiService creator,thread id:12 
 
发生时间：2020-04-04 10:39:27,672 
内容： 
[.ctor:79@choFastApiService.cs]EcoFastApiService init ok 
 
发生时间：2020-04-04 10:39:27,674 
内容： 
[Dispose:95@choFastApiService.cs]ecoFtpApiserver dispose ,thread id:12 
 
发生时间：2020-04-04 10:40:25,886 
内容： 
[.ctor:74@choFastApiService.cs]EcoFastApiService creator,thread id:12 
 
发生时间：2020-04-04 10:40:25,887 
内容： 
[.ctor:79@choFastApiService.cs]EcoFastApiService init ok 
 
发生时间：2020-04-04 10:40:25,887 
内容： 
[SayAlive:382@FastCallService.cs]sayalive ok 
 
发生时间：2020-04-04 10:40:25,888 
内容： 
[Dispose:95@choFastApiService.cs]ecoFtpApiserver dispose ,thread id:12 
 
发生时间：2020-04-04 10:41:25,887 
内容： 
[.ctor:74@choFastApiService.cs]EcoFastApiService creator,thread id:12 
 
发生时间：2020-04-04 10:41:25,889 
内容： 
[.ctor:79@choFastApiService.cs]EcoFastApiService init ok 
 
发生时间：2020-04-04 10:41:25,890 
内容： 
[SayAlive:382@FastCallService.cs]sayalive ok 
 
发生时间：2020-04-04 10:41:25,891 
内容： 
[Dispose:95@choFastApiService.cs]ecoFtpApiserver dispose ,thread id:12 
 
发生时间：2020-04-04 10:41:27,666 
内容： 
[.ctor:74@choFastApiService.cs]EcoFastApiService creator,thread id:12 
 
发生时间：2020-04-04 10:41:27,667 
内容： 
[.ctor:79@choFastApiService.cs]EcoFastApiService init ok 
 
发生时间：2020-04-04 10:41:27,669 
内容： 
[Dispose:95@choFastApiService.cs]ecoFtpApiserver dispose ,thread id:12 
 
发生时间：2020-04-04 10:42:25,887 
内容： 
[.ctor:74@choFastApiService.cs]EcoFastApiService creator,thread id:12 
 
发生时间：2020-04-04 10:42:25,888 
内容： 
[.ctor:79@choFastApiService.cs]EcoFastApiService init ok 
 
发生时间：2020-04-04 10:42:25,889 
内容： 
[SayAlive:382@FastCallService.cs]sayalive ok 
 
发生时间：2020-04-04 10:42:25,890 
内容： 
[Dispose:95@choFastApiService.cs]ecoFtpApiserver dispose ,thread id:12 
 
发生时间：2020-04-04 10:43:25,886 
内容： 
[.ctor:74@choFastApiService.cs]EcoFastApiService creator,thread id:12 
 
发生时间：2020-04-04 10:43:25,887 
内容： 
[.ctor:79@choFastApiService.cs]EcoFastApiService init ok 
 
发生时间：2020-04-04 10:43:25,888 
内容： 
[SayAlive:382@FastCallService.cs]sayalive ok 
 
发生时间：2020-04-04 10:43:25,889 
内容： 
[Dispose:95@choFastApiService.cs]ecoFtpApiserver dispose ,thread id:12 
 
发生时间：2020-04-04 10:43:27,539 
内容： 
[.ctor:74@choFastApiService.cs]EcoFastApiService creator,thread id:12 
 
发生时间：2020-04-04 10:43:27,540 
内容： 
[.ctor:79@choFastApiService.cs]EcoFastApiService init ok 
 
发生时间：2020-04-04 10:43:27,542 
内容： 
[Dispose:95@choFastApiService.cs]ecoFtpApiserver dispose ,thread id:12 
 
发生时间：2020-04-04 10:44:25,887 
内容： 
[.ctor:74@choFastApiService.cs]EcoFastApiService creator,thread id:12 
 
发生时间：2020-04-04 10:44:25,888 
内容： 
[.ctor:79@choFastApiService.cs]EcoFastApiService init ok 
 
发生时间：2020-04-04 10:44:25,888 
内容： 
[SayAlive:382@FastCallService.cs]sayalive ok 
 
发生时间：2020-04-04 10:44:25,889 
内容： 
[Dispose:95@choFastApiService.cs]ecoFtpApiserver dispose ,thread id:12 
 
发生时间：2020-04-04 10:45:25,897 
内容： 
[.ctor:74@choFastApiService.cs]EcoFastApiService creator,thread id:12 
 
发生时间：2020-04-04 10:45:25,898 
内容： 
[.ctor:79@choFastApiService.cs]EcoFastApiService init ok 
 
发生时间：2020-04-04 10:45:25,898 
内容： 
[SayAlive:382@FastCallService.cs]sayalive ok 
 
发生时间：2020-04-04 10:45:25,899 
内容： 
[Dispose:95@choFastApiService.cs]ecoFtpApiserver dispose ,thread id:12 
 
发生时间：2020-04-04 10:45:27,241 
内容： 
[.ctor:74@choFastApiService.cs]EcoFastApiService creator,thread id:12 
 
发生时间：2020-04-04 10:45:27,242 
内容： 
[.ctor:79@choFastApiService.cs]EcoFastApiService init ok 
 
发生时间：2020-04-04 10:45:27,243 
内容： 
[Dispose:95@choFastApiService.cs]ecoFtpApiserver dispose ,thread id:12 
 
发生时间：2020-04-04 10:46:25,887 
内容： 
[.ctor:74@choFastApiService.cs]EcoFastApiService creator,thread id:12 
 
发生时间：2020-04-04 10:46:25,888 
内容： 
[.ctor:79@choFastApiService.cs]EcoFastApiService init ok 
 
发生时间：2020-04-04 10:46:25,889 
内容： 
[SayAlive:382@FastCallService.cs]sayalive ok 
 
发生时间：2020-04-04 10:46:25,890 
内容： 
[Dispose:95@choFastApiService.cs]ecoFtpApiserver dispose ,thread id:12 
 
发生时间：2020-04-04 10:47:25,887 
内容： 
[.ctor:74@choFastApiService.cs]EcoFastApiService creator,thread id:12 
 
发生时间：2020-04-04 10:47:25,888 
内容： 
[.ctor:79@choFastApiService.cs]EcoFastApiService init ok 
 
发生时间：2020-04-04 10:47:25,889 
内容： 
[SayAlive:382@FastCallService.cs]sayalive ok 
 
发生时间：2020-04-04 10:47:25,890 
内容： 
[Dispose:95@choFastApiService.cs]ecoFtpApiserver dispose ,thread id:12 
 
发生时间：2020-04-04 10:47:27,213 
内容： 
[.ctor:74@choFastApiService.cs]EcoFastApiService creator,thread id:12 
 
发生时间：2020-04-04 10:47:27,215 
内容： 
[.ctor:79@choFastApiService.cs]EcoFastApiService init ok 
 
发生时间：2020-04-04 10:47:27,217 
内容： 
[Dispose:95@choFastApiService.cs]ecoFtpApiserver dispose ,thread id:12 
 
发生时间：2020-04-04 10:48:25,888 
内容： 
[.ctor:74@choFastApiService.cs]EcoFastApiService creator,thread id:12 
 
发生时间：2020-04-04 10:48:25,889 
内容： 
[.ctor:79@choFastApiService.cs]EcoFastApiService init ok 
 
发生时间：2020-04-04 10:48:25,890 
内容： 
[SayAlive:382@FastCallService.cs]sayalive ok 
 
发生时间：2020-04-04 10:48:25,892 
内容： 
[Dispose:95@choFastApiService.cs]ecoFtpApiserver dispose ,thread id:12 
 
发生时间：2020-04-04 10:49:25,897 
内容： 
[.ctor:74@choFastApiService.cs]EcoFastApiService creator,thread id:12 
 
发生时间：2020-04-04 10:49:25,898 
内容： 
[.ctor:79@choFastApiService.cs]EcoFastApiService init ok 
 
发生时间：2020-04-04 10:49:25,899 
内容： 
[SayAlive:382@FastCallService.cs]sayalive ok 
 
发生时间：2020-04-04 10:49:25,899 
内容： 
[Dispose:95@choFastApiService.cs]ecoFtpApiserver dispose ,thread id:12 
 
发生时间：2020-04-04 10:49:27,254 
内容： 
[.ctor:74@choFastApiService.cs]EcoFastApiService creator,thread id:12 
 
发生时间：2020-04-04 10:49:27,255 
内容： 
[.ctor:79@choFastApiService.cs]EcoFastApiService init ok 
 
发生时间：2020-04-04 10:49:27,256 
内容： 
[Dispose:95@choFastApiService.cs]ecoFtpApiserver dispose ,thread id:12 
 
发生时间：2020-04-04 10:50:25,900 
内容： 
[.ctor:74@choFastApiService.cs]EcoFastApiService creator,thread id:12 
 
发生时间：2020-04-04 10:50:25,901 
内容： 
[.ctor:79@choFastApiService.cs]EcoFastApiService init ok 
 
发生时间：2020-04-04 10:50:25,902 
内容： 
[SayAlive:382@FastCallService.cs]sayalive ok 
 
发生时间：2020-04-04 10:50:25,903 
内容： 
[Dispose:95@choFastApiService.cs]ecoFtpApiserver dispose ,thread id:12 
 
发生时间：2020-04-04 10:51:25,887 
内容： 
[.ctor:74@choFastApiService.cs]EcoFastApiService creator,thread id:12 
 
发生时间：2020-04-04 10:51:25,888 
内容： 
[.ctor:79@choFastApiService.cs]EcoFastApiService init ok 
 
发生时间：2020-04-04 10:51:25,889 
内容： 
[SayAlive:382@FastCallService.cs]sayalive ok 
 
发生时间：2020-04-04 10:51:25,890 
内容： 
[Dispose:95@choFastApiService.cs]ecoFtpApiserver dispose ,thread id:12 
 
发生时间：2020-04-04 10:51:27,206 
内容： 
[.ctor:74@choFastApiService.cs]EcoFastApiService creator,thread id:12 
 
发生时间：2020-04-04 10:51:27,207 
内容： 
[.ctor:79@choFastApiService.cs]EcoFastApiService init ok 
 
发生时间：2020-04-04 10:51:27,208 
内容： 
[Dispose:95@choFastApiService.cs]ecoFtpApiserver dispose ,thread id:12 
 
发生时间：2020-04-04 10:52:25,887 
内容： 
[.ctor:74@choFastApiService.cs]EcoFastApiService creator,thread id:12 
 
发生时间：2020-04-04 10:52:25,888 
内容： 
[.ctor:79@choFastApiService.cs]EcoFastApiService init ok 
 
发生时间：2020-04-04 10:52:25,889 
内容： 
[SayAlive:382@FastCallService.cs]sayalive ok 
 
发生时间：2020-04-04 10:52:25,890 
内容： 
[Dispose:95@choFastApiService.cs]ecoFtpApiserver dispose ,thread id:12 
 
发生时间：2020-04-04 10:56:43,083 
内容： 
[.ctor:74@choFastApiService.cs]EcoFastApiService creator,thread id:11 
 
发生时间：2020-04-04 10:56:43,084 
内容： 
[.ctor:79@choFastApiService.cs]EcoFastApiService init ok 
 
发生时间：2020-04-04 10:56:43,257 
内容： 
[NodeRegiste:316@FastCallService.cs]Login ,thread id:11 
 
发生时间：2020-04-04 10:56:43,302 
内容： 
[NodeRegiste:345@FastCallService.cs]registe fail 
 
发生时间：2020-04-04 10:56:43,378 
内容： 
[Dispose:95@choFastApiService.cs]ecoFtpApiserver dispose ,thread id:11 
 
发生时间：2020-04-04 10:56:43,449 
内容： 
[.ctor:74@choFastApiService.cs]EcoFastApiService creator,thread id:11 
 
发生时间：2020-04-04 10:56:43,450 
内容： 
[.ctor:79@choFastApiService.cs]EcoFastApiService init ok 
 
发生时间：2020-04-04 10:56:43,458 
内容： 
[NodeRegiste:316@FastCallService.cs]Login ,thread id:11 
 
发生时间：2020-04-04 10:56:43,503 
内容： 
[NodeRegiste:345@FastCallService.cs]registe fail 
 
发生时间：2020-04-04 10:56:43,505 
内容： 
[Dispose:95@choFastApiService.cs]ecoFtpApiserver dispose ,thread id:11 
 
发生时间：2020-04-04 10:56:43,507 
内容： 
[.ctor:74@choFastApiService.cs]EcoFastApiService creator,thread id:11 
 
发生时间：2020-04-04 10:56:43,508 
内容： 
[.ctor:79@choFastApiService.cs]EcoFastApiService init ok 
 
发生时间：2020-04-04 10:56:43,508 
内容： 
[NodeRegiste:316@FastCallService.cs]Login ,thread id:11 
 
发生时间：2020-04-04 10:56:43,539 
内容： 
[NodeRegiste:345@FastCallService.cs]registe fail 
 
发生时间：2020-04-04 10:56:43,539 
内容： 
[Dispose:95@choFastApiService.cs]ecoFtpApiserver dispose ,thread id:11 
 
发生时间：2020-04-04 10:56:43,540 
内容： 
[.ctor:74@choFastApiService.cs]EcoFastApiService creator,thread id:11 
 
发生时间：2020-04-04 10:56:43,541 
内容： 
[.ctor:79@choFastApiService.cs]EcoFastApiService init ok 
 
发生时间：2020-04-04 10:56:43,564 
内容： 
[NodeRegiste:316@FastCallService.cs]Login ,thread id:11 
 
发生时间：2020-04-04 10:56:43,612 
内容： 
[NodeRegiste:345@FastCallService.cs]registe fail 
 
发生时间：2020-04-04 10:56:43,613 
内容： 
[Dispose:95@choFastApiService.cs]ecoFtpApiserver dispose ,thread id:11 
 
发生时间：2020-04-04 10:56:43,614 
内容： 
[.ctor:74@choFastApiService.cs]EcoFastApiService creator,thread id:11 
 
发生时间：2020-04-04 10:56:43,614 
内容： 
[.ctor:79@choFastApiService.cs]EcoFastApiService init ok 
 
发生时间：2020-04-04 10:56:43,615 
内容： 
[NodeRegiste:316@FastCallService.cs]Login ,thread id:11 
 
发生时间：2020-04-04 10:56:43,660 
内容： 
[NodeRegiste:345@FastCallService.cs]registe fail 
 
发生时间：2020-04-04 10:56:43,661 
内容： 
[Dispose:95@choFastApiService.cs]ecoFtpApiserver dispose ,thread id:11 
 
发生时间：2020-04-04 10:56:43,662 
内容： 
[.ctor:74@choFastApiService.cs]EcoFastApiService creator,thread id:11 
 
发生时间：2020-04-04 10:56:43,663 
内容： 
[.ctor:79@choFastApiService.cs]EcoFastApiService init ok 
 
发生时间：2020-04-04 10:56:43,663 
内容： 
[NodeRegiste:316@FastCallService.cs]Login ,thread id:11 
 
发生时间：2020-04-04 10:56:43,690 
内容： 
[NodeRegiste:345@FastCallService.cs]registe fail 
 
发生时间：2020-04-04 10:56:43,691 
内容： 
[Dispose:95@choFastApiService.cs]ecoFtpApiserver dispose ,thread id:11 
 
发生时间：2020-04-04 10:56:43,692 
内容： 
[.ctor:74@choFastApiService.cs]EcoFastApiService creator,thread id:11 
 
发生时间：2020-04-04 10:56:43,714 
内容： 
[.ctor:79@choFastApiService.cs]EcoFastApiService init ok 
 
发生时间：2020-04-04 10:56:43,715 
内容： 
[NodeRegiste:316@FastCallService.cs]Login ,thread id:11 
 
发生时间：2020-04-04 10:56:43,737 
内容： 
[NodeRegiste:345@FastCallService.cs]registe fail 
 
发生时间：2020-04-04 10:56:43,761 
内容： 
[Dispose:95@choFastApiService.cs]ecoFtpApiserver dispose ,thread id:11 
 
发生时间：2020-04-04 10:59:42,261 
内容： 
[.ctor:74@choFastApiService.cs]EcoFastApiService creator,thread id:12 
 
发生时间：2020-04-04 10:59:42,262 
内容： 
[.ctor:79@choFastApiService.cs]EcoFastApiService init ok 
 
发生时间：2020-04-04 10:59:42,269 
内容： 
[NodeRegiste:316@FastCallService.cs]Login ,thread id:12 
 
发生时间：2020-04-04 10:59:42,318 
内容： 
[NodeRegiste:345@FastCallService.cs]registe fail 
 
发生时间：2020-04-04 10:59:42,319 
内容： 
[Dispose:95@choFastApiService.cs]ecoFtpApiserver dispose ,thread id:12 
 
发生时间：2020-04-04 10:59:42,405 
内容： 
[.ctor:74@choFastApiService.cs]EcoFastApiService creator,thread id:12 
 
发生时间：2020-04-04 10:59:42,406 
内容： 
[.ctor:79@choFastApiService.cs]EcoFastApiService init ok 
 
发生时间：2020-04-04 10:59:42,412 
内容： 
[NodeRegiste:316@FastCallService.cs]Login ,thread id:12 
 
发生时间：2020-04-04 10:59:42,433 
内容： 
[NodeRegiste:345@FastCallService.cs]registe fail 
 
发生时间：2020-04-04 10:59:42,434 
内容： 
[Dispose:95@choFastApiService.cs]ecoFtpApiserver dispose ,thread id:12 
 
发生时间：2020-04-04 10:59:42,435 
内容： 
[.ctor:74@choFastApiService.cs]EcoFastApiService creator,thread id:12 
 
发生时间：2020-04-04 10:59:42,459 
内容： 
[.ctor:79@choFastApiService.cs]EcoFastApiService init ok 
 
发生时间：2020-04-04 10:59:42,460 
内容： 
[NodeRegiste:316@FastCallService.cs]Login ,thread id:12 
 
发生时间：2020-04-04 10:59:42,483 
内容： 
[NodeRegiste:345@FastCallService.cs]registe fail 
 
发生时间：2020-04-04 10:59:42,508 
内容： 
[Dispose:95@choFastApiService.cs]ecoFtpApiserver dispose ,thread id:12 
 
发生时间：2020-04-04 10:59:42,509 
内容： 
[.ctor:74@choFastApiService.cs]EcoFastApiService creator,thread id:12 
 
发生时间：2020-04-04 10:59:42,509 
内容： 
[.ctor:79@choFastApiService.cs]EcoFastApiService init ok 
 
发生时间：2020-04-04 10:59:42,510 
内容： 
[NodeRegiste:316@FastCallService.cs]Login ,thread id:12 
 
发生时间：2020-04-04 10:59:42,534 
内容： 
[NodeRegiste:345@FastCallService.cs]registe fail 
 
发生时间：2020-04-04 10:59:42,535 
内容： 
[Dispose:95@choFastApiService.cs]ecoFtpApiserver dispose ,thread id:12 
 
发生时间：2020-04-04 10:59:42,558 
内容： 
[.ctor:74@choFastApiService.cs]EcoFastApiService creator,thread id:12 
 
发生时间：2020-04-04 10:59:42,559 
内容： 
[.ctor:79@choFastApiService.cs]EcoFastApiService init ok 
 
发生时间：2020-04-04 10:59:42,560 
内容： 
[NodeRegiste:316@FastCallService.cs]Login ,thread id:12 
 
发生时间：2020-04-04 10:59:42,581 
内容： 
[NodeRegiste:345@FastCallService.cs]registe fail 
 
发生时间：2020-04-04 10:59:42,582 
内容： 
[Dispose:95@choFastApiService.cs]ecoFtpApiserver dispose ,thread id:12 
 
发生时间：2020-04-04 10:59:42,583 
内容： 
[.ctor:74@choFastApiService.cs]EcoFastApiService creator,thread id:12 
 
发生时间：2020-04-04 10:59:42,606 
内容： 
[.ctor:79@choFastApiService.cs]EcoFastApiService init ok 
 
发生时间：2020-04-04 10:59:42,607 
内容： 
[NodeRegiste:316@FastCallService.cs]Login ,thread id:12 
 
发生时间：2020-04-04 10:59:42,658 
内容： 
[NodeRegiste:340@FastCallService.cs]registe ok 
 
发生时间：2020-04-04 10:59:42,659 
内容： 
[Dispose:95@choFastApiService.cs]ecoFtpApiserver dispose ,thread id:12 
 
发生时间：2020-04-04 10:59:44,209 
内容： 
[.ctor:74@choFastApiService.cs]EcoFastApiService creator,thread id:12 
 
发生时间：2020-04-04 10:59:44,210 
内容： 
[.ctor:79@choFastApiService.cs]EcoFastApiService init ok 
 
发生时间：2020-04-04 10:59:44,671 
内容： 
[Dispose:95@choFastApiService.cs]ecoFtpApiserver dispose ,thread id:12 
 
发生时间：2020-04-04 11:00:45,292 
内容： 
[.ctor:74@choFastApiService.cs]EcoFastApiService creator,thread id:12 
 
发生时间：2020-04-04 11:00:45,293 
内容： 
[.ctor:79@choFastApiService.cs]EcoFastApiService init ok 
 
发生时间：2020-04-04 11:00:45,301 
内容： 
[SayAlive:381@FastCallService.cs]sayalive ok 
 
发生时间：2020-04-04 11:00:45,303 
内容： 
[Dispose:95@choFastApiService.cs]ecoFtpApiserver dispose ,thread id:12 
 
发生时间：2020-04-04 11:01:45,302 
内容： 
[.ctor:74@choFastApiService.cs]EcoFastApiService creator,thread id:12 
 
发生时间：2020-04-04 11:01:45,305 
内容： 
[.ctor:79@choFastApiService.cs]EcoFastApiService init ok 
 
发生时间：2020-04-04 11:01:45,307 
内容： 
[SayAlive:381@FastCallService.cs]sayalive ok 
 
发生时间：2020-04-04 11:01:45,309 
内容： 
[Dispose:95@choFastApiService.cs]ecoFtpApiserver dispose ,thread id:12 
 
发生时间：2020-04-04 11:01:46,741 
内容： 
[.ctor:74@choFastApiService.cs]EcoFastApiService creator,thread id:12 
 
发生时间：2020-04-04 11:01:46,746 
内容： 
[.ctor:79@choFastApiService.cs]EcoFastApiService init ok 
 
发生时间：2020-04-04 11:01:46,776 
内容： 
[Dispose:95@choFastApiService.cs]ecoFtpApiserver dispose ,thread id:12 
 
发生时间：2020-04-04 11:02:45,287 
内容： 
[.ctor:74@choFastApiService.cs]EcoFastApiService creator,thread id:12 
 
发生时间：2020-04-04 11:02:45,291 
内容： 
[.ctor:79@choFastApiService.cs]EcoFastApiService init ok 
 
发生时间：2020-04-04 11:02:45,298 
内容： 
[SayAlive:381@FastCallService.cs]sayalive ok 
 
发生时间：2020-04-04 11:02:45,299 
内容： 
[Dispose:95@choFastApiService.cs]ecoFtpApiserver dispose ,thread id:12 
 
发生时间：2020-04-04 11:03:53,354 
内容： 
[.ctor:74@choFastApiService.cs]EcoFastApiService creator,thread id:11 
 
发生时间：2020-04-04 11:03:53,355 
内容： 
[.ctor:79@choFastApiService.cs]EcoFastApiService init ok 
 
发生时间：2020-04-04 11:03:53,534 
内容： 
[NodeRegiste:316@FastCallService.cs]Login ,thread id:11 
 
发生时间：2020-04-04 11:03:54,024 
内容： 
[NodeRegiste:345@FastCallService.cs]registe fail 
 
发生时间：2020-04-04 11:03:54,105 
内容： 
[Dispose:95@choFastApiService.cs]ecoFtpApiserver dispose ,thread id:11 
 
发生时间：2020-04-04 11:03:54,178 
内容： 
[.ctor:74@choFastApiService.cs]EcoFastApiService creator,thread id:11 
 
发生时间：2020-04-04 11:03:54,179 
内容： 
[.ctor:79@choFastApiService.cs]EcoFastApiService init ok 
 
发生时间：2020-04-04 11:03:54,187 
内容： 
[NodeRegiste:316@FastCallService.cs]Login ,thread id:11 
 
发生时间：2020-04-04 11:03:54,240 
内容： 
[NodeRegiste:345@FastCallService.cs]registe fail 
 
发生时间：2020-04-04 11:03:54,242 
内容： 
[Dispose:95@choFastApiService.cs]ecoFtpApiserver dispose ,thread id:11 
 
发生时间：2020-04-04 11:03:54,244 
内容： 
[.ctor:74@choFastApiService.cs]EcoFastApiService creator,thread id:11 
 
发生时间：2020-04-04 11:03:54,246 
内容： 
[.ctor:79@choFastApiService.cs]EcoFastApiService init ok 
 
发生时间：2020-04-04 11:03:54,248 
内容： 
[NodeRegiste:316@FastCallService.cs]Login ,thread id:11 
 
发生时间：2020-04-04 11:03:54,306 
内容： 
[NodeRegiste:345@FastCallService.cs]registe fail 
 
发生时间：2020-04-04 11:03:54,332 
内容： 
[Dispose:95@choFastApiService.cs]ecoFtpApiserver dispose ,thread id:11 
 
发生时间：2020-04-04 11:03:54,334 
内容： 
[.ctor:74@choFastApiService.cs]EcoFastApiService creator,thread id:11 
 
发生时间：2020-04-04 11:03:54,334 
内容： 
[.ctor:79@choFastApiService.cs]EcoFastApiService init ok 
 
发生时间：2020-04-04 11:03:54,335 
内容： 
[NodeRegiste:316@FastCallService.cs]Login ,thread id:11 
 
发生时间：2020-04-04 11:03:54,383 
内容： 
[NodeRegiste:345@FastCallService.cs]registe fail 
 
发生时间：2020-04-04 11:03:54,384 
内容： 
[Dispose:95@choFastApiService.cs]ecoFtpApiserver dispose ,thread id:11 
 
发生时间：2020-04-04 11:03:54,385 
内容： 
[.ctor:74@choFastApiService.cs]EcoFastApiService creator,thread id:11 
 
发生时间：2020-04-04 11:03:54,385 
内容： 
[.ctor:79@choFastApiService.cs]EcoFastApiService init ok 
 
发生时间：2020-04-04 11:03:54,386 
内容： 
[NodeRegiste:316@FastCallService.cs]Login ,thread id:11 
 
发生时间：2020-04-04 11:03:54,409 
内容： 
[NodeRegiste:345@FastCallService.cs]registe fail 
 
发生时间：2020-04-04 11:03:54,410 
内容： 
[Dispose:95@choFastApiService.cs]ecoFtpApiserver dispose ,thread id:11 
 
发生时间：2020-04-04 11:03:54,410 
内容： 
[.ctor:74@choFastApiService.cs]EcoFastApiService creator,thread id:11 
 
发生时间：2020-04-04 11:03:54,411 
内容： 
[.ctor:79@choFastApiService.cs]EcoFastApiService init ok 
 
发生时间：2020-04-04 11:03:54,436 
内容： 
[NodeRegiste:316@FastCallService.cs]Login ,thread id:11 
 
发生时间：2020-04-04 11:03:54,460 
内容： 
[NodeRegiste:345@FastCallService.cs]registe fail 
 
发生时间：2020-04-04 11:03:54,461 
内容： 
[Dispose:95@choFastApiService.cs]ecoFtpApiserver dispose ,thread id:11 
 
发生时间：2020-04-04 11:03:54,488 
内容： 
[.ctor:74@choFastApiService.cs]EcoFastApiService creator,thread id:11 
 
发生时间：2020-04-04 11:03:54,488 
内容： 
[.ctor:79@choFastApiService.cs]EcoFastApiService init ok 
 
发生时间：2020-04-04 11:03:54,489 
内容： 
[NodeRegiste:316@FastCallService.cs]Login ,thread id:11 
 
发生时间：2020-04-04 11:03:54,511 
内容： 
[NodeRegiste:345@FastCallService.cs]registe fail 
 
发生时间：2020-04-04 11:03:54,512 
内容： 
[Dispose:95@choFastApiService.cs]ecoFtpApiserver dispose ,thread id:11 
 
发生时间：2020-04-04 11:05:54,310 
内容： 
[.ctor:74@choFastApiService.cs]EcoFastApiService creator,thread id:12 
 
发生时间：2020-04-04 11:05:54,311 
内容： 
[.ctor:79@choFastApiService.cs]EcoFastApiService init ok 
 
发生时间：2020-04-04 11:05:54,317 
内容： 
[NodeRegiste:316@FastCallService.cs]Login ,thread id:12 
 
发生时间：2020-04-04 11:05:54,368 
内容： 
[NodeRegiste:345@FastCallService.cs]registe fail 
 
发生时间：2020-04-04 11:05:54,371 
内容： 
[Dispose:95@choFastApiService.cs]ecoFtpApiserver dispose ,thread id:12 
 
发生时间：2020-04-04 11:05:54,459 
内容： 
[.ctor:74@choFastApiService.cs]EcoFastApiService creator,thread id:12 
 
发生时间：2020-04-04 11:05:54,460 
内容： 
[.ctor:79@choFastApiService.cs]EcoFastApiService init ok 
 
发生时间：2020-04-04 11:05:54,466 
内容： 
[NodeRegiste:316@FastCallService.cs]Login ,thread id:12 
 
发生时间：2020-04-04 11:05:54,490 
内容： 
[NodeRegiste:345@FastCallService.cs]registe fail 
 
发生时间：2020-04-04 11:05:54,491 
内容： 
[Dispose:95@choFastApiService.cs]ecoFtpApiserver dispose ,thread id:12 
 
发生时间：2020-04-04 11:05:54,516 
内容： 
[.ctor:74@choFastApiService.cs]EcoFastApiService creator,thread id:12 
 
发生时间：2020-04-04 11:05:54,517 
内容： 
[.ctor:79@choFastApiService.cs]EcoFastApiService init ok 
 
发生时间：2020-04-04 11:05:54,518 
内容： 
[NodeRegiste:316@FastCallService.cs]Login ,thread id:12 
 
发生时间：2020-04-04 11:05:54,567 
内容： 
[NodeRegiste:345@FastCallService.cs]registe fail 
 
发生时间：2020-04-04 11:05:54,570 
内容： 
[Dispose:95@choFastApiService.cs]ecoFtpApiserver dispose ,thread id:12 
 
发生时间：2020-04-04 11:05:54,572 
内容： 
[.ctor:74@choFastApiService.cs]EcoFastApiService creator,thread id:12 
 
发生时间：2020-04-04 11:05:54,573 
内容： 
[.ctor:79@choFastApiService.cs]EcoFastApiService init ok 
 
发生时间：2020-04-04 11:05:54,573 
内容： 
[NodeRegiste:316@FastCallService.cs]Login ,thread id:12 
 
发生时间：2020-04-04 11:05:54,591 
内容： 
[NodeRegiste:345@FastCallService.cs]registe fail 
 
发生时间：2020-04-04 11:05:54,592 
内容： 
[Dispose:95@choFastApiService.cs]ecoFtpApiserver dispose ,thread id:12 
 
发生时间：2020-04-04 11:05:54,593 
内容： 
[.ctor:74@choFastApiService.cs]EcoFastApiService creator,thread id:12 
 
发生时间：2020-04-04 11:05:54,617 
内容： 
[.ctor:79@choFastApiService.cs]EcoFastApiService init ok 
 
发生时间：2020-04-04 11:05:54,618 
内容： 
[NodeRegiste:316@FastCallService.cs]Login ,thread id:12 
 
发生时间：2020-04-04 11:05:54,662 
内容： 
[NodeRegiste:345@FastCallService.cs]registe fail 
 
发生时间：2020-04-04 11:05:54,663 
内容： 
[Dispose:95@choFastApiService.cs]ecoFtpApiserver dispose ,thread id:12 
 
发生时间：2020-04-04 11:05:54,664 
内容： 
[.ctor:74@choFastApiService.cs]EcoFastApiService creator,thread id:12 
 
发生时间：2020-04-04 11:05:54,665 
内容： 
[.ctor:79@choFastApiService.cs]EcoFastApiService init ok 
 
发生时间：2020-04-04 11:05:54,666 
内容： 
[NodeRegiste:316@FastCallService.cs]Login ,thread id:12 
 
发生时间：2020-04-04 11:05:54,717 
内容： 
[NodeRegiste:340@FastCallService.cs]registe ok 
 
发生时间：2020-04-04 11:05:54,719 
内容： 
[Dispose:95@choFastApiService.cs]ecoFtpApiserver dispose ,thread id:12 
 
发生时间：2020-04-04 11:05:56,271 
内容： 
[.ctor:74@choFastApiService.cs]EcoFastApiService creator,thread id:12 
 
发生时间：2020-04-04 11:05:56,272 
内容： 
[.ctor:79@choFastApiService.cs]EcoFastApiService init ok 
 
发生时间：2020-04-04 11:05:56,760 
内容： 
[Dispose:95@choFastApiService.cs]ecoFtpApiserver dispose ,thread id:12 
 
发生时间：2020-04-04 11:06:07,402 
内容： 
[.ctor:74@choFastApiService.cs]EcoFastApiService creator,thread id:12 
 
发生时间：2020-04-04 11:06:07,403 
内容： 
[.ctor:79@choFastApiService.cs]EcoFastApiService init ok 
 
发生时间：2020-04-04 11:06:07,410 
内容： 
[SayAlive:381@FastCallService.cs]sayalive ok 
 
发生时间：2020-04-04 11:06:07,411 
内容： 
[Dispose:95@choFastApiService.cs]ecoFtpApiserver dispose ,thread id:12 
 
发生时间：2020-04-04 11:06:17,390 
内容： 
[.ctor:74@choFastApiService.cs]EcoFastApiService creator,thread id:12 
 
发生时间：2020-04-04 11:06:51,022 
内容： 
[.ctor:79@choFastApiService.cs]EcoFastApiService init ok 
 
发生时间：2020-04-04 11:06:51,047 
内容： 
[SayAlive:381@FastCallService.cs]sayalive ok 
 
发生时间：2020-04-04 11:06:51,049 
内容： 
[Dispose:95@choFastApiService.cs]ecoFtpApiserver dispose ,thread id:12 
 
发生时间：2020-04-04 11:06:57,386 
内容： 
[.ctor:74@choFastApiService.cs]EcoFastApiService creator,thread id:12 
 
发生时间：2020-04-04 11:06:57,387 
内容： 
[.ctor:79@choFastApiService.cs]EcoFastApiService init ok 
 
发生时间：2020-04-04 11:06:57,393 
内容： 
[SayAlive:381@FastCallService.cs]sayalive ok 
 
发生时间：2020-04-04 11:06:57,394 
内容： 
[Dispose:95@choFastApiService.cs]ecoFtpApiserver dispose ,thread id:12 
 
发生时间：2020-04-04 11:07:07,398 
内容： 
[.ctor:74@choFastApiService.cs]EcoFastApiService creator,thread id:12 
 
发生时间：2020-04-04 11:07:07,399 
内容： 
[.ctor:79@choFastApiService.cs]EcoFastApiService init ok 
 
发生时间：2020-04-04 11:07:07,405 
内容： 
[SayAlive:381@FastCallService.cs]sayalive ok 
 
发生时间：2020-04-04 11:07:07,406 
内容： 
[Dispose:95@choFastApiService.cs]ecoFtpApiserver dispose ,thread id:12 
 
发生时间：2020-04-04 11:07:17,386 
内容： 
[.ctor:74@choFastApiService.cs]EcoFastApiService creator,thread id:12 
 
发生时间：2020-04-04 11:07:17,387 
内容： 
[.ctor:79@choFastApiService.cs]EcoFastApiService init ok 
 
发生时间：2020-04-04 11:07:17,393 
内容： 
[SayAlive:381@FastCallService.cs]sayalive ok 
 
发生时间：2020-04-04 11:07:17,394 
内容： 
[Dispose:95@choFastApiService.cs]ecoFtpApiserver dispose ,thread id:12 
 
发生时间：2020-04-04 11:07:27,385 
内容： 
[.ctor:74@choFastApiService.cs]EcoFastApiService creator,thread id:12 
 
发生时间：2020-04-04 11:07:27,386 
内容： 
[.ctor:79@choFastApiService.cs]EcoFastApiService init ok 
 
发生时间：2020-04-04 11:07:27,391 
内容： 
[SayAlive:381@FastCallService.cs]sayalive ok 
 
发生时间：2020-04-04 11:07:27,392 
内容： 
[Dispose:95@choFastApiService.cs]ecoFtpApiserver dispose ,thread id:12 
 
发生时间：2020-04-04 11:07:37,386 
内容： 
[.ctor:74@choFastApiService.cs]EcoFastApiService creator,thread id:12 
 
发生时间：2020-04-04 11:07:37,387 
内容： 
[.ctor:79@choFastApiService.cs]EcoFastApiService init ok 
 
发生时间：2020-04-04 11:07:37,395 
内容： 
[SayAlive:381@FastCallService.cs]sayalive ok 
 
发生时间：2020-04-04 11:07:37,397 
内容： 
[Dispose:95@choFastApiService.cs]ecoFtpApiserver dispose ,thread id:12 
 
发生时间：2020-04-04 11:07:47,397 
内容： 
[.ctor:74@choFastApiService.cs]EcoFastApiService creator,thread id:12 
 
发生时间：2020-04-04 11:07:47,398 
内容： 
[.ctor:79@choFastApiService.cs]EcoFastApiService init ok 
 
发生时间：2020-04-04 11:07:47,403 
内容： 
[SayAlive:381@FastCallService.cs]sayalive ok 
 
发生时间：2020-04-04 11:07:47,405 
内容： 
[Dispose:95@choFastApiService.cs]ecoFtpApiserver dispose ,thread id:12 
 
发生时间：2020-04-04 11:07:57,385 
内容： 
[.ctor:74@choFastApiService.cs]EcoFastApiService creator,thread id:12 
 
发生时间：2020-04-04 11:07:57,387 
内容： 
[.ctor:79@choFastApiService.cs]EcoFastApiService init ok 
 
发生时间：2020-04-04 11:07:57,392 
内容： 
[SayAlive:381@FastCallService.cs]sayalive ok 
 
发生时间：2020-04-04 11:07:57,394 
内容： 
[Dispose:95@choFastApiService.cs]ecoFtpApiserver dispose ,thread id:12 
 
发生时间：2020-04-04 11:08:07,389 
内容： 
[.ctor:74@choFastApiService.cs]EcoFastApiService creator,thread id:12 
 
发生时间：2020-04-04 11:08:07,390 
内容： 
[.ctor:79@choFastApiService.cs]EcoFastApiService init ok 
 
发生时间：2020-04-04 11:08:07,397 
内容： 
[SayAlive:381@FastCallService.cs]sayalive ok 
 
发生时间：2020-04-04 11:08:07,398 
内容： 
[Dispose:95@choFastApiService.cs]ecoFtpApiserver dispose ,thread id:12 
 
发生时间：2020-04-04 11:08:17,388 
内容： 
[.ctor:74@choFastApiService.cs]EcoFastApiService creator,thread id:12 
 
发生时间：2020-04-04 11:08:17,390 
内容： 
[.ctor:79@choFastApiService.cs]EcoFastApiService init ok 
 
发生时间：2020-04-04 11:08:17,396 
内容： 
[SayAlive:381@FastCallService.cs]sayalive ok 
 
发生时间：2020-04-04 11:08:17,398 
内容： 
[Dispose:95@choFastApiService.cs]ecoFtpApiserver dispose ,thread id:12 
 
发生时间：2020-04-04 11:08:27,386 
内容： 
[.ctor:74@choFastApiService.cs]EcoFastApiService creator,thread id:12 
 
发生时间：2020-04-04 11:08:27,387 
内容： 
[.ctor:79@choFastApiService.cs]EcoFastApiService init ok 
 
发生时间：2020-04-04 11:08:27,392 
内容： 
[SayAlive:381@FastCallService.cs]sayalive ok 
 
发生时间：2020-04-04 11:08:27,393 
内容： 
[Dispose:95@choFastApiService.cs]ecoFtpApiserver dispose ,thread id:12 
 
发生时间：2020-04-04 11:08:37,389 
内容： 
[.ctor:74@choFastApiService.cs]EcoFastApiService creator,thread id:12 
 
发生时间：2020-04-04 11:08:37,390 
内容： 
[.ctor:79@choFastApiService.cs]EcoFastApiService init ok 
 
发生时间：2020-04-04 11:08:37,394 
内容： 
[SayAlive:381@FastCallService.cs]sayalive ok 
 
发生时间：2020-04-04 11:08:37,396 
内容： 
[Dispose:95@choFastApiService.cs]ecoFtpApiserver dispose ,thread id:12 
 
发生时间：2020-04-04 11:08:47,397 
内容： 
[.ctor:74@choFastApiService.cs]EcoFastApiService creator,thread id:12 
 
发生时间：2020-04-04 11:08:47,398 
内容： 
[.ctor:79@choFastApiService.cs]EcoFastApiService init ok 
 
发生时间：2020-04-04 11:08:47,403 
内容： 
[SayAlive:381@FastCallService.cs]sayalive ok 
 
发生时间：2020-04-04 11:08:47,404 
内容： 
[Dispose:95@choFastApiService.cs]ecoFtpApiserver dispose ,thread id:12 
 
发生时间：2020-04-04 11:08:57,388 
内容： 
[.ctor:74@choFastApiService.cs]EcoFastApiService creator,thread id:12 
 
发生时间：2020-04-04 11:08:57,389 
内容： 
[.ctor:79@choFastApiService.cs]EcoFastApiService init ok 
 
发生时间：2020-04-04 11:08:57,394 
内容： 
[SayAlive:381@FastCallService.cs]sayalive ok 
 
发生时间：2020-04-04 11:08:57,395 
内容： 
[Dispose:95@choFastApiService.cs]ecoFtpApiserver dispose ,thread id:12 
 
发生时间：2020-04-04 11:09:07,397 
内容： 
[.ctor:74@choFastApiService.cs]EcoFastApiService creator,thread id:12 
 
发生时间：2020-04-04 11:09:07,398 
内容： 
[.ctor:79@choFastApiService.cs]EcoFastApiService init ok 
 
发生时间：2020-04-04 11:09:07,404 
内容： 
[SayAlive:381@FastCallService.cs]sayalive ok 
 
发生时间：2020-04-04 11:09:07,405 
内容： 
[Dispose:95@choFastApiService.cs]ecoFtpApiserver dispose ,thread id:12 
 
发生时间：2020-04-04 11:09:17,390 
内容： 
[.ctor:74@choFastApiService.cs]EcoFastApiService creator,thread id:12 
 
发生时间：2020-04-04 11:09:17,400 
内容： 
[.ctor:79@choFastApiService.cs]EcoFastApiService init ok 
 
发生时间：2020-04-04 11:09:17,401 
内容： 
[SayAlive:381@FastCallService.cs]sayalive ok 
 
发生时间：2020-04-04 11:09:17,403 
内容： 
[Dispose:95@choFastApiService.cs]ecoFtpApiserver dispose ,thread id:12 
 
发生时间：2020-04-04 11:09:27,398 
内容： 
[.ctor:74@choFastApiService.cs]EcoFastApiService creator,thread id:12 
 
发生时间：2020-04-04 11:09:27,399 
内容： 
[.ctor:79@choFastApiService.cs]EcoFastApiService init ok 
 
发生时间：2020-04-04 11:09:27,405 
内容： 
[SayAlive:381@FastCallService.cs]sayalive ok 
 
发生时间：2020-04-04 11:09:27,406 
内容： 
[Dispose:95@choFastApiService.cs]ecoFtpApiserver dispose ,thread id:12 
 
发生时间：2020-04-04 11:09:37,388 
内容： 
[.ctor:74@choFastApiService.cs]EcoFastApiService creator,thread id:12 
 
发生时间：2020-04-04 11:09:37,389 
内容： 
[.ctor:79@choFastApiService.cs]EcoFastApiService init ok 
 
发生时间：2020-04-04 11:09:37,394 
内容： 
[SayAlive:381@FastCallService.cs]sayalive ok 
 
发生时间：2020-04-04 11:09:37,396 
内容： 
[Dispose:95@choFastApiService.cs]ecoFtpApiserver dispose ,thread id:12 
 
发生时间：2020-04-04 11:09:47,398 
内容： 
[.ctor:74@choFastApiService.cs]EcoFastApiService creator,thread id:12 
 
发生时间：2020-04-04 11:09:47,399 
内容： 
[.ctor:79@choFastApiService.cs]EcoFastApiService init ok 
 
发生时间：2020-04-04 11:09:47,406 
内容： 
[SayAlive:381@FastCallService.cs]sayalive ok 
 
发生时间：2020-04-04 11:09:47,407 
内容： 
[Dispose:95@choFastApiService.cs]ecoFtpApiserver dispose ,thread id:12 
 
发生时间：2020-04-04 11:09:57,388 
内容： 
[.ctor:74@choFastApiService.cs]EcoFastApiService creator,thread id:12 
 
发生时间：2020-04-04 11:09:57,390 
内容： 
[.ctor:79@choFastApiService.cs]EcoFastApiService init ok 
 
发生时间：2020-04-04 11:09:57,396 
内容： 
[SayAlive:381@FastCallService.cs]sayalive ok 
 
发生时间：2020-04-04 11:09:57,398 
内容： 
[Dispose:95@choFastApiService.cs]ecoFtpApiserver dispose ,thread id:12 
 
发生时间：2020-04-04 11:10:07,397 
内容： 
[.ctor:74@choFastApiService.cs]EcoFastApiService creator,thread id:12 
 
发生时间：2020-04-04 11:10:07,398 
内容： 
[.ctor:79@choFastApiService.cs]EcoFastApiService init ok 
 
发生时间：2020-04-04 11:10:07,403 
内容： 
[SayAlive:381@FastCallService.cs]sayalive ok 
 
发生时间：2020-04-04 11:10:07,405 
内容： 
[Dispose:95@choFastApiService.cs]ecoFtpApiserver dispose ,thread id:12 
 
发生时间：2020-04-04 11:10:17,397 
内容： 
[.ctor:74@choFastApiService.cs]EcoFastApiService creator,thread id:12 
 
发生时间：2020-04-04 11:10:17,398 
内容： 
[.ctor:79@choFastApiService.cs]EcoFastApiService init ok 
 
发生时间：2020-04-04 11:10:17,403 
内容： 
[SayAlive:381@FastCallService.cs]sayalive ok 
 
发生时间：2020-04-04 11:10:17,404 
内容： 
[Dispose:95@choFastApiService.cs]ecoFtpApiserver dispose ,thread id:12 
 
发生时间：2020-04-04 11:10:41,730 
内容： 
[.ctor:74@choFastApiService.cs]EcoFastApiService creator,thread id:13 
 
发生时间：2020-04-04 11:10:41,731 
内容： 
[.ctor:79@choFastApiService.cs]EcoFastApiService init ok 
 
发生时间：2020-04-04 11:10:41,736 
内容： 
[NodeRegiste:316@FastCallService.cs]Login ,thread id:13 
 
发生时间：2020-04-04 11:10:41,761 
内容： 
[NodeRegiste:345@FastCallService.cs]registe fail 
 
发生时间：2020-04-04 11:10:41,786 
内容： 
[Dispose:95@choFastApiService.cs]ecoFtpApiserver dispose ,thread id:13 
 
发生时间：2020-04-04 11:10:41,879 
内容： 
[.ctor:74@choFastApiService.cs]EcoFastApiService creator,thread id:13 
 
发生时间：2020-04-04 11:10:41,880 
内容： 
[.ctor:79@choFastApiService.cs]EcoFastApiService init ok 
 
发生时间：2020-04-04 11:10:41,887 
内容： 
[NodeRegiste:316@FastCallService.cs]Login ,thread id:13 
 
发生时间：2020-04-04 11:10:41,912 
内容： 
[NodeRegiste:345@FastCallService.cs]registe fail 
 
发生时间：2020-04-04 11:10:41,937 
内容： 
[Dispose:95@choFastApiService.cs]ecoFtpApiserver dispose ,thread id:13 
 
发生时间：2020-04-04 11:10:41,938 
内容： 
[.ctor:74@choFastApiService.cs]EcoFastApiService creator,thread id:13 
 
发生时间：2020-04-04 11:10:41,939 
内容： 
[.ctor:79@choFastApiService.cs]EcoFastApiService init ok 
 
发生时间：2020-04-04 11:10:41,939 
内容： 
[NodeRegiste:316@FastCallService.cs]Login ,thread id:13 
 
发生时间：2020-04-04 11:10:41,972 
内容： 
[NodeRegiste:345@FastCallService.cs]registe fail 
 
发生时间：2020-04-04 11:10:41,973 
内容： 
[Dispose:95@choFastApiService.cs]ecoFtpApiserver dispose ,thread id:13 
 
发生时间：2020-04-04 11:10:41,994 
内容： 
[.ctor:74@choFastApiService.cs]EcoFastApiService creator,thread id:13 
 
发生时间：2020-04-04 11:10:41,995 
内容： 
[.ctor:79@choFastApiService.cs]EcoFastApiService init ok 
 
发生时间：2020-04-04 11:10:41,996 
内容： 
[NodeRegiste:316@FastCallService.cs]Login ,thread id:13 
 
发生时间：2020-04-04 11:10:42,017 
内容： 
[NodeRegiste:345@FastCallService.cs]registe fail 
 
发生时间：2020-04-04 11:10:42,019 
内容： 
[Dispose:95@choFastApiService.cs]ecoFtpApiserver dispose ,thread id:13 
 
发生时间：2020-04-04 11:10:42,043 
内容： 
[.ctor:74@choFastApiService.cs]EcoFastApiService creator,thread id:13 
 
发生时间：2020-04-04 11:10:42,043 
内容： 
[.ctor:79@choFastApiService.cs]EcoFastApiService init ok 
 
发生时间：2020-04-04 11:10:42,044 
内容： 
[NodeRegiste:316@FastCallService.cs]Login ,thread id:13 
 
发生时间：2020-04-04 11:10:42,065 
内容： 
[NodeRegiste:345@FastCallService.cs]registe fail 
 
发生时间：2020-04-04 11:10:42,065 
内容： 
[Dispose:95@choFastApiService.cs]ecoFtpApiserver dispose ,thread id:13 
 
发生时间：2020-04-04 11:10:42,071 
内容： 
[.ctor:74@choFastApiService.cs]EcoFastApiService creator,thread id:13 
 
发生时间：2020-04-04 11:10:42,092 
内容： 
[.ctor:79@choFastApiService.cs]EcoFastApiService init ok 
 
发生时间：2020-04-04 11:10:42,093 
内容： 
[NodeRegiste:316@FastCallService.cs]Login ,thread id:13 
 
发生时间：2020-04-04 11:10:42,116 
内容： 
[NodeRegiste:340@FastCallService.cs]registe ok 
 
发生时间：2020-04-04 11:10:42,117 
内容： 
[Dispose:95@choFastApiService.cs]ecoFtpApiserver dispose ,thread id:13 
 
发生时间：2020-04-04 11:16:04,279 
内容： 
[.ctor:74@choFastApiService.cs]EcoFastApiService creator,thread id:11 
 
发生时间：2020-04-04 11:16:04,280 
内容： 
[.ctor:79@choFastApiService.cs]EcoFastApiService init ok 
 
发生时间：2020-04-04 11:16:04,497 
内容： 
[NodeRegiste:316@FastCallService.cs]Login ,thread id:11 
 
发生时间：2020-04-04 11:16:05,139 
内容： 
[NodeRegiste:345@FastCallService.cs]registe fail 
 
发生时间：2020-04-04 11:16:05,242 
内容： 
[Dispose:95@choFastApiService.cs]ecoFtpApiserver dispose ,thread id:11 
 
发生时间：2020-04-04 11:16:05,336 
内容： 
[.ctor:74@choFastApiService.cs]EcoFastApiService creator,thread id:11 
 
发生时间：2020-04-04 11:16:05,337 
内容： 
[.ctor:79@choFastApiService.cs]EcoFastApiService init ok 
 
发生时间：2020-04-04 11:16:05,345 
内容： 
[NodeRegiste:316@FastCallService.cs]Login ,thread id:11 
 
发生时间：2020-04-04 11:16:05,411 
内容： 
[NodeRegiste:345@FastCallService.cs]registe fail 
 
发生时间：2020-04-04 11:16:05,412 
内容： 
[Dispose:95@choFastApiService.cs]ecoFtpApiserver dispose ,thread id:11 
 
发生时间：2020-04-04 11:16:05,415 
内容： 
[.ctor:74@choFastApiService.cs]EcoFastApiService creator,thread id:11 
 
发生时间：2020-04-04 11:16:05,418 
内容： 
[.ctor:79@choFastApiService.cs]EcoFastApiService init ok 
 
发生时间：2020-04-04 11:16:05,422 
内容： 
[NodeRegiste:316@FastCallService.cs]Login ,thread id:11 
 
发生时间：2020-04-04 11:16:05,488 
内容： 
[NodeRegiste:345@FastCallService.cs]registe fail 
 
发生时间：2020-04-04 11:16:05,490 
内容： 
[Dispose:95@choFastApiService.cs]ecoFtpApiserver dispose ,thread id:11 
 
发生时间：2020-04-04 11:16:05,491 
内容： 
[.ctor:74@choFastApiService.cs]EcoFastApiService creator,thread id:11 
 
发生时间：2020-04-04 11:16:05,494 
内容： 
[.ctor:79@choFastApiService.cs]EcoFastApiService init ok 
 
发生时间：2020-04-04 11:16:05,495 
内容： 
[NodeRegiste:316@FastCallService.cs]Login ,thread id:11 
 
发生时间：2020-04-04 11:16:05,599 
内容： 
[NodeRegiste:345@FastCallService.cs]registe fail 
 
发生时间：2020-04-04 11:16:05,600 
内容： 
[Dispose:95@choFastApiService.cs]ecoFtpApiserver dispose ,thread id:11 
 
发生时间：2020-04-04 11:16:05,601 
内容： 
[.ctor:74@choFastApiService.cs]EcoFastApiService creator,thread id:11 
 
发生时间：2020-04-04 11:16:05,601 
内容： 
[.ctor:79@choFastApiService.cs]EcoFastApiService init ok 
 
发生时间：2020-04-04 11:16:05,602 
内容： 
[NodeRegiste:316@FastCallService.cs]Login ,thread id:11 
 
发生时间：2020-04-04 11:16:05,633 
内容： 
[NodeRegiste:345@FastCallService.cs]registe fail 
 
发生时间：2020-04-04 11:16:05,665 
内容： 
[Dispose:95@choFastApiService.cs]ecoFtpApiserver dispose ,thread id:11 
 
发生时间：2020-04-04 11:16:05,666 
内容： 
[.ctor:74@choFastApiService.cs]EcoFastApiService creator,thread id:11 
 
发生时间：2020-04-04 11:16:05,667 
内容： 
[.ctor:79@choFastApiService.cs]EcoFastApiService init ok 
 
发生时间：2020-04-04 11:16:05,669 
内容： 
[NodeRegiste:316@FastCallService.cs]Login ,thread id:11 
 
发生时间：2020-04-04 11:16:05,796 
内容： 
[NodeRegiste:340@FastCallService.cs]registe ok 
 
发生时间：2020-04-04 11:16:05,798 
内容： 
[Dispose:95@choFastApiService.cs]ecoFtpApiserver dispose ,thread id:11 
 
发生时间：2020-04-04 11:16:10,503 
内容： 
[.ctor:74@choFastApiService.cs]EcoFastApiService creator,thread id:11 
 
发生时间：2020-04-04 11:16:10,504 
内容： 
[.ctor:79@choFastApiService.cs]EcoFastApiService init ok 
 
发生时间：2020-04-04 11:16:11,142 
内容： 
[Dispose:95@choFastApiService.cs]ecoFtpApiserver dispose ,thread id:11 
 
发生时间：2020-04-04 11:16:22,246 
内容： 
[.ctor:74@choFastApiService.cs]EcoFastApiService creator,thread id:11 
 
发生时间：2020-04-04 11:16:22,248 
内容： 
[.ctor:79@choFastApiService.cs]EcoFastApiService init ok 
 
发生时间：2020-04-04 11:16:22,259 
内容： 
[SayAlive:381@FastCallService.cs]sayalive ok 
 
发生时间：2020-04-04 11:16:22,262 
内容： 
[Dispose:95@choFastApiService.cs]ecoFtpApiserver dispose ,thread id:11 
 
发生时间：2020-04-04 11:16:32,241 
内容： 
[.ctor:74@choFastApiService.cs]EcoFastApiService creator,thread id:11 
 
发生时间：2020-04-04 11:16:32,242 
内容： 
[.ctor:79@choFastApiService.cs]EcoFastApiService init ok 
 
发生时间：2020-04-04 11:16:32,248 
内容： 
[SayAlive:381@FastCallService.cs]sayalive ok 
 
发生时间：2020-04-04 11:16:32,249 
内容： 
[Dispose:95@choFastApiService.cs]ecoFtpApiserver dispose ,thread id:11 
 
发生时间：2020-04-04 11:16:42,246 
内容： 
[.ctor:74@choFastApiService.cs]EcoFastApiService creator,thread id:11 
 
发生时间：2020-04-04 11:16:42,247 
内容： 
[.ctor:79@choFastApiService.cs]EcoFastApiService init ok 
 
发生时间：2020-04-04 11:16:42,253 
内容： 
[SayAlive:381@FastCallService.cs]sayalive ok 
 
发生时间：2020-04-04 11:16:42,254 
内容： 
[Dispose:95@choFastApiService.cs]ecoFtpApiserver dispose ,thread id:11 
 
发生时间：2020-04-04 11:16:52,245 
内容： 
[.ctor:74@choFastApiService.cs]EcoFastApiService creator,thread id:11 
 
发生时间：2020-04-04 11:16:52,245 
内容： 
[.ctor:79@choFastApiService.cs]EcoFastApiService init ok 
 
发生时间：2020-04-04 11:16:52,251 
内容： 
[SayAlive:381@FastCallService.cs]sayalive ok 
 
发生时间：2020-04-04 11:16:52,252 
内容： 
[Dispose:95@choFastApiService.cs]ecoFtpApiserver dispose ,thread id:11 
 
发生时间：2020-04-04 11:17:02,240 
内容： 
[.ctor:74@choFastApiService.cs]EcoFastApiService creator,thread id:11 
 
发生时间：2020-04-04 11:17:02,242 
内容： 
[.ctor:79@choFastApiService.cs]EcoFastApiService init ok 
 
发生时间：2020-04-04 11:17:02,248 
内容： 
[SayAlive:381@FastCallService.cs]sayalive ok 
 
发生时间：2020-04-04 11:17:02,250 
内容： 
[Dispose:95@choFastApiService.cs]ecoFtpApiserver dispose ,thread id:11 
 
发生时间：2020-04-04 11:17:12,241 
内容： 
[.ctor:74@choFastApiService.cs]EcoFastApiService creator,thread id:11 
 
发生时间：2020-04-04 11:17:12,242 
内容： 
[.ctor:79@choFastApiService.cs]EcoFastApiService init ok 
 
发生时间：2020-04-04 11:17:12,248 
内容： 
[SayAlive:381@FastCallService.cs]sayalive ok 
 
发生时间：2020-04-04 11:17:12,250 
内容： 
[Dispose:95@choFastApiService.cs]ecoFtpApiserver dispose ,thread id:11 
 
发生时间：2020-04-04 11:17:22,244 
内容： 
[.ctor:74@choFastApiService.cs]EcoFastApiService creator,thread id:11 
 
发生时间：2020-04-04 11:17:22,245 
内容： 
[.ctor:79@choFastApiService.cs]EcoFastApiService init ok 
 
发生时间：2020-04-04 11:17:22,251 
内容： 
[SayAlive:381@FastCallService.cs]sayalive ok 
 
发生时间：2020-04-04 11:17:22,253 
内容： 
[Dispose:95@choFastApiService.cs]ecoFtpApiserver dispose ,thread id:11 
 
发生时间：2020-04-04 11:17:32,243 
内容： 
[.ctor:74@choFastApiService.cs]EcoFastApiService creator,thread id:11 
 
发生时间：2020-04-04 11:17:32,244 
内容： 
[.ctor:79@choFastApiService.cs]EcoFastApiService init ok 
 
发生时间：2020-04-04 11:17:32,250 
内容： 
[SayAlive:381@FastCallService.cs]sayalive ok 
 
发生时间：2020-04-04 11:17:32,251 
内容： 
[Dispose:95@choFastApiService.cs]ecoFtpApiserver dispose ,thread id:11 
 
发生时间：2020-04-04 11:17:42,242 
内容： 
[.ctor:74@choFastApiService.cs]EcoFastApiService creator,thread id:11 
 
发生时间：2020-04-04 11:17:42,243 
内容： 
[.ctor:79@choFastApiService.cs]EcoFastApiService init ok 
 
发生时间：2020-04-04 11:17:42,249 
内容： 
[SayAlive:381@FastCallService.cs]sayalive ok 
 
发生时间：2020-04-04 11:17:42,251 
内容： 
[Dispose:95@choFastApiService.cs]ecoFtpApiserver dispose ,thread id:11 
 
发生时间：2020-04-04 11:17:52,244 
内容： 
[.ctor:74@choFastApiService.cs]EcoFastApiService creator,thread id:11 
 
发生时间：2020-04-04 11:17:52,246 
内容： 
[.ctor:79@choFastApiService.cs]EcoFastApiService init ok 
 
发生时间：2020-04-04 11:17:52,252 
内容： 
[SayAlive:381@FastCallService.cs]sayalive ok 
 
发生时间：2020-04-04 11:17:52,253 
内容： 
[Dispose:95@choFastApiService.cs]ecoFtpApiserver dispose ,thread id:11 
 
发生时间：2020-04-04 11:18:02,250 
内容： 
[.ctor:74@choFastApiService.cs]EcoFastApiService creator,thread id:11 
 
发生时间：2020-04-04 11:18:02,250 
内容： 
[.ctor:79@choFastApiService.cs]EcoFastApiService init ok 
 
发生时间：2020-04-04 11:18:02,256 
内容： 
[SayAlive:381@FastCallService.cs]sayalive ok 
 
发生时间：2020-04-04 11:18:02,256 
内容： 
[Dispose:95@choFastApiService.cs]ecoFtpApiserver dispose ,thread id:11 
 
发生时间：2020-04-04 11:18:12,239 
内容： 
[.ctor:74@choFastApiService.cs]EcoFastApiService creator,thread id:11 
 
发生时间：2020-04-04 11:18:12,240 
内容： 
[.ctor:79@choFastApiService.cs]EcoFastApiService init ok 
 
发生时间：2020-04-04 11:18:12,245 
内容： 
[SayAlive:381@FastCallService.cs]sayalive ok 
 
发生时间：2020-04-04 11:18:12,247 
内容： 
[Dispose:95@choFastApiService.cs]ecoFtpApiserver dispose ,thread id:11 
 
发生时间：2020-04-04 11:18:22,244 
内容： 
[.ctor:74@choFastApiService.cs]EcoFastApiService creator,thread id:11 
 
发生时间：2020-04-04 11:18:22,246 
内容： 
[.ctor:79@choFastApiService.cs]EcoFastApiService init ok 
 
发生时间：2020-04-04 11:18:22,252 
内容： 
[SayAlive:381@FastCallService.cs]sayalive ok 
 
发生时间：2020-04-04 11:18:22,253 
内容： 
[Dispose:95@choFastApiService.cs]ecoFtpApiserver dispose ,thread id:11 
 
发生时间：2020-04-04 11:18:32,243 
内容： 
[.ctor:74@choFastApiService.cs]EcoFastApiService creator,thread id:11 
 
发生时间：2020-04-04 11:18:32,244 
内容： 
[.ctor:79@choFastApiService.cs]EcoFastApiService init ok 
 
发生时间：2020-04-04 11:18:32,252 
内容： 
[SayAlive:381@FastCallService.cs]sayalive ok 
 
发生时间：2020-04-04 11:18:32,253 
内容： 
[Dispose:95@choFastApiService.cs]ecoFtpApiserver dispose ,thread id:11 
 
发生时间：2020-04-04 11:18:42,243 
内容： 
[.ctor:74@choFastApiService.cs]EcoFastApiService creator,thread id:11 
 
发生时间：2020-04-04 11:18:42,245 
内容： 
[.ctor:79@choFastApiService.cs]EcoFastApiService init ok 
 
发生时间：2020-04-04 11:18:42,252 
内容： 
[SayAlive:381@FastCallService.cs]sayalive ok 
 
发生时间：2020-04-04 11:18:42,254 
内容： 
[Dispose:95@choFastApiService.cs]ecoFtpApiserver dispose ,thread id:11 
 
发生时间：2020-04-04 11:18:52,245 
内容： 
[.ctor:74@choFastApiService.cs]EcoFastApiService creator,thread id:11 
 
发生时间：2020-04-04 11:18:52,246 
内容： 
[.ctor:79@choFastApiService.cs]EcoFastApiService init ok 
 
发生时间：2020-04-04 11:18:52,252 
内容： 
[SayAlive:381@FastCallService.cs]sayalive ok 
 
发生时间：2020-04-04 11:18:52,254 
内容： 
[Dispose:95@choFastApiService.cs]ecoFtpApiserver dispose ,thread id:11 
 
发生时间：2020-04-04 11:19:02,237 
内容： 
[.ctor:74@choFastApiService.cs]EcoFastApiService creator,thread id:11 
 
发生时间：2020-04-04 11:19:02,238 
内容： 
[.ctor:79@choFastApiService.cs]EcoFastApiService init ok 
 
发生时间：2020-04-04 11:19:02,245 
内容： 
[SayAlive:381@FastCallService.cs]sayalive ok 
 
发生时间：2020-04-04 11:19:02,247 
内容： 
[Dispose:95@choFastApiService.cs]ecoFtpApiserver dispose ,thread id:11 
 
发生时间：2020-04-04 11:19:12,244 
内容： 
[.ctor:74@choFastApiService.cs]EcoFastApiService creator,thread id:11 
 
发生时间：2020-04-04 11:19:12,246 
内容： 
[.ctor:79@choFastApiService.cs]EcoFastApiService init ok 
 
发生时间：2020-04-04 11:19:12,253 
内容： 
[SayAlive:381@FastCallService.cs]sayalive ok 
 
发生时间：2020-04-04 11:19:12,255 
内容： 
[Dispose:95@choFastApiService.cs]ecoFtpApiserver dispose ,thread id:11 
 
