26 Apr 2020 15:55:59,216  INFO [1] ?.?  -  [ConfigureServices:?@baseStartup]now configure main service
26 Apr 2020 15:55:59,411  INFO [1] ?.?  - [.ctor:204@Confg.cs]runconfig ok
26 Apr 2020 15:55:59,412  INFO [1] ?.?  - [initOtherServices:51@Startup.cs]rpc server started at 8080
26 Apr 2020 15:56:00,095  DEBUG [1] ?.?  -  [Configure:?@baseStartup]*
26 Apr 2020 15:56:00,097  DEBUG [1] ?.?  - [initTasklist:660@baseStartup.cs]now createTaskList
26 Apr 2020 15:56:00,160  DEBUG [1] ?.?  - [initTasklist:669@baseStartup.cs]createTaskList count:2
26 Apr 2020 15:56:14,658  FATAL [28] ?.?  - SQL logic error
no such column: ReleaseTask.sslKey
26 Apr 2020 15:56:14,724  ERROR [28] ?.?  -  [LogException:?@HttpGlobalExceptionFilter]Error: An exception occurred while executing DbCommand. For details please see the inner exception. SQL logic error
no such column: ReleaseTask.sslKey
   at Chloe.Core.InternalAdoSession.ExecuteReader(String cmdText, DbParam[] parameters, CommandType cmdType, CommandBehavior behavior)
   at Chloe.Core.InternalAdoSession.ExecuteReader(String cmdText, DbParam[] parameters, CommandType cmdType)
   at Chloe.Ext.Query.SpaceQueryEnumeratorCreator.QueryEnumerator`1.MoveNext()
   at System.Collections.Generic.List`1.AddEnumerable(IEnumerable`1 enumerable)
   at System.Linq.Enumerable.ToList[TSource](IEnumerable`1 source)
   at Chloe.Ext.Query.SpaceQuery`1.ToCommList()
   at deploySys.Server.Controller.Admin.SysManageController.ReleaseTasks(String keyword, Pagination pagination, Int32 regId, Int32 zoneId, Int32 serverAppId) in D:\document\workSpace\projects\dotnetCore\open_microService\deploySys\deploySys.Server\Areas\Api\Controllers\SysManageController.cs:line 92
   at lambda_method(Closure , Object , Object[] )
   at Microsoft.Extensions.Internal.ObjectMethodExecutor.Execute(Object target, Object[] parameters)
   at Microsoft.AspNetCore.Mvc.Internal.ActionMethodExecutor.SyncActionResultExecutor.Execute(IActionResultTypeMapper mapper, ObjectMethodExecutor executor, Object controller, Object[] arguments)
   at Microsoft.AspNetCore.Mvc.Internal.ControllerActionInvoker.InvokeActionMethodAsync()
   at Microsoft.AspNetCore.Mvc.Internal.ControllerActionInvoker.InvokeNextActionFilterAsync()
   at Microsoft.AspNetCore.Mvc.Internal.ControllerActionInvoker.Rethrow(ActionExecutedContext context)
   at Microsoft.AspNetCore.Mvc.Internal.ControllerActionInvoker.Next(State& next, Scope& scope, Object& state, Boolean& isCompleted)
   at Microsoft.AspNetCore.Mvc.Internal.ControllerActionInvoker.InvokeInnerFilterAsync()
   at Microsoft.AspNetCore.Mvc.Internal.ResourceInvoker.InvokeNextExceptionFilterAsync()
SQL logic error
no such column: ReleaseTask.sslKey
   at Chloe.Core.InternalAdoSession.ExecuteReader(String cmdText, DbParam[] parameters, CommandType cmdType, CommandBehavior behavior)
   at Chloe.Core.InternalAdoSession.ExecuteReader(String cmdText, DbParam[] parameters, CommandType cmdType)
   at Chloe.Ext.Query.SpaceQueryEnumeratorCreator.QueryEnumerator`1.MoveNext()
   at System.Collections.Generic.List`1.AddEnumerable(IEnumerable`1 enumerable)
   at System.Linq.Enumerable.ToList[TSource](IEnumerable`1 source)
   at Chloe.Ext.Query.SpaceQuery`1.ToCommList()
   at deploySys.Server.Controller.Admin.SysManageController.ReleaseTasks(String keyword, Pagination pagination, Int32 regId, Int32 zoneId, Int32 serverAppId) in D:\document\workSpace\projects\dotnetCore\open_microService\deploySys\deploySys.Server\Areas\Api\Controllers\SysManageController.cs:line 92
   at lambda_method(Closure , Object , Object[] )
   at Microsoft.Extensions.Internal.ObjectMethodExecutor.Execute(Object target, Object[] parameters)
   at Microsoft.AspNetCore.Mvc.Internal.ActionMethodExecutor.SyncActionResultExecutor.Execute(IActionResultTypeMapper mapper, ObjectMethodExecutor executor, Object controller, Object[] arguments)
   at Microsoft.AspNetCore.Mvc.Internal.ControllerActionInvoker.InvokeActionMethodAsync()
   at Microsoft.AspNetCore.Mvc.Internal.ControllerActionInvoker.InvokeNextActionFilterAsync()
   at Microsoft.AspNetCore.Mvc.Internal.ControllerActionInvoker.Rethrow(ActionExecutedContext context)
   at Microsoft.AspNetCore.Mvc.Internal.ControllerActionInvoker.Next(State& next, Scope& scope, Object& state, Boolean& isCompleted)
   at Microsoft.AspNetCore.Mvc.Internal.ControllerActionInvoker.InvokeInnerFilterAsync()
   at Microsoft.AspNetCore.Mvc.Internal.ResourceInvoker.InvokeNextExceptionFilterAsync()
     at Chloe.Core.InternalAdoSession.ExecuteReader(String cmdText, DbParam[] parameters, CommandType cmdType, CommandBehavior behavior)
   at Chloe.Core.InternalAdoSession.ExecuteReader(String cmdText, DbParam[] parameters, CommandType cmdType)
   at Chloe.Ext.Query.SpaceQueryEnumeratorCreator.QueryEnumerator`1.MoveNext()
   at System.Collections.Generic.List`1.AddEnumerable(IEnumerable`1 enumerable)
   at System.Linq.Enumerable.ToList[TSource](IEnumerable`1 source)
   at Chloe.Ext.Query.SpaceQuery`1.ToCommList()
   at deploySys.Server.Controller.Admin.SysManageController.ReleaseTasks(String keyword, Pagination pagination, Int32 regId, Int32 zoneId, Int32 serverAppId) in D:\document\workSpace\projects\dotnetCore\open_microService\deploySys\deploySys.Server\Areas\Api\Controllers\SysManageController.cs:line 92
   at lambda_method(Closure , Object , Object[] )
   at Microsoft.Extensions.Internal.ObjectMethodExecutor.Execute(Object target, Object[] parameters)
   at Microsoft.AspNetCore.Mvc.Internal.ActionMethodExecutor.SyncActionResultExecutor.Execute(IActionResultTypeMapper mapper, ObjectMethodExecutor executor, Object controller, Object[] arguments)
   at Microsoft.AspNetCore.Mvc.Internal.ControllerActionInvoker.InvokeActionMethodAsync()
   at Microsoft.AspNetCore.Mvc.Internal.ControllerActionInvoker.InvokeNextActionFilterAsync()
   at Microsoft.AspNetCore.Mvc.Internal.ControllerActionInvoker.Rethrow(ActionExecutedContext context)
   at Microsoft.AspNetCore.Mvc.Internal.ControllerActionInvoker.Next(State& next, Scope& scope, Object& state, Boolean& isCompleted)
   at Microsoft.AspNetCore.Mvc.Internal.ControllerActionInvoker.InvokeInnerFilterAsync()
   at Microsoft.AspNetCore.Mvc.Internal.ResourceInvoker.InvokeNextExceptionFilterAsync()
