发生时间：2020-04-02 19:28:37,633 
内容： 
[.ctor:74@choFastApiService.cs]EcoFastApiService creator,thread id:10 
 
发生时间：2020-04-02 19:28:37,633 
内容： 
[.ctor:79@choFastApiService.cs]EcoFastApiService init ok 
 
发生时间：2020-04-02 19:28:42,308 
内容： 
[NodeRegiste:252@FastCallService.cs]Login ,thread id:10 
 
发生时间：2020-04-02 19:28:47,875 
内容： 
[NodeRegiste:282@FastCallService.cs]registe fail 
 
发生时间：2020-04-02 19:28:51,572 
内容： 
[Dispose:95@choFastApiService.cs]ecoFtpApiserver dispose ,thread id:10 
 
发生时间：2020-04-02 19:28:51,615 
内容： 
[.ctor:74@choFastApiService.cs]EcoFastApiService creator,thread id:10 
 
发生时间：2020-04-02 19:28:51,622 
内容： 
[.ctor:79@choFastApiService.cs]EcoFastApiService init ok 
 
发生时间：2020-04-02 20:04:53,985 
内容： 
[.ctor:74@choFastApiService.cs]EcoFastApiService creator,thread id:10 
 
发生时间：2020-04-02 20:04:53,985 
内容： 
[.ctor:79@choFastApiService.cs]EcoFastApiService init ok 
 
发生时间：2020-04-02 20:04:54,122 
内容： 
[NodeRegiste:252@FastCallService.cs]Login ,thread id:10 
 
发生时间：2020-04-02 20:04:56,788 
内容： 
[NodeRegiste:282@FastCallService.cs]registe fail 
 
发生时间：2020-04-02 20:04:56,833 
内容： 
[Dispose:95@choFastApiService.cs]ecoFtpApiserver dispose ,thread id:10 
 
发生时间：2020-04-02 20:04:56,867 
内容： 
[.ctor:74@choFastApiService.cs]EcoFastApiService creator,thread id:10 
 
发生时间：2020-04-02 20:04:56,868 
内容： 
[.ctor:79@choFastApiService.cs]EcoFastApiService init ok 
 
发生时间：2020-04-02 20:04:56,869 
内容： 
[NodeRegiste:252@FastCallService.cs]Login ,thread id:10 
 
发生时间：2020-04-02 20:04:56,887 
内容： 
[NodeRegiste:282@FastCallService.cs]registe fail 
 
发生时间：2020-04-02 20:04:56,888 
内容： 
[Dispose:95@choFastApiService.cs]ecoFtpApiserver dispose ,thread id:10 
 
发生时间：2020-04-02 20:04:56,889 
内容： 
[.ctor:74@choFastApiService.cs]EcoFastApiService creator,thread id:10 
 
发生时间：2020-04-02 20:04:56,889 
内容： 
[.ctor:79@choFastApiService.cs]EcoFastApiService init ok 
 
发生时间：2020-04-02 20:04:56,890 
内容： 
[NodeRegiste:252@FastCallService.cs]Login ,thread id:10 
 
发生时间：2020-04-02 20:04:56,904 
内容： 
[NodeRegiste:282@FastCallService.cs]registe fail 
 
发生时间：2020-04-02 20:04:56,904 
内容： 
[Dispose:95@choFastApiService.cs]ecoFtpApiserver dispose ,thread id:10 
 
发生时间：2020-04-02 20:04:56,905 
内容： 
[.ctor:74@choFastApiService.cs]EcoFastApiService creator,thread id:10 
 
发生时间：2020-04-02 20:04:56,905 
内容： 
[.ctor:79@choFastApiService.cs]EcoFastApiService init ok 
 
发生时间：2020-04-02 20:04:56,905 
内容： 
[NodeRegiste:252@FastCallService.cs]Login ,thread id:10 
 
发生时间：2020-04-02 20:04:56,916 
内容： 
[NodeRegiste:282@FastCallService.cs]registe fail 
 
发生时间：2020-04-02 20:04:56,916 
内容： 
[Dispose:95@choFastApiService.cs]ecoFtpApiserver dispose ,thread id:10 
 
发生时间：2020-04-02 20:04:56,917 
内容： 
[.ctor:74@choFastApiService.cs]EcoFastApiService creator,thread id:10 
 
发生时间：2020-04-02 20:04:56,917 
内容： 
[.ctor:79@choFastApiService.cs]EcoFastApiService init ok 
 
发生时间：2020-04-02 20:04:56,917 
内容： 
[NodeRegiste:252@FastCallService.cs]Login ,thread id:10 
 
发生时间：2020-04-02 20:04:56,935 
内容： 
[NodeRegiste:282@FastCallService.cs]registe fail 
 
发生时间：2020-04-02 20:04:56,935 
内容： 
[Dispose:95@choFastApiService.cs]ecoFtpApiserver dispose ,thread id:10 
 
发生时间：2020-04-02 20:04:56,935 
内容： 
[.ctor:74@choFastApiService.cs]EcoFastApiService creator,thread id:10 
 
发生时间：2020-04-02 20:04:56,936 
内容： 
[.ctor:79@choFastApiService.cs]EcoFastApiService init ok 
 
发生时间：2020-04-02 20:04:56,936 
内容： 
[NodeRegiste:252@FastCallService.cs]Login ,thread id:10 
 
发生时间：2020-04-02 20:04:57,040 
内容： 
[NodeRegiste:277@FastCallService.cs]registe ok 
 
发生时间：2020-04-02 20:04:57,041 
内容： 
[Dispose:95@choFastApiService.cs]ecoFtpApiserver dispose ,thread id:10 
 
发生时间：2020-04-02 20:04:57,046 
内容： 
[.ctor:74@choFastApiService.cs]EcoFastApiService creator,thread id:10 
 
发生时间：2020-04-02 20:04:57,047 
内容： 
[.ctor:79@choFastApiService.cs]EcoFastApiService init ok 
 
发生时间：2020-04-02 20:05:01,206 
内容： 
[getHostParam:457@FastCallService.cs]getSipInfor ,thread id:10 
 
发生时间：2020-04-02 20:05:13,345 
内容： 
[Dispose:95@choFastApiService.cs]ecoFtpApiserver dispose ,thread id:10 
 
发生时间：2020-04-02 21:47:17,510 
内容： 
[.ctor:74@choFastApiService.cs]EcoFastApiService creator,thread id:10 
 
发生时间：2020-04-02 21:47:17,511 
内容： 
[.ctor:79@choFastApiService.cs]EcoFastApiService init ok 
 
发生时间：2020-04-02 21:47:17,554 
内容： 
[NodeRegiste:252@FastCallService.cs]Login ,thread id:10 
 
发生时间：2020-04-02 21:47:19,476 
内容： 
[NodeRegiste:282@FastCallService.cs]registe fail 
 
发生时间：2020-04-02 21:47:19,511 
内容： 
[Dispose:95@choFastApiService.cs]ecoFtpApiserver dispose ,thread id:10 
 
发生时间：2020-04-02 21:47:19,544 
内容： 
[.ctor:74@choFastApiService.cs]EcoFastApiService creator,thread id:10 
 
发生时间：2020-04-02 21:47:19,545 
内容： 
[.ctor:79@choFastApiService.cs]EcoFastApiService init ok 
 
发生时间：2020-04-02 21:47:19,570 
内容： 
[NodeRegiste:252@FastCallService.cs]Login ,thread id:10 
 
发生时间：2020-04-02 21:47:19,677 
内容： 
[NodeRegiste:282@FastCallService.cs]registe fail 
 
发生时间：2020-04-02 21:47:19,693 
内容： 
[Dispose:95@choFastApiService.cs]ecoFtpApiserver dispose ,thread id:10 
 
发生时间：2020-04-02 21:47:19,717 
内容： 
[.ctor:74@choFastApiService.cs]EcoFastApiService creator,thread id:10 
 
发生时间：2020-04-02 21:47:19,733 
内容： 
[.ctor:79@choFastApiService.cs]EcoFastApiService init ok 
 
发生时间：2020-04-02 21:47:19,736 
内容： 
[NodeRegiste:252@FastCallService.cs]Login ,thread id:10 
 
发生时间：2020-04-02 21:47:19,871 
内容： 
[NodeRegiste:282@FastCallService.cs]registe fail 
 
发生时间：2020-04-02 21:47:19,888 
内容： 
[Dispose:95@choFastApiService.cs]ecoFtpApiserver dispose ,thread id:10 
 
发生时间：2020-04-02 21:47:19,892 
内容： 
[.ctor:74@choFastApiService.cs]EcoFastApiService creator,thread id:10 
 
发生时间：2020-04-02 21:47:19,914 
内容： 
[.ctor:79@choFastApiService.cs]EcoFastApiService init ok 
 
发生时间：2020-04-02 21:47:19,929 
内容： 
[NodeRegiste:252@FastCallService.cs]Login ,thread id:10 
 
发生时间：2020-04-02 21:47:20,040 
内容： 
[NodeRegiste:282@FastCallService.cs]registe fail 
 
发生时间：2020-04-02 21:47:20,056 
内容： 
[Dispose:95@choFastApiService.cs]ecoFtpApiserver dispose ,thread id:10 
 
发生时间：2020-04-02 21:47:20,061 
内容： 
[.ctor:74@choFastApiService.cs]EcoFastApiService creator,thread id:10 
 
发生时间：2020-04-02 21:47:20,083 
内容： 
[.ctor:79@choFastApiService.cs]EcoFastApiService init ok 
 
发生时间：2020-04-02 21:47:20,096 
内容： 
[NodeRegiste:252@FastCallService.cs]Login ,thread id:10 
 
发生时间：2020-04-02 21:47:20,208 
内容： 
[NodeRegiste:282@FastCallService.cs]registe fail 
 
发生时间：2020-04-02 21:47:20,224 
内容： 
[Dispose:95@choFastApiService.cs]ecoFtpApiserver dispose ,thread id:10 
 
发生时间：2020-04-02 21:47:20,251 
内容： 
[.ctor:74@choFastApiService.cs]EcoFastApiService creator,thread id:10 
 
发生时间：2020-04-02 21:47:20,256 
内容： 
[.ctor:79@choFastApiService.cs]EcoFastApiService init ok 
 
发生时间：2020-04-02 21:47:20,269 
内容： 
[NodeRegiste:252@FastCallService.cs]Login ,thread id:10 
 
发生时间：2020-04-02 21:47:20,484 
内容： 
[NodeRegiste:277@FastCallService.cs]registe ok 
 
发生时间：2020-04-02 21:47:20,488 
内容： 
[Dispose:95@choFastApiService.cs]ecoFtpApiserver dispose ,thread id:10 
 
发生时间：2020-04-02 21:47:20,494 
内容： 
[.ctor:74@choFastApiService.cs]EcoFastApiService creator,thread id:10 
 
发生时间：2020-04-02 21:47:20,519 
内容： 
[.ctor:79@choFastApiService.cs]EcoFastApiService init ok 
 
发生时间：2020-04-02 21:47:35,507 
内容： 
[getHostParam:457@FastCallService.cs]getSipInfor ,thread id:10 
 
发生时间：2020-04-02 21:50:11,442 
内容： 
[Dispose:95@choFastApiService.cs]ecoFtpApiserver dispose ,thread id:10 
 
