发生时间：2020-03-26 21:51:27,428 
内容： 
[ReaderExecuting]Input String @P_0 = 'admin';
SELECT [SysUser].[Id] AS [Id],[SysUser].[Email] AS [Email],[SysUser].[UserName] AS [UserName],[SysUser].[Mobile] AS [Mobile],[SysUser].[Password] AS [Password],[SysUser].[IsEnabled] AS [IsEnabled],[SysUser].[UserType] AS [UserType],[SysUser].[RecomendId] AS [RecomendId],[SysUser].[Birthday] AS [Birthday],[SysUser].[IdentityId] AS [IdentityId],[SysUser].[Photo] AS [Photo],[SysUser].[TelNo] AS [TelNo],[SysUser].[ComName] AS [ComName],[SysUser].[loginType] AS [loginType],[SysUser].[AppSiteKey] AS [AppSiteKey],[SysUser].[secretKey] AS [secretKey],[SysUser].[Description] AS [Description],[SysUser].[LoginId] AS [LoginId],[SysUser].[sex] AS [sex],[SysUser].[OtherLoginId] AS [OtherLoginId],[SysUser].[Ass_Areas] AS [Ass_Areas_Id],[SysUser].[UpdaterID] AS [UpdaterID],[SysUser].[UpdaterName] AS [UpdaterName],[SysUser].[CreateDt] AS [CreateDt],[SysUser].[UpdateDt] AS [UpdateDt],[SysUser].[IsDeleted] AS [IsDeleted],[SysUser].[CreaterName] AS [CreaterName],[SysUser].[CreaterID] AS [CreaterID] FROM [SysUser] AS [SysUser] WHERE ([SysUser].[IsEnabled] = 1 AND ([SysUser].[AppSiteKey] IS NULL OR [SysUser].[AppSiteKey] = '*') AND ([SysUser].[LoginId] = @P_0 OR [SysUser].[Mobile] = @P_0 OR [SysUser].[Email] = @P_0)) LIMIT 1 OFFSET 0
 
 
发生时间：2020-03-26 21:51:27,580 
内容： 
[ReaderExecuted]28 
 
发生时间：2020-03-26 21:51:27,731 
内容： 
[ReaderExecuting]select table_a .*  from SysRole table_a ,AssC_SysRoleSysUser table_b where table_a.Id=table_b.AssC_SysRole and table_b.AssC_SysUser=1
 
 
发生时间：2020-03-26 21:51:27,740 
内容： 
[ReaderExecuted]11 
 
发生时间：2020-03-26 21:51:27,907 
内容： 
[ReaderExecuting]Input String @P_0 = '1';
SELECT [LoginHistory].[Id] AS [C] FROM [LoginHistory] AS [LoginHistory] WHERE ([LoginHistory].[valid] = 1 AND [LoginHistory].[Ass_SysUser] = @P_0)
 
 
发生时间：2020-03-26 21:51:27,926 
内容： 
[ReaderExecuted]1 
 
发生时间：2020-03-26 21:51:27,996 
内容： 
[ScalarExecuting]Input String @P_0 = '1044a447-92c9-42af-b57e-a366cdd34fb2';
Input DateTime @P_1 = '2020/3/27 2:51:27';
Input Boolean @P_2 = True;
Input String @P_3 = '127.0.0.1';
Input Int32 @P_4 = 1;
Input String @P_5 = '1';
Input String @P_6 = 'admin';
Input DateTime @P_7 = '2020/3/26 21:51:27';
Input DateTime @P_8 = '2020/3/26 21:51:27';
Input Boolean @P_9 = False;
INSERT INTO [LoginHistory]([Token],[ExpireDt],[valid],[IpFrom],[Ass_SysUser],[UpdaterID],[UpdaterName],[CreateDt],[UpdateDt],[IsDeleted],[CreaterName],[CreaterID]) VALUES(@P_0,@P_1,@P_2,@P_3,@P_4,@P_5,@P_6,@P_7,@P_8,@P_9,@P_6,@P_5);SELECT LAST_INSERT_ROWID()
 
 
发生时间：2020-03-26 21:51:28,064 
内容： 
[ScalarExecuted]4 
 
发生时间：2020-03-26 21:51:28,090 
内容： 
[NonQueryExecuting]UPDATE [LoginHistory] SET [valid]=0 WHERE [LoginHistory].[Id] IN (3)
 
 
发生时间：2020-03-26 21:51:28,096 
内容： 
[NonQueryExecuted]1 
 
发生时间：2020-03-26 21:51:28,424 
内容： 
[ReaderExecuting]Input Int32 @P_0 = 1;
SELECT [SysUser].[Id] AS [Id],[SysUser].[Email] AS [Email],[SysUser].[UserName] AS [UserName],[SysUser].[Mobile] AS [Mobile],[SysUser].[Password] AS [Password],[SysUser].[IsEnabled] AS [IsEnabled],[SysUser].[UserType] AS [UserType],[SysUser].[RecomendId] AS [RecomendId],[SysUser].[Birthday] AS [Birthday],[SysUser].[IdentityId] AS [IdentityId],[SysUser].[Photo] AS [Photo],[SysUser].[TelNo] AS [TelNo],[SysUser].[ComName] AS [ComName],[SysUser].[loginType] AS [loginType],[SysUser].[AppSiteKey] AS [AppSiteKey],[SysUser].[secretKey] AS [secretKey],[SysUser].[Description] AS [Description],[SysUser].[LoginId] AS [LoginId],[SysUser].[sex] AS [sex],[SysUser].[OtherLoginId] AS [OtherLoginId],[SysUser].[Ass_Areas] AS [Ass_Areas_Id],[SysUser].[UpdaterID] AS [UpdaterID],[SysUser].[UpdaterName] AS [UpdaterName],[SysUser].[CreateDt] AS [CreateDt],[SysUser].[UpdateDt] AS [UpdateDt],[SysUser].[IsDeleted] AS [IsDeleted],[SysUser].[CreaterName] AS [CreaterName],[SysUser].[CreaterID] AS [CreaterID] FROM [SysUser] AS [SysUser] WHERE [SysUser].[Id] = @P_0 LIMIT 1 OFFSET 0
 
 
发生时间：2020-03-26 21:51:28,512 
内容： 
[ReaderExecuted]28 
 
发生时间：2020-03-26 21:51:28,591 
内容： 
[ReaderExecuting]select table_a .*  from SysRole table_a ,AssC_SysRoleSysUser table_b where table_a.Id=table_b.AssC_SysRole and table_b.AssC_SysUser=1
 
 
发生时间：2020-03-26 21:51:28,615 
内容： 
[ReaderExecuted]11 
 
发生时间：2020-03-26 21:51:28,738 
内容： 
[ReaderExecuting]Input Int32 @P_0 = 0;
SELECT [MenuGroup].[Id] AS [Id],[MenuGroup].[Icon] AS [Icon],[MenuGroup].[Name] AS [Name],[MenuGroup].[SortCode] AS [SortCode],[MenuGroup].[Ass_Parent] AS [Ass_Parent_Id],[MenuGroup].[UpdaterID] AS [UpdaterID],[MenuGroup].[UpdaterName] AS [UpdaterName],[MenuGroup].[CreateDt] AS [CreateDt],[MenuGroup].[UpdateDt] AS [UpdateDt],[MenuGroup].[IsDeleted] AS [IsDeleted],[MenuGroup].[CreaterName] AS [CreaterName],[MenuGroup].[CreaterID] AS [CreaterID] FROM [MenuGroup] AS [MenuGroup] WHERE ([MenuGroup].[Ass_Parent] IS NULL OR [MenuGroup].[Ass_Parent] <= @P_0)
 
 
发生时间：2020-03-26 21:51:28,794 
内容： 
[ReaderExecuted]12 
 
发生时间：2020-03-26 21:51:28,842 
内容： 
[ReaderExecuting]select table_a.* from Menu table_a where  table_a.Ass_MenuGroup=1
 
 
发生时间：2020-03-26 21:51:28,869 
内容： 
[ReaderExecuted]13 
 
发生时间：2020-03-26 21:51:28,991 
内容： 
[ReaderExecuting]select table_a.* from MenuGroup table_a where  table_a.Ass_Parent=1
 
 
发生时间：2020-03-26 21:51:29,006 
内容： 
[ReaderExecuted]12 
 
发生时间：2020-03-26 21:51:29,016 
内容： 
[ReaderExecuting]select table_a.* from Menu table_a where  table_a.Ass_MenuGroup=2
 
 
发生时间：2020-03-26 21:51:29,029 
内容： 
[ReaderExecuted]13 
 
发生时间：2020-03-26 21:51:29,045 
内容： 
[ReaderExecuting]select table_a.* from MenuGroup table_a where  table_a.Ass_Parent=2
 
 
发生时间：2020-03-26 21:51:29,062 
内容： 
[ReaderExecuted]12 
 
发生时间：2020-03-26 21:51:29,079 
内容： 
[ReaderExecuting]select table_a.* from Menu table_a where  table_a.Ass_MenuGroup=3
 
 
发生时间：2020-03-26 21:51:29,091 
内容： 
[ReaderExecuted]13 
 
发生时间：2020-03-26 21:51:29,112 
内容： 
[ReaderExecuting]select table_a.* from MenuGroup table_a where  table_a.Ass_Parent=3
 
 
发生时间：2020-03-26 21:51:29,124 
内容： 
[ReaderExecuted]12 
 
发生时间：2020-03-26 21:51:29,138 
内容： 
[ReaderExecuting]select table_a.* from Menu table_a where  table_a.Ass_MenuGroup=4
 
 
发生时间：2020-03-26 21:51:29,159 
内容： 
[ReaderExecuted]13 
 
发生时间：2020-03-26 21:51:29,178 
内容： 
[ReaderExecuting]select table_a.* from MenuGroup table_a where  table_a.Ass_Parent=4
 
 
发生时间：2020-03-26 21:51:29,186 
内容： 
[ReaderExecuted]12 
 
发生时间：2020-03-26 21:51:34,041 
内容： 
[ReaderExecuting]SELECT COUNT(1) AS [C] FROM [Region] AS [Region] WHERE NOT ([Region].[IsDeleted] = 1)
 
 
发生时间：2020-03-26 21:51:34,042 
内容： 
[ReaderExecuting]SELECT COUNT(1) AS [C] FROM [ReleaseTask] AS [ReleaseTask] WHERE NOT ([ReleaseTask].[IsDeleted] = 1)
 
 
发生时间：2020-03-26 21:51:34,042 
内容： 
[ReaderExecuting]SELECT COUNT(1) AS [C] FROM [AppType] AS [AppType] WHERE NOT ([AppType].[IsDeleted] = 1)
 
 
发生时间：2020-03-26 21:51:34,066 
内容： 
[ReaderExecuted]1 
 
发生时间：2020-03-26 21:51:34,070 
内容： 
[ReaderExecuted]1 
 
发生时间：2020-03-26 21:51:34,094 
内容： 
[ReaderExecuted]1 
 
发生时间：2020-03-26 21:51:34,490 
内容： 
[ReaderExecuting]SELECT [AppType].[Id] AS [Id],[AppType].[name] AS [name],[AppType].[key] AS [key],[AppType].[buildScript] AS [buildScript],[AppType].[UpdaterID] AS [UpdaterID],[AppType].[UpdaterName] AS [UpdaterName],[AppType].[CreateDt] AS [CreateDt],[AppType].[UpdateDt] AS [UpdateDt],[AppType].[IsDeleted] AS [IsDeleted],[AppType].[CreaterName] AS [CreaterName],[AppType].[CreaterID] AS [CreaterID] FROM [AppType] AS [AppType] WHERE NOT ([AppType].[IsDeleted] = 1) ORDER BY [AppType].[CreateDt] DESC LIMIT 100 OFFSET 0
 
 
发生时间：2020-03-26 21:51:34,493 
内容： 
[ReaderExecuting]SELECT [Region].[Id] AS [Id],[Region].[Key] AS [Key],[Region].[Name] AS [Name],[Region].[UpdaterID] AS [UpdaterID],[Region].[UpdaterName] AS [UpdaterName],[Region].[CreateDt] AS [CreateDt],[Region].[UpdateDt] AS [UpdateDt],[Region].[IsDeleted] AS [IsDeleted],[Region].[CreaterName] AS [CreaterName],[Region].[CreaterID] AS [CreaterID] FROM [Region] AS [Region] WHERE NOT ([Region].[IsDeleted] = 1) ORDER BY [Region].[CreateDt] DESC LIMIT 100 OFFSET 0
 
 
发生时间：2020-03-26 21:51:34,580 
内容： 
[ReaderExecuted]11 
 
发生时间：2020-03-26 21:51:34,595 
内容： 
[ReaderExecuting]SELECT [ReleaseTask].[Id] AS [Id],[ReleaseTask].[FileName] AS [FileName],[ReleaseTask].[status] AS [status],[ReleaseTask].[count] AS [count],[ReleaseTask].[ProcessInfo] AS [ProcessInfo],[ReleaseTask].[overRideType] AS [overRideType],[ReleaseTask].[selectHostPolicy] AS [selectHostPolicy],[ReleaseTask].[dockerNetType] AS [dockerNetType],[ReleaseTask].[Version] AS [Version],[ReleaseTask].[FileGuid] AS [FileGuid],[ReleaseTask].[memo] AS [memo],[ReleaseTask].[releaseType] AS [releaseType],[ReleaseTask].[HostIds] AS [HostIds],[ReleaseTask].[Ass_MicroServiceApp] AS [Ass_MicroServiceApp_Id],[ReleaseTask].[Ass_Region] AS [Ass_Region_Id],[ReleaseTask].[Ass_Zone] AS [Ass_Zone_Id],[ReleaseTask].[UpdaterID] AS [UpdaterID],[ReleaseTask].[UpdaterName] AS [UpdaterName],[ReleaseTask].[CreateDt] AS [CreateDt],[ReleaseTask].[UpdateDt] AS [UpdateDt],[ReleaseTask].[IsDeleted] AS [IsDeleted],[ReleaseTask].[CreaterName] AS [CreaterName],[ReleaseTask].[CreaterID] AS [CreaterID] FROM [ReleaseTask] AS [ReleaseTask] WHERE NOT ([ReleaseTask].[IsDeleted] = 1) ORDER BY [ReleaseTask].[CreateDt] DESC LIMIT 10 OFFSET 0
 
 
发生时间：2020-03-26 21:51:34,605 
内容： 
[ReaderExecuted]10 
 
发生时间：2020-03-26 21:51:34,802 
内容： 
[ReaderExecuted]23 
 
发生时间：2020-03-26 21:51:35,137 
内容： 
[ReaderExecuting]Input Int32 @P_0 = 2;
SELECT [Region].[Id] AS [Id],[Region].[Key] AS [Key],[Region].[Name] AS [Name],[Region].[UpdaterID] AS [UpdaterID],[Region].[UpdaterName] AS [UpdaterName],[Region].[CreateDt] AS [CreateDt],[Region].[UpdateDt] AS [UpdateDt],[Region].[IsDeleted] AS [IsDeleted],[Region].[CreaterName] AS [CreaterName],[Region].[CreaterID] AS [CreaterID] FROM [Region] AS [Region] WHERE [Region].[Id] = @P_0 LIMIT 1 OFFSET 0
 
 
发生时间：2020-03-26 21:51:35,185 
内容： 
[ReaderExecuted]10 
 
发生时间：2020-03-26 21:51:35,326 
内容： 
[ReaderExecuting]Input String @P_0 = '2';
SELECT COUNT(1) AS [C] FROM [Zone] AS [Zone] WHERE (NOT ([Zone].[IsDeleted] = 1) AND [Zone].[Ass_Region] = @P_0)
 
 
发生时间：2020-03-26 21:51:35,344 
内容： 
[ReaderExecuting]Input Int32 @P_0 = 1;
SELECT [AppType].[Id] AS [Id],[AppType].[name] AS [name],[AppType].[key] AS [key],[AppType].[buildScript] AS [buildScript],[AppType].[UpdaterID] AS [UpdaterID],[AppType].[UpdaterName] AS [UpdaterName],[AppType].[CreateDt] AS [CreateDt],[AppType].[UpdateDt] AS [UpdateDt],[AppType].[IsDeleted] AS [IsDeleted],[AppType].[CreaterName] AS [CreaterName],[AppType].[CreaterID] AS [CreaterID] FROM [AppType] AS [AppType] WHERE [AppType].[Id] = @P_0 LIMIT 1 OFFSET 0
 
 
发生时间：2020-03-26 21:51:35,362 
内容： 
[ReaderExecuted]1 
 
发生时间：2020-03-26 21:51:35,387 
内容： 
[ReaderExecuted]11 
 
发生时间：2020-03-26 21:51:35,586 
内容： 
[ReaderExecuting]Input String @P_0 = '1';
SELECT COUNT(1) AS [C] FROM [MicroServiceApp] AS [MicroServiceApp] WHERE (NOT ([MicroServiceApp].[IsDeleted] = 1) AND [MicroServiceApp].[Ass_AppType] = @P_0)
 
 
发生时间：2020-03-26 21:51:35,622 
内容： 
[ReaderExecuted]1 
 
发生时间：2020-03-26 21:51:35,710 
内容： 
[ReaderExecuting]Input String @P_0 = '2';
SELECT [Zone].[Id] AS [Id],[Zone].[Name] AS [Name],[Zone].[Key] AS [Key],[Zone].[Ass_Region] AS [Ass_Region_Id],[Zone].[UpdaterID] AS [UpdaterID],[Zone].[UpdaterName] AS [UpdaterName],[Zone].[CreateDt] AS [CreateDt],[Zone].[UpdateDt] AS [UpdateDt],[Zone].[IsDeleted] AS [IsDeleted],[Zone].[CreaterName] AS [CreaterName],[Zone].[CreaterID] AS [CreaterID] FROM [Zone] AS [Zone] WHERE (NOT ([Zone].[IsDeleted] = 1) AND [Zone].[Ass_Region] = @P_0) ORDER BY [Zone].[CreateDt] DESC LIMIT 100 OFFSET 0
 
 
发生时间：2020-03-26 21:51:35,825 
内容： 
[ReaderExecuted]11 
 
发生时间：2020-03-26 21:51:36,076 
内容： 
[ReaderExecuting]Input String @P_0 = '1';
SELECT [MicroServiceApp].[Id] AS [Id],[MicroServiceApp].[confFile] AS [confFile],[MicroServiceApp].[appName] AS [appName],[MicroServiceApp].[rootDirMainFile] AS [rootDirMainFile],[MicroServiceApp].[proxyPort] AS [proxyPort],[MicroServiceApp].[serviceType] AS [serviceType],[MicroServiceApp].[stopCommand] AS [stopCommand],[MicroServiceApp].[key] AS [key],[MicroServiceApp].[port] AS [port],[MicroServiceApp].[memo] AS [memo],[MicroServiceApp].[startCommand] AS [startCommand],[MicroServiceApp].[Ass_AppType] AS [Ass_AppType_Id],[MicroServiceApp].[UpdaterID] AS [UpdaterID],[MicroServiceApp].[UpdaterName] AS [UpdaterName],[MicroServiceApp].[CreateDt] AS [CreateDt],[MicroServiceApp].[UpdateDt] AS [UpdateDt],[MicroServiceApp].[IsDeleted] AS [IsDeleted],[MicroServiceApp].[CreaterName] AS [CreaterName],[MicroServiceApp].[CreaterID] AS [CreaterID] FROM [MicroServiceApp] AS [MicroServiceApp] WHERE (NOT ([MicroServiceApp].[IsDeleted] = 1) AND [MicroServiceApp].[Ass_AppType] = @P_0) ORDER BY [MicroServiceApp].[CreateDt] DESC LIMIT 100 OFFSET 0
 
 
发生时间：2020-03-26 21:51:36,214 
内容： 
[ReaderExecuted]19 
 
发生时间：2020-03-26 22:00:40,752 
内容： 
[ReaderExecuting]Input Int32 @P_0 = 1;
SELECT [ReleaseTask].[Id] AS [Id],[ReleaseTask].[FileName] AS [FileName],[ReleaseTask].[status] AS [status],[ReleaseTask].[count] AS [count],[ReleaseTask].[ProcessInfo] AS [ProcessInfo],[ReleaseTask].[overRideType] AS [overRideType],[ReleaseTask].[selectHostPolicy] AS [selectHostPolicy],[ReleaseTask].[dockerNetType] AS [dockerNetType],[ReleaseTask].[Version] AS [Version],[ReleaseTask].[FileGuid] AS [FileGuid],[ReleaseTask].[memo] AS [memo],[ReleaseTask].[releaseType] AS [releaseType],[ReleaseTask].[HostIds] AS [HostIds],[ReleaseTask].[Ass_MicroServiceApp] AS [Ass_MicroServiceApp_Id],[ReleaseTask].[Ass_Region] AS [Ass_Region_Id],[ReleaseTask].[Ass_Zone] AS [Ass_Zone_Id],[ReleaseTask].[UpdaterID] AS [UpdaterID],[ReleaseTask].[UpdaterName] AS [UpdaterName],[ReleaseTask].[CreateDt] AS [CreateDt],[ReleaseTask].[UpdateDt] AS [UpdateDt],[ReleaseTask].[IsDeleted] AS [IsDeleted],[ReleaseTask].[CreaterName] AS [CreaterName],[ReleaseTask].[CreaterID] AS [CreaterID] FROM [ReleaseTask] AS [ReleaseTask] WHERE [ReleaseTask].[Id] = @P_0 LIMIT 1 OFFSET 0
 
 
发生时间：2020-03-26 22:00:40,843 
内容： 
[ReaderExecuted]23 
 
发生时间：2020-03-26 22:00:41,100 
内容： 
[ReaderExecuting]Input String @P_0 = '1';
SELECT COUNT(1) AS [C] FROM [FileItem] AS [FileItem] INNER JOIN [appVersion] AS [appVersion] ON ([FileItem].[Ass_appVersion] = [appVersion].[Id] AND [appVersion].[Ass_ReleaseTask] = @P_0)
 
 
发生时间：2020-03-26 22:00:41,107 
内容： 
[ReaderExecuted]1 
 
发生时间：2020-03-26 22:00:41,231 
内容： 
[ReaderExecuting]Input String @P_0 = '1';
SELECT [FileItem].[Id] AS [Id],[FileItem].[fileSize] AS [fileSize],[FileItem].[fileName] AS [fileName],[FileItem].[hashCode] AS [hashCode],[FileItem].[retationPath] AS [retationPath],[FileItem].[Guid] AS [Guid],[FileItem].[dllVersion] AS [dllVersion],[FileItem].[Ass_appVersion] AS [Ass_appVersion_Id],[FileItem].[UpdaterID] AS [UpdaterID],[FileItem].[UpdaterName] AS [UpdaterName],[FileItem].[CreateDt] AS [CreateDt],[FileItem].[UpdateDt] AS [UpdateDt],[FileItem].[IsDeleted] AS [IsDeleted],[FileItem].[CreaterName] AS [CreaterName],[FileItem].[CreaterID] AS [CreaterID] FROM [FileItem] AS [FileItem] INNER JOIN [appVersion] AS [appVersion] ON ([FileItem].[Ass_appVersion] = [appVersion].[Id] AND [appVersion].[Ass_ReleaseTask] = @P_0) ORDER BY [FileItem].[CreateDt] DESC LIMIT 10 OFFSET 0
 
 
发生时间：2020-03-26 22:00:41,244 
内容： 
[ReaderExecuted]15 
 
发生时间：2020-03-26 22:00:48,495 
内容： 
[ReaderExecuting]Input String @P_0 = '1';
SELECT COUNT(1) AS [C] FROM [FileItem] AS [FileItem] INNER JOIN [appVersion] AS [appVersion] ON ([FileItem].[Ass_appVersion] = [appVersion].[Id] AND [appVersion].[Ass_ReleaseTask] = @P_0)
 
 
发生时间：2020-03-26 22:00:48,500 
内容： 
[ReaderExecuted]1 
 
发生时间：2020-03-26 22:00:48,504 
内容： 
[ReaderExecuting]Input String @P_0 = '1';
SELECT [FileItem].[Id] AS [Id],[FileItem].[fileSize] AS [fileSize],[FileItem].[fileName] AS [fileName],[FileItem].[hashCode] AS [hashCode],[FileItem].[retationPath] AS [retationPath],[FileItem].[Guid] AS [Guid],[FileItem].[dllVersion] AS [dllVersion],[FileItem].[Ass_appVersion] AS [Ass_appVersion_Id],[FileItem].[UpdaterID] AS [UpdaterID],[FileItem].[UpdaterName] AS [UpdaterName],[FileItem].[CreateDt] AS [CreateDt],[FileItem].[UpdateDt] AS [UpdateDt],[FileItem].[IsDeleted] AS [IsDeleted],[FileItem].[CreaterName] AS [CreaterName],[FileItem].[CreaterID] AS [CreaterID] FROM [FileItem] AS [FileItem] INNER JOIN [appVersion] AS [appVersion] ON ([FileItem].[Ass_appVersion] = [appVersion].[Id] AND [appVersion].[Ass_ReleaseTask] = @P_0) ORDER BY [FileItem].[CreateDt] DESC LIMIT 10 OFFSET 0
 
 
发生时间：2020-03-26 22:00:48,523 
内容： 
[ReaderExecuted]15 
 
发生时间：2020-03-26 22:01:04,664 
内容： 
[ReaderExecuting]Input Int32 @P_0 = 1;
SELECT [SysUser].[Id] AS [Id],[SysUser].[Email] AS [Email],[SysUser].[UserName] AS [UserName],[SysUser].[Mobile] AS [Mobile],[SysUser].[Password] AS [Password],[SysUser].[IsEnabled] AS [IsEnabled],[SysUser].[UserType] AS [UserType],[SysUser].[RecomendId] AS [RecomendId],[SysUser].[Birthday] AS [Birthday],[SysUser].[IdentityId] AS [IdentityId],[SysUser].[Photo] AS [Photo],[SysUser].[TelNo] AS [TelNo],[SysUser].[ComName] AS [ComName],[SysUser].[loginType] AS [loginType],[SysUser].[AppSiteKey] AS [AppSiteKey],[SysUser].[secretKey] AS [secretKey],[SysUser].[Description] AS [Description],[SysUser].[LoginId] AS [LoginId],[SysUser].[sex] AS [sex],[SysUser].[OtherLoginId] AS [OtherLoginId],[SysUser].[Ass_Areas] AS [Ass_Areas_Id],[SysUser].[UpdaterID] AS [UpdaterID],[SysUser].[UpdaterName] AS [UpdaterName],[SysUser].[CreateDt] AS [CreateDt],[SysUser].[UpdateDt] AS [UpdateDt],[SysUser].[IsDeleted] AS [IsDeleted],[SysUser].[CreaterName] AS [CreaterName],[SysUser].[CreaterID] AS [CreaterID] FROM [SysUser] AS [SysUser] WHERE [SysUser].[Id] = @P_0 LIMIT 1 OFFSET 0
 
 
发生时间：2020-03-26 22:01:04,735 
内容： 
[ReaderExecuted]28 
 
发生时间：2020-03-26 22:01:04,881 
内容： 
[ReaderExecuting]select table_a .*  from SysRole table_a ,AssC_SysRoleSysUser table_b where table_a.Id=table_b.AssC_SysRole and table_b.AssC_SysUser=1
 
 
发生时间：2020-03-26 22:01:04,890 
内容： 
[ReaderExecuted]11 
 
发生时间：2020-03-26 22:01:05,095 
内容： 
[ReaderExecuting]Input Int32 @P_0 = 0;
SELECT [MenuGroup].[Id] AS [Id],[MenuGroup].[Icon] AS [Icon],[MenuGroup].[Name] AS [Name],[MenuGroup].[SortCode] AS [SortCode],[MenuGroup].[Ass_Parent] AS [Ass_Parent_Id],[MenuGroup].[UpdaterID] AS [UpdaterID],[MenuGroup].[UpdaterName] AS [UpdaterName],[MenuGroup].[CreateDt] AS [CreateDt],[MenuGroup].[UpdateDt] AS [UpdateDt],[MenuGroup].[IsDeleted] AS [IsDeleted],[MenuGroup].[CreaterName] AS [CreaterName],[MenuGroup].[CreaterID] AS [CreaterID] FROM [MenuGroup] AS [MenuGroup] WHERE ([MenuGroup].[Ass_Parent] IS NULL OR [MenuGroup].[Ass_Parent] <= @P_0)
 
 
发生时间：2020-03-26 22:01:05,109 
内容： 
[ReaderExecuted]12 
 
发生时间：2020-03-26 22:01:05,136 
内容： 
[ReaderExecuting]select table_a.* from Menu table_a where  table_a.Ass_MenuGroup=1
 
 
发生时间：2020-03-26 22:01:05,142 
内容： 
[ReaderExecuted]13 
 
发生时间：2020-03-26 22:01:05,226 
内容： 
[ReaderExecuting]select table_a.* from MenuGroup table_a where  table_a.Ass_Parent=1
 
 
发生时间：2020-03-26 22:01:05,233 
内容： 
[ReaderExecuted]12 
 
发生时间：2020-03-26 22:01:05,238 
内容： 
[ReaderExecuting]select table_a.* from Menu table_a where  table_a.Ass_MenuGroup=2
 
 
发生时间：2020-03-26 22:01:05,241 
内容： 
[ReaderExecuted]13 
 
发生时间：2020-03-26 22:01:05,245 
内容： 
[ReaderExecuting]select table_a.* from MenuGroup table_a where  table_a.Ass_Parent=2
 
 
发生时间：2020-03-26 22:01:05,249 
内容： 
[ReaderExecuted]12 
 
发生时间：2020-03-26 22:01:05,255 
内容： 
[ReaderExecuting]select table_a.* from Menu table_a where  table_a.Ass_MenuGroup=3
 
 
发生时间：2020-03-26 22:01:05,258 
内容： 
[ReaderExecuted]13 
 
发生时间：2020-03-26 22:01:05,265 
内容： 
[ReaderExecuting]select table_a.* from MenuGroup table_a where  table_a.Ass_Parent=3
 
 
发生时间：2020-03-26 22:01:05,270 
内容： 
[ReaderExecuted]12 
 
发生时间：2020-03-26 22:01:05,274 
内容： 
[ReaderExecuting]select table_a.* from Menu table_a where  table_a.Ass_MenuGroup=4
 
 
发生时间：2020-03-26 22:01:05,279 
内容： 
[ReaderExecuted]13 
 
发生时间：2020-03-26 22:01:05,287 
内容： 
[ReaderExecuting]select table_a.* from MenuGroup table_a where  table_a.Ass_Parent=4
 
 
发生时间：2020-03-26 22:01:05,290 
内容： 
[ReaderExecuted]12 
 
发生时间：2020-03-26 22:01:38,543 
内容： 
[ReaderExecuting]SELECT COUNT(1) AS [C] FROM [AppType] AS [AppType] WHERE NOT ([AppType].[IsDeleted] = 1)
 
 
发生时间：2020-03-26 22:01:38,543 
内容： 
[ReaderExecuting]SELECT COUNT(1) AS [C] FROM [ReleaseTask] AS [ReleaseTask] WHERE NOT ([ReleaseTask].[IsDeleted] = 1)
 
 
发生时间：2020-03-26 22:01:38,543 
内容： 
[ReaderExecuting]SELECT COUNT(1) AS [C] FROM [Region] AS [Region] WHERE NOT ([Region].[IsDeleted] = 1)
 
 
发生时间：2020-03-26 22:01:38,553 
内容： 
[ReaderExecuted]1 
 
发生时间：2020-03-26 22:01:38,557 
内容： 
[ReaderExecuted]1 
 
发生时间：2020-03-26 22:01:38,614 
内容： 
[ReaderExecuted]1 
 
发生时间：2020-03-26 22:01:38,684 
内容： 
[ReaderExecuting]SELECT [ReleaseTask].[Id] AS [Id],[ReleaseTask].[FileName] AS [FileName],[ReleaseTask].[status] AS [status],[ReleaseTask].[count] AS [count],[ReleaseTask].[ProcessInfo] AS [ProcessInfo],[ReleaseTask].[overRideType] AS [overRideType],[ReleaseTask].[selectHostPolicy] AS [selectHostPolicy],[ReleaseTask].[dockerNetType] AS [dockerNetType],[ReleaseTask].[Version] AS [Version],[ReleaseTask].[FileGuid] AS [FileGuid],[ReleaseTask].[memo] AS [memo],[ReleaseTask].[releaseType] AS [releaseType],[ReleaseTask].[HostIds] AS [HostIds],[ReleaseTask].[Ass_MicroServiceApp] AS [Ass_MicroServiceApp_Id],[ReleaseTask].[Ass_Region] AS [Ass_Region_Id],[ReleaseTask].[Ass_Zone] AS [Ass_Zone_Id],[ReleaseTask].[UpdaterID] AS [UpdaterID],[ReleaseTask].[UpdaterName] AS [UpdaterName],[ReleaseTask].[CreateDt] AS [CreateDt],[ReleaseTask].[UpdateDt] AS [UpdateDt],[ReleaseTask].[IsDeleted] AS [IsDeleted],[ReleaseTask].[CreaterName] AS [CreaterName],[ReleaseTask].[CreaterID] AS [CreaterID] FROM [ReleaseTask] AS [ReleaseTask] WHERE NOT ([ReleaseTask].[IsDeleted] = 1) ORDER BY [ReleaseTask].[CreateDt] DESC LIMIT 10 OFFSET 0
 
 
发生时间：2020-03-26 22:01:38,723 
内容： 
[ReaderExecuted]23 
 
发生时间：2020-03-26 22:01:38,779 
内容： 
[ReaderExecuting]SELECT [AppType].[Id] AS [Id],[AppType].[name] AS [name],[AppType].[key] AS [key],[AppType].[buildScript] AS [buildScript],[AppType].[UpdaterID] AS [UpdaterID],[AppType].[UpdaterName] AS [UpdaterName],[AppType].[CreateDt] AS [CreateDt],[AppType].[UpdateDt] AS [UpdateDt],[AppType].[IsDeleted] AS [IsDeleted],[AppType].[CreaterName] AS [CreaterName],[AppType].[CreaterID] AS [CreaterID] FROM [AppType] AS [AppType] WHERE NOT ([AppType].[IsDeleted] = 1) ORDER BY [AppType].[CreateDt] DESC LIMIT 100 OFFSET 0
 
 
发生时间：2020-03-26 22:01:38,792 
内容： 
[ReaderExecuting]SELECT [Region].[Id] AS [Id],[Region].[Key] AS [Key],[Region].[Name] AS [Name],[Region].[UpdaterID] AS [UpdaterID],[Region].[UpdaterName] AS [UpdaterName],[Region].[CreateDt] AS [CreateDt],[Region].[UpdateDt] AS [UpdateDt],[Region].[IsDeleted] AS [IsDeleted],[Region].[CreaterName] AS [CreaterName],[Region].[CreaterID] AS [CreaterID] FROM [Region] AS [Region] WHERE NOT ([Region].[IsDeleted] = 1) ORDER BY [Region].[CreateDt] DESC LIMIT 100 OFFSET 0
 
 
发生时间：2020-03-26 22:01:38,796 
内容： 
[ReaderExecuted]11 
 
发生时间：2020-03-26 22:01:38,817 
内容： 
[ReaderExecuted]10 
 
发生时间：2020-03-26 22:01:39,342 
内容： 
[ReaderExecuting]Input Int32 @P_0 = 2;
SELECT [Region].[Id] AS [Id],[Region].[Key] AS [Key],[Region].[Name] AS [Name],[Region].[UpdaterID] AS [UpdaterID],[Region].[UpdaterName] AS [UpdaterName],[Region].[CreateDt] AS [CreateDt],[Region].[UpdateDt] AS [UpdateDt],[Region].[IsDeleted] AS [IsDeleted],[Region].[CreaterName] AS [CreaterName],[Region].[CreaterID] AS [CreaterID] FROM [Region] AS [Region] WHERE [Region].[Id] = @P_0 LIMIT 1 OFFSET 0
 
 
发生时间：2020-03-26 22:01:39,424 
内容： 
[ReaderExecuted]10 
 
发生时间：2020-03-26 22:01:39,452 
内容： 
[ReaderExecuting]Input String @P_0 = '2';
SELECT COUNT(1) AS [C] FROM [Zone] AS [Zone] WHERE (NOT ([Zone].[IsDeleted] = 1) AND [Zone].[Ass_Region] = @P_0)
 
 
发生时间：2020-03-26 22:01:39,466 
内容： 
[ReaderExecuted]1 
 
发生时间：2020-03-26 22:01:39,695 
内容： 
[ReaderExecuting]Input String @P_0 = '2';
SELECT [Zone].[Id] AS [Id],[Zone].[Name] AS [Name],[Zone].[Key] AS [Key],[Zone].[Ass_Region] AS [Ass_Region_Id],[Zone].[UpdaterID] AS [UpdaterID],[Zone].[UpdaterName] AS [UpdaterName],[Zone].[CreateDt] AS [CreateDt],[Zone].[UpdateDt] AS [UpdateDt],[Zone].[IsDeleted] AS [IsDeleted],[Zone].[CreaterName] AS [CreaterName],[Zone].[CreaterID] AS [CreaterID] FROM [Zone] AS [Zone] WHERE (NOT ([Zone].[IsDeleted] = 1) AND [Zone].[Ass_Region] = @P_0) ORDER BY [Zone].[CreateDt] DESC LIMIT 100 OFFSET 0
 
 
发生时间：2020-03-26 22:01:39,720 
内容： 
[ReaderExecuted]11 
 
发生时间：2020-03-26 22:01:42,864 
内容： 
[ReaderExecuting]Input String @P_0 = '1';
SELECT COUNT(1) AS [C] FROM [FileItem] AS [FileItem] INNER JOIN [appVersion] AS [appVersion] ON ([FileItem].[Ass_appVersion] = [appVersion].[Id] AND [appVersion].[Ass_ReleaseTask] = @P_0)
 
 
发生时间：2020-03-26 22:01:42,870 
内容： 
[ReaderExecuted]1 
 
发生时间：2020-03-26 22:01:42,878 
内容： 
[ReaderExecuting]Input String @P_0 = '1';
SELECT [FileItem].[Id] AS [Id],[FileItem].[fileSize] AS [fileSize],[FileItem].[fileName] AS [fileName],[FileItem].[hashCode] AS [hashCode],[FileItem].[retationPath] AS [retationPath],[FileItem].[Guid] AS [Guid],[FileItem].[dllVersion] AS [dllVersion],[FileItem].[Ass_appVersion] AS [Ass_appVersion_Id],[FileItem].[UpdaterID] AS [UpdaterID],[FileItem].[UpdaterName] AS [UpdaterName],[FileItem].[CreateDt] AS [CreateDt],[FileItem].[UpdateDt] AS [UpdateDt],[FileItem].[IsDeleted] AS [IsDeleted],[FileItem].[CreaterName] AS [CreaterName],[FileItem].[CreaterID] AS [CreaterID] FROM [FileItem] AS [FileItem] INNER JOIN [appVersion] AS [appVersion] ON ([FileItem].[Ass_appVersion] = [appVersion].[Id] AND [appVersion].[Ass_ReleaseTask] = @P_0) ORDER BY [FileItem].[CreateDt] DESC LIMIT 10 OFFSET 0
 
 
发生时间：2020-03-26 22:01:42,898 
内容： 
[ReaderExecuted]15 
 
