发生时间：2020-03-25 19:17:08,120 
内容： 
[ReaderExecuting]Input String @P_0 = 'admin';
SELECT [SysUser].[Id] AS [Id],[SysUser].[Email] AS [Email],[SysUser].[UserName] AS [UserName],[SysUser].[Mobile] AS [Mobile],[SysUser].[Password] AS [Password],[SysUser].[IsEnabled] AS [IsEnabled],[SysUser].[UserType] AS [UserType],[SysUser].[RecomendId] AS [RecomendId],[SysUser].[Birthday] AS [Birthday],[SysUser].[IdentityId] AS [IdentityId],[SysUser].[Photo] AS [Photo],[SysUser].[TelNo] AS [TelNo],[SysUser].[ComName] AS [ComName],[SysUser].[loginType] AS [loginType],[SysUser].[AppSiteKey] AS [AppSiteKey],[SysUser].[secretKey] AS [secretKey],[SysUser].[Description] AS [Description],[SysUser].[LoginId] AS [LoginId],[SysUser].[sex] AS [sex],[SysUser].[OtherLoginId] AS [OtherLoginId],[SysUser].[Ass_Areas] AS [Ass_Areas_Id],[SysUser].[UpdaterID] AS [UpdaterID],[SysUser].[UpdaterName] AS [UpdaterName],[SysUser].[CreateDt] AS [CreateDt],[SysUser].[UpdateDt] AS [UpdateDt],[SysUser].[IsDeleted] AS [IsDeleted],[SysUser].[CreaterName] AS [CreaterName],[SysUser].[CreaterID] AS [CreaterID] FROM [SysUser] AS [SysUser] WHERE ([SysUser].[IsEnabled] = 1 AND ([SysUser].[AppSiteKey] IS NULL OR [SysUser].[AppSiteKey] = '*') AND ([SysUser].[LoginId] = @P_0 OR [SysUser].[Mobile] = @P_0 OR [SysUser].[Email] = @P_0)) LIMIT 1 OFFSET 0
 
 
发生时间：2020-03-25 19:17:08,158 
内容： 
[ReaderExecuted]28 
 
发生时间：2020-03-25 19:17:08,232 
内容： 
[ReaderExecuting]select table_a .*  from SysRole table_a ,AssC_SysRoleSysUser table_b where table_a.Id=table_b.AssC_SysRole and table_b.AssC_SysUser=1
 
 
发生时间：2020-03-25 19:17:08,235 
内容： 
[ReaderExecuted]11 
 
发生时间：2020-03-25 19:17:08,318 
内容： 
[ReaderExecuting]Input String @P_0 = '1';
SELECT [LoginHistory].[Id] AS [C] FROM [LoginHistory] AS [LoginHistory] WHERE ([LoginHistory].[valid] = 1 AND [LoginHistory].[Ass_SysUser] = @P_0)
 
 
发生时间：2020-03-25 19:17:08,321 
内容： 
[ReaderExecuted]1 
 
发生时间：2020-03-25 19:17:08,352 
内容： 
[ScalarExecuting]Input String @P_0 = '9e8f5149-b539-456a-a716-406ca0752437';
Input DateTime @P_1 = '2020/3/26 0:17:08';
Input Boolean @P_2 = True;
Input String @P_3 = '127.0.0.1';
Input Int32 @P_4 = 1;
Input String @P_5 = '1';
Input String @P_6 = 'admin';
Input DateTime @P_7 = '2020/3/25 19:17:08';
Input DateTime @P_8 = '2020/3/25 19:17:08';
Input Boolean @P_9 = False;
INSERT INTO [LoginHistory]([Token],[ExpireDt],[valid],[IpFrom],[Ass_SysUser],[UpdaterID],[UpdaterName],[CreateDt],[UpdateDt],[IsDeleted],[CreaterName],[CreaterID]) VALUES(@P_0,@P_1,@P_2,@P_3,@P_4,@P_5,@P_6,@P_7,@P_8,@P_9,@P_6,@P_5);SELECT LAST_INSERT_ROWID()
 
 
发生时间：2020-03-25 19:17:08,367 
内容： 
[ScalarExecuted]4 
 
发生时间：2020-03-25 19:17:08,375 
内容： 
[NonQueryExecuting]UPDATE [LoginHistory] SET [valid]=0 WHERE [LoginHistory].[Id] IN (3)
 
 
发生时间：2020-03-25 19:17:08,377 
内容： 
[NonQueryExecuted]1 
 
发生时间：2020-03-25 19:17:08,531 
内容： 
[ReaderExecuting]Input Int32 @P_0 = 1;
SELECT [SysUser].[Id] AS [Id],[SysUser].[Email] AS [Email],[SysUser].[UserName] AS [UserName],[SysUser].[Mobile] AS [Mobile],[SysUser].[Password] AS [Password],[SysUser].[IsEnabled] AS [IsEnabled],[SysUser].[UserType] AS [UserType],[SysUser].[RecomendId] AS [RecomendId],[SysUser].[Birthday] AS [Birthday],[SysUser].[IdentityId] AS [IdentityId],[SysUser].[Photo] AS [Photo],[SysUser].[TelNo] AS [TelNo],[SysUser].[ComName] AS [ComName],[SysUser].[loginType] AS [loginType],[SysUser].[AppSiteKey] AS [AppSiteKey],[SysUser].[secretKey] AS [secretKey],[SysUser].[Description] AS [Description],[SysUser].[LoginId] AS [LoginId],[SysUser].[sex] AS [sex],[SysUser].[OtherLoginId] AS [OtherLoginId],[SysUser].[Ass_Areas] AS [Ass_Areas_Id],[SysUser].[UpdaterID] AS [UpdaterID],[SysUser].[UpdaterName] AS [UpdaterName],[SysUser].[CreateDt] AS [CreateDt],[SysUser].[UpdateDt] AS [UpdateDt],[SysUser].[IsDeleted] AS [IsDeleted],[SysUser].[CreaterName] AS [CreaterName],[SysUser].[CreaterID] AS [CreaterID] FROM [SysUser] AS [SysUser] WHERE [SysUser].[Id] = @P_0 LIMIT 1 OFFSET 0
 
 
发生时间：2020-03-25 19:17:08,538 
内容： 
[ReaderExecuted]28 
 
发生时间：2020-03-25 19:17:08,566 
内容： 
[ReaderExecuting]select table_a .*  from SysRole table_a ,AssC_SysRoleSysUser table_b where table_a.Id=table_b.AssC_SysRole and table_b.AssC_SysUser=1
 
 
发生时间：2020-03-25 19:17:08,569 
内容： 
[ReaderExecuted]11 
 
发生时间：2020-03-25 19:17:08,617 
内容： 
[ReaderExecuting]Input Int32 @P_0 = 0;
SELECT [MenuGroup].[Id] AS [Id],[MenuGroup].[Icon] AS [Icon],[MenuGroup].[Name] AS [Name],[MenuGroup].[SortCode] AS [SortCode],[MenuGroup].[Ass_Parent] AS [Ass_Parent_Id],[MenuGroup].[UpdaterID] AS [UpdaterID],[MenuGroup].[UpdaterName] AS [UpdaterName],[MenuGroup].[CreateDt] AS [CreateDt],[MenuGroup].[UpdateDt] AS [UpdateDt],[MenuGroup].[IsDeleted] AS [IsDeleted],[MenuGroup].[CreaterName] AS [CreaterName],[MenuGroup].[CreaterID] AS [CreaterID] FROM [MenuGroup] AS [MenuGroup] WHERE ([MenuGroup].[Ass_Parent] IS NULL OR [MenuGroup].[Ass_Parent] <= @P_0)
 
 
发生时间：2020-03-25 19:17:08,626 
内容： 
[ReaderExecuted]12 
 
发生时间：2020-03-25 19:17:08,644 
内容： 
[ReaderExecuting]select table_a.* from Menu table_a where  table_a.Ass_MenuGroup=1
 
 
发生时间：2020-03-25 19:17:08,646 
内容： 
[ReaderExecuted]13 
 
发生时间：2020-03-25 19:17:08,701 
内容： 
[ReaderExecuting]select table_a.* from MenuGroup table_a where  table_a.Ass_Parent=1
 
 
发生时间：2020-03-25 19:17:08,704 
内容： 
[ReaderExecuted]12 
 
发生时间：2020-03-25 19:17:08,708 
内容： 
[ReaderExecuting]select table_a.* from Menu table_a where  table_a.Ass_MenuGroup=2
 
 
发生时间：2020-03-25 19:17:08,711 
内容： 
[ReaderExecuted]13 
 
发生时间：2020-03-25 19:17:08,713 
内容： 
[ReaderExecuting]select table_a.* from MenuGroup table_a where  table_a.Ass_Parent=2
 
 
发生时间：2020-03-25 19:17:08,717 
内容： 
[ReaderExecuted]12 
 
发生时间：2020-03-25 19:17:08,719 
内容： 
[ReaderExecuting]select table_a.* from Menu table_a where  table_a.Ass_MenuGroup=3
 
 
发生时间：2020-03-25 19:17:08,722 
内容： 
[ReaderExecuted]13 
 
发生时间：2020-03-25 19:17:08,726 
内容： 
[ReaderExecuting]select table_a.* from MenuGroup table_a where  table_a.Ass_Parent=3
 
 
发生时间：2020-03-25 19:17:08,728 
内容： 
[ReaderExecuted]12 
 
发生时间：2020-03-25 19:17:08,730 
内容： 
[ReaderExecuting]select table_a.* from Menu table_a where  table_a.Ass_MenuGroup=4
 
 
发生时间：2020-03-25 19:17:08,732 
内容： 
[ReaderExecuted]13 
 
发生时间：2020-03-25 19:17:08,737 
内容： 
[ReaderExecuting]select table_a.* from MenuGroup table_a where  table_a.Ass_Parent=4
 
 
发生时间：2020-03-25 19:17:08,740 
内容： 
[ReaderExecuted]12 
 
发生时间：2020-03-25 19:17:54,468 
内容： 
[ReaderExecuting]Input Int32 @P_0 = 1;
SELECT [SysUser].[Id] AS [Id],[SysUser].[Email] AS [Email],[SysUser].[UserName] AS [UserName],[SysUser].[Mobile] AS [Mobile],[SysUser].[Password] AS [Password],[SysUser].[IsEnabled] AS [IsEnabled],[SysUser].[UserType] AS [UserType],[SysUser].[RecomendId] AS [RecomendId],[SysUser].[Birthday] AS [Birthday],[SysUser].[IdentityId] AS [IdentityId],[SysUser].[Photo] AS [Photo],[SysUser].[TelNo] AS [TelNo],[SysUser].[ComName] AS [ComName],[SysUser].[loginType] AS [loginType],[SysUser].[AppSiteKey] AS [AppSiteKey],[SysUser].[secretKey] AS [secretKey],[SysUser].[Description] AS [Description],[SysUser].[LoginId] AS [LoginId],[SysUser].[sex] AS [sex],[SysUser].[OtherLoginId] AS [OtherLoginId],[SysUser].[Ass_Areas] AS [Ass_Areas_Id],[SysUser].[UpdaterID] AS [UpdaterID],[SysUser].[UpdaterName] AS [UpdaterName],[SysUser].[CreateDt] AS [CreateDt],[SysUser].[UpdateDt] AS [UpdateDt],[SysUser].[IsDeleted] AS [IsDeleted],[SysUser].[CreaterName] AS [CreaterName],[SysUser].[CreaterID] AS [CreaterID] FROM [SysUser] AS [SysUser] WHERE [SysUser].[Id] = @P_0 LIMIT 1 OFFSET 0
 
 
发生时间：2020-03-25 19:17:54,516 
内容： 
[ReaderExecuted]28 
 
发生时间：2020-03-25 19:17:54,611 
内容： 
[ReaderExecuting]select table_a .*  from SysRole table_a ,AssC_SysRoleSysUser table_b where table_a.Id=table_b.AssC_SysRole and table_b.AssC_SysUser=1
 
 
发生时间：2020-03-25 19:17:54,614 
内容： 
[ReaderExecuted]11 
 
发生时间：2020-03-25 19:17:54,726 
内容： 
[ReaderExecuting]Input Int32 @P_0 = 0;
SELECT [MenuGroup].[Id] AS [Id],[MenuGroup].[Icon] AS [Icon],[MenuGroup].[Name] AS [Name],[MenuGroup].[SortCode] AS [SortCode],[MenuGroup].[Ass_Parent] AS [Ass_Parent_Id],[MenuGroup].[UpdaterID] AS [UpdaterID],[MenuGroup].[UpdaterName] AS [UpdaterName],[MenuGroup].[CreateDt] AS [CreateDt],[MenuGroup].[UpdateDt] AS [UpdateDt],[MenuGroup].[IsDeleted] AS [IsDeleted],[MenuGroup].[CreaterName] AS [CreaterName],[MenuGroup].[CreaterID] AS [CreaterID] FROM [MenuGroup] AS [MenuGroup] WHERE ([MenuGroup].[Ass_Parent] IS NULL OR [MenuGroup].[Ass_Parent] <= @P_0)
 
 
发生时间：2020-03-25 19:17:54,737 
内容： 
[ReaderExecuted]12 
 
发生时间：2020-03-25 19:17:54,756 
内容： 
[ReaderExecuting]select table_a.* from Menu table_a where  table_a.Ass_MenuGroup=1
 
 
发生时间：2020-03-25 19:17:54,758 
内容： 
[ReaderExecuted]13 
 
发生时间：2020-03-25 19:17:54,815 
内容： 
[ReaderExecuting]select table_a.* from MenuGroup table_a where  table_a.Ass_Parent=1
 
 
发生时间：2020-03-25 19:17:54,817 
内容： 
[ReaderExecuted]12 
 
发生时间：2020-03-25 19:17:54,820 
内容： 
[ReaderExecuting]select table_a.* from Menu table_a where  table_a.Ass_MenuGroup=2
 
 
发生时间：2020-03-25 19:17:54,822 
内容： 
[ReaderExecuted]13 
 
发生时间：2020-03-25 19:17:54,827 
内容： 
[ReaderExecuting]select table_a.* from MenuGroup table_a where  table_a.Ass_Parent=2
 
 
发生时间：2020-03-25 19:17:54,829 
内容： 
[ReaderExecuted]12 
 
发生时间：2020-03-25 19:17:54,832 
内容： 
[ReaderExecuting]select table_a.* from Menu table_a where  table_a.Ass_MenuGroup=3
 
 
发生时间：2020-03-25 19:17:54,834 
内容： 
[ReaderExecuted]13 
 
发生时间：2020-03-25 19:17:54,841 
内容： 
[ReaderExecuting]select table_a.* from MenuGroup table_a where  table_a.Ass_Parent=3
 
 
发生时间：2020-03-25 19:17:54,844 
内容： 
[ReaderExecuted]12 
 
发生时间：2020-03-25 19:17:54,846 
内容： 
[ReaderExecuting]select table_a.* from Menu table_a where  table_a.Ass_MenuGroup=4
 
 
发生时间：2020-03-25 19:17:54,849 
内容： 
[ReaderExecuted]13 
 
发生时间：2020-03-25 19:17:54,853 
内容： 
[ReaderExecuting]select table_a.* from MenuGroup table_a where  table_a.Ass_Parent=4
 
 
发生时间：2020-03-25 19:17:54,855 
内容： 
[ReaderExecuted]12 
 
发生时间：2020-03-25 19:18:25,531 
内容： 
[ReaderExecuting]Input Int32 @P_0 = 0;
SELECT [Zone].[Id] AS [Id],[Zone].[Name] AS [Name],[Zone].[Key] AS [Key],[Zone].[Ass_Region] AS [Ass_Region_Id],[Zone].[UpdaterID] AS [UpdaterID],[Zone].[UpdaterName] AS [UpdaterName],[Zone].[CreateDt] AS [CreateDt],[Zone].[UpdateDt] AS [UpdateDt],[Zone].[IsDeleted] AS [IsDeleted],[Zone].[CreaterName] AS [CreaterName],[Zone].[CreaterID] AS [CreaterID] FROM [Zone] AS [Zone] WHERE [Zone].[Id] = @P_0 LIMIT 1 OFFSET 0
 
 
发生时间：2020-03-25 19:18:25,534 
内容： 
[ReaderExecuting]SELECT COUNT(1) AS [C] FROM [Region] AS [Region] WHERE NOT ([Region].[IsDeleted] = 1)
 
 
发生时间：2020-03-25 19:18:25,556 
内容： 
[ReaderExecuted]11 
 
发生时间：2020-03-25 19:18:25,585 
内容： 
[ReaderExecuted]1 
 
发生时间：2020-03-25 19:18:25,707 
内容： 
[ReaderExecuting]SELECT [Region].[Id] AS [Id],[Region].[Key] AS [Key],[Region].[Name] AS [Name],[Region].[UpdaterID] AS [UpdaterID],[Region].[UpdaterName] AS [UpdaterName],[Region].[CreateDt] AS [CreateDt],[Region].[UpdateDt] AS [UpdateDt],[Region].[IsDeleted] AS [IsDeleted],[Region].[CreaterName] AS [CreaterName],[Region].[CreaterID] AS [CreaterID] FROM [Region] AS [Region] WHERE NOT ([Region].[IsDeleted] = 1) ORDER BY [Region].[CreateDt] DESC LIMIT 100 OFFSET 0
 
 
发生时间：2020-03-25 19:18:25,806 
内容： 
[ReaderExecuted]10 
 
发生时间：2020-03-25 19:18:26,047 
内容： 
[ReaderExecuting]Input Int32 @P_0 = 2;
SELECT [Region].[Id] AS [Id],[Region].[Key] AS [Key],[Region].[Name] AS [Name],[Region].[UpdaterID] AS [UpdaterID],[Region].[UpdaterName] AS [UpdaterName],[Region].[CreateDt] AS [CreateDt],[Region].[UpdateDt] AS [UpdateDt],[Region].[IsDeleted] AS [IsDeleted],[Region].[CreaterName] AS [CreaterName],[Region].[CreaterID] AS [CreaterID] FROM [Region] AS [Region] WHERE [Region].[Id] = @P_0 LIMIT 1 OFFSET 0
 
 
发生时间：2020-03-25 19:18:26,064 
内容： 
[ReaderExecuted]10 
 
发生时间：2020-03-25 19:18:26,088 
内容： 
[ReaderExecuting]Input String @P_0 = '2';
SELECT COUNT(1) AS [C] FROM [Zone] AS [Zone] WHERE (NOT ([Zone].[IsDeleted] = 1) AND [Zone].[Ass_Region] = @P_0)
 
 
发生时间：2020-03-25 19:18:26,103 
内容： 
[ReaderExecuted]1 
 
发生时间：2020-03-25 19:18:26,107 
内容： 
[ReaderExecuting]Input String @P_0 = '2';
SELECT [Zone].[Id] AS [Id],[Zone].[Name] AS [Name],[Zone].[Key] AS [Key],[Zone].[Ass_Region] AS [Ass_Region_Id],[Zone].[UpdaterID] AS [UpdaterID],[Zone].[UpdaterName] AS [UpdaterName],[Zone].[CreateDt] AS [CreateDt],[Zone].[UpdateDt] AS [UpdateDt],[Zone].[IsDeleted] AS [IsDeleted],[Zone].[CreaterName] AS [CreaterName],[Zone].[CreaterID] AS [CreaterID] FROM [Zone] AS [Zone] WHERE (NOT ([Zone].[IsDeleted] = 1) AND [Zone].[Ass_Region] = @P_0) ORDER BY [Zone].[CreateDt] DESC LIMIT 100 OFFSET 0
 
 
发生时间：2020-03-25 19:18:26,140 
内容： 
[ReaderExecuted]11 
 
发生时间：2020-03-25 19:18:36,957 
内容： 
[ReaderExecuting]Input Int32 @P_0 = 1;
SELECT [Region].[Id] AS [Id],[Region].[Key] AS [Key],[Region].[Name] AS [Name],[Region].[UpdaterID] AS [UpdaterID],[Region].[UpdaterName] AS [UpdaterName],[Region].[CreateDt] AS [CreateDt],[Region].[UpdateDt] AS [UpdateDt],[Region].[IsDeleted] AS [IsDeleted],[Region].[CreaterName] AS [CreaterName],[Region].[CreaterID] AS [CreaterID] FROM [Region] AS [Region] WHERE [Region].[Id] = @P_0 LIMIT 1 OFFSET 0
 
 
发生时间：2020-03-25 19:18:36,996 
内容： 
[ReaderExecuted]10 
 
发生时间：2020-03-25 19:18:37,015 
内容： 
[ReaderExecuting]Input String @P_0 = '1';
SELECT COUNT(1) AS [C] FROM [Zone] AS [Zone] WHERE (NOT ([Zone].[IsDeleted] = 1) AND [Zone].[Ass_Region] = @P_0)
 
 
发生时间：2020-03-25 19:18:37,039 
内容： 
[ReaderExecuted]1 
 
发生时间：2020-03-25 19:18:37,059 
内容： 
[ReaderExecuting]Input String @P_0 = '1';
SELECT [Zone].[Id] AS [Id],[Zone].[Name] AS [Name],[Zone].[Key] AS [Key],[Zone].[Ass_Region] AS [Ass_Region_Id],[Zone].[UpdaterID] AS [UpdaterID],[Zone].[UpdaterName] AS [UpdaterName],[Zone].[CreateDt] AS [CreateDt],[Zone].[UpdateDt] AS [UpdateDt],[Zone].[IsDeleted] AS [IsDeleted],[Zone].[CreaterName] AS [CreaterName],[Zone].[CreaterID] AS [CreaterID] FROM [Zone] AS [Zone] WHERE (NOT ([Zone].[IsDeleted] = 1) AND [Zone].[Ass_Region] = @P_0) ORDER BY [Zone].[CreateDt] DESC LIMIT 100 OFFSET 0
 
 
发生时间：2020-03-25 19:18:37,129 
内容： 
[ReaderExecuted]11 
 
发生时间：2020-03-25 19:18:39,914 
内容： 
[ReaderExecuting]Input Int32 @P_0 = 1;
SELECT [Zone].[Id] AS [Id],[Zone].[Name] AS [Name],[Zone].[Key] AS [Key],[Zone].[Ass_Region] AS [Ass_Region_Id],[Zone].[UpdaterID] AS [UpdaterID],[Zone].[UpdaterName] AS [UpdaterName],[Zone].[CreateDt] AS [CreateDt],[Zone].[UpdateDt] AS [UpdateDt],[Zone].[IsDeleted] AS [IsDeleted],[Zone].[CreaterName] AS [CreaterName],[Zone].[CreaterID] AS [CreaterID] FROM [Zone] AS [Zone] WHERE [Zone].[Id] = @P_0 LIMIT 1 OFFSET 0
 
 
发生时间：2020-03-25 19:18:39,941 
内容： 
[ReaderExecuted]11 
 
发生时间：2020-03-25 19:18:39,969 
内容： 
[ReaderExecuting]Input String @P_0 = '1';
SELECT COUNT(1) AS [C] FROM [HostResource] AS [HostResource] WHERE (NOT ([HostResource].[IsDeleted] = 1) AND [HostResource].[Ass_Zone] = @P_0)
 
 
发生时间：2020-03-25 19:18:39,973 
内容： 
[ReaderExecuted]1 
 
发生时间：2020-03-25 19:18:40,055 
内容： 
[ReaderExecuting]Input String @P_0 = '1';
SELECT [HostResource].[Id] AS [Id],[HostResource].[IP] AS [IP],[HostResource].[clientSessionId] AS [clientSessionId],[HostResource].[allocFromPort] AS [allocFromPort],[HostResource].[nodePort] AS [nodePort],[HostResource].[nodeId] AS [nodeId],[HostResource].[allocEndPort] AS [allocEndPort],[HostResource].[haveNginx] AS [haveNginx],[HostResource].[nginxIsRun] AS [nginxIsRun],[HostResource].[appBaseDir] AS [appBaseDir],[HostResource].[hostName] AS [hostName],[HostResource].[macId] AS [macId],[HostResource].[cpuName] AS [cpuName],[HostResource].[Ass_Zone] AS [Ass_Zone_Id],[HostResource].[UpdaterID] AS [UpdaterID],[HostResource].[UpdaterName] AS [UpdaterName],[HostResource].[CreateDt] AS [CreateDt],[HostResource].[UpdateDt] AS [UpdateDt],[HostResource].[IsDeleted] AS [IsDeleted],[HostResource].[CreaterName] AS [CreaterName],[HostResource].[CreaterID] AS [CreaterID] FROM [HostResource] AS [HostResource] WHERE (NOT ([HostResource].[IsDeleted] = 1) AND [HostResource].[Ass_Zone] = @P_0) ORDER BY [HostResource].[CreateDt] DESC LIMIT 10 OFFSET 0
 
 
发生时间：2020-03-25 19:18:40,117 
内容： 
[ReaderExecuted]21 
 
发生时间：2020-03-25 20:22:33,242 
内容： 
[ReaderExecuting]Input Int32 @P_0 = 1;
SELECT [SysUser].[Id] AS [Id],[SysUser].[Email] AS [Email],[SysUser].[UserName] AS [UserName],[SysUser].[Mobile] AS [Mobile],[SysUser].[Password] AS [Password],[SysUser].[IsEnabled] AS [IsEnabled],[SysUser].[UserType] AS [UserType],[SysUser].[RecomendId] AS [RecomendId],[SysUser].[Birthday] AS [Birthday],[SysUser].[IdentityId] AS [IdentityId],[SysUser].[Photo] AS [Photo],[SysUser].[TelNo] AS [TelNo],[SysUser].[ComName] AS [ComName],[SysUser].[loginType] AS [loginType],[SysUser].[AppSiteKey] AS [AppSiteKey],[SysUser].[secretKey] AS [secretKey],[SysUser].[Description] AS [Description],[SysUser].[LoginId] AS [LoginId],[SysUser].[sex] AS [sex],[SysUser].[OtherLoginId] AS [OtherLoginId],[SysUser].[Ass_Areas] AS [Ass_Areas_Id],[SysUser].[UpdaterID] AS [UpdaterID],[SysUser].[UpdaterName] AS [UpdaterName],[SysUser].[CreateDt] AS [CreateDt],[SysUser].[UpdateDt] AS [UpdateDt],[SysUser].[IsDeleted] AS [IsDeleted],[SysUser].[CreaterName] AS [CreaterName],[SysUser].[CreaterID] AS [CreaterID] FROM [SysUser] AS [SysUser] WHERE [SysUser].[Id] = @P_0 LIMIT 1 OFFSET 0
 
 
发生时间：2020-03-25 20:22:33,289 
内容： 
[ReaderExecuted]28 
 
发生时间：2020-03-25 20:22:33,383 
内容： 
[ReaderExecuting]select table_a .*  from SysRole table_a ,AssC_SysRoleSysUser table_b where table_a.Id=table_b.AssC_SysRole and table_b.AssC_SysUser=1
 
 
发生时间：2020-03-25 20:22:33,385 
内容： 
[ReaderExecuted]11 
 
发生时间：2020-03-25 20:22:33,467 
内容： 
[ReaderExecuting]Input Int32 @P_0 = 0;
SELECT [MenuGroup].[Id] AS [Id],[MenuGroup].[Icon] AS [Icon],[MenuGroup].[Name] AS [Name],[MenuGroup].[SortCode] AS [SortCode],[MenuGroup].[Ass_Parent] AS [Ass_Parent_Id],[MenuGroup].[UpdaterID] AS [UpdaterID],[MenuGroup].[UpdaterName] AS [UpdaterName],[MenuGroup].[CreateDt] AS [CreateDt],[MenuGroup].[UpdateDt] AS [UpdateDt],[MenuGroup].[IsDeleted] AS [IsDeleted],[MenuGroup].[CreaterName] AS [CreaterName],[MenuGroup].[CreaterID] AS [CreaterID] FROM [MenuGroup] AS [MenuGroup] WHERE ([MenuGroup].[Ass_Parent] IS NULL OR [MenuGroup].[Ass_Parent] <= @P_0)
 
 
发生时间：2020-03-25 20:22:33,472 
内容： 
[ReaderExecuted]12 
 
发生时间：2020-03-25 20:22:33,487 
内容： 
[ReaderExecuting]select table_a.* from Menu table_a where  table_a.Ass_MenuGroup=1
 
 
发生时间：2020-03-25 20:22:33,488 
内容： 
[ReaderExecuted]13 
 
发生时间：2020-03-25 20:22:33,537 
内容： 
[ReaderExecuting]select table_a.* from MenuGroup table_a where  table_a.Ass_Parent=1
 
 
发生时间：2020-03-25 20:22:33,549 
内容： 
[ReaderExecuted]12 
 
发生时间：2020-03-25 20:22:33,552 
内容： 
[ReaderExecuting]select table_a.* from Menu table_a where  table_a.Ass_MenuGroup=2
 
 
发生时间：2020-03-25 20:22:33,555 
内容： 
[ReaderExecuted]13 
 
发生时间：2020-03-25 20:22:33,557 
内容： 
[ReaderExecuting]select table_a.* from MenuGroup table_a where  table_a.Ass_Parent=2
 
 
发生时间：2020-03-25 20:22:33,560 
内容： 
[ReaderExecuted]12 
 
发生时间：2020-03-25 20:22:33,564 
内容： 
[ReaderExecuting]select table_a.* from Menu table_a where  table_a.Ass_MenuGroup=3
 
 
发生时间：2020-03-25 20:22:33,569 
内容： 
[ReaderExecuted]13 
 
发生时间：2020-03-25 20:22:33,574 
内容： 
[ReaderExecuting]select table_a.* from MenuGroup table_a where  table_a.Ass_Parent=3
 
 
发生时间：2020-03-25 20:22:33,578 
内容： 
[ReaderExecuted]12 
 
发生时间：2020-03-25 20:22:33,582 
内容： 
[ReaderExecuting]select table_a.* from Menu table_a where  table_a.Ass_MenuGroup=4
 
 
发生时间：2020-03-25 20:22:33,584 
内容： 
[ReaderExecuted]13 
 
发生时间：2020-03-25 20:22:33,587 
内容： 
[ReaderExecuting]select table_a.* from MenuGroup table_a where  table_a.Ass_Parent=4
 
 
发生时间：2020-03-25 20:22:33,589 
内容： 
[ReaderExecuted]12 
 
发生时间：2020-03-25 20:22:41,966 
内容： 
[ReaderExecuting]Input Int32 @P_0 = 0;
SELECT [Zone].[Id] AS [Id],[Zone].[Name] AS [Name],[Zone].[Key] AS [Key],[Zone].[Ass_Region] AS [Ass_Region_Id],[Zone].[UpdaterID] AS [UpdaterID],[Zone].[UpdaterName] AS [UpdaterName],[Zone].[CreateDt] AS [CreateDt],[Zone].[UpdateDt] AS [UpdateDt],[Zone].[IsDeleted] AS [IsDeleted],[Zone].[CreaterName] AS [CreaterName],[Zone].[CreaterID] AS [CreaterID] FROM [Zone] AS [Zone] WHERE [Zone].[Id] = @P_0 LIMIT 1 OFFSET 0
 
 
发生时间：2020-03-25 20:22:41,985 
内容： 
[ReaderExecuting]SELECT COUNT(1) AS [C] FROM [Region] AS [Region] WHERE NOT ([Region].[IsDeleted] = 1)
 
 
发生时间：2020-03-25 20:22:41,992 
内容： 
[ReaderExecuted]11 
 
发生时间：2020-03-25 20:22:41,993 
内容： 
[ReaderExecuted]1 
 
发生时间：2020-03-25 20:22:42,099 
内容： 
[ReaderExecuting]SELECT [Region].[Id] AS [Id],[Region].[Key] AS [Key],[Region].[Name] AS [Name],[Region].[UpdaterID] AS [UpdaterID],[Region].[UpdaterName] AS [UpdaterName],[Region].[CreateDt] AS [CreateDt],[Region].[UpdateDt] AS [UpdateDt],[Region].[IsDeleted] AS [IsDeleted],[Region].[CreaterName] AS [CreaterName],[Region].[CreaterID] AS [CreaterID] FROM [Region] AS [Region] WHERE NOT ([Region].[IsDeleted] = 1) ORDER BY [Region].[CreateDt] DESC LIMIT 100 OFFSET 0
 
 
发生时间：2020-03-25 20:22:42,103 
内容： 
[ReaderExecuted]10 
 
发生时间：2020-03-25 20:22:42,209 
内容： 
[ReaderExecuting]Input Int32 @P_0 = 2;
SELECT [Region].[Id] AS [Id],[Region].[Key] AS [Key],[Region].[Name] AS [Name],[Region].[UpdaterID] AS [UpdaterID],[Region].[UpdaterName] AS [UpdaterName],[Region].[CreateDt] AS [CreateDt],[Region].[UpdateDt] AS [UpdateDt],[Region].[IsDeleted] AS [IsDeleted],[Region].[CreaterName] AS [CreaterName],[Region].[CreaterID] AS [CreaterID] FROM [Region] AS [Region] WHERE [Region].[Id] = @P_0 LIMIT 1 OFFSET 0
 
 
发生时间：2020-03-25 20:22:42,213 
内容： 
[ReaderExecuted]10 
 
发生时间：2020-03-25 20:22:42,225 
内容： 
[ReaderExecuting]Input String @P_0 = '2';
SELECT COUNT(1) AS [C] FROM [Zone] AS [Zone] WHERE (NOT ([Zone].[IsDeleted] = 1) AND [Zone].[Ass_Region] = @P_0)
 
 
发生时间：2020-03-25 20:22:42,229 
内容： 
[ReaderExecuted]1 
 
发生时间：2020-03-25 20:22:42,234 
内容： 
[ReaderExecuting]Input String @P_0 = '2';
SELECT [Zone].[Id] AS [Id],[Zone].[Name] AS [Name],[Zone].[Key] AS [Key],[Zone].[Ass_Region] AS [Ass_Region_Id],[Zone].[UpdaterID] AS [UpdaterID],[Zone].[UpdaterName] AS [UpdaterName],[Zone].[CreateDt] AS [CreateDt],[Zone].[UpdateDt] AS [UpdateDt],[Zone].[IsDeleted] AS [IsDeleted],[Zone].[CreaterName] AS [CreaterName],[Zone].[CreaterID] AS [CreaterID] FROM [Zone] AS [Zone] WHERE (NOT ([Zone].[IsDeleted] = 1) AND [Zone].[Ass_Region] = @P_0) ORDER BY [Zone].[CreateDt] DESC LIMIT 100 OFFSET 0
 
 
发生时间：2020-03-25 20:22:42,238 
内容： 
[ReaderExecuted]11 
 
发生时间：2020-03-25 20:22:46,722 
内容： 
[ReaderExecuting]Input Int32 @P_0 = 1;
SELECT [Region].[Id] AS [Id],[Region].[Key] AS [Key],[Region].[Name] AS [Name],[Region].[UpdaterID] AS [UpdaterID],[Region].[UpdaterName] AS [UpdaterName],[Region].[CreateDt] AS [CreateDt],[Region].[UpdateDt] AS [UpdateDt],[Region].[IsDeleted] AS [IsDeleted],[Region].[CreaterName] AS [CreaterName],[Region].[CreaterID] AS [CreaterID] FROM [Region] AS [Region] WHERE [Region].[Id] = @P_0 LIMIT 1 OFFSET 0
 
 
发生时间：2020-03-25 20:22:46,731 
内容： 
[ReaderExecuted]10 
 
发生时间：2020-03-25 20:22:46,735 
内容： 
[ReaderExecuting]Input String @P_0 = '1';
SELECT COUNT(1) AS [C] FROM [Zone] AS [Zone] WHERE (NOT ([Zone].[IsDeleted] = 1) AND [Zone].[Ass_Region] = @P_0)
 
 
发生时间：2020-03-25 20:22:46,737 
内容： 
[ReaderExecuted]1 
 
发生时间：2020-03-25 20:22:46,740 
内容： 
[ReaderExecuting]Input String @P_0 = '1';
SELECT [Zone].[Id] AS [Id],[Zone].[Name] AS [Name],[Zone].[Key] AS [Key],[Zone].[Ass_Region] AS [Ass_Region_Id],[Zone].[UpdaterID] AS [UpdaterID],[Zone].[UpdaterName] AS [UpdaterName],[Zone].[CreateDt] AS [CreateDt],[Zone].[UpdateDt] AS [UpdateDt],[Zone].[IsDeleted] AS [IsDeleted],[Zone].[CreaterName] AS [CreaterName],[Zone].[CreaterID] AS [CreaterID] FROM [Zone] AS [Zone] WHERE (NOT ([Zone].[IsDeleted] = 1) AND [Zone].[Ass_Region] = @P_0) ORDER BY [Zone].[CreateDt] DESC LIMIT 100 OFFSET 0
 
 
发生时间：2020-03-25 20:22:46,745 
内容： 
[ReaderExecuted]11 
 
发生时间：2020-03-25 20:22:49,417 
内容： 
[ReaderExecuting]Input Int32 @P_0 = 1;
SELECT [Zone].[Id] AS [Id],[Zone].[Name] AS [Name],[Zone].[Key] AS [Key],[Zone].[Ass_Region] AS [Ass_Region_Id],[Zone].[UpdaterID] AS [UpdaterID],[Zone].[UpdaterName] AS [UpdaterName],[Zone].[CreateDt] AS [CreateDt],[Zone].[UpdateDt] AS [UpdateDt],[Zone].[IsDeleted] AS [IsDeleted],[Zone].[CreaterName] AS [CreaterName],[Zone].[CreaterID] AS [CreaterID] FROM [Zone] AS [Zone] WHERE [Zone].[Id] = @P_0 LIMIT 1 OFFSET 0
 
 
发生时间：2020-03-25 20:22:49,423 
内容： 
[ReaderExecuted]11 
 
发生时间：2020-03-25 20:22:49,438 
内容： 
[ReaderExecuting]Input String @P_0 = '1';
SELECT COUNT(1) AS [C] FROM [HostResource] AS [HostResource] WHERE (NOT ([HostResource].[IsDeleted] = 1) AND [HostResource].[Ass_Zone] = @P_0)
 
 
发生时间：2020-03-25 20:22:49,442 
内容： 
[ReaderExecuted]1 
 
发生时间：2020-03-25 20:22:49,523 
内容： 
[ReaderExecuting]Input String @P_0 = '1';
SELECT [HostResource].[Id] AS [Id],[HostResource].[IP] AS [IP],[HostResource].[clientSessionId] AS [clientSessionId],[HostResource].[allocFromPort] AS [allocFromPort],[HostResource].[nodePort] AS [nodePort],[HostResource].[nodeId] AS [nodeId],[HostResource].[allocEndPort] AS [allocEndPort],[HostResource].[haveNginx] AS [haveNginx],[HostResource].[nginxIsRun] AS [nginxIsRun],[HostResource].[appBaseDir] AS [appBaseDir],[HostResource].[nginxConfPath] AS [nginxConfPath],[HostResource].[hostName] AS [hostName],[HostResource].[macId] AS [macId],[HostResource].[cpuName] AS [cpuName],[HostResource].[Ass_Zone] AS [Ass_Zone_Id],[HostResource].[UpdaterID] AS [UpdaterID],[HostResource].[UpdaterName] AS [UpdaterName],[HostResource].[CreateDt] AS [CreateDt],[HostResource].[UpdateDt] AS [UpdateDt],[HostResource].[IsDeleted] AS [IsDeleted],[HostResource].[CreaterName] AS [CreaterName],[HostResource].[CreaterID] AS [CreaterID] FROM [HostResource] AS [HostResource] WHERE (NOT ([HostResource].[IsDeleted] = 1) AND [HostResource].[Ass_Zone] = @P_0) ORDER BY [HostResource].[CreateDt] DESC LIMIT 10 OFFSET 0
 
 
发生时间：2020-03-25 20:22:49,537 
内容： 
[ReaderExecuted]22 
 
发生时间：2020-03-25 20:23:10,604 
内容： 
[ReaderExecuting]Input Int32 @P_0 = 1;
SELECT [HostResource].[Id] AS [Id],[HostResource].[IP] AS [IP],[HostResource].[clientSessionId] AS [clientSessionId],[HostResource].[allocFromPort] AS [allocFromPort],[HostResource].[nodePort] AS [nodePort],[HostResource].[nodeId] AS [nodeId],[HostResource].[allocEndPort] AS [allocEndPort],[HostResource].[haveNginx] AS [haveNginx],[HostResource].[nginxIsRun] AS [nginxIsRun],[HostResource].[appBaseDir] AS [appBaseDir],[HostResource].[nginxConfPath] AS [nginxConfPath],[HostResource].[hostName] AS [hostName],[HostResource].[macId] AS [macId],[HostResource].[cpuName] AS [cpuName],[HostResource].[Ass_Zone] AS [Ass_Zone_Id],[HostResource].[UpdaterID] AS [UpdaterID],[HostResource].[UpdaterName] AS [UpdaterName],[HostResource].[CreateDt] AS [CreateDt],[HostResource].[UpdateDt] AS [UpdateDt],[HostResource].[IsDeleted] AS [IsDeleted],[HostResource].[CreaterName] AS [CreaterName],[HostResource].[CreaterID] AS [CreaterID] FROM [HostResource] AS [HostResource] WHERE [HostResource].[Id] = @P_0 LIMIT 1 OFFSET 0
 
 
发生时间：2020-03-25 20:23:10,622 
内容： 
[ReaderExecuted]22 
 
发生时间：2020-03-25 20:23:10,690 
内容： 
[NonQueryExecuting]Input Boolean @P_0 = True;
Input String @P_1 = '/opt/';
Input DateTime @P_2 = '2020/3/25 20:23:10';
Input Int32 @P_3 = 1;
UPDATE [HostResource] SET [haveNginx]=@P_0,[nginxConfPath]=@P_1,[UpdateDt]=@P_2 WHERE [HostResource].[Id] = @P_3
 
 
发生时间：2020-03-25 20:23:10,702 
内容： 
[NonQueryExecuted]1 
 
发生时间：2020-03-25 20:23:10,808 
内容： 
[ReaderExecuting]Input String @P_0 = '1';
SELECT COUNT(1) AS [C] FROM [HostResource] AS [HostResource] WHERE (NOT ([HostResource].[IsDeleted] = 1) AND [HostResource].[Ass_Zone] = @P_0)
 
 
发生时间：2020-03-25 20:23:10,812 
内容： 
[ReaderExecuted]1 
 
发生时间：2020-03-25 20:23:10,820 
内容： 
[ReaderExecuting]Input String @P_0 = '1';
SELECT [HostResource].[Id] AS [Id],[HostResource].[IP] AS [IP],[HostResource].[clientSessionId] AS [clientSessionId],[HostResource].[allocFromPort] AS [allocFromPort],[HostResource].[nodePort] AS [nodePort],[HostResource].[nodeId] AS [nodeId],[HostResource].[allocEndPort] AS [allocEndPort],[HostResource].[haveNginx] AS [haveNginx],[HostResource].[nginxIsRun] AS [nginxIsRun],[HostResource].[appBaseDir] AS [appBaseDir],[HostResource].[nginxConfPath] AS [nginxConfPath],[HostResource].[hostName] AS [hostName],[HostResource].[macId] AS [macId],[HostResource].[cpuName] AS [cpuName],[HostResource].[Ass_Zone] AS [Ass_Zone_Id],[HostResource].[UpdaterID] AS [UpdaterID],[HostResource].[UpdaterName] AS [UpdaterName],[HostResource].[CreateDt] AS [CreateDt],[HostResource].[UpdateDt] AS [UpdateDt],[HostResource].[IsDeleted] AS [IsDeleted],[HostResource].[CreaterName] AS [CreaterName],[HostResource].[CreaterID] AS [CreaterID] FROM [HostResource] AS [HostResource] WHERE (NOT ([HostResource].[IsDeleted] = 1) AND [HostResource].[Ass_Zone] = @P_0) ORDER BY [HostResource].[CreateDt] DESC LIMIT 10 OFFSET 0
 
 
发生时间：2020-03-25 20:23:10,835 
内容： 
[ReaderExecuted]22 
 
发生时间：2020-03-25 20:23:17,065 
内容： 
[ReaderExecuting]Input String @P_0 = '1';
SELECT COUNT(1) AS [C] FROM [HostResource] AS [HostResource] WHERE (NOT ([HostResource].[IsDeleted] = 1) AND [HostResource].[Ass_Zone] = @P_0)
 
 
发生时间：2020-03-25 20:23:17,069 
内容： 
[ReaderExecuted]1 
 
发生时间：2020-03-25 20:23:17,072 
内容： 
[ReaderExecuting]Input String @P_0 = '1';
SELECT [HostResource].[Id] AS [Id],[HostResource].[IP] AS [IP],[HostResource].[clientSessionId] AS [clientSessionId],[HostResource].[allocFromPort] AS [allocFromPort],[HostResource].[nodePort] AS [nodePort],[HostResource].[nodeId] AS [nodeId],[HostResource].[allocEndPort] AS [allocEndPort],[HostResource].[haveNginx] AS [haveNginx],[HostResource].[nginxIsRun] AS [nginxIsRun],[HostResource].[appBaseDir] AS [appBaseDir],[HostResource].[nginxConfPath] AS [nginxConfPath],[HostResource].[hostName] AS [hostName],[HostResource].[macId] AS [macId],[HostResource].[cpuName] AS [cpuName],[HostResource].[Ass_Zone] AS [Ass_Zone_Id],[HostResource].[UpdaterID] AS [UpdaterID],[HostResource].[UpdaterName] AS [UpdaterName],[HostResource].[CreateDt] AS [CreateDt],[HostResource].[UpdateDt] AS [UpdateDt],[HostResource].[IsDeleted] AS [IsDeleted],[HostResource].[CreaterName] AS [CreaterName],[HostResource].[CreaterID] AS [CreaterID] FROM [HostResource] AS [HostResource] WHERE (NOT ([HostResource].[IsDeleted] = 1) AND [HostResource].[Ass_Zone] = @P_0) ORDER BY [HostResource].[CreateDt] DESC LIMIT 10 OFFSET 0
 
 
发生时间：2020-03-25 20:23:17,085 
内容： 
[ReaderExecuted]22 
 
发生时间：2020-03-25 20:23:25,987 
内容： 
[ReaderExecuting]SELECT COUNT(1) AS [C] FROM [Region] AS [Region] WHERE NOT ([Region].[IsDeleted] = 1)
 
 
发生时间：2020-03-25 20:23:25,989 
内容： 
[ReaderExecuted]1 
 
发生时间：2020-03-25 20:23:25,992 
内容： 
[ReaderExecuting]SELECT [Region].[Id] AS [Id],[Region].[Key] AS [Key],[Region].[Name] AS [Name],[Region].[UpdaterID] AS [UpdaterID],[Region].[UpdaterName] AS [UpdaterName],[Region].[CreateDt] AS [CreateDt],[Region].[UpdateDt] AS [UpdateDt],[Region].[IsDeleted] AS [IsDeleted],[Region].[CreaterName] AS [CreaterName],[Region].[CreaterID] AS [CreaterID] FROM [Region] AS [Region] WHERE NOT ([Region].[IsDeleted] = 1) ORDER BY [Region].[CreateDt] DESC LIMIT 100 OFFSET 0
 
 
发生时间：2020-03-25 20:23:25,996 
内容： 
[ReaderExecuted]10 
 
发生时间：2020-03-25 20:23:25,998 
内容： 
[ReaderExecuting]SELECT COUNT(1) AS [C] FROM [AppType] AS [AppType] WHERE NOT ([AppType].[IsDeleted] = 1)
 
 
发生时间：2020-03-25 20:23:25,998 
内容： 
[ReaderExecuting]SELECT COUNT(1) AS [C] FROM [ReleaseTask] AS [ReleaseTask] WHERE NOT ([ReleaseTask].[IsDeleted] = 1)
 
 
发生时间：2020-03-25 20:23:26,004 
内容： 
[ReaderExecuted]1 
 
发生时间：2020-03-25 20:23:26,008 
内容： 
[ReaderExecuted]1 
 
发生时间：2020-03-25 20:23:26,093 
内容： 
[ReaderExecuting]SELECT [AppType].[Id] AS [Id],[AppType].[name] AS [name],[AppType].[key] AS [key],[AppType].[buildScript] AS [buildScript],[AppType].[UpdaterID] AS [UpdaterID],[AppType].[UpdaterName] AS [UpdaterName],[AppType].[CreateDt] AS [CreateDt],[AppType].[UpdateDt] AS [UpdateDt],[AppType].[IsDeleted] AS [IsDeleted],[AppType].[CreaterName] AS [CreaterName],[AppType].[CreaterID] AS [CreaterID] FROM [AppType] AS [AppType] WHERE NOT ([AppType].[IsDeleted] = 1) ORDER BY [AppType].[CreateDt] DESC LIMIT 100 OFFSET 0
 
 
发生时间：2020-03-25 20:23:26,123 
内容： 
[ReaderExecuted]11 
 
发生时间：2020-03-25 20:23:26,209 
内容： 
[ReaderExecuting]SELECT [ReleaseTask].[Id] AS [Id],[ReleaseTask].[FileName] AS [FileName],[ReleaseTask].[status] AS [status],[ReleaseTask].[count] AS [count],[ReleaseTask].[ProcessInfo] AS [ProcessInfo],[ReleaseTask].[overRideType] AS [overRideType],[ReleaseTask].[selectHostPolicy] AS [selectHostPolicy],[ReleaseTask].[dockerNetType] AS [dockerNetType],[ReleaseTask].[Version] AS [Version],[ReleaseTask].[FileGuid] AS [FileGuid],[ReleaseTask].[memo] AS [memo],[ReleaseTask].[releaseType] AS [releaseType],[ReleaseTask].[HostIds] AS [HostIds],[ReleaseTask].[Ass_MicroServiceApp] AS [Ass_MicroServiceApp_Id],[ReleaseTask].[Ass_Region] AS [Ass_Region_Id],[ReleaseTask].[Ass_Zone] AS [Ass_Zone_Id],[ReleaseTask].[UpdaterID] AS [UpdaterID],[ReleaseTask].[UpdaterName] AS [UpdaterName],[ReleaseTask].[CreateDt] AS [CreateDt],[ReleaseTask].[UpdateDt] AS [UpdateDt],[ReleaseTask].[IsDeleted] AS [IsDeleted],[ReleaseTask].[CreaterName] AS [CreaterName],[ReleaseTask].[CreaterID] AS [CreaterID] FROM [ReleaseTask] AS [ReleaseTask] WHERE NOT ([ReleaseTask].[IsDeleted] = 1) ORDER BY [ReleaseTask].[CreateDt] DESC LIMIT 10 OFFSET 0
 
 
发生时间：2020-03-25 20:23:26,211 
内容： 
[ReaderExecuting]Input String @P_0 = '2';
SELECT COUNT(1) AS [C] FROM [Zone] AS [Zone] WHERE (NOT ([Zone].[IsDeleted] = 1) AND [Zone].[Ass_Region] = @P_0)
 
 
发生时间：2020-03-25 20:23:26,217 
内容： 
[ReaderExecuted]23 
 
发生时间：2020-03-25 20:23:26,217 
内容： 
[ReaderExecuted]1 
 
发生时间：2020-03-25 20:23:26,228 
内容： 
[ReaderExecuting]Input String @P_0 = '2';
SELECT [Zone].[Id] AS [Id],[Zone].[Name] AS [Name],[Zone].[Key] AS [Key],[Zone].[Ass_Region] AS [Ass_Region_Id],[Zone].[UpdaterID] AS [UpdaterID],[Zone].[UpdaterName] AS [UpdaterName],[Zone].[CreateDt] AS [CreateDt],[Zone].[UpdateDt] AS [UpdateDt],[Zone].[IsDeleted] AS [IsDeleted],[Zone].[CreaterName] AS [CreaterName],[Zone].[CreaterID] AS [CreaterID] FROM [Zone] AS [Zone] WHERE (NOT ([Zone].[IsDeleted] = 1) AND [Zone].[Ass_Region] = @P_0) ORDER BY [Zone].[CreateDt] DESC LIMIT 100 OFFSET 0
 
 
发生时间：2020-03-25 20:23:26,243 
内容： 
[ReaderExecuted]11 
 
发生时间：2020-03-25 20:23:26,349 
内容： 
[ReaderExecuting]Input Int32 @P_0 = 1;
SELECT [AppType].[Id] AS [Id],[AppType].[name] AS [name],[AppType].[key] AS [key],[AppType].[buildScript] AS [buildScript],[AppType].[UpdaterID] AS [UpdaterID],[AppType].[UpdaterName] AS [UpdaterName],[AppType].[CreateDt] AS [CreateDt],[AppType].[UpdateDt] AS [UpdateDt],[AppType].[IsDeleted] AS [IsDeleted],[AppType].[CreaterName] AS [CreaterName],[AppType].[CreaterID] AS [CreaterID] FROM [AppType] AS [AppType] WHERE [AppType].[Id] = @P_0 LIMIT 1 OFFSET 0
 
 
发生时间：2020-03-25 20:23:26,359 
内容： 
[ReaderExecuted]11 
 
发生时间：2020-03-25 20:23:26,375 
内容： 
[ReaderExecuting]Input String @P_0 = '1';
SELECT COUNT(1) AS [C] FROM [MicroServiceApp] AS [MicroServiceApp] WHERE (NOT ([MicroServiceApp].[IsDeleted] = 1) AND [MicroServiceApp].[Ass_AppType] = @P_0)
 
 
发生时间：2020-03-25 20:23:26,377 
内容： 
[ReaderExecuted]1 
 
发生时间：2020-03-25 20:23:26,462 
内容： 
[ReaderExecuting]Input String @P_0 = '1';
SELECT [MicroServiceApp].[Id] AS [Id],[MicroServiceApp].[confFile] AS [confFile],[MicroServiceApp].[appName] AS [appName],[MicroServiceApp].[rootDirMainFile] AS [rootDirMainFile],[MicroServiceApp].[proxyPort] AS [proxyPort],[MicroServiceApp].[serviceType] AS [serviceType],[MicroServiceApp].[stopCommand] AS [stopCommand],[MicroServiceApp].[key] AS [key],[MicroServiceApp].[port] AS [port],[MicroServiceApp].[memo] AS [memo],[MicroServiceApp].[startCommand] AS [startCommand],[MicroServiceApp].[Ass_AppType] AS [Ass_AppType_Id],[MicroServiceApp].[UpdaterID] AS [UpdaterID],[MicroServiceApp].[UpdaterName] AS [UpdaterName],[MicroServiceApp].[CreateDt] AS [CreateDt],[MicroServiceApp].[UpdateDt] AS [UpdateDt],[MicroServiceApp].[IsDeleted] AS [IsDeleted],[MicroServiceApp].[CreaterName] AS [CreaterName],[MicroServiceApp].[CreaterID] AS [CreaterID] FROM [MicroServiceApp] AS [MicroServiceApp] WHERE (NOT ([MicroServiceApp].[IsDeleted] = 1) AND [MicroServiceApp].[Ass_AppType] = @P_0) ORDER BY [MicroServiceApp].[CreateDt] DESC LIMIT 100 OFFSET 0
 
 
发生时间：2020-03-25 20:23:26,470 
内容： 
[ReaderExecuted]19 
 
发生时间：2020-03-25 20:23:40,124 
内容： 
[ReaderExecuting]Input String @P_0 = '1';
SELECT COUNT(1) AS [C] FROM [Zone] AS [Zone] WHERE (NOT ([Zone].[IsDeleted] = 1) AND [Zone].[Ass_Region] = @P_0)
 
 
发生时间：2020-03-25 20:23:40,130 
内容： 
[ReaderExecuted]1 
 
发生时间：2020-03-25 20:23:40,133 
内容： 
[ReaderExecuting]Input String @P_0 = '1';
SELECT [Zone].[Id] AS [Id],[Zone].[Name] AS [Name],[Zone].[Key] AS [Key],[Zone].[Ass_Region] AS [Ass_Region_Id],[Zone].[UpdaterID] AS [UpdaterID],[Zone].[UpdaterName] AS [UpdaterName],[Zone].[CreateDt] AS [CreateDt],[Zone].[UpdateDt] AS [UpdateDt],[Zone].[IsDeleted] AS [IsDeleted],[Zone].[CreaterName] AS [CreaterName],[Zone].[CreaterID] AS [CreaterID] FROM [Zone] AS [Zone] WHERE (NOT ([Zone].[IsDeleted] = 1) AND [Zone].[Ass_Region] = @P_0) ORDER BY [Zone].[CreateDt] DESC LIMIT 100 OFFSET 0
 
 
发生时间：2020-03-25 20:23:40,139 
内容： 
[ReaderExecuted]11 
 
发生时间：2020-03-25 20:23:47,441 
内容： 
[ReaderExecuting]Input String @P_0 = '1';
SELECT COUNT(1) AS [C] FROM [HostResource] AS [HostResource] WHERE (NOT ([HostResource].[IsDeleted] = 1) AND [HostResource].[Ass_Zone] = @P_0)
 
 
发生时间：2020-03-25 20:23:47,444 
内容： 
[ReaderExecuted]1 
 
发生时间：2020-03-25 20:23:47,447 
内容： 
[ReaderExecuting]Input String @P_0 = '1';
SELECT [HostResource].[Id] AS [Id],[HostResource].[IP] AS [IP],[HostResource].[clientSessionId] AS [clientSessionId],[HostResource].[allocFromPort] AS [allocFromPort],[HostResource].[nodePort] AS [nodePort],[HostResource].[nodeId] AS [nodeId],[HostResource].[allocEndPort] AS [allocEndPort],[HostResource].[haveNginx] AS [haveNginx],[HostResource].[nginxIsRun] AS [nginxIsRun],[HostResource].[appBaseDir] AS [appBaseDir],[HostResource].[nginxConfPath] AS [nginxConfPath],[HostResource].[hostName] AS [hostName],[HostResource].[macId] AS [macId],[HostResource].[cpuName] AS [cpuName],[HostResource].[Ass_Zone] AS [Ass_Zone_Id],[HostResource].[UpdaterID] AS [UpdaterID],[HostResource].[UpdaterName] AS [UpdaterName],[HostResource].[CreateDt] AS [CreateDt],[HostResource].[UpdateDt] AS [UpdateDt],[HostResource].[IsDeleted] AS [IsDeleted],[HostResource].[CreaterName] AS [CreaterName],[HostResource].[CreaterID] AS [CreaterID] FROM [HostResource] AS [HostResource] WHERE (NOT ([HostResource].[IsDeleted] = 1) AND [HostResource].[Ass_Zone] = @P_0) ORDER BY [HostResource].[CreateDt] DESC LIMIT 100 OFFSET 0
 
 
发生时间：2020-03-25 20:23:47,473 
内容： 
[ReaderExecuted]22 
 
