发生时间：2020-04-02 09:19:36,901 
内容： 
[ReaderExecuting]Input String @P_0 = 'admin';
SELECT [SysUser].[Id] AS [Id],[SysUser].[Email] AS [Email],[SysUser].[UserName] AS [UserName],[SysUser].[Mobile] AS [Mobile],[SysUser].[Password] AS [Password],[SysUser].[IsEnabled] AS [IsEnabled],[SysUser].[UserType] AS [UserType],[SysUser].[RecomendId] AS [RecomendId],[SysUser].[Birthday] AS [Birthday],[SysUser].[IdentityId] AS [IdentityId],[SysUser].[Photo] AS [Photo],[SysUser].[TelNo] AS [TelNo],[SysUser].[ComName] AS [ComName],[SysUser].[loginType] AS [loginType],[SysUser].[AppSiteKey] AS [AppSiteKey],[SysUser].[secretKey] AS [secretKey],[SysUser].[Description] AS [Description],[SysUser].[LoginId] AS [LoginId],[SysUser].[sex] AS [sex],[SysUser].[OtherLoginId] AS [OtherLoginId],[SysUser].[Ass_Areas] AS [Ass_Areas_Id],[SysUser].[UpdaterID] AS [UpdaterID],[SysUser].[UpdaterName] AS [UpdaterName],[SysUser].[CreateDt] AS [CreateDt],[SysUser].[UpdateDt] AS [UpdateDt],[SysUser].[IsDeleted] AS [IsDeleted],[SysUser].[CreaterName] AS [CreaterName],[SysUser].[CreaterID] AS [CreaterID] FROM [SysUser] AS [SysUser] WHERE ([SysUser].[IsEnabled] = 1 AND ([SysUser].[AppSiteKey] IS NULL OR [SysUser].[AppSiteKey] = '*') AND ([SysUser].[LoginId] = @P_0 OR [SysUser].[Mobile] = @P_0 OR [SysUser].[Email] = @P_0)) LIMIT 1 OFFSET 0
 
 
发生时间：2020-04-02 09:19:36,989 
内容： 
[ReaderExecuted]28 
 
发生时间：2020-04-02 09:19:37,070 
内容： 
[ReaderExecuting]select table_a .*  from SysRole table_a ,AssC_SysRoleSysUser table_b where table_a.Id=table_b.AssC_SysRole and table_b.AssC_SysUser=1
 
 
发生时间：2020-04-02 09:19:37,081 
内容： 
[ReaderExecuted]11 
 
发生时间：2020-04-02 09:19:37,189 
内容： 
[ReaderExecuting]Input String @P_0 = '1';
SELECT [LoginHistory].[Id] AS [C] FROM [LoginHistory] AS [LoginHistory] WHERE ([LoginHistory].[valid] = 1 AND [LoginHistory].[Ass_SysUser] = @P_0)
 
 
发生时间：2020-04-02 09:19:37,195 
内容： 
[ReaderExecuted]1 
 
发生时间：2020-04-02 09:19:37,240 
内容： 
[ScalarExecuting]Input String @P_0 = '0ecdff49-e761-425a-a3be-fbe66a460b4a';
Input DateTime @P_1 = '2020/4/2 14:19:37';
Input Boolean @P_2 = True;
Input String @P_3 = '127.0.0.1';
Input Int32 @P_4 = 1;
Input String @P_5 = '1';
Input String @P_6 = 'admin';
Input DateTime @P_7 = '2020/4/2 9:19:37';
Input DateTime @P_8 = '2020/4/2 9:19:37';
Input Boolean @P_9 = False;
INSERT INTO [LoginHistory]([Token],[ExpireDt],[valid],[IpFrom],[Ass_SysUser],[UpdaterID],[UpdaterName],[CreateDt],[UpdateDt],[IsDeleted],[CreaterName],[CreaterID]) VALUES(@P_0,@P_1,@P_2,@P_3,@P_4,@P_5,@P_6,@P_7,@P_8,@P_9,@P_6,@P_5);SELECT LAST_INSERT_ROWID()
 
 
发生时间：2020-04-02 09:19:37,282 
内容： 
[ScalarExecuted]1 
 
发生时间：2020-04-02 09:19:37,293 
内容： 
[NonQueryExecuting]UPDATE [LoginHistory] SET [valid]=0 WHERE 1=0
 
 
发生时间：2020-04-02 09:19:37,296 
内容： 
[NonQueryExecuted]0 
 
发生时间：2020-04-02 09:19:37,561 
内容： 
[ReaderExecuting]Input Int32 @P_0 = 1;
SELECT [SysUser].[Id] AS [Id],[SysUser].[Email] AS [Email],[SysUser].[UserName] AS [UserName],[SysUser].[Mobile] AS [Mobile],[SysUser].[Password] AS [Password],[SysUser].[IsEnabled] AS [IsEnabled],[SysUser].[UserType] AS [UserType],[SysUser].[RecomendId] AS [RecomendId],[SysUser].[Birthday] AS [Birthday],[SysUser].[IdentityId] AS [IdentityId],[SysUser].[Photo] AS [Photo],[SysUser].[TelNo] AS [TelNo],[SysUser].[ComName] AS [ComName],[SysUser].[loginType] AS [loginType],[SysUser].[AppSiteKey] AS [AppSiteKey],[SysUser].[secretKey] AS [secretKey],[SysUser].[Description] AS [Description],[SysUser].[LoginId] AS [LoginId],[SysUser].[sex] AS [sex],[SysUser].[OtherLoginId] AS [OtherLoginId],[SysUser].[Ass_Areas] AS [Ass_Areas_Id],[SysUser].[UpdaterID] AS [UpdaterID],[SysUser].[UpdaterName] AS [UpdaterName],[SysUser].[CreateDt] AS [CreateDt],[SysUser].[UpdateDt] AS [UpdateDt],[SysUser].[IsDeleted] AS [IsDeleted],[SysUser].[CreaterName] AS [CreaterName],[SysUser].[CreaterID] AS [CreaterID] FROM [SysUser] AS [SysUser] WHERE [SysUser].[Id] = @P_0 LIMIT 1 OFFSET 0
 
 
发生时间：2020-04-02 09:19:37,634 
内容： 
[ReaderExecuted]28 
 
发生时间：2020-04-02 09:19:37,672 
内容： 
[ReaderExecuting]select table_a .*  from SysRole table_a ,AssC_SysRoleSysUser table_b where table_a.Id=table_b.AssC_SysRole and table_b.AssC_SysUser=1
 
 
发生时间：2020-04-02 09:19:37,679 
内容： 
[ReaderExecuted]11 
 
发生时间：2020-04-02 09:19:37,751 
内容： 
[ReaderExecuting]Input Int32 @P_0 = 0;
SELECT [MenuGroup].[Id] AS [Id],[MenuGroup].[Icon] AS [Icon],[MenuGroup].[Name] AS [Name],[MenuGroup].[SortCode] AS [SortCode],[MenuGroup].[Ass_Parent] AS [Ass_Parent_Id],[MenuGroup].[UpdaterID] AS [UpdaterID],[MenuGroup].[UpdaterName] AS [UpdaterName],[MenuGroup].[CreateDt] AS [CreateDt],[MenuGroup].[UpdateDt] AS [UpdateDt],[MenuGroup].[IsDeleted] AS [IsDeleted],[MenuGroup].[CreaterName] AS [CreaterName],[MenuGroup].[CreaterID] AS [CreaterID] FROM [MenuGroup] AS [MenuGroup] WHERE ([MenuGroup].[Ass_Parent] IS NULL OR [MenuGroup].[Ass_Parent] <= @P_0)
 
 
发生时间：2020-04-02 09:19:37,782 
内容： 
[ReaderExecuted]12 
 
发生时间：2020-04-02 09:19:37,800 
内容： 
[ReaderExecuting]select table_a.* from Menu table_a where  table_a.Ass_MenuGroup=1
 
 
发生时间：2020-04-02 09:19:37,802 
内容： 
[ReaderExecuted]13 
 
发生时间：2020-04-02 09:19:37,866 
内容： 
[ReaderExecuting]select table_a.* from MenuGroup table_a where  table_a.Ass_Parent=1
 
 
发生时间：2020-04-02 09:19:37,870 
内容： 
[ReaderExecuted]12 
 
发生时间：2020-04-02 09:19:37,886 
内容： 
[ReaderExecuting]select table_a.* from Menu table_a where  table_a.Ass_MenuGroup=2
 
 
发生时间：2020-04-02 09:19:37,898 
内容： 
[ReaderExecuted]13 
 
发生时间：2020-04-02 09:19:37,913 
内容： 
[ReaderExecuting]select table_a.* from MenuGroup table_a where  table_a.Ass_Parent=2
 
 
发生时间：2020-04-02 09:19:37,923 
内容： 
[ReaderExecuted]12 
 
发生时间：2020-04-02 09:19:37,937 
内容： 
[ReaderExecuting]select table_a.* from Menu table_a where  table_a.Ass_MenuGroup=3
 
 
发生时间：2020-04-02 09:19:37,954 
内容： 
[ReaderExecuted]13 
 
发生时间：2020-04-02 09:19:37,968 
内容： 
[ReaderExecuting]select table_a.* from MenuGroup table_a where  table_a.Ass_Parent=3
 
 
发生时间：2020-04-02 09:19:37,976 
内容： 
[ReaderExecuted]12 
 
发生时间：2020-04-02 09:19:37,990 
内容： 
[ReaderExecuting]select table_a.* from Menu table_a where  table_a.Ass_MenuGroup=4
 
 
发生时间：2020-04-02 09:19:38,008 
内容： 
[ReaderExecuted]13 
 
发生时间：2020-04-02 09:19:38,013 
内容： 
[ReaderExecuting]select table_a.* from MenuGroup table_a where  table_a.Ass_Parent=4
 
 
发生时间：2020-04-02 09:19:38,044 
内容： 
[ReaderExecuted]12 
 
发生时间：2020-04-02 09:19:40,918 
内容： 
[ReaderExecuting]SELECT [SysRole].[Id] AS [Id],[SysRole].[IsAdmin] AS [IsAdmin],[SysRole].[RoleID] AS [RoleID],[SysRole].[Name] AS [Name],[SysRole].[UpdaterID] AS [UpdaterID],[SysRole].[UpdaterName] AS [UpdaterName],[SysRole].[CreateDt] AS [CreateDt],[SysRole].[UpdateDt] AS [UpdateDt],[SysRole].[IsDeleted] AS [IsDeleted],[SysRole].[CreaterName] AS [CreaterName],[SysRole].[CreaterID] AS [CreaterID] FROM [SysRole] AS [SysRole] WHERE NOT ([SysRole].[IsDeleted] = 1)
 
 
发生时间：2020-04-02 09:19:40,972 
内容： 
[ReaderExecuted]11 
 
发生时间：2020-04-02 09:19:40,999 
内容： 
[ReaderExecuting]SELECT COUNT(1) AS [C] FROM (SELECT DISTINCT [SysUser].[Id] AS [Id],[SysUser].[Email] AS [Email],[SysUser].[UserName] AS [UserName],[SysUser].[Mobile] AS [Mobile],[SysUser].[Password] AS [Password],[SysUser].[IsEnabled] AS [IsEnabled],[SysUser].[UserType] AS [UserType],[SysUser].[RecomendId] AS [RecomendId],[SysUser].[Birthday] AS [Birthday],[SysUser].[IdentityId] AS [IdentityId],[SysUser].[Photo] AS [Photo],[SysUser].[TelNo] AS [TelNo],[SysUser].[ComName] AS [ComName],[SysUser].[loginType] AS [loginType],[SysUser].[AppSiteKey] AS [AppSiteKey],[SysUser].[secretKey] AS [secretKey],[SysUser].[Description] AS [Description],[SysUser].[LoginId] AS [LoginId],[SysUser].[sex] AS [sex],[SysUser].[OtherLoginId] AS [OtherLoginId],[SysUser].[Ass_Areas] AS [Ass_Areas_Id],[SysUser].[UpdaterID] AS [UpdaterID],[SysUser].[UpdaterName] AS [UpdaterName],[SysUser].[CreateDt] AS [CreateDt],[SysUser].[UpdateDt] AS [UpdateDt],[SysUser].[IsDeleted] AS [IsDeleted],[SysUser].[CreaterName] AS [CreaterName],[SysUser].[CreaterID] AS [CreaterID],[SysUser].[Ass_Areas] AS [Ass_Areas] FROM [AssC_SysRoleSysUser] AS [AssC_SysRoleSysUser] INNER JOIN [SysUser] AS [SysUser] ON [AssC_SysRoleSysUser].[AssC_SysUser] = [SysUser].[Id] INNER JOIN [SysRole] AS [SysRole] ON [AssC_SysRoleSysUser].[AssC_SysRole] = [SysRole].[Id]) AS [T]
 
 
发生时间：2020-04-02 09:19:41,171 
内容： 
[ReaderExecuted]1 
 
发生时间：2020-04-02 09:19:41,199 
内容： 
[ReaderExecuting]SELECT [T].[Id] AS [Id],[T].[Email] AS [Email],[T].[UserName] AS [UserName],[T].[Mobile] AS [Mobile],[T].[Password] AS [Password],[T].[IsEnabled] AS [IsEnabled],[T].[UserType] AS [UserType],[T].[RecomendId] AS [RecomendId],[T].[Birthday] AS [Birthday],[T].[IdentityId] AS [IdentityId],[T].[Photo] AS [Photo],[T].[TelNo] AS [TelNo],[T].[ComName] AS [ComName],[T].[loginType] AS [loginType],[T].[AppSiteKey] AS [AppSiteKey],[T].[secretKey] AS [secretKey],[T].[Description] AS [Description],[T].[LoginId] AS [LoginId],[T].[sex] AS [sex],[T].[OtherLoginId] AS [OtherLoginId],[T].[Ass_Areas_Id] AS [Ass_Areas_Id],[T].[UpdaterID] AS [UpdaterID],[T].[UpdaterName] AS [UpdaterName],[T].[CreateDt] AS [CreateDt],[T].[UpdateDt] AS [UpdateDt],[T].[IsDeleted] AS [IsDeleted],[T].[CreaterName] AS [CreaterName],[T].[CreaterID] AS [CreaterID],[T].[Ass_Areas] AS [Ass_Areas] FROM (SELECT DISTINCT [SysUser].[Id] AS [Id],[SysUser].[Email] AS [Email],[SysUser].[UserName] AS [UserName],[SysUser].[Mobile] AS [Mobile],[SysUser].[Password] AS [Password],[SysUser].[IsEnabled] AS [IsEnabled],[SysUser].[UserType] AS [UserType],[SysUser].[RecomendId] AS [RecomendId],[SysUser].[Birthday] AS [Birthday],[SysUser].[IdentityId] AS [IdentityId],[SysUser].[Photo] AS [Photo],[SysUser].[TelNo] AS [TelNo],[SysUser].[ComName] AS [ComName],[SysUser].[loginType] AS [loginType],[SysUser].[AppSiteKey] AS [AppSiteKey],[SysUser].[secretKey] AS [secretKey],[SysUser].[Description] AS [Description],[SysUser].[LoginId] AS [LoginId],[SysUser].[sex] AS [sex],[SysUser].[OtherLoginId] AS [OtherLoginId],[SysUser].[Ass_Areas] AS [Ass_Areas_Id],[SysUser].[UpdaterID] AS [UpdaterID],[SysUser].[UpdaterName] AS [UpdaterName],[SysUser].[CreateDt] AS [CreateDt],[SysUser].[UpdateDt] AS [UpdateDt],[SysUser].[IsDeleted] AS [IsDeleted],[SysUser].[CreaterName] AS [CreaterName],[SysUser].[CreaterID] AS [CreaterID],[SysUser].[Ass_Areas] AS [Ass_Areas] FROM [AssC_SysRoleSysUser] AS [AssC_SysRoleSysUser] INNER JOIN [SysUser] AS [SysUser] ON [AssC_SysRoleSysUser].[AssC_SysUser] = [SysUser].[Id] INNER JOIN [SysRole] AS [SysRole] ON [AssC_SysRoleSysUser].[AssC_SysRole] = [SysRole].[Id]) AS [T] ORDER BY [T].[CreateDt] ASC
 
 
发生时间：2020-04-02 09:19:41,361 
内容： 
[ReaderExecuted]29 
 
发生时间：2020-04-02 09:19:45,811 
内容： 
[ReaderExecuting]Input String @P_0 = '1';
SELECT [AssC_SysUserDepartment].[AssC_Department] AS [C] FROM [AssC_SysUserDepartment] AS [AssC_SysUserDepartment] WHERE [AssC_SysUserDepartment].[AssC_SysUser] = @P_0 LIMIT 1 OFFSET 0
 
 
发生时间：2020-04-02 09:19:45,816 
内容： 
[ReaderExecuted]1 
 
发生时间：2020-04-02 09:19:45,830 
内容： 
[ReaderExecuting]Input String @P_0 = '1';
SELECT [AssC_SysRoleSysUser].[AssC_SysRole] AS [C] FROM [AssC_SysRoleSysUser] AS [AssC_SysRoleSysUser] WHERE [AssC_SysRoleSysUser].[AssC_SysUser] = @P_0
 
 
发生时间：2020-04-02 09:19:45,839 
内容： 
[ReaderExecuted]1 
 
发生时间：2020-04-02 09:19:53,186 
内容： 
[ReaderExecuting]SELECT COUNT(1) AS [C] FROM [Region] AS [Region] WHERE NOT ([Region].[IsDeleted] = 1)
 
 
发生时间：2020-04-02 09:19:53,202 
内容： 
[ReaderExecuted]1 
 
发生时间：2020-04-02 09:19:53,242 
内容： 
[ReaderExecuting]Input Int32 @P_0 = 0;
SELECT [Zone].[Id] AS [Id],[Zone].[Name] AS [Name],[Zone].[Key] AS [Key],[Zone].[Ass_Region] AS [Ass_Region_Id],[Zone].[UpdaterID] AS [UpdaterID],[Zone].[UpdaterName] AS [UpdaterName],[Zone].[CreateDt] AS [CreateDt],[Zone].[UpdateDt] AS [UpdateDt],[Zone].[IsDeleted] AS [IsDeleted],[Zone].[CreaterName] AS [CreaterName],[Zone].[CreaterID] AS [CreaterID] FROM [Zone] AS [Zone] WHERE [Zone].[Id] = @P_0 LIMIT 1 OFFSET 0
 
 
发生时间：2020-04-02 09:19:53,289 
内容： 
[ReaderExecuted]11 
 
发生时间：2020-04-02 09:19:53,340 
内容： 
[ReaderExecuting]SELECT [Region].[Id] AS [Id],[Region].[Key] AS [Key],[Region].[Name] AS [Name],[Region].[UpdaterID] AS [UpdaterID],[Region].[UpdaterName] AS [UpdaterName],[Region].[CreateDt] AS [CreateDt],[Region].[UpdateDt] AS [UpdateDt],[Region].[IsDeleted] AS [IsDeleted],[Region].[CreaterName] AS [CreaterName],[Region].[CreaterID] AS [CreaterID] FROM [Region] AS [Region] WHERE NOT ([Region].[IsDeleted] = 1) ORDER BY [Region].[CreateDt] DESC LIMIT 100 OFFSET 0
 
 
发生时间：2020-04-02 09:19:53,400 
内容： 
[ReaderExecuted]10 
 
发生时间：2020-04-02 09:19:53,597 
内容： 
[ReaderExecuting]Input Int32 @P_0 = 2;
SELECT [Region].[Id] AS [Id],[Region].[Key] AS [Key],[Region].[Name] AS [Name],[Region].[UpdaterID] AS [UpdaterID],[Region].[UpdaterName] AS [UpdaterName],[Region].[CreateDt] AS [CreateDt],[Region].[UpdateDt] AS [UpdateDt],[Region].[IsDeleted] AS [IsDeleted],[Region].[CreaterName] AS [CreaterName],[Region].[CreaterID] AS [CreaterID] FROM [Region] AS [Region] WHERE [Region].[Id] = @P_0 LIMIT 1 OFFSET 0
 
 
发生时间：2020-04-02 09:19:53,636 
内容： 
[ReaderExecuted]10 
 
发生时间：2020-04-02 09:19:53,662 
内容： 
[ReaderExecuting]Input String @P_0 = '2';
SELECT COUNT(1) AS [C] FROM [Zone] AS [Zone] WHERE (NOT ([Zone].[IsDeleted] = 1) AND [Zone].[Ass_Region] = @P_0)
 
 
发生时间：2020-04-02 09:19:53,678 
内容： 
[ReaderExecuted]1 
 
发生时间：2020-04-02 09:19:53,705 
内容： 
[ReaderExecuting]Input String @P_0 = '2';
SELECT [Zone].[Id] AS [Id],[Zone].[Name] AS [Name],[Zone].[Key] AS [Key],[Zone].[Ass_Region] AS [Ass_Region_Id],[Zone].[UpdaterID] AS [UpdaterID],[Zone].[UpdaterName] AS [UpdaterName],[Zone].[CreateDt] AS [CreateDt],[Zone].[UpdateDt] AS [UpdateDt],[Zone].[IsDeleted] AS [IsDeleted],[Zone].[CreaterName] AS [CreaterName],[Zone].[CreaterID] AS [CreaterID] FROM [Zone] AS [Zone] WHERE (NOT ([Zone].[IsDeleted] = 1) AND [Zone].[Ass_Region] = @P_0) ORDER BY [Zone].[CreateDt] DESC LIMIT 100 OFFSET 0
 
 
发生时间：2020-04-02 09:19:53,787 
内容： 
[ReaderExecuted]11 
 
发生时间：2020-04-02 09:19:58,295 
内容： 
[ReaderExecuting]SELECT COUNT(1) AS [C] FROM [Region] AS [Region] WHERE NOT ([Region].[IsDeleted] = 1)
 
 
发生时间：2020-04-02 09:19:58,298 
内容： 
[ReaderExecuted]1 
 
发生时间：2020-04-02 09:19:58,307 
内容： 
[ReaderExecuting]SELECT [Region].[Id] AS [Id],[Region].[Key] AS [Key],[Region].[Name] AS [Name],[Region].[UpdaterID] AS [UpdaterID],[Region].[UpdaterName] AS [UpdaterName],[Region].[CreateDt] AS [CreateDt],[Region].[UpdateDt] AS [UpdateDt],[Region].[IsDeleted] AS [IsDeleted],[Region].[CreaterName] AS [CreaterName],[Region].[CreaterID] AS [CreaterID] FROM [Region] AS [Region] WHERE NOT ([Region].[IsDeleted] = 1) ORDER BY [Region].[CreateDt] DESC LIMIT 10 OFFSET 0
 
 
发生时间：2020-04-02 09:19:58,367 
内容： 
[ReaderExecuted]10 
 
发生时间：2020-04-02 09:20:00,476 
内容： 
[ReaderExecuting]Input Int32 @P_0 = 1;
SELECT [Region].[Id] AS [Id],[Region].[Key] AS [Key],[Region].[Name] AS [Name],[Region].[UpdaterID] AS [UpdaterID],[Region].[UpdaterName] AS [UpdaterName],[Region].[CreateDt] AS [CreateDt],[Region].[UpdateDt] AS [UpdateDt],[Region].[IsDeleted] AS [IsDeleted],[Region].[CreaterName] AS [CreaterName],[Region].[CreaterID] AS [CreaterID] FROM [Region] AS [Region] WHERE [Region].[Id] = @P_0 LIMIT 1 OFFSET 0
 
 
发生时间：2020-04-02 09:20:00,476 
内容： 
[ReaderExecuting]SELECT COUNT(1) AS [C] FROM [Region] AS [Region] WHERE NOT ([Region].[IsDeleted] = 1)
 
 
发生时间：2020-04-02 09:20:00,500 
内容： 
[ReaderExecuted]10 
 
发生时间：2020-04-02 09:20:00,543 
内容： 
[ReaderExecuted]1 
 
发生时间：2020-04-02 09:20:00,561 
内容： 
[ReaderExecuting]Input String @P_0 = '1';
SELECT COUNT(1) AS [C] FROM [Zone] AS [Zone] WHERE (NOT ([Zone].[IsDeleted] = 1) AND [Zone].[Ass_Region] = @P_0)
 
 
发生时间：2020-04-02 09:20:00,582 
内容： 
[ReaderExecuting]SELECT [Region].[Id] AS [Id],[Region].[Key] AS [Key],[Region].[Name] AS [Name],[Region].[UpdaterID] AS [UpdaterID],[Region].[UpdaterName] AS [UpdaterName],[Region].[CreateDt] AS [CreateDt],[Region].[UpdateDt] AS [UpdateDt],[Region].[IsDeleted] AS [IsDeleted],[Region].[CreaterName] AS [CreaterName],[Region].[CreaterID] AS [CreaterID] FROM [Region] AS [Region] WHERE NOT ([Region].[IsDeleted] = 1) ORDER BY [Region].[CreateDt] DESC LIMIT 100 OFFSET 0
 
 
发生时间：2020-04-02 09:20:00,603 
内容： 
[ReaderExecuted]1 
 
发生时间：2020-04-02 09:20:00,648 
内容： 
[ReaderExecuting]Input String @P_0 = '1';
SELECT [Zone].[Id] AS [Id],[Zone].[Name] AS [Name],[Zone].[Key] AS [Key],[Zone].[Ass_Region] AS [Ass_Region_Id],[Zone].[UpdaterID] AS [UpdaterID],[Zone].[UpdaterName] AS [UpdaterName],[Zone].[CreateDt] AS [CreateDt],[Zone].[UpdateDt] AS [UpdateDt],[Zone].[IsDeleted] AS [IsDeleted],[Zone].[CreaterName] AS [CreaterName],[Zone].[CreaterID] AS [CreaterID] FROM [Zone] AS [Zone] WHERE (NOT ([Zone].[IsDeleted] = 1) AND [Zone].[Ass_Region] = @P_0) ORDER BY [Zone].[CreateDt] DESC LIMIT 10 OFFSET 0
 
 
发生时间：2020-04-02 09:20:00,683 
内容： 
[ReaderExecuted]10 
 
发生时间：2020-04-02 09:20:00,747 
内容： 
[ReaderExecuted]11 
 
发生时间：2020-04-02 09:20:15,066 
内容： 
[ReaderExecuting]Input String @P_0 = '1';
SELECT COUNT(1) AS [C] FROM [Zone] AS [Zone] WHERE (NOT ([Zone].[IsDeleted] = 1) AND [Zone].[Ass_Region] = @P_0)
 
 
发生时间：2020-04-02 09:20:15,070 
内容： 
[ReaderExecuted]1 
 
发生时间：2020-04-02 09:20:15,092 
内容： 
[ReaderExecuting]Input String @P_0 = '1';
SELECT [Zone].[Id] AS [Id],[Zone].[Name] AS [Name],[Zone].[Key] AS [Key],[Zone].[Ass_Region] AS [Ass_Region_Id],[Zone].[UpdaterID] AS [UpdaterID],[Zone].[UpdaterName] AS [UpdaterName],[Zone].[CreateDt] AS [CreateDt],[Zone].[UpdateDt] AS [UpdateDt],[Zone].[IsDeleted] AS [IsDeleted],[Zone].[CreaterName] AS [CreaterName],[Zone].[CreaterID] AS [CreaterID] FROM [Zone] AS [Zone] WHERE (NOT ([Zone].[IsDeleted] = 1) AND [Zone].[Ass_Region] = @P_0) ORDER BY [Zone].[CreateDt] DESC LIMIT 100 OFFSET 0
 
 
发生时间：2020-04-02 09:20:15,160 
内容： 
[ReaderExecuted]11 
 
发生时间：2020-04-02 09:20:17,746 
内容： 
[ReaderExecuting]Input Int32 @P_0 = 1;
SELECT [Zone].[Id] AS [Id],[Zone].[Name] AS [Name],[Zone].[Key] AS [Key],[Zone].[Ass_Region] AS [Ass_Region_Id],[Zone].[UpdaterID] AS [UpdaterID],[Zone].[UpdaterName] AS [UpdaterName],[Zone].[CreateDt] AS [CreateDt],[Zone].[UpdateDt] AS [UpdateDt],[Zone].[IsDeleted] AS [IsDeleted],[Zone].[CreaterName] AS [CreaterName],[Zone].[CreaterID] AS [CreaterID] FROM [Zone] AS [Zone] WHERE [Zone].[Id] = @P_0 LIMIT 1 OFFSET 0
 
 
发生时间：2020-04-02 09:20:17,773 
内容： 
[ReaderExecuted]11 
 
发生时间：2020-04-02 09:20:17,815 
内容： 
[ReaderExecuting]Input String @P_0 = '1';
SELECT COUNT(1) AS [C] FROM [HostResource] AS [HostResource] WHERE (NOT ([HostResource].[IsDeleted] = 1) AND [HostResource].[Ass_Zone] = @P_0)
 
 
发生时间：2020-04-02 09:20:17,817 
内容： 
[ReaderExecuted]1 
 
发生时间：2020-04-02 09:20:17,936 
内容： 
[ReaderExecuting]Input String @P_0 = '1';
SELECT [HostResource].[Id] AS [Id],[HostResource].[IP] AS [IP],[HostResource].[clientSessionId] AS [clientSessionId],[HostResource].[allocFromPort] AS [allocFromPort],[HostResource].[nodePort] AS [nodePort],[HostResource].[nodeId] AS [nodeId],[HostResource].[allocEndPort] AS [allocEndPort],[HostResource].[haveNginx] AS [haveNginx],[HostResource].[nginxIsRun] AS [nginxIsRun],[HostResource].[appBaseDir] AS [appBaseDir],[HostResource].[nginxConfPath] AS [nginxConfPath],[HostResource].[hostName] AS [hostName],[HostResource].[macId] AS [macId],[HostResource].[cpuName] AS [cpuName],[HostResource].[Ass_Zone] AS [Ass_Zone_Id],[HostResource].[UpdaterID] AS [UpdaterID],[HostResource].[UpdaterName] AS [UpdaterName],[HostResource].[CreateDt] AS [CreateDt],[HostResource].[UpdateDt] AS [UpdateDt],[HostResource].[IsDeleted] AS [IsDeleted],[HostResource].[CreaterName] AS [CreaterName],[HostResource].[CreaterID] AS [CreaterID] FROM [HostResource] AS [HostResource] WHERE (NOT ([HostResource].[IsDeleted] = 1) AND [HostResource].[Ass_Zone] = @P_0) ORDER BY [HostResource].[CreateDt] DESC LIMIT 10 OFFSET 0
 
 
发生时间：2020-04-02 09:20:18,034 
内容： 
[ReaderExecuted]22 
 
发生时间：2020-04-02 09:21:22,780 
内容： 
[ScalarExecuting]Input String @P_0 = '111';
Input String @P_1 = NULL;
Input Boolean @P_6 = NULL;
Input Int32 @P_2 = 9000;
Input Int32 @P_3 = 0;
Input Int32 @P_4 = 9999;
Input Boolean @P_5 = False;
Input String @P_7 = '/opt/instance';
Input String @P_8 = 'test';
Input Int32 @P_9 = 1;
Input String @P_10 = '1';
Input String @P_11 = 'admin';
Input DateTime @P_12 = '2020/4/2 9:21:22';
Input DateTime @P_13 = '2020/4/2 9:21:22';
INSERT INTO [HostResource]([IP],[clientSessionId],[allocFromPort],[nodePort],[nodeId],[allocEndPort],[haveNginx],[nginxIsRun],[appBaseDir],[nginxConfPath],[hostName],[macId],[cpuName],[Ass_Zone],[UpdaterID],[UpdaterName],[CreateDt],[UpdateDt],[IsDeleted],[CreaterName],[CreaterID]) VALUES(@P_0,@P_1,@P_2,@P_3,@P_1,@P_4,@P_5,@P_6,@P_7,@P_1,@P_8,@P_1,@P_1,@P_9,@P_10,@P_11,@P_12,@P_13,@P_5,@P_11,@P_10);SELECT LAST_INSERT_ROWID()
 
 
发生时间：2020-04-02 09:21:22,919 
内容： 
[ScalarExecuted]1 
 
发生时间：2020-04-02 09:21:23,069 
内容： 
[ReaderExecuting]Input String @P_0 = '1';
SELECT COUNT(1) AS [C] FROM [HostResource] AS [HostResource] WHERE (NOT ([HostResource].[IsDeleted] = 1) AND [HostResource].[Ass_Zone] = @P_0)
 
 
发生时间：2020-04-02 09:21:23,142 
内容： 
[ReaderExecuted]1 
 
发生时间：2020-04-02 09:21:23,176 
内容： 
[ReaderExecuting]Input String @P_0 = '1';
SELECT [HostResource].[Id] AS [Id],[HostResource].[IP] AS [IP],[HostResource].[clientSessionId] AS [clientSessionId],[HostResource].[allocFromPort] AS [allocFromPort],[HostResource].[nodePort] AS [nodePort],[HostResource].[nodeId] AS [nodeId],[HostResource].[allocEndPort] AS [allocEndPort],[HostResource].[haveNginx] AS [haveNginx],[HostResource].[nginxIsRun] AS [nginxIsRun],[HostResource].[appBaseDir] AS [appBaseDir],[HostResource].[nginxConfPath] AS [nginxConfPath],[HostResource].[hostName] AS [hostName],[HostResource].[macId] AS [macId],[HostResource].[cpuName] AS [cpuName],[HostResource].[Ass_Zone] AS [Ass_Zone_Id],[HostResource].[UpdaterID] AS [UpdaterID],[HostResource].[UpdaterName] AS [UpdaterName],[HostResource].[CreateDt] AS [CreateDt],[HostResource].[UpdateDt] AS [UpdateDt],[HostResource].[IsDeleted] AS [IsDeleted],[HostResource].[CreaterName] AS [CreaterName],[HostResource].[CreaterID] AS [CreaterID] FROM [HostResource] AS [HostResource] WHERE (NOT ([HostResource].[IsDeleted] = 1) AND [HostResource].[Ass_Zone] = @P_0) ORDER BY [HostResource].[CreateDt] DESC LIMIT 10 OFFSET 0
 
 
发生时间：2020-04-02 09:21:23,278 
内容： 
[ReaderExecuted]22 
 
发生时间：2020-04-02 09:21:25,771 
内容： 
[ReaderExecuting]SELECT COUNT(1) AS [C] FROM (SELECT [DockerInstance].[Id] AS [Id],[DockerInstance].[baseDir] AS [baseDir],[DockerInstance].[status] AS [status],[DockerInstance].[proxyPort] AS [proxyPort],[DockerInstance].[instanceId] AS [instanceId],[DockerInstance].[Ass_MicroServiceApp] AS [Ass_MicroServiceApp_Id],[DockerInstance].[Ass_ReleaseTask] AS [Ass_ReleaseTask_Id],[DockerInstance].[Ass_HostResource] AS [Ass_HostResource_Id],[DockerInstance].[UpdaterID] AS [UpdaterID],[DockerInstance].[UpdaterName] AS [UpdaterName],[DockerInstance].[CreateDt] AS [CreateDt],[DockerInstance].[UpdateDt] AS [UpdateDt],[DockerInstance].[IsDeleted] AS [IsDeleted],[DockerInstance].[CreaterName] AS [CreaterName],[DockerInstance].[CreaterID] AS [CreaterID],[DockerInstance].[Ass_MicroServiceApp] AS [Ass_MicroServiceApp],[DockerInstance].[Ass_ReleaseTask] AS [Ass_ReleaseTask],[DockerInstance].[Ass_HostResource] AS [Ass_HostResource] FROM [DockerInstance] AS [DockerInstance] WHERE NOT ([DockerInstance].[IsDeleted] = 1)) AS [T] INNER JOIN [HostResource] AS [HostResource] ON [T].[Ass_HostResource] = [HostResource].[Id]
 
 
发生时间：2020-04-02 09:21:25,883 
内容： 
[ReaderExecuted]1 
 
发生时间：2020-04-02 09:21:25,979 
内容： 
[ReaderExecuting]SELECT [T].[Id] AS [Id],[T].[baseDir] AS [baseDir],[T].[status] AS [status],[T].[proxyPort] AS [proxyPort],[T].[instanceId] AS [instanceId],[T].[Ass_MicroServiceApp_Id] AS [Ass_MicroServiceApp_Id],[T].[Ass_ReleaseTask_Id] AS [Ass_ReleaseTask_Id],[T].[Ass_HostResource_Id] AS [Ass_HostResource_Id],[T].[UpdaterID] AS [UpdaterID],[T].[UpdaterName] AS [UpdaterName],[T].[CreateDt] AS [CreateDt],[T].[UpdateDt] AS [UpdateDt],[T].[IsDeleted] AS [IsDeleted],[T].[CreaterName] AS [CreaterName],[T].[CreaterID] AS [CreaterID],[T].[Ass_MicroServiceApp] AS [Ass_MicroServiceApp],[T].[Ass_ReleaseTask] AS [Ass_ReleaseTask],[T].[Ass_HostResource] AS [Ass_HostResource],[HostResource].[Id] AS [Id0],[HostResource].[IP] AS [IP],[HostResource].[clientSessionId] AS [clientSessionId],[HostResource].[allocFromPort] AS [allocFromPort],[HostResource].[nodePort] AS [nodePort],[HostResource].[nodeId] AS [nodeId],[HostResource].[allocEndPort] AS [allocEndPort],[HostResource].[haveNginx] AS [haveNginx],[HostResource].[nginxIsRun] AS [nginxIsRun],[HostResource].[appBaseDir] AS [appBaseDir],[HostResource].[nginxConfPath] AS [nginxConfPath],[HostResource].[hostName] AS [hostName],[HostResource].[macId] AS [macId],[HostResource].[cpuName] AS [cpuName],[HostResource].[Ass_Zone] AS [Ass_Zone_Id],[HostResource].[UpdaterID] AS [UpdaterID0],[HostResource].[UpdaterName] AS [UpdaterName0],[HostResource].[CreateDt] AS [CreateDt0],[HostResource].[UpdateDt] AS [UpdateDt0],[HostResource].[IsDeleted] AS [IsDeleted0],[HostResource].[CreaterName] AS [CreaterName0],[HostResource].[CreaterID] AS [CreaterID0] FROM (SELECT [DockerInstance].[Id] AS [Id],[DockerInstance].[baseDir] AS [baseDir],[DockerInstance].[status] AS [status],[DockerInstance].[proxyPort] AS [proxyPort],[DockerInstance].[instanceId] AS [instanceId],[DockerInstance].[Ass_MicroServiceApp] AS [Ass_MicroServiceApp_Id],[DockerInstance].[Ass_ReleaseTask] AS [Ass_ReleaseTask_Id],[DockerInstance].[Ass_HostResource] AS [Ass_HostResource_Id],[DockerInstance].[UpdaterID] AS [UpdaterID],[DockerInstance].[UpdaterName] AS [UpdaterName],[DockerInstance].[CreateDt] AS [CreateDt],[DockerInstance].[UpdateDt] AS [UpdateDt],[DockerInstance].[IsDeleted] AS [IsDeleted],[DockerInstance].[CreaterName] AS [CreaterName],[DockerInstance].[CreaterID] AS [CreaterID],[DockerInstance].[Ass_MicroServiceApp] AS [Ass_MicroServiceApp],[DockerInstance].[Ass_ReleaseTask] AS [Ass_ReleaseTask],[DockerInstance].[Ass_HostResource] AS [Ass_HostResource] FROM [DockerInstance] AS [DockerInstance] WHERE NOT ([DockerInstance].[IsDeleted] = 1)) AS [T] INNER JOIN [HostResource] AS [HostResource] ON [T].[Ass_HostResource] = [HostResource].[Id] ORDER BY [T].[CreateDt] DESC LIMIT 10 OFFSET 0
 
 
发生时间：2020-04-02 09:21:26,124 
内容： 
[ReaderExecuted]40 
 
发生时间：2020-04-02 16:27:37,752 
内容： 
[ReaderExecuting]Input String @P_0 = 'admin';
SELECT [SysUser].[Id] AS [Id],[SysUser].[Email] AS [Email],[SysUser].[UserName] AS [UserName],[SysUser].[Mobile] AS [Mobile],[SysUser].[Password] AS [Password],[SysUser].[IsEnabled] AS [IsEnabled],[SysUser].[UserType] AS [UserType],[SysUser].[RecomendId] AS [RecomendId],[SysUser].[Birthday] AS [Birthday],[SysUser].[IdentityId] AS [IdentityId],[SysUser].[Photo] AS [Photo],[SysUser].[TelNo] AS [TelNo],[SysUser].[ComName] AS [ComName],[SysUser].[loginType] AS [loginType],[SysUser].[AppSiteKey] AS [AppSiteKey],[SysUser].[secretKey] AS [secretKey],[SysUser].[Description] AS [Description],[SysUser].[LoginId] AS [LoginId],[SysUser].[sex] AS [sex],[SysUser].[OtherLoginId] AS [OtherLoginId],[SysUser].[Ass_Areas] AS [Ass_Areas_Id],[SysUser].[UpdaterID] AS [UpdaterID],[SysUser].[UpdaterName] AS [UpdaterName],[SysUser].[CreateDt] AS [CreateDt],[SysUser].[UpdateDt] AS [UpdateDt],[SysUser].[IsDeleted] AS [IsDeleted],[SysUser].[CreaterName] AS [CreaterName],[SysUser].[CreaterID] AS [CreaterID] FROM [SysUser] AS [SysUser] WHERE ([SysUser].[IsEnabled] = 1 AND ([SysUser].[AppSiteKey] IS NULL OR [SysUser].[AppSiteKey] = '*') AND ([SysUser].[LoginId] = @P_0 OR [SysUser].[Mobile] = @P_0 OR [SysUser].[Email] = @P_0)) LIMIT 1 OFFSET 0
 
 
发生时间：2020-04-02 16:27:37,885 
内容： 
[ReaderExecuted]28 
 
发生时间：2020-04-02 16:27:37,962 
内容： 
[ReaderExecuting]select table_a .*  from SysRole table_a ,AssC_SysRoleSysUser table_b where table_a.Id=table_b.AssC_SysRole and table_b.AssC_SysUser=1
 
 
发生时间：2020-04-02 16:27:37,981 
内容： 
[ReaderExecuted]11 
 
发生时间：2020-04-02 16:27:38,081 
内容： 
[ReaderExecuting]Input String @P_0 = '1';
SELECT [LoginHistory].[Id] AS [C] FROM [LoginHistory] AS [LoginHistory] WHERE ([LoginHistory].[valid] = 1 AND [LoginHistory].[Ass_SysUser] = @P_0)
 
 
发生时间：2020-04-02 16:27:38,087 
内容： 
[ReaderExecuted]1 
 
发生时间：2020-04-02 16:27:38,136 
内容： 
[ScalarExecuting]Input String @P_0 = '26b2f39e-dae7-4383-b0f8-2725eb1dd7db';
Input DateTime @P_1 = '2020/4/2 21:27:38';
Input Boolean @P_2 = True;
Input String @P_3 = '127.0.0.1';
Input Int32 @P_4 = 1;
Input String @P_5 = '1';
Input String @P_6 = 'admin';
Input DateTime @P_7 = '2020/4/2 16:27:38';
Input DateTime @P_8 = '2020/4/2 16:27:38';
Input Boolean @P_9 = False;
INSERT INTO [LoginHistory]([Token],[ExpireDt],[valid],[IpFrom],[Ass_SysUser],[UpdaterID],[UpdaterName],[CreateDt],[UpdateDt],[IsDeleted],[CreaterName],[CreaterID]) VALUES(@P_0,@P_1,@P_2,@P_3,@P_4,@P_5,@P_6,@P_7,@P_8,@P_9,@P_6,@P_5);SELECT LAST_INSERT_ROWID()
 
 
发生时间：2020-04-02 16:27:38,201 
内容： 
[ScalarExecuted]2 
 
发生时间：2020-04-02 16:27:38,214 
内容： 
[NonQueryExecuting]UPDATE [LoginHistory] SET [valid]=0 WHERE [LoginHistory].[Id] IN (1)
 
 
发生时间：2020-04-02 16:27:38,221 
内容： 
[NonQueryExecuted]1 
 
发生时间：2020-04-02 16:27:38,476 
内容： 
[ReaderExecuting]Input Int32 @P_0 = 1;
SELECT [SysUser].[Id] AS [Id],[SysUser].[Email] AS [Email],[SysUser].[UserName] AS [UserName],[SysUser].[Mobile] AS [Mobile],[SysUser].[Password] AS [Password],[SysUser].[IsEnabled] AS [IsEnabled],[SysUser].[UserType] AS [UserType],[SysUser].[RecomendId] AS [RecomendId],[SysUser].[Birthday] AS [Birthday],[SysUser].[IdentityId] AS [IdentityId],[SysUser].[Photo] AS [Photo],[SysUser].[TelNo] AS [TelNo],[SysUser].[ComName] AS [ComName],[SysUser].[loginType] AS [loginType],[SysUser].[AppSiteKey] AS [AppSiteKey],[SysUser].[secretKey] AS [secretKey],[SysUser].[Description] AS [Description],[SysUser].[LoginId] AS [LoginId],[SysUser].[sex] AS [sex],[SysUser].[OtherLoginId] AS [OtherLoginId],[SysUser].[Ass_Areas] AS [Ass_Areas_Id],[SysUser].[UpdaterID] AS [UpdaterID],[SysUser].[UpdaterName] AS [UpdaterName],[SysUser].[CreateDt] AS [CreateDt],[SysUser].[UpdateDt] AS [UpdateDt],[SysUser].[IsDeleted] AS [IsDeleted],[SysUser].[CreaterName] AS [CreaterName],[SysUser].[CreaterID] AS [CreaterID] FROM [SysUser] AS [SysUser] WHERE [SysUser].[Id] = @P_0 LIMIT 1 OFFSET 0
 
 
发生时间：2020-04-02 16:27:38,620 
内容： 
[ReaderExecuted]28 
 
发生时间：2020-04-02 16:27:38,704 
内容： 
[ReaderExecuting]select table_a .*  from SysRole table_a ,AssC_SysRoleSysUser table_b where table_a.Id=table_b.AssC_SysRole and table_b.AssC_SysUser=1
 
 
发生时间：2020-04-02 16:27:38,710 
内容： 
[ReaderExecuted]11 
 
发生时间：2020-04-02 16:27:38,798 
内容： 
[ReaderExecuting]Input Int32 @P_0 = 0;
SELECT [MenuGroup].[Id] AS [Id],[MenuGroup].[Icon] AS [Icon],[MenuGroup].[Name] AS [Name],[MenuGroup].[SortCode] AS [SortCode],[MenuGroup].[Ass_Parent] AS [Ass_Parent_Id],[MenuGroup].[UpdaterID] AS [UpdaterID],[MenuGroup].[UpdaterName] AS [UpdaterName],[MenuGroup].[CreateDt] AS [CreateDt],[MenuGroup].[UpdateDt] AS [UpdateDt],[MenuGroup].[IsDeleted] AS [IsDeleted],[MenuGroup].[CreaterName] AS [CreaterName],[MenuGroup].[CreaterID] AS [CreaterID] FROM [MenuGroup] AS [MenuGroup] WHERE ([MenuGroup].[Ass_Parent] IS NULL OR [MenuGroup].[Ass_Parent] <= @P_0)
 
 
发生时间：2020-04-02 16:27:38,845 
内容： 
[ReaderExecuted]12 
 
发生时间：2020-04-02 16:27:38,867 
内容： 
[ReaderExecuting]select table_a.* from Menu table_a where  table_a.Ass_MenuGroup=1
 
 
发生时间：2020-04-02 16:27:38,870 
内容： 
[ReaderExecuted]13 
 
发生时间：2020-04-02 16:27:38,956 
内容： 
[ReaderExecuting]select table_a.* from MenuGroup table_a where  table_a.Ass_Parent=1
 
 
发生时间：2020-04-02 16:27:38,987 
内容： 
[ReaderExecuted]12 
 
发生时间：2020-04-02 16:27:38,992 
内容： 
[ReaderExecuting]select table_a.* from Menu table_a where  table_a.Ass_MenuGroup=2
 
 
发生时间：2020-04-02 16:27:39,009 
内容： 
[ReaderExecuted]13 
 
发生时间：2020-04-02 16:27:39,033 
内容： 
[ReaderExecuting]select table_a.* from MenuGroup table_a where  table_a.Ass_Parent=2
 
 
发生时间：2020-04-02 16:27:39,044 
内容： 
[ReaderExecuted]12 
 
发生时间：2020-04-02 16:27:39,054 
内容： 
[ReaderExecuting]select table_a.* from Menu table_a where  table_a.Ass_MenuGroup=3
 
 
发生时间：2020-04-02 16:27:39,067 
内容： 
[ReaderExecuted]13 
 
发生时间：2020-04-02 16:27:39,082 
内容： 
[ReaderExecuting]select table_a.* from MenuGroup table_a where  table_a.Ass_Parent=3
 
 
发生时间：2020-04-02 16:27:39,088 
内容： 
[ReaderExecuted]12 
 
发生时间：2020-04-02 16:27:39,112 
内容： 
[ReaderExecuting]select table_a.* from Menu table_a where  table_a.Ass_MenuGroup=4
 
 
发生时间：2020-04-02 16:27:39,130 
内容： 
[ReaderExecuted]13 
 
发生时间：2020-04-02 16:27:39,150 
内容： 
[ReaderExecuting]select table_a.* from MenuGroup table_a where  table_a.Ass_Parent=4
 
 
发生时间：2020-04-02 16:27:39,161 
内容： 
[ReaderExecuted]12 
 
发生时间：2020-04-02 16:27:41,901 
内容： 
[ReaderExecuting]SELECT COUNT(1) AS [C] FROM [Region] AS [Region] WHERE NOT ([Region].[IsDeleted] = 1)
 
 
发生时间：2020-04-02 16:27:41,922 
内容： 
[ReaderExecuted]1 
 
发生时间：2020-04-02 16:27:42,027 
内容： 
[ReaderExecuting]Input Int32 @P_0 = 0;
SELECT [Zone].[Id] AS [Id],[Zone].[Name] AS [Name],[Zone].[Key] AS [Key],[Zone].[Ass_Region] AS [Ass_Region_Id],[Zone].[UpdaterID] AS [UpdaterID],[Zone].[UpdaterName] AS [UpdaterName],[Zone].[CreateDt] AS [CreateDt],[Zone].[UpdateDt] AS [UpdateDt],[Zone].[IsDeleted] AS [IsDeleted],[Zone].[CreaterName] AS [CreaterName],[Zone].[CreaterID] AS [CreaterID] FROM [Zone] AS [Zone] WHERE [Zone].[Id] = @P_0 LIMIT 1 OFFSET 0
 
 
发生时间：2020-04-02 16:27:42,089 
内容： 
[ReaderExecuting]SELECT [Region].[Id] AS [Id],[Region].[Key] AS [Key],[Region].[Name] AS [Name],[Region].[UpdaterID] AS [UpdaterID],[Region].[UpdaterName] AS [UpdaterName],[Region].[CreateDt] AS [CreateDt],[Region].[UpdateDt] AS [UpdateDt],[Region].[IsDeleted] AS [IsDeleted],[Region].[CreaterName] AS [CreaterName],[Region].[CreaterID] AS [CreaterID] FROM [Region] AS [Region] WHERE NOT ([Region].[IsDeleted] = 1) ORDER BY [Region].[CreateDt] DESC LIMIT 100 OFFSET 0
 
 
发生时间：2020-04-02 16:27:42,094 
内容： 
[ReaderExecuted]11 
 
发生时间：2020-04-02 16:27:42,127 
内容： 
[ReaderExecuted]10 
 
发生时间：2020-04-02 16:27:42,417 
内容： 
[ReaderExecuting]Input Int32 @P_0 = 2;
SELECT [Region].[Id] AS [Id],[Region].[Key] AS [Key],[Region].[Name] AS [Name],[Region].[UpdaterID] AS [UpdaterID],[Region].[UpdaterName] AS [UpdaterName],[Region].[CreateDt] AS [CreateDt],[Region].[UpdateDt] AS [UpdateDt],[Region].[IsDeleted] AS [IsDeleted],[Region].[CreaterName] AS [CreaterName],[Region].[CreaterID] AS [CreaterID] FROM [Region] AS [Region] WHERE [Region].[Id] = @P_0 LIMIT 1 OFFSET 0
 
 
发生时间：2020-04-02 16:27:42,506 
内容： 
[ReaderExecuted]10 
 
发生时间：2020-04-02 16:27:42,567 
内容： 
[ReaderExecuting]Input String @P_0 = '2';
SELECT COUNT(1) AS [C] FROM [Zone] AS [Zone] WHERE (NOT ([Zone].[IsDeleted] = 1) AND [Zone].[Ass_Region] = @P_0)
 
 
发生时间：2020-04-02 16:27:42,574 
内容： 
[ReaderExecuted]1 
 
发生时间：2020-04-02 16:27:42,585 
内容： 
[ReaderExecuting]Input String @P_0 = '2';
SELECT [Zone].[Id] AS [Id],[Zone].[Name] AS [Name],[Zone].[Key] AS [Key],[Zone].[Ass_Region] AS [Ass_Region_Id],[Zone].[UpdaterID] AS [UpdaterID],[Zone].[UpdaterName] AS [UpdaterName],[Zone].[CreateDt] AS [CreateDt],[Zone].[UpdateDt] AS [UpdateDt],[Zone].[IsDeleted] AS [IsDeleted],[Zone].[CreaterName] AS [CreaterName],[Zone].[CreaterID] AS [CreaterID] FROM [Zone] AS [Zone] WHERE (NOT ([Zone].[IsDeleted] = 1) AND [Zone].[Ass_Region] = @P_0) ORDER BY [Zone].[CreateDt] DESC LIMIT 100 OFFSET 0
 
 
发生时间：2020-04-02 16:27:42,668 
内容： 
[ReaderExecuted]11 
 
发生时间：2020-04-02 16:27:46,420 
内容： 
[ReaderExecuting]Input Int32 @P_0 = 1;
SELECT [Region].[Id] AS [Id],[Region].[Key] AS [Key],[Region].[Name] AS [Name],[Region].[UpdaterID] AS [UpdaterID],[Region].[UpdaterName] AS [UpdaterName],[Region].[CreateDt] AS [CreateDt],[Region].[UpdateDt] AS [UpdateDt],[Region].[IsDeleted] AS [IsDeleted],[Region].[CreaterName] AS [CreaterName],[Region].[CreaterID] AS [CreaterID] FROM [Region] AS [Region] WHERE [Region].[Id] = @P_0 LIMIT 1 OFFSET 0
 
 
发生时间：2020-04-02 16:27:46,454 
内容： 
[ReaderExecuted]10 
 
发生时间：2020-04-02 16:27:46,499 
内容： 
[ReaderExecuting]Input String @P_0 = '1';
SELECT COUNT(1) AS [C] FROM [Zone] AS [Zone] WHERE (NOT ([Zone].[IsDeleted] = 1) AND [Zone].[Ass_Region] = @P_0)
 
 
发生时间：2020-04-02 16:27:46,507 
内容： 
[ReaderExecuted]1 
 
发生时间：2020-04-02 16:27:46,531 
内容： 
[ReaderExecuting]Input String @P_0 = '1';
SELECT [Zone].[Id] AS [Id],[Zone].[Name] AS [Name],[Zone].[Key] AS [Key],[Zone].[Ass_Region] AS [Ass_Region_Id],[Zone].[UpdaterID] AS [UpdaterID],[Zone].[UpdaterName] AS [UpdaterName],[Zone].[CreateDt] AS [CreateDt],[Zone].[UpdateDt] AS [UpdateDt],[Zone].[IsDeleted] AS [IsDeleted],[Zone].[CreaterName] AS [CreaterName],[Zone].[CreaterID] AS [CreaterID] FROM [Zone] AS [Zone] WHERE (NOT ([Zone].[IsDeleted] = 1) AND [Zone].[Ass_Region] = @P_0) ORDER BY [Zone].[CreateDt] DESC LIMIT 100 OFFSET 0
 
 
发生时间：2020-04-02 16:27:46,593 
内容： 
[ReaderExecuted]11 
 
发生时间：2020-04-02 16:27:48,772 
内容： 
[ReaderExecuting]Input Int32 @P_0 = 1;
SELECT [Zone].[Id] AS [Id],[Zone].[Name] AS [Name],[Zone].[Key] AS [Key],[Zone].[Ass_Region] AS [Ass_Region_Id],[Zone].[UpdaterID] AS [UpdaterID],[Zone].[UpdaterName] AS [UpdaterName],[Zone].[CreateDt] AS [CreateDt],[Zone].[UpdateDt] AS [UpdateDt],[Zone].[IsDeleted] AS [IsDeleted],[Zone].[CreaterName] AS [CreaterName],[Zone].[CreaterID] AS [CreaterID] FROM [Zone] AS [Zone] WHERE [Zone].[Id] = @P_0 LIMIT 1 OFFSET 0
 
 
发生时间：2020-04-02 16:27:48,834 
内容： 
[ReaderExecuted]11 
 
发生时间：2020-04-02 16:27:48,871 
内容： 
[ReaderExecuting]Input String @P_0 = '1';
SELECT COUNT(1) AS [C] FROM [HostResource] AS [HostResource] WHERE (NOT ([HostResource].[IsDeleted] = 1) AND [HostResource].[Ass_Zone] = @P_0)
 
 
发生时间：2020-04-02 16:27:48,886 
内容： 
[ReaderExecuted]1 
 
发生时间：2020-04-02 16:27:49,006 
内容： 
[ReaderExecuting]Input String @P_0 = '1';
SELECT [HostResource].[Id] AS [Id],[HostResource].[IP] AS [IP],[HostResource].[clientSessionId] AS [clientSessionId],[HostResource].[allocFromPort] AS [allocFromPort],[HostResource].[nodePort] AS [nodePort],[HostResource].[nodeId] AS [nodeId],[HostResource].[allocEndPort] AS [allocEndPort],[HostResource].[haveNginx] AS [haveNginx],[HostResource].[nginxIsRun] AS [nginxIsRun],[HostResource].[appBaseDir] AS [appBaseDir],[HostResource].[nginxConfPath] AS [nginxConfPath],[HostResource].[hostName] AS [hostName],[HostResource].[macId] AS [macId],[HostResource].[cpuName] AS [cpuName],[HostResource].[Ass_Zone] AS [Ass_Zone_Id],[HostResource].[UpdaterID] AS [UpdaterID],[HostResource].[UpdaterName] AS [UpdaterName],[HostResource].[CreateDt] AS [CreateDt],[HostResource].[UpdateDt] AS [UpdateDt],[HostResource].[IsDeleted] AS [IsDeleted],[HostResource].[CreaterName] AS [CreaterName],[HostResource].[CreaterID] AS [CreaterID] FROM [HostResource] AS [HostResource] WHERE (NOT ([HostResource].[IsDeleted] = 1) AND [HostResource].[Ass_Zone] = @P_0) ORDER BY [HostResource].[CreateDt] DESC LIMIT 10 OFFSET 0
 
 
发生时间：2020-04-02 16:27:49,092 
内容： 
[ReaderExecuted]22 
 
发生时间：2020-04-02 16:28:00,370 
内容： 
[ReaderExecuting]Input Int32 @P_0 = 1;
SELECT [HostResource].[Id] AS [Id],[HostResource].[IP] AS [IP],[HostResource].[clientSessionId] AS [clientSessionId],[HostResource].[allocFromPort] AS [allocFromPort],[HostResource].[nodePort] AS [nodePort],[HostResource].[nodeId] AS [nodeId],[HostResource].[allocEndPort] AS [allocEndPort],[HostResource].[haveNginx] AS [haveNginx],[HostResource].[nginxIsRun] AS [nginxIsRun],[HostResource].[appBaseDir] AS [appBaseDir],[HostResource].[nginxConfPath] AS [nginxConfPath],[HostResource].[hostName] AS [hostName],[HostResource].[macId] AS [macId],[HostResource].[cpuName] AS [cpuName],[HostResource].[Ass_Zone] AS [Ass_Zone_Id],[HostResource].[UpdaterID] AS [UpdaterID],[HostResource].[UpdaterName] AS [UpdaterName],[HostResource].[CreateDt] AS [CreateDt],[HostResource].[UpdateDt] AS [UpdateDt],[HostResource].[IsDeleted] AS [IsDeleted],[HostResource].[CreaterName] AS [CreaterName],[HostResource].[CreaterID] AS [CreaterID] FROM [HostResource] AS [HostResource] WHERE [HostResource].[Id] = @P_0 LIMIT 1 OFFSET 0
 
 
发生时间：2020-04-02 16:28:00,536 
内容： 
[ReaderExecuted]22 
 
发生时间：2020-04-02 16:28:00,602 
内容： 
[NonQueryExecuting]Input String @P_0 = '84-7B-EB-55-BF-1D';
Input DateTime @P_1 = '2020/4/2 16:28:00';
Input Int32 @P_2 = 1;
UPDATE [HostResource] SET [macId]=@P_0,[UpdateDt]=@P_1 WHERE [HostResource].[Id] = @P_2
 
 
发生时间：2020-04-02 16:28:00,638 
内容： 
[NonQueryExecuted]1 
 
发生时间：2020-04-02 16:28:00,813 
内容： 
[ReaderExecuting]Input String @P_0 = '1';
SELECT COUNT(1) AS [C] FROM [HostResource] AS [HostResource] WHERE (NOT ([HostResource].[IsDeleted] = 1) AND [HostResource].[Ass_Zone] = @P_0)
 
 
发生时间：2020-04-02 16:28:00,841 
内容： 
[ReaderExecuted]1 
 
发生时间：2020-04-02 16:28:00,859 
内容： 
[ReaderExecuting]Input String @P_0 = '1';
SELECT [HostResource].[Id] AS [Id],[HostResource].[IP] AS [IP],[HostResource].[clientSessionId] AS [clientSessionId],[HostResource].[allocFromPort] AS [allocFromPort],[HostResource].[nodePort] AS [nodePort],[HostResource].[nodeId] AS [nodeId],[HostResource].[allocEndPort] AS [allocEndPort],[HostResource].[haveNginx] AS [haveNginx],[HostResource].[nginxIsRun] AS [nginxIsRun],[HostResource].[appBaseDir] AS [appBaseDir],[HostResource].[nginxConfPath] AS [nginxConfPath],[HostResource].[hostName] AS [hostName],[HostResource].[macId] AS [macId],[HostResource].[cpuName] AS [cpuName],[HostResource].[Ass_Zone] AS [Ass_Zone_Id],[HostResource].[UpdaterID] AS [UpdaterID],[HostResource].[UpdaterName] AS [UpdaterName],[HostResource].[CreateDt] AS [CreateDt],[HostResource].[UpdateDt] AS [UpdateDt],[HostResource].[IsDeleted] AS [IsDeleted],[HostResource].[CreaterName] AS [CreaterName],[HostResource].[CreaterID] AS [CreaterID] FROM [HostResource] AS [HostResource] WHERE (NOT ([HostResource].[IsDeleted] = 1) AND [HostResource].[Ass_Zone] = @P_0) ORDER BY [HostResource].[CreateDt] DESC LIMIT 10 OFFSET 0
 
 
发生时间：2020-04-02 16:28:00,925 
内容： 
[ReaderExecuted]22 
 
发生时间：2020-04-02 16:28:15,685 
内容： 
[ReaderExecuting]Input Int32 @P_0 = 1;
SELECT [HostResource].[Id] AS [Id],[HostResource].[IP] AS [IP],[HostResource].[clientSessionId] AS [clientSessionId],[HostResource].[allocFromPort] AS [allocFromPort],[HostResource].[nodePort] AS [nodePort],[HostResource].[nodeId] AS [nodeId],[HostResource].[allocEndPort] AS [allocEndPort],[HostResource].[haveNginx] AS [haveNginx],[HostResource].[nginxIsRun] AS [nginxIsRun],[HostResource].[appBaseDir] AS [appBaseDir],[HostResource].[nginxConfPath] AS [nginxConfPath],[HostResource].[hostName] AS [hostName],[HostResource].[macId] AS [macId],[HostResource].[cpuName] AS [cpuName],[HostResource].[Ass_Zone] AS [Ass_Zone_Id],[HostResource].[UpdaterID] AS [UpdaterID],[HostResource].[UpdaterName] AS [UpdaterName],[HostResource].[CreateDt] AS [CreateDt],[HostResource].[UpdateDt] AS [UpdateDt],[HostResource].[IsDeleted] AS [IsDeleted],[HostResource].[CreaterName] AS [CreaterName],[HostResource].[CreaterID] AS [CreaterID] FROM [HostResource] AS [HostResource] WHERE [HostResource].[Id] = @P_0 LIMIT 1 OFFSET 0
 
 
发生时间：2020-04-02 16:28:15,886 
内容： 
[ReaderExecuted]22 
 
发生时间：2020-04-02 16:28:15,898 
内容： 
[NonQueryExecuting]Input String @P_0 = '847BEB55BF1D';
Input DateTime @P_1 = '2020/4/2 16:28:15';
Input Int32 @P_2 = 1;
UPDATE [HostResource] SET [macId]=@P_0,[UpdateDt]=@P_1 WHERE [HostResource].[Id] = @P_2
 
 
发生时间：2020-04-02 16:28:15,953 
内容： 
[NonQueryExecuted]1 
 
发生时间：2020-04-02 16:28:16,123 
内容： 
[ReaderExecuting]Input String @P_0 = '1';
SELECT COUNT(1) AS [C] FROM [HostResource] AS [HostResource] WHERE (NOT ([HostResource].[IsDeleted] = 1) AND [HostResource].[Ass_Zone] = @P_0)
 
 
发生时间：2020-04-02 16:28:16,140 
内容： 
[ReaderExecuted]1 
 
发生时间：2020-04-02 16:28:16,162 
内容： 
[ReaderExecuting]Input String @P_0 = '1';
SELECT [HostResource].[Id] AS [Id],[HostResource].[IP] AS [IP],[HostResource].[clientSessionId] AS [clientSessionId],[HostResource].[allocFromPort] AS [allocFromPort],[HostResource].[nodePort] AS [nodePort],[HostResource].[nodeId] AS [nodeId],[HostResource].[allocEndPort] AS [allocEndPort],[HostResource].[haveNginx] AS [haveNginx],[HostResource].[nginxIsRun] AS [nginxIsRun],[HostResource].[appBaseDir] AS [appBaseDir],[HostResource].[nginxConfPath] AS [nginxConfPath],[HostResource].[hostName] AS [hostName],[HostResource].[macId] AS [macId],[HostResource].[cpuName] AS [cpuName],[HostResource].[Ass_Zone] AS [Ass_Zone_Id],[HostResource].[UpdaterID] AS [UpdaterID],[HostResource].[UpdaterName] AS [UpdaterName],[HostResource].[CreateDt] AS [CreateDt],[HostResource].[UpdateDt] AS [UpdateDt],[HostResource].[IsDeleted] AS [IsDeleted],[HostResource].[CreaterName] AS [CreaterName],[HostResource].[CreaterID] AS [CreaterID] FROM [HostResource] AS [HostResource] WHERE (NOT ([HostResource].[IsDeleted] = 1) AND [HostResource].[Ass_Zone] = @P_0) ORDER BY [HostResource].[CreateDt] DESC LIMIT 10 OFFSET 0
 
 
发生时间：2020-04-02 16:28:16,246 
内容： 
[ReaderExecuted]22 
 
发生时间：2020-04-02 19:28:45,723 
内容： 
[ReaderExecuting]Input String @P_0 = '00-FF-43-68-74-8D';
SELECT [HostResource].[Id] AS [Id],[HostResource].[IP] AS [IP],[HostResource].[clientSessionId] AS [clientSessionId],[HostResource].[allocFromPort] AS [allocFromPort],[HostResource].[nodePort] AS [nodePort],[HostResource].[nodeId] AS [nodeId],[HostResource].[allocEndPort] AS [allocEndPort],[HostResource].[haveNginx] AS [haveNginx],[HostResource].[nginxIsRun] AS [nginxIsRun],[HostResource].[appBaseDir] AS [appBaseDir],[HostResource].[nginxConfPath] AS [nginxConfPath],[HostResource].[hostName] AS [hostName],[HostResource].[macId] AS [macId],[HostResource].[cpuName] AS [cpuName],[HostResource].[Ass_Zone] AS [Ass_Zone_Id],[HostResource].[UpdaterID] AS [UpdaterID],[HostResource].[UpdaterName] AS [UpdaterName],[HostResource].[CreateDt] AS [CreateDt],[HostResource].[UpdateDt] AS [UpdateDt],[HostResource].[IsDeleted] AS [IsDeleted],[HostResource].[CreaterName] AS [CreaterName],[HostResource].[CreaterID] AS [CreaterID] FROM [HostResource] AS [HostResource] WHERE [HostResource].[macId] = @P_0 LIMIT 1 OFFSET 0
 
 
发生时间：2020-04-02 19:28:45,798 
内容： 
[ReaderExecuted]22 
 
发生时间：2020-04-02 19:34:09,221 
内容： 
[ReaderExecuting]Input String @P_0 = 'admin';
SELECT [SysUser].[Id] AS [Id],[SysUser].[Email] AS [Email],[SysUser].[UserName] AS [UserName],[SysUser].[Mobile] AS [Mobile],[SysUser].[Password] AS [Password],[SysUser].[IsEnabled] AS [IsEnabled],[SysUser].[UserType] AS [UserType],[SysUser].[RecomendId] AS [RecomendId],[SysUser].[Birthday] AS [Birthday],[SysUser].[IdentityId] AS [IdentityId],[SysUser].[Photo] AS [Photo],[SysUser].[TelNo] AS [TelNo],[SysUser].[ComName] AS [ComName],[SysUser].[loginType] AS [loginType],[SysUser].[AppSiteKey] AS [AppSiteKey],[SysUser].[secretKey] AS [secretKey],[SysUser].[Description] AS [Description],[SysUser].[LoginId] AS [LoginId],[SysUser].[sex] AS [sex],[SysUser].[OtherLoginId] AS [OtherLoginId],[SysUser].[Ass_Areas] AS [Ass_Areas_Id],[SysUser].[UpdaterID] AS [UpdaterID],[SysUser].[UpdaterName] AS [UpdaterName],[SysUser].[CreateDt] AS [CreateDt],[SysUser].[UpdateDt] AS [UpdateDt],[SysUser].[IsDeleted] AS [IsDeleted],[SysUser].[CreaterName] AS [CreaterName],[SysUser].[CreaterID] AS [CreaterID] FROM [SysUser] AS [SysUser] WHERE ([SysUser].[IsEnabled] = 1 AND ([SysUser].[AppSiteKey] IS NULL OR [SysUser].[AppSiteKey] = '*') AND ([SysUser].[LoginId] = @P_0 OR [SysUser].[Mobile] = @P_0 OR [SysUser].[Email] = @P_0)) LIMIT 1 OFFSET 0
 
 
发生时间：2020-04-02 19:34:09,286 
内容： 
[ReaderExecuted]28 
 
发生时间：2020-04-02 19:34:09,353 
内容： 
[ReaderExecuting]select table_a .*  from SysRole table_a ,AssC_SysRoleSysUser table_b where table_a.Id=table_b.AssC_SysRole and table_b.AssC_SysUser=1
 
 
发生时间：2020-04-02 19:34:09,368 
内容： 
[ReaderExecuted]11 
 
发生时间：2020-04-02 19:34:09,447 
内容： 
[ReaderExecuting]Input String @P_0 = '1';
SELECT [LoginHistory].[Id] AS [C] FROM [LoginHistory] AS [LoginHistory] WHERE ([LoginHistory].[valid] = 1 AND [LoginHistory].[Ass_SysUser] = @P_0)
 
 
发生时间：2020-04-02 19:34:09,455 
内容： 
[ReaderExecuted]1 
 
发生时间：2020-04-02 19:34:09,499 
内容： 
[ScalarExecuting]Input String @P_0 = 'bbd997f0-fcf9-4037-9143-eae0d4524326';
Input DateTime @P_1 = '2020/4/3 0:34:09';
Input Boolean @P_2 = True;
Input String @P_3 = '127.0.0.1';
Input Int32 @P_4 = 1;
Input String @P_5 = '1';
Input String @P_6 = 'admin';
Input DateTime @P_7 = '2020/4/2 19:34:09';
Input DateTime @P_8 = '2020/4/2 19:34:09';
Input Boolean @P_9 = False;
INSERT INTO [LoginHistory]([Token],[ExpireDt],[valid],[IpFrom],[Ass_SysUser],[UpdaterID],[UpdaterName],[CreateDt],[UpdateDt],[IsDeleted],[CreaterName],[CreaterID]) VALUES(@P_0,@P_1,@P_2,@P_3,@P_4,@P_5,@P_6,@P_7,@P_8,@P_9,@P_6,@P_5);SELECT LAST_INSERT_ROWID()
 
 
发生时间：2020-04-02 19:34:09,547 
内容： 
[ScalarExecuted]3 
 
发生时间：2020-04-02 19:34:09,557 
内容： 
[NonQueryExecuting]UPDATE [LoginHistory] SET [valid]=0 WHERE [LoginHistory].[Id] IN (2)
 
 
发生时间：2020-04-02 19:34:09,563 
内容： 
[NonQueryExecuted]1 
 
发生时间：2020-04-02 19:34:09,786 
内容： 
[ReaderExecuting]Input Int32 @P_0 = 1;
SELECT [SysUser].[Id] AS [Id],[SysUser].[Email] AS [Email],[SysUser].[UserName] AS [UserName],[SysUser].[Mobile] AS [Mobile],[SysUser].[Password] AS [Password],[SysUser].[IsEnabled] AS [IsEnabled],[SysUser].[UserType] AS [UserType],[SysUser].[RecomendId] AS [RecomendId],[SysUser].[Birthday] AS [Birthday],[SysUser].[IdentityId] AS [IdentityId],[SysUser].[Photo] AS [Photo],[SysUser].[TelNo] AS [TelNo],[SysUser].[ComName] AS [ComName],[SysUser].[loginType] AS [loginType],[SysUser].[AppSiteKey] AS [AppSiteKey],[SysUser].[secretKey] AS [secretKey],[SysUser].[Description] AS [Description],[SysUser].[LoginId] AS [LoginId],[SysUser].[sex] AS [sex],[SysUser].[OtherLoginId] AS [OtherLoginId],[SysUser].[Ass_Areas] AS [Ass_Areas_Id],[SysUser].[UpdaterID] AS [UpdaterID],[SysUser].[UpdaterName] AS [UpdaterName],[SysUser].[CreateDt] AS [CreateDt],[SysUser].[UpdateDt] AS [UpdateDt],[SysUser].[IsDeleted] AS [IsDeleted],[SysUser].[CreaterName] AS [CreaterName],[SysUser].[CreaterID] AS [CreaterID] FROM [SysUser] AS [SysUser] WHERE [SysUser].[Id] = @P_0 LIMIT 1 OFFSET 0
 
 
发生时间：2020-04-02 19:34:09,871 
内容： 
[ReaderExecuted]28 
 
发生时间：2020-04-02 19:34:09,899 
内容： 
[ReaderExecuting]select table_a .*  from SysRole table_a ,AssC_SysRoleSysUser table_b where table_a.Id=table_b.AssC_SysRole and table_b.AssC_SysUser=1
 
 
发生时间：2020-04-02 19:34:09,905 
内容： 
[ReaderExecuted]11 
 
发生时间：2020-04-02 19:34:09,970 
内容： 
[ReaderExecuting]Input Int32 @P_0 = 0;
SELECT [MenuGroup].[Id] AS [Id],[MenuGroup].[Icon] AS [Icon],[MenuGroup].[Name] AS [Name],[MenuGroup].[SortCode] AS [SortCode],[MenuGroup].[Ass_Parent] AS [Ass_Parent_Id],[MenuGroup].[UpdaterID] AS [UpdaterID],[MenuGroup].[UpdaterName] AS [UpdaterName],[MenuGroup].[CreateDt] AS [CreateDt],[MenuGroup].[UpdateDt] AS [UpdateDt],[MenuGroup].[IsDeleted] AS [IsDeleted],[MenuGroup].[CreaterName] AS [CreaterName],[MenuGroup].[CreaterID] AS [CreaterID] FROM [MenuGroup] AS [MenuGroup] WHERE ([MenuGroup].[Ass_Parent] IS NULL OR [MenuGroup].[Ass_Parent] <= @P_0)
 
 
发生时间：2020-04-02 19:34:10,000 
内容： 
[ReaderExecuted]12 
 
发生时间：2020-04-02 19:34:10,019 
内容： 
[ReaderExecuting]select table_a.* from Menu table_a where  table_a.Ass_MenuGroup=1
 
 
发生时间：2020-04-02 19:34:10,022 
内容： 
[ReaderExecuted]13 
 
发生时间：2020-04-02 19:34:10,086 
内容： 
[ReaderExecuting]select table_a.* from MenuGroup table_a where  table_a.Ass_Parent=1
 
 
发生时间：2020-04-02 19:34:10,093 
内容： 
[ReaderExecuted]12 
 
发生时间：2020-04-02 19:34:10,108 
内容： 
[ReaderExecuting]select table_a.* from Menu table_a where  table_a.Ass_MenuGroup=2
 
 
发生时间：2020-04-02 19:34:10,117 
内容： 
[ReaderExecuted]13 
 
发生时间：2020-04-02 19:34:10,121 
内容： 
[ReaderExecuting]select table_a.* from MenuGroup table_a where  table_a.Ass_Parent=2
 
 
发生时间：2020-04-02 19:34:10,136 
内容： 
[ReaderExecuted]12 
 
发生时间：2020-04-02 19:34:10,150 
内容： 
[ReaderExecuting]select table_a.* from Menu table_a where  table_a.Ass_MenuGroup=3
 
 
发生时间：2020-04-02 19:34:10,160 
内容： 
[ReaderExecuted]13 
 
发生时间：2020-04-02 19:34:10,168 
内容： 
[ReaderExecuting]select table_a.* from MenuGroup table_a where  table_a.Ass_Parent=3
 
 
发生时间：2020-04-02 19:34:10,185 
内容： 
[ReaderExecuted]12 
 
发生时间：2020-04-02 19:34:10,189 
内容： 
[ReaderExecuting]select table_a.* from Menu table_a where  table_a.Ass_MenuGroup=4
 
 
发生时间：2020-04-02 19:34:10,205 
内容： 
[ReaderExecuted]13 
 
发生时间：2020-04-02 19:34:10,218 
内容： 
[ReaderExecuting]select table_a.* from MenuGroup table_a where  table_a.Ass_Parent=4
 
 
发生时间：2020-04-02 19:34:10,239 
内容： 
[ReaderExecuted]12 
 
发生时间：2020-04-02 19:34:16,129 
内容： 
[ReaderExecuting]SELECT COUNT(1) AS [C] FROM [Region] AS [Region] WHERE NOT ([Region].[IsDeleted] = 1)
 
 
发生时间：2020-04-02 19:34:16,134 
内容： 
[ReaderExecuting]Input Int32 @P_0 = 0;
SELECT [Zone].[Id] AS [Id],[Zone].[Name] AS [Name],[Zone].[Key] AS [Key],[Zone].[Ass_Region] AS [Ass_Region_Id],[Zone].[UpdaterID] AS [UpdaterID],[Zone].[UpdaterName] AS [UpdaterName],[Zone].[CreateDt] AS [CreateDt],[Zone].[UpdateDt] AS [UpdateDt],[Zone].[IsDeleted] AS [IsDeleted],[Zone].[CreaterName] AS [CreaterName],[Zone].[CreaterID] AS [CreaterID] FROM [Zone] AS [Zone] WHERE [Zone].[Id] = @P_0 LIMIT 1 OFFSET 0
 
 
发生时间：2020-04-02 19:34:16,135 
内容： 
[ReaderExecuted]1 
 
发生时间：2020-04-02 19:34:16,169 
内容： 
[ReaderExecuted]11 
 
发生时间：2020-04-02 19:34:16,259 
内容： 
[ReaderExecuting]SELECT [Region].[Id] AS [Id],[Region].[Key] AS [Key],[Region].[Name] AS [Name],[Region].[UpdaterID] AS [UpdaterID],[Region].[UpdaterName] AS [UpdaterName],[Region].[CreateDt] AS [CreateDt],[Region].[UpdateDt] AS [UpdateDt],[Region].[IsDeleted] AS [IsDeleted],[Region].[CreaterName] AS [CreaterName],[Region].[CreaterID] AS [CreaterID] FROM [Region] AS [Region] WHERE NOT ([Region].[IsDeleted] = 1) ORDER BY [Region].[CreateDt] DESC LIMIT 100 OFFSET 0
 
 
发生时间：2020-04-02 19:34:16,314 
内容： 
[ReaderExecuted]10 
 
发生时间：2020-04-02 19:34:16,683 
内容： 
[ReaderExecuting]Input Int32 @P_0 = 2;
SELECT [Region].[Id] AS [Id],[Region].[Key] AS [Key],[Region].[Name] AS [Name],[Region].[UpdaterID] AS [UpdaterID],[Region].[UpdaterName] AS [UpdaterName],[Region].[CreateDt] AS [CreateDt],[Region].[UpdateDt] AS [UpdateDt],[Region].[IsDeleted] AS [IsDeleted],[Region].[CreaterName] AS [CreaterName],[Region].[CreaterID] AS [CreaterID] FROM [Region] AS [Region] WHERE [Region].[Id] = @P_0 LIMIT 1 OFFSET 0
 
 
发生时间：2020-04-02 19:34:16,703 
内容： 
[ReaderExecuted]10 
 
发生时间：2020-04-02 19:34:16,728 
内容： 
[ReaderExecuting]Input String @P_0 = '2';
SELECT COUNT(1) AS [C] FROM [Zone] AS [Zone] WHERE (NOT ([Zone].[IsDeleted] = 1) AND [Zone].[Ass_Region] = @P_0)
 
 
发生时间：2020-04-02 19:34:16,750 
内容： 
[ReaderExecuted]1 
 
发生时间：2020-04-02 19:34:16,770 
内容： 
[ReaderExecuting]Input String @P_0 = '2';
SELECT [Zone].[Id] AS [Id],[Zone].[Name] AS [Name],[Zone].[Key] AS [Key],[Zone].[Ass_Region] AS [Ass_Region_Id],[Zone].[UpdaterID] AS [UpdaterID],[Zone].[UpdaterName] AS [UpdaterName],[Zone].[CreateDt] AS [CreateDt],[Zone].[UpdateDt] AS [UpdateDt],[Zone].[IsDeleted] AS [IsDeleted],[Zone].[CreaterName] AS [CreaterName],[Zone].[CreaterID] AS [CreaterID] FROM [Zone] AS [Zone] WHERE (NOT ([Zone].[IsDeleted] = 1) AND [Zone].[Ass_Region] = @P_0) ORDER BY [Zone].[CreateDt] DESC LIMIT 100 OFFSET 0
 
 
发生时间：2020-04-02 19:34:16,832 
内容： 
[ReaderExecuted]11 
 
发生时间：2020-04-02 19:34:20,017 
内容： 
[ReaderExecuting]Input Int32 @P_0 = 1;
SELECT [Region].[Id] AS [Id],[Region].[Key] AS [Key],[Region].[Name] AS [Name],[Region].[UpdaterID] AS [UpdaterID],[Region].[UpdaterName] AS [UpdaterName],[Region].[CreateDt] AS [CreateDt],[Region].[UpdateDt] AS [UpdateDt],[Region].[IsDeleted] AS [IsDeleted],[Region].[CreaterName] AS [CreaterName],[Region].[CreaterID] AS [CreaterID] FROM [Region] AS [Region] WHERE [Region].[Id] = @P_0 LIMIT 1 OFFSET 0
 
 
发生时间：2020-04-02 19:34:20,044 
内容： 
[ReaderExecuted]10 
 
发生时间：2020-04-02 19:34:20,065 
内容： 
[ReaderExecuting]Input String @P_0 = '1';
SELECT COUNT(1) AS [C] FROM [Zone] AS [Zone] WHERE (NOT ([Zone].[IsDeleted] = 1) AND [Zone].[Ass_Region] = @P_0)
 
 
发生时间：2020-04-02 19:34:20,067 
内容： 
[ReaderExecuted]1 
 
发生时间：2020-04-02 19:34:20,084 
内容： 
[ReaderExecuting]Input String @P_0 = '1';
SELECT [Zone].[Id] AS [Id],[Zone].[Name] AS [Name],[Zone].[Key] AS [Key],[Zone].[Ass_Region] AS [Ass_Region_Id],[Zone].[UpdaterID] AS [UpdaterID],[Zone].[UpdaterName] AS [UpdaterName],[Zone].[CreateDt] AS [CreateDt],[Zone].[UpdateDt] AS [UpdateDt],[Zone].[IsDeleted] AS [IsDeleted],[Zone].[CreaterName] AS [CreaterName],[Zone].[CreaterID] AS [CreaterID] FROM [Zone] AS [Zone] WHERE (NOT ([Zone].[IsDeleted] = 1) AND [Zone].[Ass_Region] = @P_0) ORDER BY [Zone].[CreateDt] DESC LIMIT 100 OFFSET 0
 
 
发生时间：2020-04-02 19:34:20,124 
内容： 
[ReaderExecuted]11 
 
发生时间：2020-04-02 19:34:22,521 
内容： 
[ReaderExecuting]Input Int32 @P_0 = 1;
SELECT [Zone].[Id] AS [Id],[Zone].[Name] AS [Name],[Zone].[Key] AS [Key],[Zone].[Ass_Region] AS [Ass_Region_Id],[Zone].[UpdaterID] AS [UpdaterID],[Zone].[UpdaterName] AS [UpdaterName],[Zone].[CreateDt] AS [CreateDt],[Zone].[UpdateDt] AS [UpdateDt],[Zone].[IsDeleted] AS [IsDeleted],[Zone].[CreaterName] AS [CreaterName],[Zone].[CreaterID] AS [CreaterID] FROM [Zone] AS [Zone] WHERE [Zone].[Id] = @P_0 LIMIT 1 OFFSET 0
 
 
发生时间：2020-04-02 19:34:22,556 
内容： 
[ReaderExecuted]11 
 
发生时间：2020-04-02 19:34:22,585 
内容： 
[ReaderExecuting]Input String @P_0 = '1';
SELECT COUNT(1) AS [C] FROM [HostResource] AS [HostResource] WHERE (NOT ([HostResource].[IsDeleted] = 1) AND [HostResource].[Ass_Zone] = @P_0)
 
 
发生时间：2020-04-02 19:34:22,590 
内容： 
[ReaderExecuted]1 
 
发生时间：2020-04-02 19:34:22,693 
内容： 
[ReaderExecuting]Input String @P_0 = '1';
SELECT [HostResource].[Id] AS [Id],[HostResource].[IP] AS [IP],[HostResource].[clientSessionId] AS [clientSessionId],[HostResource].[allocFromPort] AS [allocFromPort],[HostResource].[nodePort] AS [nodePort],[HostResource].[nodeId] AS [nodeId],[HostResource].[allocEndPort] AS [allocEndPort],[HostResource].[haveNginx] AS [haveNginx],[HostResource].[nginxIsRun] AS [nginxIsRun],[HostResource].[appBaseDir] AS [appBaseDir],[HostResource].[nginxConfPath] AS [nginxConfPath],[HostResource].[hostName] AS [hostName],[HostResource].[macId] AS [macId],[HostResource].[cpuName] AS [cpuName],[HostResource].[Ass_Zone] AS [Ass_Zone_Id],[HostResource].[UpdaterID] AS [UpdaterID],[HostResource].[UpdaterName] AS [UpdaterName],[HostResource].[CreateDt] AS [CreateDt],[HostResource].[UpdateDt] AS [UpdateDt],[HostResource].[IsDeleted] AS [IsDeleted],[HostResource].[CreaterName] AS [CreaterName],[HostResource].[CreaterID] AS [CreaterID] FROM [HostResource] AS [HostResource] WHERE (NOT ([HostResource].[IsDeleted] = 1) AND [HostResource].[Ass_Zone] = @P_0) ORDER BY [HostResource].[CreateDt] DESC LIMIT 10 OFFSET 0
 
 
发生时间：2020-04-02 19:34:22,770 
内容： 
[ReaderExecuted]22 
 
发生时间：2020-04-02 19:34:35,189 
内容： 
[ReaderExecuting]Input Int32 @P_0 = 1;
SELECT [HostResource].[Id] AS [Id],[HostResource].[IP] AS [IP],[HostResource].[clientSessionId] AS [clientSessionId],[HostResource].[allocFromPort] AS [allocFromPort],[HostResource].[nodePort] AS [nodePort],[HostResource].[nodeId] AS [nodeId],[HostResource].[allocEndPort] AS [allocEndPort],[HostResource].[haveNginx] AS [haveNginx],[HostResource].[nginxIsRun] AS [nginxIsRun],[HostResource].[appBaseDir] AS [appBaseDir],[HostResource].[nginxConfPath] AS [nginxConfPath],[HostResource].[hostName] AS [hostName],[HostResource].[macId] AS [macId],[HostResource].[cpuName] AS [cpuName],[HostResource].[Ass_Zone] AS [Ass_Zone_Id],[HostResource].[UpdaterID] AS [UpdaterID],[HostResource].[UpdaterName] AS [UpdaterName],[HostResource].[CreateDt] AS [CreateDt],[HostResource].[UpdateDt] AS [UpdateDt],[HostResource].[IsDeleted] AS [IsDeleted],[HostResource].[CreaterName] AS [CreaterName],[HostResource].[CreaterID] AS [CreaterID] FROM [HostResource] AS [HostResource] WHERE [HostResource].[Id] = @P_0 LIMIT 1 OFFSET 0
 
 
发生时间：2020-04-02 19:34:35,305 
内容： 
[ReaderExecuted]22 
 
发生时间：2020-04-02 19:34:35,347 
内容： 
[NonQueryExecuting]Input String @P_0 = '84-7B-EB-55-BF-1D';
Input DateTime @P_1 = '2020/4/2 19:34:35';
Input Int32 @P_2 = 1;
UPDATE [HostResource] SET [macId]=@P_0,[UpdateDt]=@P_1 WHERE [HostResource].[Id] = @P_2
 
 
发生时间：2020-04-02 19:34:35,371 
内容： 
[NonQueryExecuted]1 
 
发生时间：2020-04-02 19:34:35,540 
内容： 
[ReaderExecuting]Input String @P_0 = '1';
SELECT COUNT(1) AS [C] FROM [HostResource] AS [HostResource] WHERE (NOT ([HostResource].[IsDeleted] = 1) AND [HostResource].[Ass_Zone] = @P_0)
 
 
发生时间：2020-04-02 19:34:35,572 
内容： 
[ReaderExecuted]1 
 
发生时间：2020-04-02 19:34:35,587 
内容： 
[ReaderExecuting]Input String @P_0 = '1';
SELECT [HostResource].[Id] AS [Id],[HostResource].[IP] AS [IP],[HostResource].[clientSessionId] AS [clientSessionId],[HostResource].[allocFromPort] AS [allocFromPort],[HostResource].[nodePort] AS [nodePort],[HostResource].[nodeId] AS [nodeId],[HostResource].[allocEndPort] AS [allocEndPort],[HostResource].[haveNginx] AS [haveNginx],[HostResource].[nginxIsRun] AS [nginxIsRun],[HostResource].[appBaseDir] AS [appBaseDir],[HostResource].[nginxConfPath] AS [nginxConfPath],[HostResource].[hostName] AS [hostName],[HostResource].[macId] AS [macId],[HostResource].[cpuName] AS [cpuName],[HostResource].[Ass_Zone] AS [Ass_Zone_Id],[HostResource].[UpdaterID] AS [UpdaterID],[HostResource].[UpdaterName] AS [UpdaterName],[HostResource].[CreateDt] AS [CreateDt],[HostResource].[UpdateDt] AS [UpdateDt],[HostResource].[IsDeleted] AS [IsDeleted],[HostResource].[CreaterName] AS [CreaterName],[HostResource].[CreaterID] AS [CreaterID] FROM [HostResource] AS [HostResource] WHERE (NOT ([HostResource].[IsDeleted] = 1) AND [HostResource].[Ass_Zone] = @P_0) ORDER BY [HostResource].[CreateDt] DESC LIMIT 10 OFFSET 0
 
 
发生时间：2020-04-02 19:34:35,617 
内容： 
[ReaderExecuted]22 
 
发生时间：2020-04-02 20:04:56,739 
内容： 
[ReaderExecuting]Input String @P_0 = '00-FF-43-68-74-8D';
SELECT [HostResource].[Id] AS [Id],[HostResource].[IP] AS [IP],[HostResource].[clientSessionId] AS [clientSessionId],[HostResource].[allocFromPort] AS [allocFromPort],[HostResource].[nodePort] AS [nodePort],[HostResource].[nodeId] AS [nodeId],[HostResource].[allocEndPort] AS [allocEndPort],[HostResource].[haveNginx] AS [haveNginx],[HostResource].[nginxIsRun] AS [nginxIsRun],[HostResource].[appBaseDir] AS [appBaseDir],[HostResource].[nginxConfPath] AS [nginxConfPath],[HostResource].[hostName] AS [hostName],[HostResource].[macId] AS [macId],[HostResource].[cpuName] AS [cpuName],[HostResource].[Ass_Zone] AS [Ass_Zone_Id],[HostResource].[UpdaterID] AS [UpdaterID],[HostResource].[UpdaterName] AS [UpdaterName],[HostResource].[CreateDt] AS [CreateDt],[HostResource].[UpdateDt] AS [UpdateDt],[HostResource].[IsDeleted] AS [IsDeleted],[HostResource].[CreaterName] AS [CreaterName],[HostResource].[CreaterID] AS [CreaterID] FROM [HostResource] AS [HostResource] WHERE [HostResource].[macId] = @P_0 LIMIT 1 OFFSET 0
 
 
发生时间：2020-04-02 20:04:56,775 
内容： 
[ReaderExecuted]22 
 
发生时间：2020-04-02 20:04:56,879 
内容： 
[ReaderExecuting]Input String @P_0 = '28-16-AD-D2-1C-62';
SELECT [HostResource].[Id] AS [Id],[HostResource].[IP] AS [IP],[HostResource].[clientSessionId] AS [clientSessionId],[HostResource].[allocFromPort] AS [allocFromPort],[HostResource].[nodePort] AS [nodePort],[HostResource].[nodeId] AS [nodeId],[HostResource].[allocEndPort] AS [allocEndPort],[HostResource].[haveNginx] AS [haveNginx],[HostResource].[nginxIsRun] AS [nginxIsRun],[HostResource].[appBaseDir] AS [appBaseDir],[HostResource].[nginxConfPath] AS [nginxConfPath],[HostResource].[hostName] AS [hostName],[HostResource].[macId] AS [macId],[HostResource].[cpuName] AS [cpuName],[HostResource].[Ass_Zone] AS [Ass_Zone_Id],[HostResource].[UpdaterID] AS [UpdaterID],[HostResource].[UpdaterName] AS [UpdaterName],[HostResource].[CreateDt] AS [CreateDt],[HostResource].[UpdateDt] AS [UpdateDt],[HostResource].[IsDeleted] AS [IsDeleted],[HostResource].[CreaterName] AS [CreaterName],[HostResource].[CreaterID] AS [CreaterID] FROM [HostResource] AS [HostResource] WHERE [HostResource].[macId] = @P_0 LIMIT 1 OFFSET 0
 
 
发生时间：2020-04-02 20:04:56,885 
内容： 
[ReaderExecuted]22 
 
发生时间：2020-04-02 20:04:56,896 
内容： 
[ReaderExecuting]Input String @P_0 = '2A-16-AD-D2-1C-61';
SELECT [HostResource].[Id] AS [Id],[HostResource].[IP] AS [IP],[HostResource].[clientSessionId] AS [clientSessionId],[HostResource].[allocFromPort] AS [allocFromPort],[HostResource].[nodePort] AS [nodePort],[HostResource].[nodeId] AS [nodeId],[HostResource].[allocEndPort] AS [allocEndPort],[HostResource].[haveNginx] AS [haveNginx],[HostResource].[nginxIsRun] AS [nginxIsRun],[HostResource].[appBaseDir] AS [appBaseDir],[HostResource].[nginxConfPath] AS [nginxConfPath],[HostResource].[hostName] AS [hostName],[HostResource].[macId] AS [macId],[HostResource].[cpuName] AS [cpuName],[HostResource].[Ass_Zone] AS [Ass_Zone_Id],[HostResource].[UpdaterID] AS [UpdaterID],[HostResource].[UpdaterName] AS [UpdaterName],[HostResource].[CreateDt] AS [CreateDt],[HostResource].[UpdateDt] AS [UpdateDt],[HostResource].[IsDeleted] AS [IsDeleted],[HostResource].[CreaterName] AS [CreaterName],[HostResource].[CreaterID] AS [CreaterID] FROM [HostResource] AS [HostResource] WHERE [HostResource].[macId] = @P_0 LIMIT 1 OFFSET 0
 
 
发生时间：2020-04-02 20:04:56,903 
内容： 
[ReaderExecuted]22 
 
发生时间：2020-04-02 20:04:56,910 
内容： 
[ReaderExecuting]Input String @P_0 = '00-50-56-C0-00-01';
SELECT [HostResource].[Id] AS [Id],[HostResource].[IP] AS [IP],[HostResource].[clientSessionId] AS [clientSessionId],[HostResource].[allocFromPort] AS [allocFromPort],[HostResource].[nodePort] AS [nodePort],[HostResource].[nodeId] AS [nodeId],[HostResource].[allocEndPort] AS [allocEndPort],[HostResource].[haveNginx] AS [haveNginx],[HostResource].[nginxIsRun] AS [nginxIsRun],[HostResource].[appBaseDir] AS [appBaseDir],[HostResource].[nginxConfPath] AS [nginxConfPath],[HostResource].[hostName] AS [hostName],[HostResource].[macId] AS [macId],[HostResource].[cpuName] AS [cpuName],[HostResource].[Ass_Zone] AS [Ass_Zone_Id],[HostResource].[UpdaterID] AS [UpdaterID],[HostResource].[UpdaterName] AS [UpdaterName],[HostResource].[CreateDt] AS [CreateDt],[HostResource].[UpdateDt] AS [UpdateDt],[HostResource].[IsDeleted] AS [IsDeleted],[HostResource].[CreaterName] AS [CreaterName],[HostResource].[CreaterID] AS [CreaterID] FROM [HostResource] AS [HostResource] WHERE [HostResource].[macId] = @P_0 LIMIT 1 OFFSET 0
 
 
发生时间：2020-04-02 20:04:56,915 
内容： 
[ReaderExecuted]22 
 
发生时间：2020-04-02 20:04:56,926 
内容： 
[ReaderExecuting]Input String @P_0 = '00-50-56-C0-00-08';
SELECT [HostResource].[Id] AS [Id],[HostResource].[IP] AS [IP],[HostResource].[clientSessionId] AS [clientSessionId],[HostResource].[allocFromPort] AS [allocFromPort],[HostResource].[nodePort] AS [nodePort],[HostResource].[nodeId] AS [nodeId],[HostResource].[allocEndPort] AS [allocEndPort],[HostResource].[haveNginx] AS [haveNginx],[HostResource].[nginxIsRun] AS [nginxIsRun],[HostResource].[appBaseDir] AS [appBaseDir],[HostResource].[nginxConfPath] AS [nginxConfPath],[HostResource].[hostName] AS [hostName],[HostResource].[macId] AS [macId],[HostResource].[cpuName] AS [cpuName],[HostResource].[Ass_Zone] AS [Ass_Zone_Id],[HostResource].[UpdaterID] AS [UpdaterID],[HostResource].[UpdaterName] AS [UpdaterName],[HostResource].[CreateDt] AS [CreateDt],[HostResource].[UpdateDt] AS [UpdateDt],[HostResource].[IsDeleted] AS [IsDeleted],[HostResource].[CreaterName] AS [CreaterName],[HostResource].[CreaterID] AS [CreaterID] FROM [HostResource] AS [HostResource] WHERE [HostResource].[macId] = @P_0 LIMIT 1 OFFSET 0
 
 
发生时间：2020-04-02 20:04:56,934 
内容： 
[ReaderExecuted]22 
 
发生时间：2020-04-02 20:04:56,940 
内容： 
[ReaderExecuting]Input String @P_0 = '28-16-AD-D2-1C-61';
SELECT [HostResource].[Id] AS [Id],[HostResource].[IP] AS [IP],[HostResource].[clientSessionId] AS [clientSessionId],[HostResource].[allocFromPort] AS [allocFromPort],[HostResource].[nodePort] AS [nodePort],[HostResource].[nodeId] AS [nodeId],[HostResource].[allocEndPort] AS [allocEndPort],[HostResource].[haveNginx] AS [haveNginx],[HostResource].[nginxIsRun] AS [nginxIsRun],[HostResource].[appBaseDir] AS [appBaseDir],[HostResource].[nginxConfPath] AS [nginxConfPath],[HostResource].[hostName] AS [hostName],[HostResource].[macId] AS [macId],[HostResource].[cpuName] AS [cpuName],[HostResource].[Ass_Zone] AS [Ass_Zone_Id],[HostResource].[UpdaterID] AS [UpdaterID],[HostResource].[UpdaterName] AS [UpdaterName],[HostResource].[CreateDt] AS [CreateDt],[HostResource].[UpdateDt] AS [UpdateDt],[HostResource].[IsDeleted] AS [IsDeleted],[HostResource].[CreaterName] AS [CreaterName],[HostResource].[CreaterID] AS [CreaterID] FROM [HostResource] AS [HostResource] WHERE [HostResource].[macId] = @P_0 LIMIT 1 OFFSET 0
 
 
发生时间：2020-04-02 20:04:56,945 
内容： 
[ReaderExecuted]22 
 
发生时间：2020-04-02 20:04:57,017 
内容： 
[ReaderExecuting]Input Int32 @P_0 = 1;
SELECT [Zone].[Id] AS [Id],[Zone].[Name] AS [Name],[Zone].[Key] AS [Key],[Zone].[Ass_Region] AS [Ass_Region_Id],[Zone].[UpdaterID] AS [UpdaterID],[Zone].[UpdaterName] AS [UpdaterName],[Zone].[CreateDt] AS [CreateDt],[Zone].[UpdateDt] AS [UpdateDt],[Zone].[IsDeleted] AS [IsDeleted],[Zone].[CreaterName] AS [CreaterName],[Zone].[CreaterID] AS [CreaterID] FROM [Zone] AS [Zone] WHERE [Zone].[Id] = @P_0 LIMIT 1 OFFSET 0
 
 
发生时间：2020-04-02 20:04:57,021 
内容： 
[ReaderExecuted]11 
 
发生时间：2020-04-02 20:05:06,796 
内容： 
[ReaderExecuting]Input Int32 @P_0 = 1;
SELECT [HostResource].[Id] AS [Id],[HostResource].[IP] AS [IP],[HostResource].[clientSessionId] AS [clientSessionId],[HostResource].[allocFromPort] AS [allocFromPort],[HostResource].[nodePort] AS [nodePort],[HostResource].[nodeId] AS [nodeId],[HostResource].[allocEndPort] AS [allocEndPort],[HostResource].[haveNginx] AS [haveNginx],[HostResource].[nginxIsRun] AS [nginxIsRun],[HostResource].[appBaseDir] AS [appBaseDir],[HostResource].[nginxConfPath] AS [nginxConfPath],[HostResource].[hostName] AS [hostName],[HostResource].[macId] AS [macId],[HostResource].[cpuName] AS [cpuName],[HostResource].[Ass_Zone] AS [Ass_Zone_Id],[HostResource].[UpdaterID] AS [UpdaterID],[HostResource].[UpdaterName] AS [UpdaterName],[HostResource].[CreateDt] AS [CreateDt],[HostResource].[UpdateDt] AS [UpdateDt],[HostResource].[IsDeleted] AS [IsDeleted],[HostResource].[CreaterName] AS [CreaterName],[HostResource].[CreaterID] AS [CreaterID] FROM [HostResource] AS [HostResource] WHERE [HostResource].[Id] = @P_0 LIMIT 1 OFFSET 0
 
 
发生时间：2020-04-02 20:05:06,802 
内容： 
[ReaderExecuted]22 
 
发生时间：2020-04-02 21:47:19,415 
内容： 
[ReaderExecuting]Input String @P_0 = '00-FF-43-68-74-8D';
SELECT [HostResource].[Id] AS [Id],[HostResource].[IP] AS [IP],[HostResource].[clientSessionId] AS [clientSessionId],[HostResource].[allocFromPort] AS [allocFromPort],[HostResource].[nodePort] AS [nodePort],[HostResource].[nodeId] AS [nodeId],[HostResource].[allocEndPort] AS [allocEndPort],[HostResource].[haveNginx] AS [haveNginx],[HostResource].[nginxIsRun] AS [nginxIsRun],[HostResource].[appBaseDir] AS [appBaseDir],[HostResource].[nginxConfPath] AS [nginxConfPath],[HostResource].[hostName] AS [hostName],[HostResource].[macId] AS [macId],[HostResource].[cpuName] AS [cpuName],[HostResource].[Ass_Zone] AS [Ass_Zone_Id],[HostResource].[UpdaterID] AS [UpdaterID],[HostResource].[UpdaterName] AS [UpdaterName],[HostResource].[CreateDt] AS [CreateDt],[HostResource].[UpdateDt] AS [UpdateDt],[HostResource].[IsDeleted] AS [IsDeleted],[HostResource].[CreaterName] AS [CreaterName],[HostResource].[CreaterID] AS [CreaterID] FROM [HostResource] AS [HostResource] WHERE [HostResource].[macId] = @P_0 LIMIT 1 OFFSET 0
 
 
发生时间：2020-04-02 21:47:19,445 
内容： 
[ReaderExecuted]22 
 
发生时间：2020-04-02 21:47:19,583 
内容： 
[ReaderExecuting]Input String @P_0 = '28-16-AD-D2-1C-62';
SELECT [HostResource].[Id] AS [Id],[HostResource].[IP] AS [IP],[HostResource].[clientSessionId] AS [clientSessionId],[HostResource].[allocFromPort] AS [allocFromPort],[HostResource].[nodePort] AS [nodePort],[HostResource].[nodeId] AS [nodeId],[HostResource].[allocEndPort] AS [allocEndPort],[HostResource].[haveNginx] AS [haveNginx],[HostResource].[nginxIsRun] AS [nginxIsRun],[HostResource].[appBaseDir] AS [appBaseDir],[HostResource].[nginxConfPath] AS [nginxConfPath],[HostResource].[hostName] AS [hostName],[HostResource].[macId] AS [macId],[HostResource].[cpuName] AS [cpuName],[HostResource].[Ass_Zone] AS [Ass_Zone_Id],[HostResource].[UpdaterID] AS [UpdaterID],[HostResource].[UpdaterName] AS [UpdaterName],[HostResource].[CreateDt] AS [CreateDt],[HostResource].[UpdateDt] AS [UpdateDt],[HostResource].[IsDeleted] AS [IsDeleted],[HostResource].[CreaterName] AS [CreaterName],[HostResource].[CreaterID] AS [CreaterID] FROM [HostResource] AS [HostResource] WHERE [HostResource].[macId] = @P_0 LIMIT 1 OFFSET 0
 
 
发生时间：2020-04-02 21:47:19,674 
内容： 
[ReaderExecuted]22 
 
发生时间：2020-04-02 21:47:19,755 
内容： 
[ReaderExecuting]Input String @P_0 = '2A-16-AD-D2-1C-61';
SELECT [HostResource].[Id] AS [Id],[HostResource].[IP] AS [IP],[HostResource].[clientSessionId] AS [clientSessionId],[HostResource].[allocFromPort] AS [allocFromPort],[HostResource].[nodePort] AS [nodePort],[HostResource].[nodeId] AS [nodeId],[HostResource].[allocEndPort] AS [allocEndPort],[HostResource].[haveNginx] AS [haveNginx],[HostResource].[nginxIsRun] AS [nginxIsRun],[HostResource].[appBaseDir] AS [appBaseDir],[HostResource].[nginxConfPath] AS [nginxConfPath],[HostResource].[hostName] AS [hostName],[HostResource].[macId] AS [macId],[HostResource].[cpuName] AS [cpuName],[HostResource].[Ass_Zone] AS [Ass_Zone_Id],[HostResource].[UpdaterID] AS [UpdaterID],[HostResource].[UpdaterName] AS [UpdaterName],[HostResource].[CreateDt] AS [CreateDt],[HostResource].[UpdateDt] AS [UpdateDt],[HostResource].[IsDeleted] AS [IsDeleted],[HostResource].[CreaterName] AS [CreaterName],[HostResource].[CreaterID] AS [CreaterID] FROM [HostResource] AS [HostResource] WHERE [HostResource].[macId] = @P_0 LIMIT 1 OFFSET 0
 
 
发生时间：2020-04-02 21:47:19,855 
内容： 
[ReaderExecuted]22 
 
发生时间：2020-04-02 21:47:19,941 
内容： 
[ReaderExecuting]Input String @P_0 = '00-50-56-C0-00-01';
SELECT [HostResource].[Id] AS [Id],[HostResource].[IP] AS [IP],[HostResource].[clientSessionId] AS [clientSessionId],[HostResource].[allocFromPort] AS [allocFromPort],[HostResource].[nodePort] AS [nodePort],[HostResource].[nodeId] AS [nodeId],[HostResource].[allocEndPort] AS [allocEndPort],[HostResource].[haveNginx] AS [haveNginx],[HostResource].[nginxIsRun] AS [nginxIsRun],[HostResource].[appBaseDir] AS [appBaseDir],[HostResource].[nginxConfPath] AS [nginxConfPath],[HostResource].[hostName] AS [hostName],[HostResource].[macId] AS [macId],[HostResource].[cpuName] AS [cpuName],[HostResource].[Ass_Zone] AS [Ass_Zone_Id],[HostResource].[UpdaterID] AS [UpdaterID],[HostResource].[UpdaterName] AS [UpdaterName],[HostResource].[CreateDt] AS [CreateDt],[HostResource].[UpdateDt] AS [UpdateDt],[HostResource].[IsDeleted] AS [IsDeleted],[HostResource].[CreaterName] AS [CreaterName],[HostResource].[CreaterID] AS [CreaterID] FROM [HostResource] AS [HostResource] WHERE [HostResource].[macId] = @P_0 LIMIT 1 OFFSET 0
 
 
发生时间：2020-04-02 21:47:20,025 
内容： 
[ReaderExecuted]22 
 
发生时间：2020-04-02 21:47:20,117 
内容： 
[ReaderExecuting]Input String @P_0 = '00-50-56-C0-00-08';
SELECT [HostResource].[Id] AS [Id],[HostResource].[IP] AS [IP],[HostResource].[clientSessionId] AS [clientSessionId],[HostResource].[allocFromPort] AS [allocFromPort],[HostResource].[nodePort] AS [nodePort],[HostResource].[nodeId] AS [nodeId],[HostResource].[allocEndPort] AS [allocEndPort],[HostResource].[haveNginx] AS [haveNginx],[HostResource].[nginxIsRun] AS [nginxIsRun],[HostResource].[appBaseDir] AS [appBaseDir],[HostResource].[nginxConfPath] AS [nginxConfPath],[HostResource].[hostName] AS [hostName],[HostResource].[macId] AS [macId],[HostResource].[cpuName] AS [cpuName],[HostResource].[Ass_Zone] AS [Ass_Zone_Id],[HostResource].[UpdaterID] AS [UpdaterID],[HostResource].[UpdaterName] AS [UpdaterName],[HostResource].[CreateDt] AS [CreateDt],[HostResource].[UpdateDt] AS [UpdateDt],[HostResource].[IsDeleted] AS [IsDeleted],[HostResource].[CreaterName] AS [CreaterName],[HostResource].[CreaterID] AS [CreaterID] FROM [HostResource] AS [HostResource] WHERE [HostResource].[macId] = @P_0 LIMIT 1 OFFSET 0
 
 
发生时间：2020-04-02 21:47:20,193 
内容： 
[ReaderExecuted]22 
 
发生时间：2020-04-02 21:47:20,279 
内容： 
[ReaderExecuting]Input String @P_0 = '28-16-AD-D2-1C-61';
SELECT [HostResource].[Id] AS [Id],[HostResource].[IP] AS [IP],[HostResource].[clientSessionId] AS [clientSessionId],[HostResource].[allocFromPort] AS [allocFromPort],[HostResource].[nodePort] AS [nodePort],[HostResource].[nodeId] AS [nodeId],[HostResource].[allocEndPort] AS [allocEndPort],[HostResource].[haveNginx] AS [haveNginx],[HostResource].[nginxIsRun] AS [nginxIsRun],[HostResource].[appBaseDir] AS [appBaseDir],[HostResource].[nginxConfPath] AS [nginxConfPath],[HostResource].[hostName] AS [hostName],[HostResource].[macId] AS [macId],[HostResource].[cpuName] AS [cpuName],[HostResource].[Ass_Zone] AS [Ass_Zone_Id],[HostResource].[UpdaterID] AS [UpdaterID],[HostResource].[UpdaterName] AS [UpdaterName],[HostResource].[CreateDt] AS [CreateDt],[HostResource].[UpdateDt] AS [UpdateDt],[HostResource].[IsDeleted] AS [IsDeleted],[HostResource].[CreaterName] AS [CreaterName],[HostResource].[CreaterID] AS [CreaterID] FROM [HostResource] AS [HostResource] WHERE [HostResource].[macId] = @P_0 LIMIT 1 OFFSET 0
 
 
发生时间：2020-04-02 21:47:20,338 
内容： 
[ReaderExecuted]22 
 
发生时间：2020-04-02 21:47:20,431 
内容： 
[ReaderExecuting]Input Int32 @P_0 = 1;
SELECT [Zone].[Id] AS [Id],[Zone].[Name] AS [Name],[Zone].[Key] AS [Key],[Zone].[Ass_Region] AS [Ass_Region_Id],[Zone].[UpdaterID] AS [UpdaterID],[Zone].[UpdaterName] AS [UpdaterName],[Zone].[CreateDt] AS [CreateDt],[Zone].[UpdateDt] AS [UpdateDt],[Zone].[IsDeleted] AS [IsDeleted],[Zone].[CreaterName] AS [CreaterName],[Zone].[CreaterID] AS [CreaterID] FROM [Zone] AS [Zone] WHERE [Zone].[Id] = @P_0 LIMIT 1 OFFSET 0
 
 
发生时间：2020-04-02 21:47:20,458 
内容： 
[ReaderExecuted]11 
 
发生时间：2020-04-02 21:47:37,401 
内容： 
[ReaderExecuting]Input Int32 @P_0 = 1;
SELECT [HostResource].[Id] AS [Id],[HostResource].[IP] AS [IP],[HostResource].[clientSessionId] AS [clientSessionId],[HostResource].[allocFromPort] AS [allocFromPort],[HostResource].[nodePort] AS [nodePort],[HostResource].[nodeId] AS [nodeId],[HostResource].[allocEndPort] AS [allocEndPort],[HostResource].[haveNginx] AS [haveNginx],[HostResource].[nginxIsRun] AS [nginxIsRun],[HostResource].[appBaseDir] AS [appBaseDir],[HostResource].[nginxConfPath] AS [nginxConfPath],[HostResource].[hostName] AS [hostName],[HostResource].[macId] AS [macId],[HostResource].[cpuName] AS [cpuName],[HostResource].[Ass_Zone] AS [Ass_Zone_Id],[HostResource].[UpdaterID] AS [UpdaterID],[HostResource].[UpdaterName] AS [UpdaterName],[HostResource].[CreateDt] AS [CreateDt],[HostResource].[UpdateDt] AS [UpdateDt],[HostResource].[IsDeleted] AS [IsDeleted],[HostResource].[CreaterName] AS [CreaterName],[HostResource].[CreaterID] AS [CreaterID] FROM [HostResource] AS [HostResource] WHERE [HostResource].[Id] = @P_0 LIMIT 1 OFFSET 0
 
 
发生时间：2020-04-02 21:47:37,497 
内容： 
[ReaderExecuted]22 
 
