发生时间：2020-04-03 15:24:25,554 
内容： 
[ReaderExecuting]Input String @P_0 = '00-FF-43-68-74-8D';
SELECT [HostResource].[Id] AS [Id],[HostResource].[IP] AS [IP],[HostResource].[clientSessionId] AS [clientSessionId],[HostResource].[allocFromPort] AS [allocFromPort],[HostResource].[nodePort] AS [nodePort],[HostResource].[nodeId] AS [nodeId],[HostResource].[allocEndPort] AS [allocEndPort],[HostResource].[haveNginx] AS [haveNginx],[HostResource].[nginxIsRun] AS [nginxIsRun],[HostResource].[appBaseDir] AS [appBaseDir],[HostResource].[nginxConfPath] AS [nginxConfPath],[HostResource].[hostName] AS [hostName],[HostResource].[macId] AS [macId],[HostResource].[cpuName] AS [cpuName],[HostResource].[Ass_Zone] AS [Ass_Zone_Id],[HostResource].[UpdaterID] AS [UpdaterID],[HostResource].[UpdaterName] AS [UpdaterName],[HostResource].[CreateDt] AS [CreateDt],[HostResource].[UpdateDt] AS [UpdateDt],[HostResource].[IsDeleted] AS [IsDeleted],[HostResource].[CreaterName] AS [CreaterName],[HostResource].[CreaterID] AS [CreaterID] FROM [HostResource] AS [HostResource] WHERE [HostResource].[macId] = @P_0 LIMIT 1 OFFSET 0
 
 
发生时间：2020-04-03 15:24:25,634 
内容： 
[ReaderExecuted]22 
 
发生时间：2020-04-03 15:24:29,308 
内容： 
[ReaderExecuting]Input String @P_0 = '84-7B-EB-55-BF-1D';
SELECT [HostResource].[Id] AS [Id],[HostResource].[IP] AS [IP],[HostResource].[clientSessionId] AS [clientSessionId],[HostResource].[allocFromPort] AS [allocFromPort],[HostResource].[nodePort] AS [nodePort],[HostResource].[nodeId] AS [nodeId],[HostResource].[allocEndPort] AS [allocEndPort],[HostResource].[haveNginx] AS [haveNginx],[HostResource].[nginxIsRun] AS [nginxIsRun],[HostResource].[appBaseDir] AS [appBaseDir],[HostResource].[nginxConfPath] AS [nginxConfPath],[HostResource].[hostName] AS [hostName],[HostResource].[macId] AS [macId],[HostResource].[cpuName] AS [cpuName],[HostResource].[Ass_Zone] AS [Ass_Zone_Id],[HostResource].[UpdaterID] AS [UpdaterID],[HostResource].[UpdaterName] AS [UpdaterName],[HostResource].[CreateDt] AS [CreateDt],[HostResource].[UpdateDt] AS [UpdateDt],[HostResource].[IsDeleted] AS [IsDeleted],[HostResource].[CreaterName] AS [CreaterName],[HostResource].[CreaterID] AS [CreaterID] FROM [HostResource] AS [HostResource] WHERE [HostResource].[macId] = @P_0 LIMIT 1 OFFSET 0
 
 
发生时间：2020-04-03 15:24:29,378 
内容： 
[ReaderExecuted]22 
 
发生时间：2020-04-03 15:24:29,437 
内容： 
[ReaderExecuting]Input String @P_0 = '28-16-AD-D2-1C-62';
SELECT [HostResource].[Id] AS [Id],[HostResource].[IP] AS [IP],[HostResource].[clientSessionId] AS [clientSessionId],[HostResource].[allocFromPort] AS [allocFromPort],[HostResource].[nodePort] AS [nodePort],[HostResource].[nodeId] AS [nodeId],[HostResource].[allocEndPort] AS [allocEndPort],[HostResource].[haveNginx] AS [haveNginx],[HostResource].[nginxIsRun] AS [nginxIsRun],[HostResource].[appBaseDir] AS [appBaseDir],[HostResource].[nginxConfPath] AS [nginxConfPath],[HostResource].[hostName] AS [hostName],[HostResource].[macId] AS [macId],[HostResource].[cpuName] AS [cpuName],[HostResource].[Ass_Zone] AS [Ass_Zone_Id],[HostResource].[UpdaterID] AS [UpdaterID],[HostResource].[UpdaterName] AS [UpdaterName],[HostResource].[CreateDt] AS [CreateDt],[HostResource].[UpdateDt] AS [UpdateDt],[HostResource].[IsDeleted] AS [IsDeleted],[HostResource].[CreaterName] AS [CreaterName],[HostResource].[CreaterID] AS [CreaterID] FROM [HostResource] AS [HostResource] WHERE [HostResource].[macId] = @P_0 LIMIT 1 OFFSET 0
 
 
发生时间：2020-04-03 15:24:29,512 
内容： 
[ReaderExecuted]22 
 
发生时间：2020-04-03 15:24:29,565 
内容： 
[ReaderExecuting]Input String @P_0 = '2A-16-AD-D2-1C-61';
SELECT [HostResource].[Id] AS [Id],[HostResource].[IP] AS [IP],[HostResource].[clientSessionId] AS [clientSessionId],[HostResource].[allocFromPort] AS [allocFromPort],[HostResource].[nodePort] AS [nodePort],[HostResource].[nodeId] AS [nodeId],[HostResource].[allocEndPort] AS [allocEndPort],[HostResource].[haveNginx] AS [haveNginx],[HostResource].[nginxIsRun] AS [nginxIsRun],[HostResource].[appBaseDir] AS [appBaseDir],[HostResource].[nginxConfPath] AS [nginxConfPath],[HostResource].[hostName] AS [hostName],[HostResource].[macId] AS [macId],[HostResource].[cpuName] AS [cpuName],[HostResource].[Ass_Zone] AS [Ass_Zone_Id],[HostResource].[UpdaterID] AS [UpdaterID],[HostResource].[UpdaterName] AS [UpdaterName],[HostResource].[CreateDt] AS [CreateDt],[HostResource].[UpdateDt] AS [UpdateDt],[HostResource].[IsDeleted] AS [IsDeleted],[HostResource].[CreaterName] AS [CreaterName],[HostResource].[CreaterID] AS [CreaterID] FROM [HostResource] AS [HostResource] WHERE [HostResource].[macId] = @P_0 LIMIT 1 OFFSET 0
 
 
发生时间：2020-04-03 15:24:29,618 
内容： 
[ReaderExecuted]22 
 
发生时间：2020-04-03 15:24:29,667 
内容： 
[ReaderExecuting]Input String @P_0 = '00-50-56-C0-00-01';
SELECT [HostResource].[Id] AS [Id],[HostResource].[IP] AS [IP],[HostResource].[clientSessionId] AS [clientSessionId],[HostResource].[allocFromPort] AS [allocFromPort],[HostResource].[nodePort] AS [nodePort],[HostResource].[nodeId] AS [nodeId],[HostResource].[allocEndPort] AS [allocEndPort],[HostResource].[haveNginx] AS [haveNginx],[HostResource].[nginxIsRun] AS [nginxIsRun],[HostResource].[appBaseDir] AS [appBaseDir],[HostResource].[nginxConfPath] AS [nginxConfPath],[HostResource].[hostName] AS [hostName],[HostResource].[macId] AS [macId],[HostResource].[cpuName] AS [cpuName],[HostResource].[Ass_Zone] AS [Ass_Zone_Id],[HostResource].[UpdaterID] AS [UpdaterID],[HostResource].[UpdaterName] AS [UpdaterName],[HostResource].[CreateDt] AS [CreateDt],[HostResource].[UpdateDt] AS [UpdateDt],[HostResource].[IsDeleted] AS [IsDeleted],[HostResource].[CreaterName] AS [CreaterName],[HostResource].[CreaterID] AS [CreaterID] FROM [HostResource] AS [HostResource] WHERE [HostResource].[macId] = @P_0 LIMIT 1 OFFSET 0
 
 
发生时间：2020-04-03 15:24:29,719 
内容： 
[ReaderExecuted]22 
 
发生时间：2020-04-03 15:24:29,755 
内容： 
[ReaderExecuting]Input String @P_0 = '00-50-56-C0-00-08';
SELECT [HostResource].[Id] AS [Id],[HostResource].[IP] AS [IP],[HostResource].[clientSessionId] AS [clientSessionId],[HostResource].[allocFromPort] AS [allocFromPort],[HostResource].[nodePort] AS [nodePort],[HostResource].[nodeId] AS [nodeId],[HostResource].[allocEndPort] AS [allocEndPort],[HostResource].[haveNginx] AS [haveNginx],[HostResource].[nginxIsRun] AS [nginxIsRun],[HostResource].[appBaseDir] AS [appBaseDir],[HostResource].[nginxConfPath] AS [nginxConfPath],[HostResource].[hostName] AS [hostName],[HostResource].[macId] AS [macId],[HostResource].[cpuName] AS [cpuName],[HostResource].[Ass_Zone] AS [Ass_Zone_Id],[HostResource].[UpdaterID] AS [UpdaterID],[HostResource].[UpdaterName] AS [UpdaterName],[HostResource].[CreateDt] AS [CreateDt],[HostResource].[UpdateDt] AS [UpdateDt],[HostResource].[IsDeleted] AS [IsDeleted],[HostResource].[CreaterName] AS [CreaterName],[HostResource].[CreaterID] AS [CreaterID] FROM [HostResource] AS [HostResource] WHERE [HostResource].[macId] = @P_0 LIMIT 1 OFFSET 0
 
 
发生时间：2020-04-03 15:24:29,818 
内容： 
[ReaderExecuted]22 
 
发生时间：2020-04-03 15:24:29,868 
内容： 
[ReaderExecuting]Input String @P_0 = '28-16-AD-D2-1C-61';
SELECT [HostResource].[Id] AS [Id],[HostResource].[IP] AS [IP],[HostResource].[clientSessionId] AS [clientSessionId],[HostResource].[allocFromPort] AS [allocFromPort],[HostResource].[nodePort] AS [nodePort],[HostResource].[nodeId] AS [nodeId],[HostResource].[allocEndPort] AS [allocEndPort],[HostResource].[haveNginx] AS [haveNginx],[HostResource].[nginxIsRun] AS [nginxIsRun],[HostResource].[appBaseDir] AS [appBaseDir],[HostResource].[nginxConfPath] AS [nginxConfPath],[HostResource].[hostName] AS [hostName],[HostResource].[macId] AS [macId],[HostResource].[cpuName] AS [cpuName],[HostResource].[Ass_Zone] AS [Ass_Zone_Id],[HostResource].[UpdaterID] AS [UpdaterID],[HostResource].[UpdaterName] AS [UpdaterName],[HostResource].[CreateDt] AS [CreateDt],[HostResource].[UpdateDt] AS [UpdateDt],[HostResource].[IsDeleted] AS [IsDeleted],[HostResource].[CreaterName] AS [CreaterName],[HostResource].[CreaterID] AS [CreaterID] FROM [HostResource] AS [HostResource] WHERE [HostResource].[macId] = @P_0 LIMIT 1 OFFSET 0
 
 
发生时间：2020-04-03 15:24:29,923 
内容： 
[ReaderExecuted]22 
 
发生时间：2020-04-03 15:24:30,011 
内容： 
[ReaderExecuting]Input Int32 @P_0 = 1;
SELECT [Zone].[Id] AS [Id],[Zone].[Name] AS [Name],[Zone].[Key] AS [Key],[Zone].[Ass_Region] AS [Ass_Region_Id],[Zone].[UpdaterID] AS [UpdaterID],[Zone].[UpdaterName] AS [UpdaterName],[Zone].[CreateDt] AS [CreateDt],[Zone].[UpdateDt] AS [UpdateDt],[Zone].[IsDeleted] AS [IsDeleted],[Zone].[CreaterName] AS [CreaterName],[Zone].[CreaterID] AS [CreaterID] FROM [Zone] AS [Zone] WHERE [Zone].[Id] = @P_0 LIMIT 1 OFFSET 0
 
 
发生时间：2020-04-03 15:24:30,033 
内容： 
[ReaderExecuted]11 
 
发生时间：2020-04-03 15:24:31,443 
内容： 
[ReaderExecuting]Input Int32 @P_0 = 1;
SELECT [HostResource].[Id] AS [Id],[HostResource].[IP] AS [IP],[HostResource].[clientSessionId] AS [clientSessionId],[HostResource].[allocFromPort] AS [allocFromPort],[HostResource].[nodePort] AS [nodePort],[HostResource].[nodeId] AS [nodeId],[HostResource].[allocEndPort] AS [allocEndPort],[HostResource].[haveNginx] AS [haveNginx],[HostResource].[nginxIsRun] AS [nginxIsRun],[HostResource].[appBaseDir] AS [appBaseDir],[HostResource].[nginxConfPath] AS [nginxConfPath],[HostResource].[hostName] AS [hostName],[HostResource].[macId] AS [macId],[HostResource].[cpuName] AS [cpuName],[HostResource].[Ass_Zone] AS [Ass_Zone_Id],[HostResource].[UpdaterID] AS [UpdaterID],[HostResource].[UpdaterName] AS [UpdaterName],[HostResource].[CreateDt] AS [CreateDt],[HostResource].[UpdateDt] AS [UpdateDt],[HostResource].[IsDeleted] AS [IsDeleted],[HostResource].[CreaterName] AS [CreaterName],[HostResource].[CreaterID] AS [CreaterID] FROM [HostResource] AS [HostResource] WHERE [HostResource].[Id] = @P_0 LIMIT 1 OFFSET 0
 
 
发生时间：2020-04-03 15:24:31,512 
内容： 
[ReaderExecuted]22 
 
发生时间：2020-04-03 15:24:31,538 
内容： 
[NonQueryExecuting]Input String @P_0 = 'Intel(R) Core(TM) i7-6820HQ CPU @ 2.70GHz';
Input String @P_1 = '-1';
Input DateTime @P_2 = '2020/4/3 15:24:31';
Input Int32 @P_3 = 1;
UPDATE [HostResource] SET [cpuName]=@P_0,[UpdaterID]=@P_1,[UpdateDt]=@P_2 WHERE [HostResource].[Id] = @P_3
 
 
发生时间：2020-04-03 15:24:31,572 
内容： 
[NonQueryExecuted]1 
 
发生时间：2020-04-03 15:24:49,074 
内容： 
[ReaderExecuting]Input String @P_0 = 'admin';
SELECT [SysUser].[Id] AS [Id],[SysUser].[Email] AS [Email],[SysUser].[UserName] AS [UserName],[SysUser].[Mobile] AS [Mobile],[SysUser].[Password] AS [Password],[SysUser].[IsEnabled] AS [IsEnabled],[SysUser].[UserType] AS [UserType],[SysUser].[RecomendId] AS [RecomendId],[SysUser].[Birthday] AS [Birthday],[SysUser].[IdentityId] AS [IdentityId],[SysUser].[Photo] AS [Photo],[SysUser].[TelNo] AS [TelNo],[SysUser].[ComName] AS [ComName],[SysUser].[loginType] AS [loginType],[SysUser].[AppSiteKey] AS [AppSiteKey],[SysUser].[secretKey] AS [secretKey],[SysUser].[Description] AS [Description],[SysUser].[LoginId] AS [LoginId],[SysUser].[sex] AS [sex],[SysUser].[OtherLoginId] AS [OtherLoginId],[SysUser].[Ass_Areas] AS [Ass_Areas_Id],[SysUser].[UpdaterID] AS [UpdaterID],[SysUser].[UpdaterName] AS [UpdaterName],[SysUser].[CreateDt] AS [CreateDt],[SysUser].[UpdateDt] AS [UpdateDt],[SysUser].[IsDeleted] AS [IsDeleted],[SysUser].[CreaterName] AS [CreaterName],[SysUser].[CreaterID] AS [CreaterID] FROM [SysUser] AS [SysUser] WHERE ([SysUser].[IsEnabled] = 1 AND ([SysUser].[AppSiteKey] IS NULL OR [SysUser].[AppSiteKey] = '*') AND ([SysUser].[LoginId] = @P_0 OR [SysUser].[Mobile] = @P_0 OR [SysUser].[Email] = @P_0)) LIMIT 1 OFFSET 0
 
 
发生时间：2020-04-03 15:24:49,154 
内容： 
[ReaderExecuted]28 
 
发生时间：2020-04-03 15:24:49,187 
内容： 
[ReaderExecuting]select table_a .*  from SysRole table_a ,AssC_SysRoleSysUser table_b where table_a.Id=table_b.AssC_SysRole and table_b.AssC_SysUser=1
 
 
发生时间：2020-04-03 15:24:49,193 
内容： 
[ReaderExecuted]11 
 
发生时间：2020-04-03 15:24:49,287 
内容： 
[ReaderExecuting]Input String @P_0 = '1';
SELECT [LoginHistory].[Id] AS [C] FROM [LoginHistory] AS [LoginHistory] WHERE ([LoginHistory].[valid] = 1 AND [LoginHistory].[Ass_SysUser] = @P_0)
 
 
发生时间：2020-04-03 15:24:49,306 
内容： 
[ReaderExecuted]1 
 
发生时间：2020-04-03 15:24:49,326 
内容： 
[ScalarExecuting]Input String @P_0 = '1867fb41-0156-45bf-9aa6-594d41e67706';
Input DateTime @P_1 = '2020/4/3 20:24:49';
Input Boolean @P_2 = True;
Input String @P_3 = '127.0.0.1';
Input Int32 @P_4 = 1;
Input String @P_5 = '1';
Input String @P_6 = 'admin';
Input DateTime @P_7 = '2020/4/3 15:24:49';
Input DateTime @P_8 = '2020/4/3 15:24:49';
Input Boolean @P_9 = False;
INSERT INTO [LoginHistory]([Token],[ExpireDt],[valid],[IpFrom],[Ass_SysUser],[UpdaterID],[UpdaterName],[CreateDt],[UpdateDt],[IsDeleted],[CreaterName],[CreaterID]) VALUES(@P_0,@P_1,@P_2,@P_3,@P_4,@P_5,@P_6,@P_7,@P_8,@P_9,@P_6,@P_5);SELECT LAST_INSERT_ROWID()
 
 
发生时间：2020-04-03 15:24:49,352 
内容： 
[ScalarExecuted]4 
 
发生时间：2020-04-03 15:24:49,364 
内容： 
[NonQueryExecuting]UPDATE [LoginHistory] SET [valid]=0 WHERE [LoginHistory].[Id] IN (3)
 
 
发生时间：2020-04-03 15:24:49,365 
内容： 
[NonQueryExecuted]1 
 
发生时间：2020-04-03 15:24:49,513 
内容： 
[ReaderExecuting]Input Int32 @P_0 = 1;
SELECT [SysUser].[Id] AS [Id],[SysUser].[Email] AS [Email],[SysUser].[UserName] AS [UserName],[SysUser].[Mobile] AS [Mobile],[SysUser].[Password] AS [Password],[SysUser].[IsEnabled] AS [IsEnabled],[SysUser].[UserType] AS [UserType],[SysUser].[RecomendId] AS [RecomendId],[SysUser].[Birthday] AS [Birthday],[SysUser].[IdentityId] AS [IdentityId],[SysUser].[Photo] AS [Photo],[SysUser].[TelNo] AS [TelNo],[SysUser].[ComName] AS [ComName],[SysUser].[loginType] AS [loginType],[SysUser].[AppSiteKey] AS [AppSiteKey],[SysUser].[secretKey] AS [secretKey],[SysUser].[Description] AS [Description],[SysUser].[LoginId] AS [LoginId],[SysUser].[sex] AS [sex],[SysUser].[OtherLoginId] AS [OtherLoginId],[SysUser].[Ass_Areas] AS [Ass_Areas_Id],[SysUser].[UpdaterID] AS [UpdaterID],[SysUser].[UpdaterName] AS [UpdaterName],[SysUser].[CreateDt] AS [CreateDt],[SysUser].[UpdateDt] AS [UpdateDt],[SysUser].[IsDeleted] AS [IsDeleted],[SysUser].[CreaterName] AS [CreaterName],[SysUser].[CreaterID] AS [CreaterID] FROM [SysUser] AS [SysUser] WHERE [SysUser].[Id] = @P_0 LIMIT 1 OFFSET 0
 
 
发生时间：2020-04-03 15:24:49,572 
内容： 
[ReaderExecuted]28 
 
发生时间：2020-04-03 15:24:49,594 
内容： 
[ReaderExecuting]select table_a .*  from SysRole table_a ,AssC_SysRoleSysUser table_b where table_a.Id=table_b.AssC_SysRole and table_b.AssC_SysUser=1
 
 
发生时间：2020-04-03 15:24:49,599 
内容： 
[ReaderExecuted]11 
 
发生时间：2020-04-03 15:24:49,663 
内容： 
[ReaderExecuting]Input Int32 @P_0 = 0;
SELECT [MenuGroup].[Id] AS [Id],[MenuGroup].[Icon] AS [Icon],[MenuGroup].[Name] AS [Name],[MenuGroup].[SortCode] AS [SortCode],[MenuGroup].[Ass_Parent] AS [Ass_Parent_Id],[MenuGroup].[UpdaterID] AS [UpdaterID],[MenuGroup].[UpdaterName] AS [UpdaterName],[MenuGroup].[CreateDt] AS [CreateDt],[MenuGroup].[UpdateDt] AS [UpdateDt],[MenuGroup].[IsDeleted] AS [IsDeleted],[MenuGroup].[CreaterName] AS [CreaterName],[MenuGroup].[CreaterID] AS [CreaterID] FROM [MenuGroup] AS [MenuGroup] WHERE ([MenuGroup].[Ass_Parent] IS NULL OR [MenuGroup].[Ass_Parent] <= @P_0)
 
 
发生时间：2020-04-03 15:24:49,700 
内容： 
[ReaderExecuted]12 
 
发生时间：2020-04-03 15:24:49,727 
内容： 
[ReaderExecuting]select table_a.* from Menu table_a where  table_a.Ass_MenuGroup=1
 
 
发生时间：2020-04-03 15:24:49,730 
内容： 
[ReaderExecuted]13 
 
发生时间：2020-04-03 15:24:49,788 
内容： 
[ReaderExecuting]select table_a.* from MenuGroup table_a where  table_a.Ass_Parent=1
 
 
发生时间：2020-04-03 15:24:49,794 
内容： 
[ReaderExecuted]12 
 
发生时间：2020-04-03 15:24:49,810 
内容： 
[ReaderExecuting]select table_a.* from Menu table_a where  table_a.Ass_MenuGroup=2
 
 
发生时间：2020-04-03 15:24:49,824 
内容： 
[ReaderExecuted]13 
 
发生时间：2020-04-03 15:24:49,832 
内容： 
[ReaderExecuting]select table_a.* from MenuGroup table_a where  table_a.Ass_Parent=2
 
 
发生时间：2020-04-03 15:24:49,845 
内容： 
[ReaderExecuted]12 
 
发生时间：2020-04-03 15:24:49,849 
内容： 
[ReaderExecuting]select table_a.* from Menu table_a where  table_a.Ass_MenuGroup=3
 
 
发生时间：2020-04-03 15:24:49,862 
内容： 
[ReaderExecuted]13 
 
发生时间：2020-04-03 15:24:49,875 
内容： 
[ReaderExecuting]select table_a.* from MenuGroup table_a where  table_a.Ass_Parent=3
 
 
发生时间：2020-04-03 15:24:49,887 
内容： 
[ReaderExecuted]12 
 
发生时间：2020-04-03 15:24:49,892 
内容： 
[ReaderExecuting]select table_a.* from Menu table_a where  table_a.Ass_MenuGroup=4
 
 
发生时间：2020-04-03 15:24:49,905 
内容： 
[ReaderExecuted]13 
 
发生时间：2020-04-03 15:24:49,915 
内容： 
[ReaderExecuting]select table_a.* from MenuGroup table_a where  table_a.Ass_Parent=4
 
 
发生时间：2020-04-03 15:24:49,918 
内容： 
[ReaderExecuted]12 
 
发生时间：2020-04-03 15:24:52,701 
内容： 
[ReaderExecuting]Input Int32 @P_0 = 0;
SELECT [Zone].[Id] AS [Id],[Zone].[Name] AS [Name],[Zone].[Key] AS [Key],[Zone].[Ass_Region] AS [Ass_Region_Id],[Zone].[UpdaterID] AS [UpdaterID],[Zone].[UpdaterName] AS [UpdaterName],[Zone].[CreateDt] AS [CreateDt],[Zone].[UpdateDt] AS [UpdateDt],[Zone].[IsDeleted] AS [IsDeleted],[Zone].[CreaterName] AS [CreaterName],[Zone].[CreaterID] AS [CreaterID] FROM [Zone] AS [Zone] WHERE [Zone].[Id] = @P_0 LIMIT 1 OFFSET 0
 
 
发生时间：2020-04-03 15:24:52,711 
内容： 
[ReaderExecuting]SELECT COUNT(1) AS [C] FROM [Region] AS [Region] WHERE NOT ([Region].[IsDeleted] = 1)
 
 
发生时间：2020-04-03 15:24:52,730 
内容： 
[ReaderExecuted]11 
 
发生时间：2020-04-03 15:24:52,762 
内容： 
[ReaderExecuted]1 
 
发生时间：2020-04-03 15:24:52,871 
内容： 
[ReaderExecuting]SELECT [Region].[Id] AS [Id],[Region].[Key] AS [Key],[Region].[Name] AS [Name],[Region].[UpdaterID] AS [UpdaterID],[Region].[UpdaterName] AS [UpdaterName],[Region].[CreateDt] AS [CreateDt],[Region].[UpdateDt] AS [UpdateDt],[Region].[IsDeleted] AS [IsDeleted],[Region].[CreaterName] AS [CreaterName],[Region].[CreaterID] AS [CreaterID] FROM [Region] AS [Region] WHERE NOT ([Region].[IsDeleted] = 1) ORDER BY [Region].[CreateDt] DESC LIMIT 100 OFFSET 0
 
 
发生时间：2020-04-03 15:24:52,915 
内容： 
[ReaderExecuted]10 
 
发生时间：2020-04-03 15:24:53,034 
内容： 
[ReaderExecuting]Input Int32 @P_0 = 2;
SELECT [Region].[Id] AS [Id],[Region].[Key] AS [Key],[Region].[Name] AS [Name],[Region].[UpdaterID] AS [UpdaterID],[Region].[UpdaterName] AS [UpdaterName],[Region].[CreateDt] AS [CreateDt],[Region].[UpdateDt] AS [UpdateDt],[Region].[IsDeleted] AS [IsDeleted],[Region].[CreaterName] AS [CreaterName],[Region].[CreaterID] AS [CreaterID] FROM [Region] AS [Region] WHERE [Region].[Id] = @P_0 LIMIT 1 OFFSET 0
 
 
发生时间：2020-04-03 15:24:53,044 
内容： 
[ReaderExecuted]10 
 
发生时间：2020-04-03 15:24:53,052 
内容： 
[ReaderExecuting]Input String @P_0 = '2';
SELECT COUNT(1) AS [C] FROM [Zone] AS [Zone] WHERE (NOT ([Zone].[IsDeleted] = 1) AND [Zone].[Ass_Region] = @P_0)
 
 
发生时间：2020-04-03 15:24:53,064 
内容： 
[ReaderExecuted]1 
 
发生时间：2020-04-03 15:24:53,067 
内容： 
[ReaderExecuting]Input String @P_0 = '2';
SELECT [Zone].[Id] AS [Id],[Zone].[Name] AS [Name],[Zone].[Key] AS [Key],[Zone].[Ass_Region] AS [Ass_Region_Id],[Zone].[UpdaterID] AS [UpdaterID],[Zone].[UpdaterName] AS [UpdaterName],[Zone].[CreateDt] AS [CreateDt],[Zone].[UpdateDt] AS [UpdateDt],[Zone].[IsDeleted] AS [IsDeleted],[Zone].[CreaterName] AS [CreaterName],[Zone].[CreaterID] AS [CreaterID] FROM [Zone] AS [Zone] WHERE (NOT ([Zone].[IsDeleted] = 1) AND [Zone].[Ass_Region] = @P_0) ORDER BY [Zone].[CreateDt] DESC LIMIT 100 OFFSET 0
 
 
发生时间：2020-04-03 15:24:53,083 
内容： 
[ReaderExecuted]11 
 
发生时间：2020-04-03 15:24:55,974 
内容： 
[ReaderExecuting]Input Int32 @P_0 = 1;
SELECT [Region].[Id] AS [Id],[Region].[Key] AS [Key],[Region].[Name] AS [Name],[Region].[UpdaterID] AS [UpdaterID],[Region].[UpdaterName] AS [UpdaterName],[Region].[CreateDt] AS [CreateDt],[Region].[UpdateDt] AS [UpdateDt],[Region].[IsDeleted] AS [IsDeleted],[Region].[CreaterName] AS [CreaterName],[Region].[CreaterID] AS [CreaterID] FROM [Region] AS [Region] WHERE [Region].[Id] = @P_0 LIMIT 1 OFFSET 0
 
 
发生时间：2020-04-03 15:24:55,998 
内容： 
[ReaderExecuted]10 
 
发生时间：2020-04-03 15:24:56,013 
内容： 
[ReaderExecuting]Input String @P_0 = '1';
SELECT COUNT(1) AS [C] FROM [Zone] AS [Zone] WHERE (NOT ([Zone].[IsDeleted] = 1) AND [Zone].[Ass_Region] = @P_0)
 
 
发生时间：2020-04-03 15:24:56,024 
内容： 
[ReaderExecuted]1 
 
发生时间：2020-04-03 15:24:56,033 
内容： 
[ReaderExecuting]Input String @P_0 = '1';
SELECT [Zone].[Id] AS [Id],[Zone].[Name] AS [Name],[Zone].[Key] AS [Key],[Zone].[Ass_Region] AS [Ass_Region_Id],[Zone].[UpdaterID] AS [UpdaterID],[Zone].[UpdaterName] AS [UpdaterName],[Zone].[CreateDt] AS [CreateDt],[Zone].[UpdateDt] AS [UpdateDt],[Zone].[IsDeleted] AS [IsDeleted],[Zone].[CreaterName] AS [CreaterName],[Zone].[CreaterID] AS [CreaterID] FROM [Zone] AS [Zone] WHERE (NOT ([Zone].[IsDeleted] = 1) AND [Zone].[Ass_Region] = @P_0) ORDER BY [Zone].[CreateDt] DESC LIMIT 100 OFFSET 0
 
 
发生时间：2020-04-03 15:24:56,078 
内容： 
[ReaderExecuted]11 
 
发生时间：2020-04-03 15:24:58,588 
内容： 
[ReaderExecuting]Input Int32 @P_0 = 1;
SELECT [Zone].[Id] AS [Id],[Zone].[Name] AS [Name],[Zone].[Key] AS [Key],[Zone].[Ass_Region] AS [Ass_Region_Id],[Zone].[UpdaterID] AS [UpdaterID],[Zone].[UpdaterName] AS [UpdaterName],[Zone].[CreateDt] AS [CreateDt],[Zone].[UpdateDt] AS [UpdateDt],[Zone].[IsDeleted] AS [IsDeleted],[Zone].[CreaterName] AS [CreaterName],[Zone].[CreaterID] AS [CreaterID] FROM [Zone] AS [Zone] WHERE [Zone].[Id] = @P_0 LIMIT 1 OFFSET 0
 
 
发生时间：2020-04-03 15:24:58,614 
内容： 
[ReaderExecuted]11 
 
发生时间：2020-04-03 15:24:58,631 
内容： 
[ReaderExecuting]Input String @P_0 = '1';
SELECT COUNT(1) AS [C] FROM [HostResource] AS [HostResource] WHERE (NOT ([HostResource].[IsDeleted] = 1) AND [HostResource].[Ass_Zone] = @P_0)
 
 
发生时间：2020-04-03 15:24:58,647 
内容： 
[ReaderExecuted]1 
 
发生时间：2020-04-03 15:24:58,663 
内容： 
[ReaderExecuting]Input String @P_0 = '1';
SELECT [HostResource].[Id] AS [Id],[HostResource].[IP] AS [IP],[HostResource].[clientSessionId] AS [clientSessionId],[HostResource].[allocFromPort] AS [allocFromPort],[HostResource].[nodePort] AS [nodePort],[HostResource].[nodeId] AS [nodeId],[HostResource].[allocEndPort] AS [allocEndPort],[HostResource].[haveNginx] AS [haveNginx],[HostResource].[nginxIsRun] AS [nginxIsRun],[HostResource].[appBaseDir] AS [appBaseDir],[HostResource].[nginxConfPath] AS [nginxConfPath],[HostResource].[hostName] AS [hostName],[HostResource].[macId] AS [macId],[HostResource].[cpuName] AS [cpuName],[HostResource].[Ass_Zone] AS [Ass_Zone_Id],[HostResource].[UpdaterID] AS [UpdaterID],[HostResource].[UpdaterName] AS [UpdaterName],[HostResource].[CreateDt] AS [CreateDt],[HostResource].[UpdateDt] AS [UpdateDt],[HostResource].[IsDeleted] AS [IsDeleted],[HostResource].[CreaterName] AS [CreaterName],[HostResource].[CreaterID] AS [CreaterID] FROM [HostResource] AS [HostResource] WHERE (NOT ([HostResource].[IsDeleted] = 1) AND [HostResource].[Ass_Zone] = @P_0) ORDER BY [HostResource].[CreateDt] DESC LIMIT 10 OFFSET 0
 
 
发生时间：2020-04-03 15:24:58,729 
内容： 
[ReaderExecuted]22 
 
发生时间：2020-04-03 15:25:01,139 
内容： 
[ReaderExecuting]Input Int32 @P_0 = 1;
SELECT [HostResource].[Id] AS [Id],[HostResource].[IP] AS [IP],[HostResource].[clientSessionId] AS [clientSessionId],[HostResource].[allocFromPort] AS [allocFromPort],[HostResource].[nodePort] AS [nodePort],[HostResource].[nodeId] AS [nodeId],[HostResource].[allocEndPort] AS [allocEndPort],[HostResource].[haveNginx] AS [haveNginx],[HostResource].[nginxIsRun] AS [nginxIsRun],[HostResource].[appBaseDir] AS [appBaseDir],[HostResource].[nginxConfPath] AS [nginxConfPath],[HostResource].[hostName] AS [hostName],[HostResource].[macId] AS [macId],[HostResource].[cpuName] AS [cpuName],[HostResource].[Ass_Zone] AS [Ass_Zone_Id],[HostResource].[UpdaterID] AS [UpdaterID],[HostResource].[UpdaterName] AS [UpdaterName],[HostResource].[CreateDt] AS [CreateDt],[HostResource].[UpdateDt] AS [UpdateDt],[HostResource].[IsDeleted] AS [IsDeleted],[HostResource].[CreaterName] AS [CreaterName],[HostResource].[CreaterID] AS [CreaterID] FROM [HostResource] AS [HostResource] WHERE [HostResource].[Id] = @P_0 LIMIT 1 OFFSET 0
 
 
发生时间：2020-04-03 15:25:01,250 
内容： 
[ReaderExecuted]22 
 
发生时间：2020-04-03 15:33:40,822 
内容： 
[ReaderExecuting]Input Int32 @P_0 = 1;
SELECT [HostResource].[Id] AS [Id],[HostResource].[IP] AS [IP],[HostResource].[clientSessionId] AS [clientSessionId],[HostResource].[allocFromPort] AS [allocFromPort],[HostResource].[nodePort] AS [nodePort],[HostResource].[nodeId] AS [nodeId],[HostResource].[allocEndPort] AS [allocEndPort],[HostResource].[haveNginx] AS [haveNginx],[HostResource].[nginxIsRun] AS [nginxIsRun],[HostResource].[appBaseDir] AS [appBaseDir],[HostResource].[nginxConfPath] AS [nginxConfPath],[HostResource].[hostName] AS [hostName],[HostResource].[macId] AS [macId],[HostResource].[cpuName] AS [cpuName],[HostResource].[Ass_Zone] AS [Ass_Zone_Id],[HostResource].[UpdaterID] AS [UpdaterID],[HostResource].[UpdaterName] AS [UpdaterName],[HostResource].[CreateDt] AS [CreateDt],[HostResource].[UpdateDt] AS [UpdateDt],[HostResource].[IsDeleted] AS [IsDeleted],[HostResource].[CreaterName] AS [CreaterName],[HostResource].[CreaterID] AS [CreaterID] FROM [HostResource] AS [HostResource] WHERE [HostResource].[Id] = @P_0 LIMIT 1 OFFSET 0
 
 
发生时间：2020-04-03 15:33:40,917 
内容： 
[ReaderExecuted]22 
 
发生时间：2020-04-03 15:36:18,502 
内容： 
[ReaderExecuting]Input String @P_0 = '00-FF-43-68-74-8D';
SELECT [HostResource].[Id] AS [Id],[HostResource].[IP] AS [IP],[HostResource].[clientSessionId] AS [clientSessionId],[HostResource].[allocFromPort] AS [allocFromPort],[HostResource].[nodePort] AS [nodePort],[HostResource].[nodeId] AS [nodeId],[HostResource].[allocEndPort] AS [allocEndPort],[HostResource].[haveNginx] AS [haveNginx],[HostResource].[nginxIsRun] AS [nginxIsRun],[HostResource].[appBaseDir] AS [appBaseDir],[HostResource].[nginxConfPath] AS [nginxConfPath],[HostResource].[hostName] AS [hostName],[HostResource].[macId] AS [macId],[HostResource].[cpuName] AS [cpuName],[HostResource].[Ass_Zone] AS [Ass_Zone_Id],[HostResource].[UpdaterID] AS [UpdaterID],[HostResource].[UpdaterName] AS [UpdaterName],[HostResource].[CreateDt] AS [CreateDt],[HostResource].[UpdateDt] AS [UpdateDt],[HostResource].[IsDeleted] AS [IsDeleted],[HostResource].[CreaterName] AS [CreaterName],[HostResource].[CreaterID] AS [CreaterID] FROM [HostResource] AS [HostResource] WHERE [HostResource].[macId] = @P_0 LIMIT 1 OFFSET 0
 
 
发生时间：2020-04-03 15:36:18,592 
内容： 
[ReaderExecuted]22 
 
发生时间：2020-04-03 15:36:18,712 
内容： 
[ReaderExecuting]Input String @P_0 = '84-7B-EB-55-BF-1D';
SELECT [HostResource].[Id] AS [Id],[HostResource].[IP] AS [IP],[HostResource].[clientSessionId] AS [clientSessionId],[HostResource].[allocFromPort] AS [allocFromPort],[HostResource].[nodePort] AS [nodePort],[HostResource].[nodeId] AS [nodeId],[HostResource].[allocEndPort] AS [allocEndPort],[HostResource].[haveNginx] AS [haveNginx],[HostResource].[nginxIsRun] AS [nginxIsRun],[HostResource].[appBaseDir] AS [appBaseDir],[HostResource].[nginxConfPath] AS [nginxConfPath],[HostResource].[hostName] AS [hostName],[HostResource].[macId] AS [macId],[HostResource].[cpuName] AS [cpuName],[HostResource].[Ass_Zone] AS [Ass_Zone_Id],[HostResource].[UpdaterID] AS [UpdaterID],[HostResource].[UpdaterName] AS [UpdaterName],[HostResource].[CreateDt] AS [CreateDt],[HostResource].[UpdateDt] AS [UpdateDt],[HostResource].[IsDeleted] AS [IsDeleted],[HostResource].[CreaterName] AS [CreaterName],[HostResource].[CreaterID] AS [CreaterID] FROM [HostResource] AS [HostResource] WHERE [HostResource].[macId] = @P_0 LIMIT 1 OFFSET 0
 
 
发生时间：2020-04-03 15:36:18,788 
内容： 
[ReaderExecuted]22 
 
发生时间：2020-04-03 15:36:18,864 
内容： 
[ReaderExecuting]Input String @P_0 = '28-16-AD-D2-1C-62';
SELECT [HostResource].[Id] AS [Id],[HostResource].[IP] AS [IP],[HostResource].[clientSessionId] AS [clientSessionId],[HostResource].[allocFromPort] AS [allocFromPort],[HostResource].[nodePort] AS [nodePort],[HostResource].[nodeId] AS [nodeId],[HostResource].[allocEndPort] AS [allocEndPort],[HostResource].[haveNginx] AS [haveNginx],[HostResource].[nginxIsRun] AS [nginxIsRun],[HostResource].[appBaseDir] AS [appBaseDir],[HostResource].[nginxConfPath] AS [nginxConfPath],[HostResource].[hostName] AS [hostName],[HostResource].[macId] AS [macId],[HostResource].[cpuName] AS [cpuName],[HostResource].[Ass_Zone] AS [Ass_Zone_Id],[HostResource].[UpdaterID] AS [UpdaterID],[HostResource].[UpdaterName] AS [UpdaterName],[HostResource].[CreateDt] AS [CreateDt],[HostResource].[UpdateDt] AS [UpdateDt],[HostResource].[IsDeleted] AS [IsDeleted],[HostResource].[CreaterName] AS [CreaterName],[HostResource].[CreaterID] AS [CreaterID] FROM [HostResource] AS [HostResource] WHERE [HostResource].[macId] = @P_0 LIMIT 1 OFFSET 0
 
 
发生时间：2020-04-03 15:36:18,959 
内容： 
[ReaderExecuted]22 
 
发生时间：2020-04-03 15:36:19,013 
内容： 
[ReaderExecuting]Input String @P_0 = '2A-16-AD-D2-1C-61';
SELECT [HostResource].[Id] AS [Id],[HostResource].[IP] AS [IP],[HostResource].[clientSessionId] AS [clientSessionId],[HostResource].[allocFromPort] AS [allocFromPort],[HostResource].[nodePort] AS [nodePort],[HostResource].[nodeId] AS [nodeId],[HostResource].[allocEndPort] AS [allocEndPort],[HostResource].[haveNginx] AS [haveNginx],[HostResource].[nginxIsRun] AS [nginxIsRun],[HostResource].[appBaseDir] AS [appBaseDir],[HostResource].[nginxConfPath] AS [nginxConfPath],[HostResource].[hostName] AS [hostName],[HostResource].[macId] AS [macId],[HostResource].[cpuName] AS [cpuName],[HostResource].[Ass_Zone] AS [Ass_Zone_Id],[HostResource].[UpdaterID] AS [UpdaterID],[HostResource].[UpdaterName] AS [UpdaterName],[HostResource].[CreateDt] AS [CreateDt],[HostResource].[UpdateDt] AS [UpdateDt],[HostResource].[IsDeleted] AS [IsDeleted],[HostResource].[CreaterName] AS [CreaterName],[HostResource].[CreaterID] AS [CreaterID] FROM [HostResource] AS [HostResource] WHERE [HostResource].[macId] = @P_0 LIMIT 1 OFFSET 0
 
 
发生时间：2020-04-03 15:36:19,076 
内容： 
[ReaderExecuted]22 
 
发生时间：2020-04-03 15:36:19,144 
内容： 
[ReaderExecuting]Input String @P_0 = '00-50-56-C0-00-01';
SELECT [HostResource].[Id] AS [Id],[HostResource].[IP] AS [IP],[HostResource].[clientSessionId] AS [clientSessionId],[HostResource].[allocFromPort] AS [allocFromPort],[HostResource].[nodePort] AS [nodePort],[HostResource].[nodeId] AS [nodeId],[HostResource].[allocEndPort] AS [allocEndPort],[HostResource].[haveNginx] AS [haveNginx],[HostResource].[nginxIsRun] AS [nginxIsRun],[HostResource].[appBaseDir] AS [appBaseDir],[HostResource].[nginxConfPath] AS [nginxConfPath],[HostResource].[hostName] AS [hostName],[HostResource].[macId] AS [macId],[HostResource].[cpuName] AS [cpuName],[HostResource].[Ass_Zone] AS [Ass_Zone_Id],[HostResource].[UpdaterID] AS [UpdaterID],[HostResource].[UpdaterName] AS [UpdaterName],[HostResource].[CreateDt] AS [CreateDt],[HostResource].[UpdateDt] AS [UpdateDt],[HostResource].[IsDeleted] AS [IsDeleted],[HostResource].[CreaterName] AS [CreaterName],[HostResource].[CreaterID] AS [CreaterID] FROM [HostResource] AS [HostResource] WHERE [HostResource].[macId] = @P_0 LIMIT 1 OFFSET 0
 
 
发生时间：2020-04-03 15:36:19,226 
内容： 
[ReaderExecuted]22 
 
发生时间：2020-04-03 15:36:19,294 
内容： 
[ReaderExecuting]Input String @P_0 = '00-50-56-C0-00-08';
SELECT [HostResource].[Id] AS [Id],[HostResource].[IP] AS [IP],[HostResource].[clientSessionId] AS [clientSessionId],[HostResource].[allocFromPort] AS [allocFromPort],[HostResource].[nodePort] AS [nodePort],[HostResource].[nodeId] AS [nodeId],[HostResource].[allocEndPort] AS [allocEndPort],[HostResource].[haveNginx] AS [haveNginx],[HostResource].[nginxIsRun] AS [nginxIsRun],[HostResource].[appBaseDir] AS [appBaseDir],[HostResource].[nginxConfPath] AS [nginxConfPath],[HostResource].[hostName] AS [hostName],[HostResource].[macId] AS [macId],[HostResource].[cpuName] AS [cpuName],[HostResource].[Ass_Zone] AS [Ass_Zone_Id],[HostResource].[UpdaterID] AS [UpdaterID],[HostResource].[UpdaterName] AS [UpdaterName],[HostResource].[CreateDt] AS [CreateDt],[HostResource].[UpdateDt] AS [UpdateDt],[HostResource].[IsDeleted] AS [IsDeleted],[HostResource].[CreaterName] AS [CreaterName],[HostResource].[CreaterID] AS [CreaterID] FROM [HostResource] AS [HostResource] WHERE [HostResource].[macId] = @P_0 LIMIT 1 OFFSET 0
 
 
发生时间：2020-04-03 15:36:19,381 
内容： 
[ReaderExecuted]22 
 
发生时间：2020-04-03 15:36:19,446 
内容： 
[ReaderExecuting]Input String @P_0 = '28-16-AD-D2-1C-61';
SELECT [HostResource].[Id] AS [Id],[HostResource].[IP] AS [IP],[HostResource].[clientSessionId] AS [clientSessionId],[HostResource].[allocFromPort] AS [allocFromPort],[HostResource].[nodePort] AS [nodePort],[HostResource].[nodeId] AS [nodeId],[HostResource].[allocEndPort] AS [allocEndPort],[HostResource].[haveNginx] AS [haveNginx],[HostResource].[nginxIsRun] AS [nginxIsRun],[HostResource].[appBaseDir] AS [appBaseDir],[HostResource].[nginxConfPath] AS [nginxConfPath],[HostResource].[hostName] AS [hostName],[HostResource].[macId] AS [macId],[HostResource].[cpuName] AS [cpuName],[HostResource].[Ass_Zone] AS [Ass_Zone_Id],[HostResource].[UpdaterID] AS [UpdaterID],[HostResource].[UpdaterName] AS [UpdaterName],[HostResource].[CreateDt] AS [CreateDt],[HostResource].[UpdateDt] AS [UpdateDt],[HostResource].[IsDeleted] AS [IsDeleted],[HostResource].[CreaterName] AS [CreaterName],[HostResource].[CreaterID] AS [CreaterID] FROM [HostResource] AS [HostResource] WHERE [HostResource].[macId] = @P_0 LIMIT 1 OFFSET 0
 
 
发生时间：2020-04-03 15:36:19,526 
内容： 
[ReaderExecuted]22 
 
发生时间：2020-04-03 15:36:19,611 
内容： 
[ReaderExecuting]Input Int32 @P_0 = 1;
SELECT [Zone].[Id] AS [Id],[Zone].[Name] AS [Name],[Zone].[Key] AS [Key],[Zone].[Ass_Region] AS [Ass_Region_Id],[Zone].[UpdaterID] AS [UpdaterID],[Zone].[UpdaterName] AS [UpdaterName],[Zone].[CreateDt] AS [CreateDt],[Zone].[UpdateDt] AS [UpdateDt],[Zone].[IsDeleted] AS [IsDeleted],[Zone].[CreaterName] AS [CreaterName],[Zone].[CreaterID] AS [CreaterID] FROM [Zone] AS [Zone] WHERE [Zone].[Id] = @P_0 LIMIT 1 OFFSET 0
 
 
发生时间：2020-04-03 15:36:19,633 
内容： 
[ReaderExecuted]11 
 
发生时间：2020-04-03 15:36:21,103 
内容： 
[ReaderExecuting]Input Int32 @P_0 = 1;
SELECT [HostResource].[Id] AS [Id],[HostResource].[IP] AS [IP],[HostResource].[clientSessionId] AS [clientSessionId],[HostResource].[allocFromPort] AS [allocFromPort],[HostResource].[nodePort] AS [nodePort],[HostResource].[nodeId] AS [nodeId],[HostResource].[allocEndPort] AS [allocEndPort],[HostResource].[haveNginx] AS [haveNginx],[HostResource].[nginxIsRun] AS [nginxIsRun],[HostResource].[appBaseDir] AS [appBaseDir],[HostResource].[nginxConfPath] AS [nginxConfPath],[HostResource].[hostName] AS [hostName],[HostResource].[macId] AS [macId],[HostResource].[cpuName] AS [cpuName],[HostResource].[Ass_Zone] AS [Ass_Zone_Id],[HostResource].[UpdaterID] AS [UpdaterID],[HostResource].[UpdaterName] AS [UpdaterName],[HostResource].[CreateDt] AS [CreateDt],[HostResource].[UpdateDt] AS [UpdateDt],[HostResource].[IsDeleted] AS [IsDeleted],[HostResource].[CreaterName] AS [CreaterName],[HostResource].[CreaterID] AS [CreaterID] FROM [HostResource] AS [HostResource] WHERE [HostResource].[Id] = @P_0 LIMIT 1 OFFSET 0
 
 
发生时间：2020-04-03 15:36:21,172 
内容： 
[ReaderExecuted]22 
 
发生时间：2020-04-03 15:40:19,470 
内容： 
[ReaderExecuting]Input String @P_0 = '00-FF-43-68-74-8D';
SELECT [HostResource].[Id] AS [Id],[HostResource].[IP] AS [IP],[HostResource].[clientSessionId] AS [clientSessionId],[HostResource].[allocFromPort] AS [allocFromPort],[HostResource].[nodePort] AS [nodePort],[HostResource].[nodeId] AS [nodeId],[HostResource].[allocEndPort] AS [allocEndPort],[HostResource].[haveNginx] AS [haveNginx],[HostResource].[nginxIsRun] AS [nginxIsRun],[HostResource].[appBaseDir] AS [appBaseDir],[HostResource].[nginxConfPath] AS [nginxConfPath],[HostResource].[hostName] AS [hostName],[HostResource].[macId] AS [macId],[HostResource].[cpuName] AS [cpuName],[HostResource].[Ass_Zone] AS [Ass_Zone_Id],[HostResource].[UpdaterID] AS [UpdaterID],[HostResource].[UpdaterName] AS [UpdaterName],[HostResource].[CreateDt] AS [CreateDt],[HostResource].[UpdateDt] AS [UpdateDt],[HostResource].[IsDeleted] AS [IsDeleted],[HostResource].[CreaterName] AS [CreaterName],[HostResource].[CreaterID] AS [CreaterID] FROM [HostResource] AS [HostResource] WHERE [HostResource].[macId] = @P_0 LIMIT 1 OFFSET 0
 
 
发生时间：2020-04-03 15:40:19,563 
内容： 
[ReaderExecuted]22 
 
发生时间：2020-04-03 15:40:19,686 
内容： 
[ReaderExecuting]Input String @P_0 = '84-7B-EB-55-BF-1D';
SELECT [HostResource].[Id] AS [Id],[HostResource].[IP] AS [IP],[HostResource].[clientSessionId] AS [clientSessionId],[HostResource].[allocFromPort] AS [allocFromPort],[HostResource].[nodePort] AS [nodePort],[HostResource].[nodeId] AS [nodeId],[HostResource].[allocEndPort] AS [allocEndPort],[HostResource].[haveNginx] AS [haveNginx],[HostResource].[nginxIsRun] AS [nginxIsRun],[HostResource].[appBaseDir] AS [appBaseDir],[HostResource].[nginxConfPath] AS [nginxConfPath],[HostResource].[hostName] AS [hostName],[HostResource].[macId] AS [macId],[HostResource].[cpuName] AS [cpuName],[HostResource].[Ass_Zone] AS [Ass_Zone_Id],[HostResource].[UpdaterID] AS [UpdaterID],[HostResource].[UpdaterName] AS [UpdaterName],[HostResource].[CreateDt] AS [CreateDt],[HostResource].[UpdateDt] AS [UpdateDt],[HostResource].[IsDeleted] AS [IsDeleted],[HostResource].[CreaterName] AS [CreaterName],[HostResource].[CreaterID] AS [CreaterID] FROM [HostResource] AS [HostResource] WHERE [HostResource].[macId] = @P_0 LIMIT 1 OFFSET 0
 
 
发生时间：2020-04-03 15:40:19,754 
内容： 
[ReaderExecuted]22 
 
发生时间：2020-04-03 15:40:19,814 
内容： 
[ReaderExecuting]Input String @P_0 = '28-16-AD-D2-1C-62';
SELECT [HostResource].[Id] AS [Id],[HostResource].[IP] AS [IP],[HostResource].[clientSessionId] AS [clientSessionId],[HostResource].[allocFromPort] AS [allocFromPort],[HostResource].[nodePort] AS [nodePort],[HostResource].[nodeId] AS [nodeId],[HostResource].[allocEndPort] AS [allocEndPort],[HostResource].[haveNginx] AS [haveNginx],[HostResource].[nginxIsRun] AS [nginxIsRun],[HostResource].[appBaseDir] AS [appBaseDir],[HostResource].[nginxConfPath] AS [nginxConfPath],[HostResource].[hostName] AS [hostName],[HostResource].[macId] AS [macId],[HostResource].[cpuName] AS [cpuName],[HostResource].[Ass_Zone] AS [Ass_Zone_Id],[HostResource].[UpdaterID] AS [UpdaterID],[HostResource].[UpdaterName] AS [UpdaterName],[HostResource].[CreateDt] AS [CreateDt],[HostResource].[UpdateDt] AS [UpdateDt],[HostResource].[IsDeleted] AS [IsDeleted],[HostResource].[CreaterName] AS [CreaterName],[HostResource].[CreaterID] AS [CreaterID] FROM [HostResource] AS [HostResource] WHERE [HostResource].[macId] = @P_0 LIMIT 1 OFFSET 0
 
 
发生时间：2020-04-03 15:40:19,906 
内容： 
[ReaderExecuted]22 
 
发生时间：2020-04-03 15:40:19,960 
内容： 
[ReaderExecuting]Input String @P_0 = '2A-16-AD-D2-1C-61';
SELECT [HostResource].[Id] AS [Id],[HostResource].[IP] AS [IP],[HostResource].[clientSessionId] AS [clientSessionId],[HostResource].[allocFromPort] AS [allocFromPort],[HostResource].[nodePort] AS [nodePort],[HostResource].[nodeId] AS [nodeId],[HostResource].[allocEndPort] AS [allocEndPort],[HostResource].[haveNginx] AS [haveNginx],[HostResource].[nginxIsRun] AS [nginxIsRun],[HostResource].[appBaseDir] AS [appBaseDir],[HostResource].[nginxConfPath] AS [nginxConfPath],[HostResource].[hostName] AS [hostName],[HostResource].[macId] AS [macId],[HostResource].[cpuName] AS [cpuName],[HostResource].[Ass_Zone] AS [Ass_Zone_Id],[HostResource].[UpdaterID] AS [UpdaterID],[HostResource].[UpdaterName] AS [UpdaterName],[HostResource].[CreateDt] AS [CreateDt],[HostResource].[UpdateDt] AS [UpdateDt],[HostResource].[IsDeleted] AS [IsDeleted],[HostResource].[CreaterName] AS [CreaterName],[HostResource].[CreaterID] AS [CreaterID] FROM [HostResource] AS [HostResource] WHERE [HostResource].[macId] = @P_0 LIMIT 1 OFFSET 0
 
 
发生时间：2020-04-03 15:40:20,037 
内容： 
[ReaderExecuted]22 
 
发生时间：2020-04-03 15:40:20,094 
内容： 
[ReaderExecuting]Input String @P_0 = '00-50-56-C0-00-01';
SELECT [HostResource].[Id] AS [Id],[HostResource].[IP] AS [IP],[HostResource].[clientSessionId] AS [clientSessionId],[HostResource].[allocFromPort] AS [allocFromPort],[HostResource].[nodePort] AS [nodePort],[HostResource].[nodeId] AS [nodeId],[HostResource].[allocEndPort] AS [allocEndPort],[HostResource].[haveNginx] AS [haveNginx],[HostResource].[nginxIsRun] AS [nginxIsRun],[HostResource].[appBaseDir] AS [appBaseDir],[HostResource].[nginxConfPath] AS [nginxConfPath],[HostResource].[hostName] AS [hostName],[HostResource].[macId] AS [macId],[HostResource].[cpuName] AS [cpuName],[HostResource].[Ass_Zone] AS [Ass_Zone_Id],[HostResource].[UpdaterID] AS [UpdaterID],[HostResource].[UpdaterName] AS [UpdaterName],[HostResource].[CreateDt] AS [CreateDt],[HostResource].[UpdateDt] AS [UpdateDt],[HostResource].[IsDeleted] AS [IsDeleted],[HostResource].[CreaterName] AS [CreaterName],[HostResource].[CreaterID] AS [CreaterID] FROM [HostResource] AS [HostResource] WHERE [HostResource].[macId] = @P_0 LIMIT 1 OFFSET 0
 
 
发生时间：2020-04-03 15:40:20,169 
内容： 
[ReaderExecuted]22 
 
发生时间：2020-04-03 15:40:20,225 
内容： 
[ReaderExecuting]Input String @P_0 = '00-50-56-C0-00-08';
SELECT [HostResource].[Id] AS [Id],[HostResource].[IP] AS [IP],[HostResource].[clientSessionId] AS [clientSessionId],[HostResource].[allocFromPort] AS [allocFromPort],[HostResource].[nodePort] AS [nodePort],[HostResource].[nodeId] AS [nodeId],[HostResource].[allocEndPort] AS [allocEndPort],[HostResource].[haveNginx] AS [haveNginx],[HostResource].[nginxIsRun] AS [nginxIsRun],[HostResource].[appBaseDir] AS [appBaseDir],[HostResource].[nginxConfPath] AS [nginxConfPath],[HostResource].[hostName] AS [hostName],[HostResource].[macId] AS [macId],[HostResource].[cpuName] AS [cpuName],[HostResource].[Ass_Zone] AS [Ass_Zone_Id],[HostResource].[UpdaterID] AS [UpdaterID],[HostResource].[UpdaterName] AS [UpdaterName],[HostResource].[CreateDt] AS [CreateDt],[HostResource].[UpdateDt] AS [UpdateDt],[HostResource].[IsDeleted] AS [IsDeleted],[HostResource].[CreaterName] AS [CreaterName],[HostResource].[CreaterID] AS [CreaterID] FROM [HostResource] AS [HostResource] WHERE [HostResource].[macId] = @P_0 LIMIT 1 OFFSET 0
 
 
发生时间：2020-04-03 15:40:20,320 
内容： 
[ReaderExecuted]22 
 
发生时间：2020-04-03 15:40:20,390 
内容： 
[ReaderExecuting]Input String @P_0 = '28-16-AD-D2-1C-61';
SELECT [HostResource].[Id] AS [Id],[HostResource].[IP] AS [IP],[HostResource].[clientSessionId] AS [clientSessionId],[HostResource].[allocFromPort] AS [allocFromPort],[HostResource].[nodePort] AS [nodePort],[HostResource].[nodeId] AS [nodeId],[HostResource].[allocEndPort] AS [allocEndPort],[HostResource].[haveNginx] AS [haveNginx],[HostResource].[nginxIsRun] AS [nginxIsRun],[HostResource].[appBaseDir] AS [appBaseDir],[HostResource].[nginxConfPath] AS [nginxConfPath],[HostResource].[hostName] AS [hostName],[HostResource].[macId] AS [macId],[HostResource].[cpuName] AS [cpuName],[HostResource].[Ass_Zone] AS [Ass_Zone_Id],[HostResource].[UpdaterID] AS [UpdaterID],[HostResource].[UpdaterName] AS [UpdaterName],[HostResource].[CreateDt] AS [CreateDt],[HostResource].[UpdateDt] AS [UpdateDt],[HostResource].[IsDeleted] AS [IsDeleted],[HostResource].[CreaterName] AS [CreaterName],[HostResource].[CreaterID] AS [CreaterID] FROM [HostResource] AS [HostResource] WHERE [HostResource].[macId] = @P_0 LIMIT 1 OFFSET 0
 
 
发生时间：2020-04-03 15:40:20,470 
内容： 
[ReaderExecuted]22 
 
发生时间：2020-04-03 15:40:20,560 
内容： 
[ReaderExecuting]Input Int32 @P_0 = 1;
SELECT [Zone].[Id] AS [Id],[Zone].[Name] AS [Name],[Zone].[Key] AS [Key],[Zone].[Ass_Region] AS [Ass_Region_Id],[Zone].[UpdaterID] AS [UpdaterID],[Zone].[UpdaterName] AS [UpdaterName],[Zone].[CreateDt] AS [CreateDt],[Zone].[UpdateDt] AS [UpdateDt],[Zone].[IsDeleted] AS [IsDeleted],[Zone].[CreaterName] AS [CreaterName],[Zone].[CreaterID] AS [CreaterID] FROM [Zone] AS [Zone] WHERE [Zone].[Id] = @P_0 LIMIT 1 OFFSET 0
 
 
发生时间：2020-04-03 15:40:20,583 
内容： 
[ReaderExecuted]11 
 
发生时间：2020-04-03 15:40:22,007 
内容： 
[ReaderExecuting]Input Int32 @P_0 = 1;
SELECT [HostResource].[Id] AS [Id],[HostResource].[IP] AS [IP],[HostResource].[clientSessionId] AS [clientSessionId],[HostResource].[allocFromPort] AS [allocFromPort],[HostResource].[nodePort] AS [nodePort],[HostResource].[nodeId] AS [nodeId],[HostResource].[allocEndPort] AS [allocEndPort],[HostResource].[haveNginx] AS [haveNginx],[HostResource].[nginxIsRun] AS [nginxIsRun],[HostResource].[appBaseDir] AS [appBaseDir],[HostResource].[nginxConfPath] AS [nginxConfPath],[HostResource].[hostName] AS [hostName],[HostResource].[macId] AS [macId],[HostResource].[cpuName] AS [cpuName],[HostResource].[Ass_Zone] AS [Ass_Zone_Id],[HostResource].[UpdaterID] AS [UpdaterID],[HostResource].[UpdaterName] AS [UpdaterName],[HostResource].[CreateDt] AS [CreateDt],[HostResource].[UpdateDt] AS [UpdateDt],[HostResource].[IsDeleted] AS [IsDeleted],[HostResource].[CreaterName] AS [CreaterName],[HostResource].[CreaterID] AS [CreaterID] FROM [HostResource] AS [HostResource] WHERE [HostResource].[Id] = @P_0 LIMIT 1 OFFSET 0
 
 
发生时间：2020-04-03 15:40:22,088 
内容： 
[ReaderExecuted]22 
 
发生时间：2020-04-03 15:48:12,773 
内容： 
[ReaderExecuting]Input String @P_0 = '00-FF-43-68-74-8D';
SELECT [HostResource].[Id] AS [Id],[HostResource].[IP] AS [IP],[HostResource].[clientSessionId] AS [clientSessionId],[HostResource].[allocFromPort] AS [allocFromPort],[HostResource].[nodePort] AS [nodePort],[HostResource].[nodeId] AS [nodeId],[HostResource].[allocEndPort] AS [allocEndPort],[HostResource].[haveNginx] AS [haveNginx],[HostResource].[nginxIsRun] AS [nginxIsRun],[HostResource].[appBaseDir] AS [appBaseDir],[HostResource].[nginxConfPath] AS [nginxConfPath],[HostResource].[hostName] AS [hostName],[HostResource].[macId] AS [macId],[HostResource].[cpuName] AS [cpuName],[HostResource].[Ass_Zone] AS [Ass_Zone_Id],[HostResource].[UpdaterID] AS [UpdaterID],[HostResource].[UpdaterName] AS [UpdaterName],[HostResource].[CreateDt] AS [CreateDt],[HostResource].[UpdateDt] AS [UpdateDt],[HostResource].[IsDeleted] AS [IsDeleted],[HostResource].[CreaterName] AS [CreaterName],[HostResource].[CreaterID] AS [CreaterID] FROM [HostResource] AS [HostResource] WHERE [HostResource].[macId] = @P_0 LIMIT 1 OFFSET 0
 
 
发生时间：2020-04-03 15:48:12,875 
内容： 
[ReaderExecuted]22 
 
发生时间：2020-04-03 15:48:12,991 
内容： 
[ReaderExecuting]Input String @P_0 = '84-7B-EB-55-BF-1D';
SELECT [HostResource].[Id] AS [Id],[HostResource].[IP] AS [IP],[HostResource].[clientSessionId] AS [clientSessionId],[HostResource].[allocFromPort] AS [allocFromPort],[HostResource].[nodePort] AS [nodePort],[HostResource].[nodeId] AS [nodeId],[HostResource].[allocEndPort] AS [allocEndPort],[HostResource].[haveNginx] AS [haveNginx],[HostResource].[nginxIsRun] AS [nginxIsRun],[HostResource].[appBaseDir] AS [appBaseDir],[HostResource].[nginxConfPath] AS [nginxConfPath],[HostResource].[hostName] AS [hostName],[HostResource].[macId] AS [macId],[HostResource].[cpuName] AS [cpuName],[HostResource].[Ass_Zone] AS [Ass_Zone_Id],[HostResource].[UpdaterID] AS [UpdaterID],[HostResource].[UpdaterName] AS [UpdaterName],[HostResource].[CreateDt] AS [CreateDt],[HostResource].[UpdateDt] AS [UpdateDt],[HostResource].[IsDeleted] AS [IsDeleted],[HostResource].[CreaterName] AS [CreaterName],[HostResource].[CreaterID] AS [CreaterID] FROM [HostResource] AS [HostResource] WHERE [HostResource].[macId] = @P_0 LIMIT 1 OFFSET 0
 
 
发生时间：2020-04-03 15:48:13,078 
内容： 
[ReaderExecuted]22 
 
发生时间：2020-04-03 15:48:13,137 
内容： 
[ReaderExecuting]Input String @P_0 = '28-16-AD-D2-1C-62';
SELECT [HostResource].[Id] AS [Id],[HostResource].[IP] AS [IP],[HostResource].[clientSessionId] AS [clientSessionId],[HostResource].[allocFromPort] AS [allocFromPort],[HostResource].[nodePort] AS [nodePort],[HostResource].[nodeId] AS [nodeId],[HostResource].[allocEndPort] AS [allocEndPort],[HostResource].[haveNginx] AS [haveNginx],[HostResource].[nginxIsRun] AS [nginxIsRun],[HostResource].[appBaseDir] AS [appBaseDir],[HostResource].[nginxConfPath] AS [nginxConfPath],[HostResource].[hostName] AS [hostName],[HostResource].[macId] AS [macId],[HostResource].[cpuName] AS [cpuName],[HostResource].[Ass_Zone] AS [Ass_Zone_Id],[HostResource].[UpdaterID] AS [UpdaterID],[HostResource].[UpdaterName] AS [UpdaterName],[HostResource].[CreateDt] AS [CreateDt],[HostResource].[UpdateDt] AS [UpdateDt],[HostResource].[IsDeleted] AS [IsDeleted],[HostResource].[CreaterName] AS [CreaterName],[HostResource].[CreaterID] AS [CreaterID] FROM [HostResource] AS [HostResource] WHERE [HostResource].[macId] = @P_0 LIMIT 1 OFFSET 0
 
 
发生时间：2020-04-03 15:48:13,226 
内容： 
[ReaderExecuted]22 
 
发生时间：2020-04-03 15:48:13,281 
内容： 
[ReaderExecuting]Input String @P_0 = '2A-16-AD-D2-1C-61';
SELECT [HostResource].[Id] AS [Id],[HostResource].[IP] AS [IP],[HostResource].[clientSessionId] AS [clientSessionId],[HostResource].[allocFromPort] AS [allocFromPort],[HostResource].[nodePort] AS [nodePort],[HostResource].[nodeId] AS [nodeId],[HostResource].[allocEndPort] AS [allocEndPort],[HostResource].[haveNginx] AS [haveNginx],[HostResource].[nginxIsRun] AS [nginxIsRun],[HostResource].[appBaseDir] AS [appBaseDir],[HostResource].[nginxConfPath] AS [nginxConfPath],[HostResource].[hostName] AS [hostName],[HostResource].[macId] AS [macId],[HostResource].[cpuName] AS [cpuName],[HostResource].[Ass_Zone] AS [Ass_Zone_Id],[HostResource].[UpdaterID] AS [UpdaterID],[HostResource].[UpdaterName] AS [UpdaterName],[HostResource].[CreateDt] AS [CreateDt],[HostResource].[UpdateDt] AS [UpdateDt],[HostResource].[IsDeleted] AS [IsDeleted],[HostResource].[CreaterName] AS [CreaterName],[HostResource].[CreaterID] AS [CreaterID] FROM [HostResource] AS [HostResource] WHERE [HostResource].[macId] = @P_0 LIMIT 1 OFFSET 0
 
 
发生时间：2020-04-03 15:48:13,381 
内容： 
[ReaderExecuted]22 
 
发生时间：2020-04-03 15:48:13,451 
内容： 
[ReaderExecuting]Input String @P_0 = '00-50-56-C0-00-01';
SELECT [HostResource].[Id] AS [Id],[HostResource].[IP] AS [IP],[HostResource].[clientSessionId] AS [clientSessionId],[HostResource].[allocFromPort] AS [allocFromPort],[HostResource].[nodePort] AS [nodePort],[HostResource].[nodeId] AS [nodeId],[HostResource].[allocEndPort] AS [allocEndPort],[HostResource].[haveNginx] AS [haveNginx],[HostResource].[nginxIsRun] AS [nginxIsRun],[HostResource].[appBaseDir] AS [appBaseDir],[HostResource].[nginxConfPath] AS [nginxConfPath],[HostResource].[hostName] AS [hostName],[HostResource].[macId] AS [macId],[HostResource].[cpuName] AS [cpuName],[HostResource].[Ass_Zone] AS [Ass_Zone_Id],[HostResource].[UpdaterID] AS [UpdaterID],[HostResource].[UpdaterName] AS [UpdaterName],[HostResource].[CreateDt] AS [CreateDt],[HostResource].[UpdateDt] AS [UpdateDt],[HostResource].[IsDeleted] AS [IsDeleted],[HostResource].[CreaterName] AS [CreaterName],[HostResource].[CreaterID] AS [CreaterID] FROM [HostResource] AS [HostResource] WHERE [HostResource].[macId] = @P_0 LIMIT 1 OFFSET 0
 
 
发生时间：2020-04-03 15:48:13,534 
内容： 
[ReaderExecuted]22 
 
发生时间：2020-04-03 15:48:13,619 
内容： 
[ReaderExecuting]Input String @P_0 = '00-50-56-C0-00-08';
SELECT [HostResource].[Id] AS [Id],[HostResource].[IP] AS [IP],[HostResource].[clientSessionId] AS [clientSessionId],[HostResource].[allocFromPort] AS [allocFromPort],[HostResource].[nodePort] AS [nodePort],[HostResource].[nodeId] AS [nodeId],[HostResource].[allocEndPort] AS [allocEndPort],[HostResource].[haveNginx] AS [haveNginx],[HostResource].[nginxIsRun] AS [nginxIsRun],[HostResource].[appBaseDir] AS [appBaseDir],[HostResource].[nginxConfPath] AS [nginxConfPath],[HostResource].[hostName] AS [hostName],[HostResource].[macId] AS [macId],[HostResource].[cpuName] AS [cpuName],[HostResource].[Ass_Zone] AS [Ass_Zone_Id],[HostResource].[UpdaterID] AS [UpdaterID],[HostResource].[UpdaterName] AS [UpdaterName],[HostResource].[CreateDt] AS [CreateDt],[HostResource].[UpdateDt] AS [UpdateDt],[HostResource].[IsDeleted] AS [IsDeleted],[HostResource].[CreaterName] AS [CreaterName],[HostResource].[CreaterID] AS [CreaterID] FROM [HostResource] AS [HostResource] WHERE [HostResource].[macId] = @P_0 LIMIT 1 OFFSET 0
 
 
发生时间：2020-04-03 15:48:13,711 
内容： 
[ReaderExecuted]22 
 
发生时间：2020-04-03 15:48:13,772 
内容： 
[ReaderExecuting]Input String @P_0 = '28-16-AD-D2-1C-61';
SELECT [HostResource].[Id] AS [Id],[HostResource].[IP] AS [IP],[HostResource].[clientSessionId] AS [clientSessionId],[HostResource].[allocFromPort] AS [allocFromPort],[HostResource].[nodePort] AS [nodePort],[HostResource].[nodeId] AS [nodeId],[HostResource].[allocEndPort] AS [allocEndPort],[HostResource].[haveNginx] AS [haveNginx],[HostResource].[nginxIsRun] AS [nginxIsRun],[HostResource].[appBaseDir] AS [appBaseDir],[HostResource].[nginxConfPath] AS [nginxConfPath],[HostResource].[hostName] AS [hostName],[HostResource].[macId] AS [macId],[HostResource].[cpuName] AS [cpuName],[HostResource].[Ass_Zone] AS [Ass_Zone_Id],[HostResource].[UpdaterID] AS [UpdaterID],[HostResource].[UpdaterName] AS [UpdaterName],[HostResource].[CreateDt] AS [CreateDt],[HostResource].[UpdateDt] AS [UpdateDt],[HostResource].[IsDeleted] AS [IsDeleted],[HostResource].[CreaterName] AS [CreaterName],[HostResource].[CreaterID] AS [CreaterID] FROM [HostResource] AS [HostResource] WHERE [HostResource].[macId] = @P_0 LIMIT 1 OFFSET 0
 
 
发生时间：2020-04-03 15:48:13,861 
内容： 
[ReaderExecuted]22 
 
发生时间：2020-04-03 15:48:13,959 
内容： 
[ReaderExecuting]Input Int32 @P_0 = 1;
SELECT [Zone].[Id] AS [Id],[Zone].[Name] AS [Name],[Zone].[Key] AS [Key],[Zone].[Ass_Region] AS [Ass_Region_Id],[Zone].[UpdaterID] AS [UpdaterID],[Zone].[UpdaterName] AS [UpdaterName],[Zone].[CreateDt] AS [CreateDt],[Zone].[UpdateDt] AS [UpdateDt],[Zone].[IsDeleted] AS [IsDeleted],[Zone].[CreaterName] AS [CreaterName],[Zone].[CreaterID] AS [CreaterID] FROM [Zone] AS [Zone] WHERE [Zone].[Id] = @P_0 LIMIT 1 OFFSET 0
 
 
发生时间：2020-04-03 15:48:13,980 
内容： 
[ReaderExecuted]11 
 
发生时间：2020-04-03 15:48:15,397 
内容： 
[ReaderExecuting]Input Int32 @P_0 = 1;
SELECT [HostResource].[Id] AS [Id],[HostResource].[IP] AS [IP],[HostResource].[clientSessionId] AS [clientSessionId],[HostResource].[allocFromPort] AS [allocFromPort],[HostResource].[nodePort] AS [nodePort],[HostResource].[nodeId] AS [nodeId],[HostResource].[allocEndPort] AS [allocEndPort],[HostResource].[haveNginx] AS [haveNginx],[HostResource].[nginxIsRun] AS [nginxIsRun],[HostResource].[appBaseDir] AS [appBaseDir],[HostResource].[nginxConfPath] AS [nginxConfPath],[HostResource].[hostName] AS [hostName],[HostResource].[macId] AS [macId],[HostResource].[cpuName] AS [cpuName],[HostResource].[Ass_Zone] AS [Ass_Zone_Id],[HostResource].[UpdaterID] AS [UpdaterID],[HostResource].[UpdaterName] AS [UpdaterName],[HostResource].[CreateDt] AS [CreateDt],[HostResource].[UpdateDt] AS [UpdateDt],[HostResource].[IsDeleted] AS [IsDeleted],[HostResource].[CreaterName] AS [CreaterName],[HostResource].[CreaterID] AS [CreaterID] FROM [HostResource] AS [HostResource] WHERE [HostResource].[Id] = @P_0 LIMIT 1 OFFSET 0
 
 
发生时间：2020-04-03 15:48:15,463 
内容： 
[ReaderExecuted]22 
 
发生时间：2020-04-03 15:53:43,190 
内容： 
[ReaderExecuting]Input Int32 @P_0 = 1;
SELECT [HostResource].[Id] AS [Id],[HostResource].[IP] AS [IP],[HostResource].[clientSessionId] AS [clientSessionId],[HostResource].[allocFromPort] AS [allocFromPort],[HostResource].[nodePort] AS [nodePort],[HostResource].[nodeId] AS [nodeId],[HostResource].[allocEndPort] AS [allocEndPort],[HostResource].[haveNginx] AS [haveNginx],[HostResource].[nginxIsRun] AS [nginxIsRun],[HostResource].[appBaseDir] AS [appBaseDir],[HostResource].[nginxConfPath] AS [nginxConfPath],[HostResource].[hostName] AS [hostName],[HostResource].[macId] AS [macId],[HostResource].[cpuName] AS [cpuName],[HostResource].[Ass_Zone] AS [Ass_Zone_Id],[HostResource].[UpdaterID] AS [UpdaterID],[HostResource].[UpdaterName] AS [UpdaterName],[HostResource].[CreateDt] AS [CreateDt],[HostResource].[UpdateDt] AS [UpdateDt],[HostResource].[IsDeleted] AS [IsDeleted],[HostResource].[CreaterName] AS [CreaterName],[HostResource].[CreaterID] AS [CreaterID] FROM [HostResource] AS [HostResource] WHERE [HostResource].[Id] = @P_0 LIMIT 1 OFFSET 0
 
 
发生时间：2020-04-03 15:53:43,287 
内容： 
[ReaderExecuted]22 
 
发生时间：2020-04-03 16:03:10,656 
内容： 
[ReaderExecuting]Input Int32 @P_0 = 1;
SELECT [HostResource].[Id] AS [Id],[HostResource].[IP] AS [IP],[HostResource].[clientSessionId] AS [clientSessionId],[HostResource].[allocFromPort] AS [allocFromPort],[HostResource].[nodePort] AS [nodePort],[HostResource].[nodeId] AS [nodeId],[HostResource].[allocEndPort] AS [allocEndPort],[HostResource].[haveNginx] AS [haveNginx],[HostResource].[nginxIsRun] AS [nginxIsRun],[HostResource].[appBaseDir] AS [appBaseDir],[HostResource].[nginxConfPath] AS [nginxConfPath],[HostResource].[hostName] AS [hostName],[HostResource].[macId] AS [macId],[HostResource].[cpuName] AS [cpuName],[HostResource].[Ass_Zone] AS [Ass_Zone_Id],[HostResource].[UpdaterID] AS [UpdaterID],[HostResource].[UpdaterName] AS [UpdaterName],[HostResource].[CreateDt] AS [CreateDt],[HostResource].[UpdateDt] AS [UpdateDt],[HostResource].[IsDeleted] AS [IsDeleted],[HostResource].[CreaterName] AS [CreaterName],[HostResource].[CreaterID] AS [CreaterID] FROM [HostResource] AS [HostResource] WHERE [HostResource].[Id] = @P_0 LIMIT 1 OFFSET 0
 
 
发生时间：2020-04-03 16:03:10,701 
内容： 
[ReaderExecuted]22 
 
发生时间：2020-04-03 16:32:42,748 
内容： 
[ReaderExecuting]Input Int32 @P_0 = 1;
SELECT [HostResource].[Id] AS [Id],[HostResource].[IP] AS [IP],[HostResource].[clientSessionId] AS [clientSessionId],[HostResource].[allocFromPort] AS [allocFromPort],[HostResource].[nodePort] AS [nodePort],[HostResource].[nodeId] AS [nodeId],[HostResource].[allocEndPort] AS [allocEndPort],[HostResource].[haveNginx] AS [haveNginx],[HostResource].[nginxIsRun] AS [nginxIsRun],[HostResource].[appBaseDir] AS [appBaseDir],[HostResource].[nginxConfPath] AS [nginxConfPath],[HostResource].[hostName] AS [hostName],[HostResource].[macId] AS [macId],[HostResource].[cpuName] AS [cpuName],[HostResource].[Ass_Zone] AS [Ass_Zone_Id],[HostResource].[UpdaterID] AS [UpdaterID],[HostResource].[UpdaterName] AS [UpdaterName],[HostResource].[CreateDt] AS [CreateDt],[HostResource].[UpdateDt] AS [UpdateDt],[HostResource].[IsDeleted] AS [IsDeleted],[HostResource].[CreaterName] AS [CreaterName],[HostResource].[CreaterID] AS [CreaterID] FROM [HostResource] AS [HostResource] WHERE [HostResource].[Id] = @P_0 LIMIT 1 OFFSET 0
 
 
发生时间：2020-04-03 16:32:42,814 
内容： 
[ReaderExecuted]22 
 
