05 Sep 2020 20:39:02,795  DEBUG [43] ?.?  - [ReaderExecuting]Input String ?P_0 = 'admin';
SELECT `SysUser`.`Id` AS `Id`,`SysUser`.`Email` AS `Email`,`SysUser`.`UserName` AS `UserName`,`SysUser`.`Mobile` AS `Mobile`,`SysUser`.`Password` AS `Password`,`SysUser`.`IsEnabled` AS `IsEnabled`,`SysUser`.`UserType` AS `UserType`,`SysUser`.`RecomendId` AS `RecomendId`,`SysUser`.`Birthday` AS `Birthday`,`SysUser`.`IdentityId` AS `IdentityId`,`SysUser`.`Photo` AS `Photo`,`SysUser`.`TelNo` AS `TelNo`,`SysUser`.`ComName` AS `ComName`,`SysUser`.`loginType` AS `loginType`,`SysUser`.`AppSiteKey` AS `AppSiteKey`,`SysUser`.`secretKey` AS `secretKey`,`SysUser`.`Description` AS `Description`,`SysUser`.`LoginId` AS `LoginId`,`SysUser`.`sex` AS `sex`,`SysUser`.`OtherLoginId` AS `OtherLoginId`,`SysUser`.`Ass_Areas` AS `Ass_Areas_Id`,`SysUser`.`UpdaterID` AS `UpdaterID`,`SysUser`.`UpdaterName` AS `UpdaterName`,`SysUser`.`CreateDt` AS `CreateDt`,`SysUser`.`UpdateDt` AS `UpdateDt`,`SysUser`.`IsDeleted` AS `IsDeleted`,`SysUser`.`CreaterName` AS `CreaterName`,`SysUser`.`CreaterID` AS `CreaterID` FROM `SysUser` AS `SysUser` WHERE (`SysUser`.`IsEnabled` = 1 AND (`SysUser`.`AppSiteKey` IS NULL OR `SysUser`.`AppSiteKey` = N'*') AND (`SysUser`.`LoginId` = ?P_0 OR `SysUser`.`Mobile` = ?P_0 OR `SysUser`.`Email` = ?P_0)) LIMIT 0,1

05 Sep 2020 20:39:02,816  DEBUG [45] ?.?  - [ReaderExecuting]SELECT `ReleaseTask`.`Id` AS `Id`,`ReleaseTask`.`FileName` AS `FileName`,`ReleaseTask`.`status` AS `status`,`ReleaseTask`.`count` AS `count`,`ReleaseTask`.`useSSL` AS `useSSL`,`ReleaseTask`.`ProcessInfo` AS `ProcessInfo`,`ReleaseTask`.`overridePolicy` AS `overridePolicy`,`ReleaseTask`.`unzipInServer` AS `unzipInServer`,`ReleaseTask`.`selectHostPolicy` AS `selectHostPolicy`,`ReleaseTask`.`DbId` AS `DbId`,`ReleaseTask`.`dockerNetType` AS `dockerNetType`,`ReleaseTask`.`sslPem` AS `sslPem`,`ReleaseTask`.`domainName` AS `domainName`,`ReleaseTask`.`Version` AS `Version`,`ReleaseTask`.`FileGuid` AS `FileGuid`,`ReleaseTask`.`sslKey` AS `sslKey`,`ReleaseTask`.`needRegister` AS `needRegister`,`ReleaseTask`.`memo` AS `memo`,`ReleaseTask`.`releaseType` AS `releaseType`,`ReleaseTask`.`isTestVersion` AS `isTestVersion`,`ReleaseTask`.`useWIP` AS `useWIP`,`ReleaseTask`.`HostIds` AS `HostIds`,`ReleaseTask`.`confFileOverride` AS `confFileOverride`,`ReleaseTask`.`Ass_MicroServiceApp` AS `Ass_MicroServiceApp_Id`,`ReleaseTask`.`Ass_Region` AS `Ass_Region_Id`,`ReleaseTask`.`Ass_Zone` AS `Ass_Zone_Id`,`ReleaseTask`.`UpdaterID` AS `UpdaterID`,`ReleaseTask`.`UpdaterName` AS `UpdaterName`,`ReleaseTask`.`CreateDt` AS `CreateDt`,`ReleaseTask`.`UpdateDt` AS `UpdateDt`,`ReleaseTask`.`IsDeleted` AS `IsDeleted`,`ReleaseTask`.`CreaterName` AS `CreaterName`,`ReleaseTask`.`CreaterID` AS `CreaterID` FROM `ReleaseTask` AS `ReleaseTask` WHERE `ReleaseTask`.`status` = 10 ORDER BY `ReleaseTask`.`CreateDt` ASC

05 Sep 2020 20:39:02,852  DEBUG [7] ?.?  - [ReaderExecuting]SELECT `ReleaseTask`.`Id` AS `Id`,`ReleaseTask`.`FileName` AS `FileName`,`ReleaseTask`.`status` AS `status`,`ReleaseTask`.`count` AS `count`,`ReleaseTask`.`useSSL` AS `useSSL`,`ReleaseTask`.`ProcessInfo` AS `ProcessInfo`,`ReleaseTask`.`overridePolicy` AS `overridePolicy`,`ReleaseTask`.`unzipInServer` AS `unzipInServer`,`ReleaseTask`.`selectHostPolicy` AS `selectHostPolicy`,`ReleaseTask`.`DbId` AS `DbId`,`ReleaseTask`.`dockerNetType` AS `dockerNetType`,`ReleaseTask`.`sslPem` AS `sslPem`,`ReleaseTask`.`domainName` AS `domainName`,`ReleaseTask`.`Version` AS `Version`,`ReleaseTask`.`FileGuid` AS `FileGuid`,`ReleaseTask`.`sslKey` AS `sslKey`,`ReleaseTask`.`needRegister` AS `needRegister`,`ReleaseTask`.`memo` AS `memo`,`ReleaseTask`.`releaseType` AS `releaseType`,`ReleaseTask`.`isTestVersion` AS `isTestVersion`,`ReleaseTask`.`useWIP` AS `useWIP`,`ReleaseTask`.`HostIds` AS `HostIds`,`ReleaseTask`.`confFileOverride` AS `confFileOverride`,`ReleaseTask`.`Ass_MicroServiceApp` AS `Ass_MicroServiceApp_Id`,`ReleaseTask`.`Ass_Region` AS `Ass_Region_Id`,`ReleaseTask`.`Ass_Zone` AS `Ass_Zone_Id`,`ReleaseTask`.`UpdaterID` AS `UpdaterID`,`ReleaseTask`.`UpdaterName` AS `UpdaterName`,`ReleaseTask`.`CreateDt` AS `CreateDt`,`ReleaseTask`.`UpdateDt` AS `UpdateDt`,`ReleaseTask`.`IsDeleted` AS `IsDeleted`,`ReleaseTask`.`CreaterName` AS `CreaterName`,`ReleaseTask`.`CreaterID` AS `CreaterID` FROM `ReleaseTask` AS `ReleaseTask` WHERE `ReleaseTask`.`status` = 11 ORDER BY `ReleaseTask`.`CreateDt` ASC

05 Sep 2020 20:39:02,854  DEBUG [43] ?.?  - [ReaderExecuted]28
05 Sep 2020 20:39:03,007  DEBUG [43] ?.?  - [ReaderExecuting]select table_a .*  from SysRole table_a ,AssC_SysRoleSysUser table_b where table_a.Id=table_b.AssC_SysRole and table_b.AssC_SysUser=1

05 Sep 2020 20:39:03,052  DEBUG [43] ?.?  - [ReaderExecuted]11
05 Sep 2020 20:39:03,557  DEBUG [43] ?.?  - [ReaderExecuting]Input String ?P_0 = '1';
SELECT `LoginHistory`.`Id` AS `C` FROM `LoginHistory` AS `LoginHistory` WHERE (`LoginHistory`.`valid` = 1 AND `LoginHistory`.`Ass_SysUser` = ?P_0)

05 Sep 2020 20:39:03,573  DEBUG [43] ?.?  - [ReaderExecuted]1
05 Sep 2020 20:39:03,649  DEBUG [43] ?.?  - [ScalarExecuting]Input String ?P_0 = '7c5e882d-c6df-44ed-866a-24a6d7dffa1b';
Input DateTime ?P_1 = '2020/9/6 1:39:03';
Input Boolean ?P_2 = True;
Input String ?P_3 = '127.0.0.1';
Input Int32 ?P_4 = 1;
Input String ?P_5 = '1';
Input String ?P_6 = 'admin';
Input DateTime ?P_7 = '2020/9/5 20:39:03';
Input DateTime ?P_8 = '2020/9/5 20:39:03';
Input Boolean ?P_9 = False;
INSERT INTO `LoginHistory`(`Token`,`ExpireDt`,`valid`,`IpFrom`,`Ass_SysUser`,`UpdaterID`,`UpdaterName`,`CreateDt`,`UpdateDt`,`IsDeleted`,`CreaterName`,`CreaterID`) VALUES(?P_0,?P_1,?P_2,?P_3,?P_4,?P_5,?P_6,?P_7,?P_8,?P_9,?P_6,?P_5);SELECT @@IDENTITY

05 Sep 2020 20:39:03,673  DEBUG [43] ?.?  - [ScalarExecuted]15
05 Sep 2020 20:39:03,683  DEBUG [43] ?.?  - [NonQueryExecuting]UPDATE `LoginHistory` SET `valid`=0 WHERE `LoginHistory`.`Id` IN (14)

05 Sep 2020 20:39:03,702  DEBUG [43] ?.?  - [NonQueryExecuted]1
05 Sep 2020 20:39:04,106  DEBUG [43] ?.?  - [ReaderExecuting]Input Int32 ?P_0 = 1;
SELECT `SysUser`.`Id` AS `Id`,`SysUser`.`Email` AS `Email`,`SysUser`.`UserName` AS `UserName`,`SysUser`.`Mobile` AS `Mobile`,`SysUser`.`Password` AS `Password`,`SysUser`.`IsEnabled` AS `IsEnabled`,`SysUser`.`UserType` AS `UserType`,`SysUser`.`RecomendId` AS `RecomendId`,`SysUser`.`Birthday` AS `Birthday`,`SysUser`.`IdentityId` AS `IdentityId`,`SysUser`.`Photo` AS `Photo`,`SysUser`.`TelNo` AS `TelNo`,`SysUser`.`ComName` AS `ComName`,`SysUser`.`loginType` AS `loginType`,`SysUser`.`AppSiteKey` AS `AppSiteKey`,`SysUser`.`secretKey` AS `secretKey`,`SysUser`.`Description` AS `Description`,`SysUser`.`LoginId` AS `LoginId`,`SysUser`.`sex` AS `sex`,`SysUser`.`OtherLoginId` AS `OtherLoginId`,`SysUser`.`Ass_Areas` AS `Ass_Areas_Id`,`SysUser`.`UpdaterID` AS `UpdaterID`,`SysUser`.`UpdaterName` AS `UpdaterName`,`SysUser`.`CreateDt` AS `CreateDt`,`SysUser`.`UpdateDt` AS `UpdateDt`,`SysUser`.`IsDeleted` AS `IsDeleted`,`SysUser`.`CreaterName` AS `CreaterName`,`SysUser`.`CreaterID` AS `CreaterID` FROM `SysUser` AS `SysUser` WHERE `SysUser`.`Id` = ?P_0 LIMIT 0,1

05 Sep 2020 20:39:04,131  DEBUG [43] ?.?  - [ReaderExecuted]28
05 Sep 2020 20:39:04,176  DEBUG [43] ?.?  - [ReaderExecuting]select table_a .*  from SysRole table_a ,AssC_SysRoleSysUser table_b where table_a.Id=table_b.AssC_SysRole and table_b.AssC_SysUser=1

05 Sep 2020 20:39:04,198  DEBUG [43] ?.?  - [ReaderExecuted]11
05 Sep 2020 20:39:04,622  DEBUG [43] ?.?  - [ReaderExecuting]Input Int32 ?P_0 = 0;
SELECT `MenuGroup`.`Id` AS `Id`,`MenuGroup`.`Icon` AS `Icon`,`MenuGroup`.`Name` AS `Name`,`MenuGroup`.`SortCode` AS `SortCode`,`MenuGroup`.`Ass_Parent` AS `Ass_Parent_Id`,`MenuGroup`.`UpdaterID` AS `UpdaterID`,`MenuGroup`.`UpdaterName` AS `UpdaterName`,`MenuGroup`.`CreateDt` AS `CreateDt`,`MenuGroup`.`UpdateDt` AS `UpdateDt`,`MenuGroup`.`IsDeleted` AS `IsDeleted`,`MenuGroup`.`CreaterName` AS `CreaterName`,`MenuGroup`.`CreaterID` AS `CreaterID` FROM `MenuGroup` AS `MenuGroup` WHERE (`MenuGroup`.`Ass_Parent` IS NULL OR `MenuGroup`.`Ass_Parent` <= ?P_0)

05 Sep 2020 20:39:04,642  DEBUG [43] ?.?  - [ReaderExecuted]12
05 Sep 2020 20:39:04,677  DEBUG [43] ?.?  - [ReaderExecuting]select table_a.* from Menu table_a where  table_a.Ass_MenuGroup=1

05 Sep 2020 20:39:04,691  DEBUG [43] ?.?  - [ReaderExecuted]13
05 Sep 2020 20:39:05,266  DEBUG [43] ?.?  - [ReaderExecuting]select table_a.* from MenuGroup table_a where  table_a.Ass_Parent=1

05 Sep 2020 20:39:05,289  DEBUG [43] ?.?  - [ReaderExecuted]12
05 Sep 2020 20:39:05,321  DEBUG [43] ?.?  - [ReaderExecuting]select table_a.* from Menu table_a where  table_a.Ass_MenuGroup=2

05 Sep 2020 20:39:05,341  DEBUG [43] ?.?  - [ReaderExecuted]13
05 Sep 2020 20:39:05,374  DEBUG [43] ?.?  - [ReaderExecuting]select table_a.* from MenuGroup table_a where  table_a.Ass_Parent=2

05 Sep 2020 20:39:05,392  DEBUG [43] ?.?  - [ReaderExecuted]12
05 Sep 2020 20:39:05,426  DEBUG [43] ?.?  - [ReaderExecuting]select table_a.* from Menu table_a where  table_a.Ass_MenuGroup=3

05 Sep 2020 20:39:05,448  DEBUG [43] ?.?  - [ReaderExecuted]13
05 Sep 2020 20:39:05,489  DEBUG [43] ?.?  - [ReaderExecuting]select table_a.* from MenuGroup table_a where  table_a.Ass_Parent=3

05 Sep 2020 20:39:05,510  DEBUG [43] ?.?  - [ReaderExecuted]12
05 Sep 2020 20:39:05,537  DEBUG [43] ?.?  - [ReaderExecuting]select table_a.* from Menu table_a where  table_a.Ass_MenuGroup=4

05 Sep 2020 20:39:05,549  DEBUG [43] ?.?  - [ReaderExecuted]13
05 Sep 2020 20:39:05,573  DEBUG [43] ?.?  - [ReaderExecuting]select table_a.* from MenuGroup table_a where  table_a.Ass_Parent=4

05 Sep 2020 20:39:05,586  DEBUG [43] ?.?  - [ReaderExecuted]12
05 Sep 2020 20:39:09,623  DEBUG [39] ?.?  - [ReaderExecuting]SELECT COUNT(1) AS `C` FROM `DbServer` AS `DbServer` WHERE NOT (`DbServer`.`IsDeleted` = 1)

