30 Apr 2020 06:52:53,234  DEBUG [7] ?.?  - [ReaderExecuting]Input String @P_0 = 'admin';
SELECT [SysUser].[Id] AS [Id],[SysUser].[Email] AS [Email],[SysUser].[UserName] AS [UserName],[SysUser].[Mobile] AS [Mobile],[SysUser].[Password] AS [Password],[SysUser].[IsEnabled] AS [IsEnabled],[SysUser].[UserType] AS [UserType],[SysUser].[RecomendId] AS [RecomendId],[SysUser].[Birthday] AS [Birthday],[SysUser].[IdentityId] AS [IdentityId],[SysUser].[Photo] AS [Photo],[SysUser].[TelNo] AS [TelNo],[SysUser].[ComName] AS [ComName],[SysUser].[loginType] AS [loginType],[SysUser].[AppSiteKey] AS [AppSiteKey],[SysUser].[secretKey] AS [secretKey],[SysUser].[Description] AS [Description],[SysUser].[LoginId] AS [LoginId],[SysUser].[sex] AS [sex],[SysUser].[OtherLoginId] AS [OtherLoginId],[SysUser].[Ass_Areas] AS [Ass_Areas_Id],[SysUser].[UpdaterID] AS [UpdaterID],[SysUser].[UpdaterName] AS [UpdaterName],[SysUser].[CreateDt] AS [CreateDt],[SysUser].[UpdateDt] AS [UpdateDt],[SysUser].[IsDeleted] AS [IsDeleted],[SysUser].[CreaterName] AS [CreaterName],[SysUser].[CreaterID] AS [CreaterID] FROM [SysUser] AS [SysUser] WHERE ([SysUser].[IsEnabled] = 1 AND ([SysUser].[AppSiteKey] IS NULL OR [SysUser].[AppSiteKey] = '*') AND ([SysUser].[LoginId] = @P_0 OR [SysUser].[Mobile] = @P_0 OR [SysUser].[Email] = @P_0)) LIMIT 1 OFFSET 0

30 Apr 2020 06:52:53,357  DEBUG [7] ?.?  - [ReaderExecuted]28
30 Apr 2020 06:52:53,429  DEBUG [7] ?.?  - [ReaderExecuting]select table_a .*  from SysRole table_a ,AssC_SysRoleSysUser table_b where table_a.Id=table_b.AssC_SysRole and table_b.AssC_SysUser=1

30 Apr 2020 06:52:53,435  DEBUG [7] ?.?  - [ReaderExecuted]11
30 Apr 2020 06:52:53,840  DEBUG [7] ?.?  - [ReaderExecuting]Input String @P_0 = '1';
SELECT [LoginHistory].[Id] AS [C] FROM [LoginHistory] AS [LoginHistory] WHERE ([LoginHistory].[valid] = 1 AND [LoginHistory].[Ass_SysUser] = @P_0)

30 Apr 2020 06:52:53,856  DEBUG [7] ?.?  - [ReaderExecuted]1
30 Apr 2020 06:52:53,893  DEBUG [7] ?.?  - [ScalarExecuting]Input String @P_0 = '3f8a1bb0-e531-4ddb-a38b-6a27df21772d';
Input DateTime @P_1 = '2020/4/30 11:52:53';
Input Boolean @P_2 = True;
Input String @P_3 = '127.0.0.1';
Input Int32 @P_4 = 1;
Input String @P_5 = '1';
Input String @P_6 = 'admin';
Input DateTime @P_7 = '2020/4/30 6:52:53';
Input DateTime @P_8 = '2020/4/30 6:52:53';
Input Boolean @P_9 = False;
INSERT INTO [LoginHistory]([Token],[ExpireDt],[valid],[IpFrom],[Ass_SysUser],[UpdaterID],[UpdaterName],[CreateDt],[UpdateDt],[IsDeleted],[CreaterName],[CreaterID]) VALUES(@P_0,@P_1,@P_2,@P_3,@P_4,@P_5,@P_6,@P_7,@P_8,@P_9,@P_6,@P_5);SELECT LAST_INSERT_ROWID()

30 Apr 2020 06:52:53,945  DEBUG [7] ?.?  - [ScalarExecuted]35
30 Apr 2020 06:52:53,953  DEBUG [7] ?.?  - [NonQueryExecuting]UPDATE [LoginHistory] SET [valid]=0 WHERE [LoginHistory].[Id] IN (34)

30 Apr 2020 06:52:53,957  DEBUG [7] ?.?  - [NonQueryExecuted]1
30 Apr 2020 06:52:54,325  DEBUG [7] ?.?  - [ReaderExecuting]Input Int32 @P_0 = 1;
SELECT [SysUser].[Id] AS [Id],[SysUser].[Email] AS [Email],[SysUser].[UserName] AS [UserName],[SysUser].[Mobile] AS [Mobile],[SysUser].[Password] AS [Password],[SysUser].[IsEnabled] AS [IsEnabled],[SysUser].[UserType] AS [UserType],[SysUser].[RecomendId] AS [RecomendId],[SysUser].[Birthday] AS [Birthday],[SysUser].[IdentityId] AS [IdentityId],[SysUser].[Photo] AS [Photo],[SysUser].[TelNo] AS [TelNo],[SysUser].[ComName] AS [ComName],[SysUser].[loginType] AS [loginType],[SysUser].[AppSiteKey] AS [AppSiteKey],[SysUser].[secretKey] AS [secretKey],[SysUser].[Description] AS [Description],[SysUser].[LoginId] AS [LoginId],[SysUser].[sex] AS [sex],[SysUser].[OtherLoginId] AS [OtherLoginId],[SysUser].[Ass_Areas] AS [Ass_Areas_Id],[SysUser].[UpdaterID] AS [UpdaterID],[SysUser].[UpdaterName] AS [UpdaterName],[SysUser].[CreateDt] AS [CreateDt],[SysUser].[UpdateDt] AS [UpdateDt],[SysUser].[IsDeleted] AS [IsDeleted],[SysUser].[CreaterName] AS [CreaterName],[SysUser].[CreaterID] AS [CreaterID] FROM [SysUser] AS [SysUser] WHERE [SysUser].[Id] = @P_0 LIMIT 1 OFFSET 0

30 Apr 2020 06:52:54,402  DEBUG [7] ?.?  - [ReaderExecuted]28
30 Apr 2020 06:52:54,444  DEBUG [7] ?.?  - [ReaderExecuting]select table_a .*  from SysRole table_a ,AssC_SysRoleSysUser table_b where table_a.Id=table_b.AssC_SysRole and table_b.AssC_SysUser=1

30 Apr 2020 06:52:54,452  DEBUG [7] ?.?  - [ReaderExecuted]11
30 Apr 2020 06:52:55,362  DEBUG [7] ?.?  - [ReaderExecuting]Input Int32 @P_0 = 0;
SELECT [MenuGroup].[Id] AS [Id],[MenuGroup].[Icon] AS [Icon],[MenuGroup].[Name] AS [Name],[MenuGroup].[SortCode] AS [SortCode],[MenuGroup].[Ass_Parent] AS [Ass_Parent_Id],[MenuGroup].[UpdaterID] AS [UpdaterID],[MenuGroup].[UpdaterName] AS [UpdaterName],[MenuGroup].[CreateDt] AS [CreateDt],[MenuGroup].[UpdateDt] AS [UpdateDt],[MenuGroup].[IsDeleted] AS [IsDeleted],[MenuGroup].[CreaterName] AS [CreaterName],[MenuGroup].[CreaterID] AS [CreaterID] FROM [MenuGroup] AS [MenuGroup] WHERE ([MenuGroup].[Ass_Parent] IS NULL OR [MenuGroup].[Ass_Parent] <= @P_0)

30 Apr 2020 06:52:55,389  DEBUG [7] ?.?  - [ReaderExecuted]12
30 Apr 2020 06:52:55,421  DEBUG [7] ?.?  - [ReaderExecuting]select table_a.* from Menu table_a where  table_a.Ass_MenuGroup=1

30 Apr 2020 06:52:55,424  DEBUG [7] ?.?  - [ReaderExecuted]13
30 Apr 2020 06:52:55,817  DEBUG [7] ?.?  - [ReaderExecuting]select table_a.* from MenuGroup table_a where  table_a.Ass_Parent=1

30 Apr 2020 06:52:55,823  DEBUG [7] ?.?  - [ReaderExecuted]12
30 Apr 2020 06:52:55,836  DEBUG [7] ?.?  - [ReaderExecuting]select table_a.* from Menu table_a where  table_a.Ass_MenuGroup=2

30 Apr 2020 06:52:55,849  DEBUG [7] ?.?  - [ReaderExecuted]13
30 Apr 2020 06:52:55,855  DEBUG [7] ?.?  - [ReaderExecuting]select table_a.* from MenuGroup table_a where  table_a.Ass_Parent=2

30 Apr 2020 06:52:55,859  DEBUG [7] ?.?  - [ReaderExecuted]12
30 Apr 2020 06:52:55,873  DEBUG [7] ?.?  - [ReaderExecuting]select table_a.* from Menu table_a where  table_a.Ass_MenuGroup=3

30 Apr 2020 06:52:55,882  DEBUG [7] ?.?  - [ReaderExecuted]13
30 Apr 2020 06:52:55,898  DEBUG [7] ?.?  - [ReaderExecuting]select table_a.* from MenuGroup table_a where  table_a.Ass_Parent=3

30 Apr 2020 06:52:55,901  DEBUG [7] ?.?  - [ReaderExecuted]12
30 Apr 2020 06:52:55,915  DEBUG [7] ?.?  - [ReaderExecuting]select table_a.* from Menu table_a where  table_a.Ass_MenuGroup=4

30 Apr 2020 06:52:55,923  DEBUG [7] ?.?  - [ReaderExecuted]13
30 Apr 2020 06:52:55,938  DEBUG [7] ?.?  - [ReaderExecuting]select table_a.* from MenuGroup table_a where  table_a.Ass_Parent=4

30 Apr 2020 06:52:55,949  DEBUG [7] ?.?  - [ReaderExecuted]12
30 Apr 2020 06:52:58,876  DEBUG [33] ?.?  - [ReaderExecuting]SELECT COUNT(1) AS [C] FROM [Region] AS [Region] WHERE NOT ([Region].[IsDeleted] = 1)

30 Apr 2020 06:52:58,876  DEBUG [31] ?.?  - [ReaderExecuting]SELECT COUNT(1) AS [C] FROM [AppType] AS [AppType] WHERE NOT ([AppType].[IsDeleted] = 1)

30 Apr 2020 06:52:58,887  DEBUG [33] ?.?  - [ReaderExecuted]1
30 Apr 2020 06:52:58,903  DEBUG [31] ?.?  - [ReaderExecuted]1
30 Apr 2020 06:52:58,907  DEBUG [28] ?.?  - [ReaderExecuting]SELECT COUNT(1) AS [C] FROM [ReleaseTask] AS [ReleaseTask] INNER JOIN [MicroServiceApp] AS [MicroServiceApp] ON (NOT ([ReleaseTask].[IsDeleted] = 1) AND [ReleaseTask].[Ass_MicroServiceApp] = [MicroServiceApp].[Id])

30 Apr 2020 06:52:58,991  DEBUG [28] ?.?  - [ReaderExecuted]1
30 Apr 2020 06:52:59,233  DEBUG [28] ?.?  - [ReaderExecuting]SELECT [ReleaseTask].[Id] AS [Id],[ReleaseTask].[HostIds] AS [HostIds],[ReleaseTask].[Ass_Zone] AS [Ass_Zone_Id],[ReleaseTask].[Ass_Region] AS [Ass_Region_Id],[ReleaseTask].[Ass_MicroServiceApp] AS [Ass_MicroServiceApp_Id],[ReleaseTask].[count] AS [count],[ReleaseTask].[CreateDt] AS [CreateDt],[ReleaseTask].[CreaterID] AS [CreaterID],[ReleaseTask].[CreaterName] AS [CreaterName],[ReleaseTask].[dockerNetType] AS [dockerNetType],[ReleaseTask].[FileGuid] AS [FileGuid],[ReleaseTask].[FileName] AS [FileName],[ReleaseTask].[memo] AS [memo],[ReleaseTask].[overridePolicy] AS [overridePolicy],[ReleaseTask].[ProcessInfo] AS [ProcessInfo],[ReleaseTask].[releaseType] AS [releaseType],[ReleaseTask].[selectHostPolicy] AS [selectHostPolicy],[ReleaseTask].[status] AS [status],[ReleaseTask].[unzipInServer] AS [unzipInServer],[ReleaseTask].[UpdateDt] AS [UpdateDt],[ReleaseTask].[UpdaterID] AS [UpdaterID],[ReleaseTask].[UpdaterName] AS [UpdaterName],[ReleaseTask].[useWIP] AS [useWIP],[ReleaseTask].[Version] AS [Version],[MicroServiceApp].[appName] AS [appName],[MicroServiceApp].[key] AS [key],[ReleaseTask].[sslKey] AS [sslKey],[ReleaseTask].[sslPem] AS [sslPem] FROM [ReleaseTask] AS [ReleaseTask] INNER JOIN [MicroServiceApp] AS [MicroServiceApp] ON (NOT ([ReleaseTask].[IsDeleted] = 1) AND [ReleaseTask].[Ass_MicroServiceApp] = [MicroServiceApp].[Id]) ORDER BY [ReleaseTask].[CreateDt] DESC LIMIT 10 OFFSET 0

30 Apr 2020 06:52:59,477  DEBUG [28] ?.?  - [ReaderExecuted]28
30 Apr 2020 06:52:59,508  DEBUG [33] ?.?  - [ReaderExecuting]SELECT [Region].[Id] AS [Id],[Region].[Key] AS [Key],[Region].[Name] AS [Name],[Region].[UpdaterID] AS [UpdaterID],[Region].[UpdaterName] AS [UpdaterName],[Region].[CreateDt] AS [CreateDt],[Region].[UpdateDt] AS [UpdateDt],[Region].[IsDeleted] AS [IsDeleted],[Region].[CreaterName] AS [CreaterName],[Region].[CreaterID] AS [CreaterID] FROM [Region] AS [Region] WHERE NOT ([Region].[IsDeleted] = 1) ORDER BY [Region].[CreateDt] DESC LIMIT 100 OFFSET 0

30 Apr 2020 06:52:59,547  DEBUG [33] ?.?  - [ReaderExecuted]10
30 Apr 2020 06:52:59,750  DEBUG [31] ?.?  - [ReaderExecuting]SELECT [AppType].[Id] AS [Id],[AppType].[stopCommand] AS [stopCommand],[AppType].[createContainerParams2] AS [createContainerParams2],[AppType].[name] AS [name],[AppType].[key] AS [key],[AppType].[startCommand] AS [startCommand],[AppType].[createContainerParams] AS [createContainerParams],[AppType].[buildScript] AS [buildScript],[AppType].[UpdaterID] AS [UpdaterID],[AppType].[UpdaterName] AS [UpdaterName],[AppType].[CreateDt] AS [CreateDt],[AppType].[UpdateDt] AS [UpdateDt],[AppType].[IsDeleted] AS [IsDeleted],[AppType].[CreaterName] AS [CreaterName],[AppType].[CreaterID] AS [CreaterID] FROM [AppType] AS [AppType] WHERE NOT ([AppType].[IsDeleted] = 1) ORDER BY [AppType].[CreateDt] DESC LIMIT 100 OFFSET 0

30 Apr 2020 06:52:59,816  DEBUG [31] ?.?  - [ReaderExecuted]15
30 Apr 2020 06:53:00,330  DEBUG [33] ?.?  - [ReaderExecuting]Input Int32 @P_0 = 1;
SELECT [Region].[Id] AS [Id],[Region].[Key] AS [Key],[Region].[Name] AS [Name],[Region].[UpdaterID] AS [UpdaterID],[Region].[UpdaterName] AS [UpdaterName],[Region].[CreateDt] AS [CreateDt],[Region].[UpdateDt] AS [UpdateDt],[Region].[IsDeleted] AS [IsDeleted],[Region].[CreaterName] AS [CreaterName],[Region].[CreaterID] AS [CreaterID] FROM [Region] AS [Region] WHERE [Region].[Id] = @P_0 LIMIT 1 OFFSET 0

30 Apr 2020 06:53:00,369  DEBUG [33] ?.?  - [ReaderExecuted]10
30 Apr 2020 06:53:00,410  DEBUG [33] ?.?  - [ReaderExecuting]Input String @P_0 = '1';
SELECT COUNT(1) AS [C] FROM [Zone] AS [Zone] WHERE (NOT ([Zone].[IsDeleted] = 1) AND [Zone].[Ass_Region] = @P_0)

30 Apr 2020 06:53:00,421  DEBUG [33] ?.?  - [ReaderExecuted]1
30 Apr 2020 06:53:00,516  DEBUG [31] ?.?  - [ReaderExecuting]Input Int32 @P_0 = 4;
SELECT [AppType].[Id] AS [Id],[AppType].[stopCommand] AS [stopCommand],[AppType].[createContainerParams2] AS [createContainerParams2],[AppType].[name] AS [name],[AppType].[key] AS [key],[AppType].[startCommand] AS [startCommand],[AppType].[createContainerParams] AS [createContainerParams],[AppType].[buildScript] AS [buildScript],[AppType].[UpdaterID] AS [UpdaterID],[AppType].[UpdaterName] AS [UpdaterName],[AppType].[CreateDt] AS [CreateDt],[AppType].[UpdateDt] AS [UpdateDt],[AppType].[IsDeleted] AS [IsDeleted],[AppType].[CreaterName] AS [CreaterName],[AppType].[CreaterID] AS [CreaterID] FROM [AppType] AS [AppType] WHERE [AppType].[Id] = @P_0 LIMIT 1 OFFSET 0

30 Apr 2020 06:53:00,598  DEBUG [31] ?.?  - [ReaderExecuted]15
30 Apr 2020 06:53:00,654  DEBUG [31] ?.?  - [ReaderExecuting]Input String @P_0 = '4';
SELECT COUNT(1) AS [C] FROM [MicroServiceApp] AS [MicroServiceApp] WHERE (NOT ([MicroServiceApp].[IsDeleted] = 1) AND [MicroServiceApp].[Ass_AppType] = @P_0)

30 Apr 2020 06:53:00,658  DEBUG [31] ?.?  - [ReaderExecuted]1
30 Apr 2020 06:53:01,096  DEBUG [33] ?.?  - [ReaderExecuting]Input String @P_0 = '1';
SELECT [Zone].[Id] AS [Id],[Zone].[Name] AS [Name],[Zone].[Key] AS [Key],[Zone].[Ass_Region] AS [Ass_Region_Id],[Zone].[UpdaterID] AS [UpdaterID],[Zone].[UpdaterName] AS [UpdaterName],[Zone].[CreateDt] AS [CreateDt],[Zone].[UpdateDt] AS [UpdateDt],[Zone].[IsDeleted] AS [IsDeleted],[Zone].[CreaterName] AS [CreaterName],[Zone].[CreaterID] AS [CreaterID] FROM [Zone] AS [Zone] WHERE (NOT ([Zone].[IsDeleted] = 1) AND [Zone].[Ass_Region] = @P_0) ORDER BY [Zone].[CreateDt] DESC LIMIT 100 OFFSET 0

30 Apr 2020 06:53:01,242  DEBUG [33] ?.?  - [ReaderExecuted]11
30 Apr 2020 06:53:01,677  DEBUG [31] ?.?  - [ReaderExecuting]Input String @P_0 = '4';
SELECT [MicroServiceApp].[Id] AS [Id],[MicroServiceApp].[createContainerParams] AS [createContainerParams],[MicroServiceApp].[buildScript] AS [buildScript],[MicroServiceApp].[confFileNames] AS [confFileNames],[MicroServiceApp].[sslKey] AS [sslKey],[MicroServiceApp].[appName] AS [appName],[MicroServiceApp].[rootDirMainFile] AS [rootDirMainFile],[MicroServiceApp].[proxyPort] AS [proxyPort],[MicroServiceApp].[serviceType] AS [serviceType],[MicroServiceApp].[stopCommand] AS [stopCommand],[MicroServiceApp].[key] AS [key],[MicroServiceApp].[port] AS [port],[MicroServiceApp].[useSsl] AS [useSsl],[MicroServiceApp].[createContainerParams2] AS [createContainerParams2],[MicroServiceApp].[memo] AS [memo],[MicroServiceApp].[hostname] AS [hostname],[MicroServiceApp].[sslPem] AS [sslPem],[MicroServiceApp].[startCommand] AS [startCommand],[MicroServiceApp].[Ass_AppType] AS [Ass_AppType_Id],[MicroServiceApp].[UpdaterID] AS [UpdaterID],[MicroServiceApp].[UpdaterName] AS [UpdaterName],[MicroServiceApp].[CreateDt] AS [CreateDt],[MicroServiceApp].[UpdateDt] AS [UpdateDt],[MicroServiceApp].[IsDeleted] AS [IsDeleted],[MicroServiceApp].[CreaterName] AS [CreaterName],[MicroServiceApp].[CreaterID] AS [CreaterID] FROM [MicroServiceApp] AS [MicroServiceApp] WHERE (NOT ([MicroServiceApp].[IsDeleted] = 1) AND [MicroServiceApp].[Ass_AppType] = @P_0) ORDER BY [MicroServiceApp].[CreateDt] DESC LIMIT 100 OFFSET 0

30 Apr 2020 06:53:01,743  DEBUG [31] ?.?  - [ReaderExecuted]26
30 Apr 2020 06:53:01,773  DEBUG [31] ?.?  - [ReaderExecuting]SELECT [RegionApps].[AssC_Region] AS [C] FROM [RegionApps] AS [RegionApps] WHERE [RegionApps].[AssC_MicroServiceApp] IN (3)

30 Apr 2020 06:53:01,776  DEBUG [31] ?.?  - [ReaderExecuted]1
30 Apr 2020 06:53:14,179  DEBUG [6] ?.?  - [ReaderExecuting]SELECT [ReleaseTask].[Id] AS [Id],[ReleaseTask].[FileName] AS [FileName],[ReleaseTask].[status] AS [status],[ReleaseTask].[count] AS [count],[ReleaseTask].[useSSL] AS [useSSL],[ReleaseTask].[ProcessInfo] AS [ProcessInfo],[ReleaseTask].[overridePolicy] AS [overridePolicy],[ReleaseTask].[unzipInServer] AS [unzipInServer],[ReleaseTask].[selectHostPolicy] AS [selectHostPolicy],[ReleaseTask].[dockerNetType] AS [dockerNetType],[ReleaseTask].[sslPem] AS [sslPem],[ReleaseTask].[domainName] AS [domainName],[ReleaseTask].[Version] AS [Version],[ReleaseTask].[FileGuid] AS [FileGuid],[ReleaseTask].[sslKey] AS [sslKey],[ReleaseTask].[needRegister] AS [needRegister],[ReleaseTask].[memo] AS [memo],[ReleaseTask].[releaseType] AS [releaseType],[ReleaseTask].[useWIP] AS [useWIP],[ReleaseTask].[HostIds] AS [HostIds],[ReleaseTask].[confFileOverride] AS [confFileOverride],[ReleaseTask].[Ass_MicroServiceApp] AS [Ass_MicroServiceApp_Id],[ReleaseTask].[Ass_Region] AS [Ass_Region_Id],[ReleaseTask].[Ass_Zone] AS [Ass_Zone_Id],[ReleaseTask].[UpdaterID] AS [UpdaterID],[ReleaseTask].[UpdaterName] AS [UpdaterName],[ReleaseTask].[CreateDt] AS [CreateDt],[ReleaseTask].[UpdateDt] AS [UpdateDt],[ReleaseTask].[IsDeleted] AS [IsDeleted],[ReleaseTask].[CreaterName] AS [CreaterName],[ReleaseTask].[CreaterID] AS [CreaterID] FROM [ReleaseTask] AS [ReleaseTask] WHERE [ReleaseTask].[status] = 11 ORDER BY [ReleaseTask].[CreateDt] ASC

30 Apr 2020 06:53:14,179  DEBUG [28] ?.?  - [ReaderExecuting]SELECT [ReleaseTask].[Id] AS [Id],[ReleaseTask].[FileName] AS [FileName],[ReleaseTask].[status] AS [status],[ReleaseTask].[count] AS [count],[ReleaseTask].[useSSL] AS [useSSL],[ReleaseTask].[ProcessInfo] AS [ProcessInfo],[ReleaseTask].[overridePolicy] AS [overridePolicy],[ReleaseTask].[unzipInServer] AS [unzipInServer],[ReleaseTask].[selectHostPolicy] AS [selectHostPolicy],[ReleaseTask].[dockerNetType] AS [dockerNetType],[ReleaseTask].[sslPem] AS [sslPem],[ReleaseTask].[domainName] AS [domainName],[ReleaseTask].[Version] AS [Version],[ReleaseTask].[FileGuid] AS [FileGuid],[ReleaseTask].[sslKey] AS [sslKey],[ReleaseTask].[needRegister] AS [needRegister],[ReleaseTask].[memo] AS [memo],[ReleaseTask].[releaseType] AS [releaseType],[ReleaseTask].[useWIP] AS [useWIP],[ReleaseTask].[HostIds] AS [HostIds],[ReleaseTask].[confFileOverride] AS [confFileOverride],[ReleaseTask].[Ass_MicroServiceApp] AS [Ass_MicroServiceApp_Id],[ReleaseTask].[Ass_Region] AS [Ass_Region_Id],[ReleaseTask].[Ass_Zone] AS [Ass_Zone_Id],[ReleaseTask].[UpdaterID] AS [UpdaterID],[ReleaseTask].[UpdaterName] AS [UpdaterName],[ReleaseTask].[CreateDt] AS [CreateDt],[ReleaseTask].[UpdateDt] AS [UpdateDt],[ReleaseTask].[IsDeleted] AS [IsDeleted],[ReleaseTask].[CreaterName] AS [CreaterName],[ReleaseTask].[CreaterID] AS [CreaterID] FROM [ReleaseTask] AS [ReleaseTask] WHERE [ReleaseTask].[status] = 10 ORDER BY [ReleaseTask].[CreateDt] ASC

30 Apr 2020 06:53:14,308  DEBUG [6] ?.?  - [ReaderExecuted]31
30 Apr 2020 06:53:14,423  DEBUG [28] ?.?  - [ReaderExecuted]31
30 Apr 2020 06:53:42,917  DEBUG [28] ?.?  - [ReaderExecuting]SELECT [ReleaseTask].[Id] AS [Id],[ReleaseTask].[FileName] AS [FileName],[ReleaseTask].[status] AS [status],[ReleaseTask].[count] AS [count],[ReleaseTask].[useSSL] AS [useSSL],[ReleaseTask].[ProcessInfo] AS [ProcessInfo],[ReleaseTask].[overridePolicy] AS [overridePolicy],[ReleaseTask].[unzipInServer] AS [unzipInServer],[ReleaseTask].[selectHostPolicy] AS [selectHostPolicy],[ReleaseTask].[dockerNetType] AS [dockerNetType],[ReleaseTask].[sslPem] AS [sslPem],[ReleaseTask].[domainName] AS [domainName],[ReleaseTask].[Version] AS [Version],[ReleaseTask].[FileGuid] AS [FileGuid],[ReleaseTask].[sslKey] AS [sslKey],[ReleaseTask].[needRegister] AS [needRegister],[ReleaseTask].[memo] AS [memo],[ReleaseTask].[releaseType] AS [releaseType],[ReleaseTask].[useWIP] AS [useWIP],[ReleaseTask].[HostIds] AS [HostIds],[ReleaseTask].[confFileOverride] AS [confFileOverride],[ReleaseTask].[Ass_MicroServiceApp] AS [Ass_MicroServiceApp_Id],[ReleaseTask].[Ass_Region] AS [Ass_Region_Id],[ReleaseTask].[Ass_Zone] AS [Ass_Zone_Id],[ReleaseTask].[UpdaterID] AS [UpdaterID],[ReleaseTask].[UpdaterName] AS [UpdaterName],[ReleaseTask].[CreateDt] AS [CreateDt],[ReleaseTask].[UpdateDt] AS [UpdateDt],[ReleaseTask].[IsDeleted] AS [IsDeleted],[ReleaseTask].[CreaterName] AS [CreaterName],[ReleaseTask].[CreaterID] AS [CreaterID] FROM [ReleaseTask] AS [ReleaseTask] WHERE [ReleaseTask].[status] = 10 ORDER BY [ReleaseTask].[CreateDt] ASC

30 Apr 2020 06:53:42,917  DEBUG [6] ?.?  - [ReaderExecuting]SELECT [ReleaseTask].[Id] AS [Id],[ReleaseTask].[FileName] AS [FileName],[ReleaseTask].[status] AS [status],[ReleaseTask].[count] AS [count],[ReleaseTask].[useSSL] AS [useSSL],[ReleaseTask].[ProcessInfo] AS [ProcessInfo],[ReleaseTask].[overridePolicy] AS [overridePolicy],[ReleaseTask].[unzipInServer] AS [unzipInServer],[ReleaseTask].[selectHostPolicy] AS [selectHostPolicy],[ReleaseTask].[dockerNetType] AS [dockerNetType],[ReleaseTask].[sslPem] AS [sslPem],[ReleaseTask].[domainName] AS [domainName],[ReleaseTask].[Version] AS [Version],[ReleaseTask].[FileGuid] AS [FileGuid],[ReleaseTask].[sslKey] AS [sslKey],[ReleaseTask].[needRegister] AS [needRegister],[ReleaseTask].[memo] AS [memo],[ReleaseTask].[releaseType] AS [releaseType],[ReleaseTask].[useWIP] AS [useWIP],[ReleaseTask].[HostIds] AS [HostIds],[ReleaseTask].[confFileOverride] AS [confFileOverride],[ReleaseTask].[Ass_MicroServiceApp] AS [Ass_MicroServiceApp_Id],[ReleaseTask].[Ass_Region] AS [Ass_Region_Id],[ReleaseTask].[Ass_Zone] AS [Ass_Zone_Id],[ReleaseTask].[UpdaterID] AS [UpdaterID],[ReleaseTask].[UpdaterName] AS [UpdaterName],[ReleaseTask].[CreateDt] AS [CreateDt],[ReleaseTask].[UpdateDt] AS [UpdateDt],[ReleaseTask].[IsDeleted] AS [IsDeleted],[ReleaseTask].[CreaterName] AS [CreaterName],[ReleaseTask].[CreaterID] AS [CreaterID] FROM [ReleaseTask] AS [ReleaseTask] WHERE [ReleaseTask].[status] = 11 ORDER BY [ReleaseTask].[CreateDt] ASC

30 Apr 2020 06:53:43,065  DEBUG [28] ?.?  - [ReaderExecuted]31
30 Apr 2020 06:53:43,283  DEBUG [6] ?.?  - [ReaderExecuted]31
30 Apr 2020 06:54:12,940  DEBUG [6] ?.?  - [ReaderExecuting]SELECT [ReleaseTask].[Id] AS [Id],[ReleaseTask].[FileName] AS [FileName],[ReleaseTask].[status] AS [status],[ReleaseTask].[count] AS [count],[ReleaseTask].[useSSL] AS [useSSL],[ReleaseTask].[ProcessInfo] AS [ProcessInfo],[ReleaseTask].[overridePolicy] AS [overridePolicy],[ReleaseTask].[unzipInServer] AS [unzipInServer],[ReleaseTask].[selectHostPolicy] AS [selectHostPolicy],[ReleaseTask].[dockerNetType] AS [dockerNetType],[ReleaseTask].[sslPem] AS [sslPem],[ReleaseTask].[domainName] AS [domainName],[ReleaseTask].[Version] AS [Version],[ReleaseTask].[FileGuid] AS [FileGuid],[ReleaseTask].[sslKey] AS [sslKey],[ReleaseTask].[needRegister] AS [needRegister],[ReleaseTask].[memo] AS [memo],[ReleaseTask].[releaseType] AS [releaseType],[ReleaseTask].[useWIP] AS [useWIP],[ReleaseTask].[HostIds] AS [HostIds],[ReleaseTask].[confFileOverride] AS [confFileOverride],[ReleaseTask].[Ass_MicroServiceApp] AS [Ass_MicroServiceApp_Id],[ReleaseTask].[Ass_Region] AS [Ass_Region_Id],[ReleaseTask].[Ass_Zone] AS [Ass_Zone_Id],[ReleaseTask].[UpdaterID] AS [UpdaterID],[ReleaseTask].[UpdaterName] AS [UpdaterName],[ReleaseTask].[CreateDt] AS [CreateDt],[ReleaseTask].[UpdateDt] AS [UpdateDt],[ReleaseTask].[IsDeleted] AS [IsDeleted],[ReleaseTask].[CreaterName] AS [CreaterName],[ReleaseTask].[CreaterID] AS [CreaterID] FROM [ReleaseTask] AS [ReleaseTask] WHERE [ReleaseTask].[status] = 10 ORDER BY [ReleaseTask].[CreateDt] ASC

30 Apr 2020 06:54:12,940  DEBUG [32] ?.?  - [ReaderExecuting]SELECT [ReleaseTask].[Id] AS [Id],[ReleaseTask].[FileName] AS [FileName],[ReleaseTask].[status] AS [status],[ReleaseTask].[count] AS [count],[ReleaseTask].[useSSL] AS [useSSL],[ReleaseTask].[ProcessInfo] AS [ProcessInfo],[ReleaseTask].[overridePolicy] AS [overridePolicy],[ReleaseTask].[unzipInServer] AS [unzipInServer],[ReleaseTask].[selectHostPolicy] AS [selectHostPolicy],[ReleaseTask].[dockerNetType] AS [dockerNetType],[ReleaseTask].[sslPem] AS [sslPem],[ReleaseTask].[domainName] AS [domainName],[ReleaseTask].[Version] AS [Version],[ReleaseTask].[FileGuid] AS [FileGuid],[ReleaseTask].[sslKey] AS [sslKey],[ReleaseTask].[needRegister] AS [needRegister],[ReleaseTask].[memo] AS [memo],[ReleaseTask].[releaseType] AS [releaseType],[ReleaseTask].[useWIP] AS [useWIP],[ReleaseTask].[HostIds] AS [HostIds],[ReleaseTask].[confFileOverride] AS [confFileOverride],[ReleaseTask].[Ass_MicroServiceApp] AS [Ass_MicroServiceApp_Id],[ReleaseTask].[Ass_Region] AS [Ass_Region_Id],[ReleaseTask].[Ass_Zone] AS [Ass_Zone_Id],[ReleaseTask].[UpdaterID] AS [UpdaterID],[ReleaseTask].[UpdaterName] AS [UpdaterName],[ReleaseTask].[CreateDt] AS [CreateDt],[ReleaseTask].[UpdateDt] AS [UpdateDt],[ReleaseTask].[IsDeleted] AS [IsDeleted],[ReleaseTask].[CreaterName] AS [CreaterName],[ReleaseTask].[CreaterID] AS [CreaterID] FROM [ReleaseTask] AS [ReleaseTask] WHERE [ReleaseTask].[status] = 11 ORDER BY [ReleaseTask].[CreateDt] ASC

30 Apr 2020 06:54:13,017  DEBUG [6] ?.?  - [ReaderExecuted]31
30 Apr 2020 06:54:13,135  DEBUG [32] ?.?  - [ReaderExecuted]31
30 Apr 2020 06:54:42,909  DEBUG [41] ?.?  - [ReaderExecuting]SELECT [ReleaseTask].[Id] AS [Id],[ReleaseTask].[FileName] AS [FileName],[ReleaseTask].[status] AS [status],[ReleaseTask].[count] AS [count],[ReleaseTask].[useSSL] AS [useSSL],[ReleaseTask].[ProcessInfo] AS [ProcessInfo],[ReleaseTask].[overridePolicy] AS [overridePolicy],[ReleaseTask].[unzipInServer] AS [unzipInServer],[ReleaseTask].[selectHostPolicy] AS [selectHostPolicy],[ReleaseTask].[dockerNetType] AS [dockerNetType],[ReleaseTask].[sslPem] AS [sslPem],[ReleaseTask].[domainName] AS [domainName],[ReleaseTask].[Version] AS [Version],[ReleaseTask].[FileGuid] AS [FileGuid],[ReleaseTask].[sslKey] AS [sslKey],[ReleaseTask].[needRegister] AS [needRegister],[ReleaseTask].[memo] AS [memo],[ReleaseTask].[releaseType] AS [releaseType],[ReleaseTask].[useWIP] AS [useWIP],[ReleaseTask].[HostIds] AS [HostIds],[ReleaseTask].[confFileOverride] AS [confFileOverride],[ReleaseTask].[Ass_MicroServiceApp] AS [Ass_MicroServiceApp_Id],[ReleaseTask].[Ass_Region] AS [Ass_Region_Id],[ReleaseTask].[Ass_Zone] AS [Ass_Zone_Id],[ReleaseTask].[UpdaterID] AS [UpdaterID],[ReleaseTask].[UpdaterName] AS [UpdaterName],[ReleaseTask].[CreateDt] AS [CreateDt],[ReleaseTask].[UpdateDt] AS [UpdateDt],[ReleaseTask].[IsDeleted] AS [IsDeleted],[ReleaseTask].[CreaterName] AS [CreaterName],[ReleaseTask].[CreaterID] AS [CreaterID] FROM [ReleaseTask] AS [ReleaseTask] WHERE [ReleaseTask].[status] = 10 ORDER BY [ReleaseTask].[CreateDt] ASC

30 Apr 2020 06:54:42,943  DEBUG [32] ?.?  - [ReaderExecuting]SELECT [ReleaseTask].[Id] AS [Id],[ReleaseTask].[FileName] AS [FileName],[ReleaseTask].[status] AS [status],[ReleaseTask].[count] AS [count],[ReleaseTask].[useSSL] AS [useSSL],[ReleaseTask].[ProcessInfo] AS [ProcessInfo],[ReleaseTask].[overridePolicy] AS [overridePolicy],[ReleaseTask].[unzipInServer] AS [unzipInServer],[ReleaseTask].[selectHostPolicy] AS [selectHostPolicy],[ReleaseTask].[dockerNetType] AS [dockerNetType],[ReleaseTask].[sslPem] AS [sslPem],[ReleaseTask].[domainName] AS [domainName],[ReleaseTask].[Version] AS [Version],[ReleaseTask].[FileGuid] AS [FileGuid],[ReleaseTask].[sslKey] AS [sslKey],[ReleaseTask].[needRegister] AS [needRegister],[ReleaseTask].[memo] AS [memo],[ReleaseTask].[releaseType] AS [releaseType],[ReleaseTask].[useWIP] AS [useWIP],[ReleaseTask].[HostIds] AS [HostIds],[ReleaseTask].[confFileOverride] AS [confFileOverride],[ReleaseTask].[Ass_MicroServiceApp] AS [Ass_MicroServiceApp_Id],[ReleaseTask].[Ass_Region] AS [Ass_Region_Id],[ReleaseTask].[Ass_Zone] AS [Ass_Zone_Id],[ReleaseTask].[UpdaterID] AS [UpdaterID],[ReleaseTask].[UpdaterName] AS [UpdaterName],[ReleaseTask].[CreateDt] AS [CreateDt],[ReleaseTask].[UpdateDt] AS [UpdateDt],[ReleaseTask].[IsDeleted] AS [IsDeleted],[ReleaseTask].[CreaterName] AS [CreaterName],[ReleaseTask].[CreaterID] AS [CreaterID] FROM [ReleaseTask] AS [ReleaseTask] WHERE [ReleaseTask].[status] = 11 ORDER BY [ReleaseTask].[CreateDt] ASC

30 Apr 2020 06:54:43,001  DEBUG [41] ?.?  - [ReaderExecuted]31
30 Apr 2020 06:54:43,137  DEBUG [32] ?.?  - [ReaderExecuted]31
30 Apr 2020 06:55:12,933  DEBUG [6] ?.?  - [ReaderExecuting]SELECT [ReleaseTask].[Id] AS [Id],[ReleaseTask].[FileName] AS [FileName],[ReleaseTask].[status] AS [status],[ReleaseTask].[count] AS [count],[ReleaseTask].[useSSL] AS [useSSL],[ReleaseTask].[ProcessInfo] AS [ProcessInfo],[ReleaseTask].[overridePolicy] AS [overridePolicy],[ReleaseTask].[unzipInServer] AS [unzipInServer],[ReleaseTask].[selectHostPolicy] AS [selectHostPolicy],[ReleaseTask].[dockerNetType] AS [dockerNetType],[ReleaseTask].[sslPem] AS [sslPem],[ReleaseTask].[domainName] AS [domainName],[ReleaseTask].[Version] AS [Version],[ReleaseTask].[FileGuid] AS [FileGuid],[ReleaseTask].[sslKey] AS [sslKey],[ReleaseTask].[needRegister] AS [needRegister],[ReleaseTask].[memo] AS [memo],[ReleaseTask].[releaseType] AS [releaseType],[ReleaseTask].[useWIP] AS [useWIP],[ReleaseTask].[HostIds] AS [HostIds],[ReleaseTask].[confFileOverride] AS [confFileOverride],[ReleaseTask].[Ass_MicroServiceApp] AS [Ass_MicroServiceApp_Id],[ReleaseTask].[Ass_Region] AS [Ass_Region_Id],[ReleaseTask].[Ass_Zone] AS [Ass_Zone_Id],[ReleaseTask].[UpdaterID] AS [UpdaterID],[ReleaseTask].[UpdaterName] AS [UpdaterName],[ReleaseTask].[CreateDt] AS [CreateDt],[ReleaseTask].[UpdateDt] AS [UpdateDt],[ReleaseTask].[IsDeleted] AS [IsDeleted],[ReleaseTask].[CreaterName] AS [CreaterName],[ReleaseTask].[CreaterID] AS [CreaterID] FROM [ReleaseTask] AS [ReleaseTask] WHERE [ReleaseTask].[status] = 11 ORDER BY [ReleaseTask].[CreateDt] ASC

30 Apr 2020 06:55:12,933  DEBUG [32] ?.?  - [ReaderExecuting]SELECT [ReleaseTask].[Id] AS [Id],[ReleaseTask].[FileName] AS [FileName],[ReleaseTask].[status] AS [status],[ReleaseTask].[count] AS [count],[ReleaseTask].[useSSL] AS [useSSL],[ReleaseTask].[ProcessInfo] AS [ProcessInfo],[ReleaseTask].[overridePolicy] AS [overridePolicy],[ReleaseTask].[unzipInServer] AS [unzipInServer],[ReleaseTask].[selectHostPolicy] AS [selectHostPolicy],[ReleaseTask].[dockerNetType] AS [dockerNetType],[ReleaseTask].[sslPem] AS [sslPem],[ReleaseTask].[domainName] AS [domainName],[ReleaseTask].[Version] AS [Version],[ReleaseTask].[FileGuid] AS [FileGuid],[ReleaseTask].[sslKey] AS [sslKey],[ReleaseTask].[needRegister] AS [needRegister],[ReleaseTask].[memo] AS [memo],[ReleaseTask].[releaseType] AS [releaseType],[ReleaseTask].[useWIP] AS [useWIP],[ReleaseTask].[HostIds] AS [HostIds],[ReleaseTask].[confFileOverride] AS [confFileOverride],[ReleaseTask].[Ass_MicroServiceApp] AS [Ass_MicroServiceApp_Id],[ReleaseTask].[Ass_Region] AS [Ass_Region_Id],[ReleaseTask].[Ass_Zone] AS [Ass_Zone_Id],[ReleaseTask].[UpdaterID] AS [UpdaterID],[ReleaseTask].[UpdaterName] AS [UpdaterName],[ReleaseTask].[CreateDt] AS [CreateDt],[ReleaseTask].[UpdateDt] AS [UpdateDt],[ReleaseTask].[IsDeleted] AS [IsDeleted],[ReleaseTask].[CreaterName] AS [CreaterName],[ReleaseTask].[CreaterID] AS [CreaterID] FROM [ReleaseTask] AS [ReleaseTask] WHERE [ReleaseTask].[status] = 10 ORDER BY [ReleaseTask].[CreateDt] ASC

30 Apr 2020 06:55:13,015  DEBUG [32] ?.?  - [ReaderExecuted]31
30 Apr 2020 06:55:13,029  DEBUG [6] ?.?  - [ReaderExecuted]31
30 Apr 2020 06:55:19,932  DEBUG [6] ?.?  - [ReaderExecuting]select table_a .*  from SysRole table_a ,AssC_SysRoleSysUser table_b where table_a.Id=table_b.AssC_SysRole and table_b.AssC_SysUser=1

30 Apr 2020 06:55:19,948  DEBUG [6] ?.?  - [ReaderExecuted]11
30 Apr 2020 06:55:19,967  DEBUG [6] ?.?  - [ReaderExecuting]Input Int32 @P_0 = 0;
SELECT [MenuGroup].[Id] AS [Id],[MenuGroup].[Icon] AS [Icon],[MenuGroup].[Name] AS [Name],[MenuGroup].[SortCode] AS [SortCode],[MenuGroup].[Ass_Parent] AS [Ass_Parent_Id],[MenuGroup].[UpdaterID] AS [UpdaterID],[MenuGroup].[UpdaterName] AS [UpdaterName],[MenuGroup].[CreateDt] AS [CreateDt],[MenuGroup].[UpdateDt] AS [UpdateDt],[MenuGroup].[IsDeleted] AS [IsDeleted],[MenuGroup].[CreaterName] AS [CreaterName],[MenuGroup].[CreaterID] AS [CreaterID] FROM [MenuGroup] AS [MenuGroup] WHERE ([MenuGroup].[Ass_Parent] IS NULL OR [MenuGroup].[Ass_Parent] <= @P_0)

30 Apr 2020 06:55:20,005  DEBUG [6] ?.?  - [ReaderExecuted]12
30 Apr 2020 06:55:20,026  DEBUG [6] ?.?  - [ReaderExecuting]select table_a.* from Menu table_a where  table_a.Ass_MenuGroup=1

30 Apr 2020 06:55:20,033  DEBUG [6] ?.?  - [ReaderExecuted]13
30 Apr 2020 06:55:20,048  DEBUG [6] ?.?  - [ReaderExecuting]select table_a.* from MenuGroup table_a where  table_a.Ass_Parent=1

30 Apr 2020 06:55:20,061  DEBUG [6] ?.?  - [ReaderExecuted]12
30 Apr 2020 06:55:20,076  DEBUG [6] ?.?  - [ReaderExecuting]select table_a.* from Menu table_a where  table_a.Ass_MenuGroup=2

30 Apr 2020 06:55:20,089  DEBUG [6] ?.?  - [ReaderExecuted]13
30 Apr 2020 06:55:20,101  DEBUG [6] ?.?  - [ReaderExecuting]select table_a.* from MenuGroup table_a where  table_a.Ass_Parent=2

30 Apr 2020 06:55:20,115  DEBUG [6] ?.?  - [ReaderExecuted]12
30 Apr 2020 06:55:20,130  DEBUG [6] ?.?  - [ReaderExecuting]select table_a.* from Menu table_a where  table_a.Ass_MenuGroup=3

30 Apr 2020 06:55:20,146  DEBUG [6] ?.?  - [ReaderExecuted]13
30 Apr 2020 06:55:20,162  DEBUG [6] ?.?  - [ReaderExecuting]select table_a.* from MenuGroup table_a where  table_a.Ass_Parent=3

30 Apr 2020 06:55:20,170  DEBUG [6] ?.?  - [ReaderExecuted]12
30 Apr 2020 06:55:20,190  DEBUG [6] ?.?  - [ReaderExecuting]select table_a.* from Menu table_a where  table_a.Ass_MenuGroup=4

30 Apr 2020 06:55:20,211  DEBUG [6] ?.?  - [ReaderExecuted]13
30 Apr 2020 06:55:20,222  DEBUG [6] ?.?  - [ReaderExecuting]select table_a.* from MenuGroup table_a where  table_a.Ass_Parent=4

30 Apr 2020 06:55:20,236  DEBUG [6] ?.?  - [ReaderExecuted]12
30 Apr 2020 06:55:31,338  DEBUG [45] ?.?  - [ReaderExecuting]SELECT COUNT(1) AS [C] FROM [Region] AS [Region] WHERE NOT ([Region].[IsDeleted] = 1)

30 Apr 2020 06:55:31,556  DEBUG [45] ?.?  - [ReaderExecuted]1
30 Apr 2020 06:55:32,025  DEBUG [45] ?.?  - [ReaderExecuting]SELECT [Region].[Id] AS [Id],[Region].[Key] AS [Key],[Region].[Name] AS [Name],[Region].[UpdaterID] AS [UpdaterID],[Region].[UpdaterName] AS [UpdaterName],[Region].[CreateDt] AS [CreateDt],[Region].[UpdateDt] AS [UpdateDt],[Region].[IsDeleted] AS [IsDeleted],[Region].[CreaterName] AS [CreaterName],[Region].[CreaterID] AS [CreaterID] FROM [Region] AS [Region] WHERE NOT ([Region].[IsDeleted] = 1) ORDER BY [Region].[CreateDt] DESC LIMIT 100 OFFSET 0

30 Apr 2020 06:55:32,035  DEBUG [36] ?.?  - [ReaderExecuting]SELECT COUNT(1) AS [C] FROM [AppType] AS [AppType] WHERE NOT ([AppType].[IsDeleted] = 1)

30 Apr 2020 06:55:32,037  DEBUG [38] ?.?  - [ReaderExecuting]SELECT COUNT(1) AS [C] FROM [ReleaseTask] AS [ReleaseTask] INNER JOIN [MicroServiceApp] AS [MicroServiceApp] ON (NOT ([ReleaseTask].[IsDeleted] = 1) AND [ReleaseTask].[Ass_MicroServiceApp] = [MicroServiceApp].[Id])

30 Apr 2020 06:55:32,174  DEBUG [38] ?.?  - [ReaderExecuted]1
30 Apr 2020 06:55:32,190  DEBUG [36] ?.?  - [ReaderExecuted]1
30 Apr 2020 06:55:32,207  DEBUG [45] ?.?  - [ReaderExecuted]10
30 Apr 2020 06:55:32,242  DEBUG [38] ?.?  - [ReaderExecuting]SELECT [ReleaseTask].[Id] AS [Id],[ReleaseTask].[HostIds] AS [HostIds],[ReleaseTask].[Ass_Zone] AS [Ass_Zone_Id],[ReleaseTask].[Ass_Region] AS [Ass_Region_Id],[ReleaseTask].[Ass_MicroServiceApp] AS [Ass_MicroServiceApp_Id],[ReleaseTask].[count] AS [count],[ReleaseTask].[CreateDt] AS [CreateDt],[ReleaseTask].[CreaterID] AS [CreaterID],[ReleaseTask].[CreaterName] AS [CreaterName],[ReleaseTask].[dockerNetType] AS [dockerNetType],[ReleaseTask].[FileGuid] AS [FileGuid],[ReleaseTask].[FileName] AS [FileName],[ReleaseTask].[memo] AS [memo],[ReleaseTask].[overridePolicy] AS [overridePolicy],[ReleaseTask].[ProcessInfo] AS [ProcessInfo],[ReleaseTask].[releaseType] AS [releaseType],[ReleaseTask].[selectHostPolicy] AS [selectHostPolicy],[ReleaseTask].[status] AS [status],[ReleaseTask].[unzipInServer] AS [unzipInServer],[ReleaseTask].[UpdateDt] AS [UpdateDt],[ReleaseTask].[UpdaterID] AS [UpdaterID],[ReleaseTask].[UpdaterName] AS [UpdaterName],[ReleaseTask].[useWIP] AS [useWIP],[ReleaseTask].[Version] AS [Version],[MicroServiceApp].[appName] AS [appName],[MicroServiceApp].[key] AS [key],[ReleaseTask].[sslKey] AS [sslKey],[ReleaseTask].[sslPem] AS [sslPem] FROM [ReleaseTask] AS [ReleaseTask] INNER JOIN [MicroServiceApp] AS [MicroServiceApp] ON (NOT ([ReleaseTask].[IsDeleted] = 1) AND [ReleaseTask].[Ass_MicroServiceApp] = [MicroServiceApp].[Id]) ORDER BY [ReleaseTask].[CreateDt] DESC LIMIT 10 OFFSET 0

30 Apr 2020 06:55:32,403  DEBUG [36] ?.?  - [ReaderExecuting]SELECT [AppType].[Id] AS [Id],[AppType].[stopCommand] AS [stopCommand],[AppType].[createContainerParams2] AS [createContainerParams2],[AppType].[name] AS [name],[AppType].[key] AS [key],[AppType].[startCommand] AS [startCommand],[AppType].[createContainerParams] AS [createContainerParams],[AppType].[buildScript] AS [buildScript],[AppType].[UpdaterID] AS [UpdaterID],[AppType].[UpdaterName] AS [UpdaterName],[AppType].[CreateDt] AS [CreateDt],[AppType].[UpdateDt] AS [UpdateDt],[AppType].[IsDeleted] AS [IsDeleted],[AppType].[CreaterName] AS [CreaterName],[AppType].[CreaterID] AS [CreaterID] FROM [AppType] AS [AppType] WHERE NOT ([AppType].[IsDeleted] = 1) ORDER BY [AppType].[CreateDt] DESC LIMIT 100 OFFSET 0

30 Apr 2020 06:55:32,441  DEBUG [38] ?.?  - [ReaderExecuted]28
30 Apr 2020 06:55:32,535  DEBUG [36] ?.?  - [ReaderExecuted]15
30 Apr 2020 06:55:33,735  DEBUG [45] ?.?  - [ReaderExecuting]Input String @P_0 = '1';
SELECT COUNT(1) AS [C] FROM [Zone] AS [Zone] WHERE (NOT ([Zone].[IsDeleted] = 1) AND [Zone].[Ass_Region] = @P_0)

30 Apr 2020 06:55:33,751  DEBUG [45] ?.?  - [ReaderExecuted]1
30 Apr 2020 06:55:33,758  DEBUG [45] ?.?  - [ReaderExecuting]Input String @P_0 = '1';
SELECT [Zone].[Id] AS [Id],[Zone].[Name] AS [Name],[Zone].[Key] AS [Key],[Zone].[Ass_Region] AS [Ass_Region_Id],[Zone].[UpdaterID] AS [UpdaterID],[Zone].[UpdaterName] AS [UpdaterName],[Zone].[CreateDt] AS [CreateDt],[Zone].[UpdateDt] AS [UpdateDt],[Zone].[IsDeleted] AS [IsDeleted],[Zone].[CreaterName] AS [CreaterName],[Zone].[CreaterID] AS [CreaterID] FROM [Zone] AS [Zone] WHERE (NOT ([Zone].[IsDeleted] = 1) AND [Zone].[Ass_Region] = @P_0) ORDER BY [Zone].[CreateDt] DESC LIMIT 100 OFFSET 0

30 Apr 2020 06:55:33,883  DEBUG [45] ?.?  - [ReaderExecuted]11
30 Apr 2020 06:55:34,080  DEBUG [36] ?.?  - [ReaderExecuting]Input String @P_0 = '4';
SELECT COUNT(1) AS [C] FROM [MicroServiceApp] AS [MicroServiceApp] WHERE (NOT ([MicroServiceApp].[IsDeleted] = 1) AND [MicroServiceApp].[Ass_AppType] = @P_0)

30 Apr 2020 06:55:34,205  DEBUG [36] ?.?  - [ReaderExecuted]1
30 Apr 2020 06:55:34,256  DEBUG [36] ?.?  - [ReaderExecuting]Input String @P_0 = '4';
SELECT [MicroServiceApp].[Id] AS [Id],[MicroServiceApp].[createContainerParams] AS [createContainerParams],[MicroServiceApp].[buildScript] AS [buildScript],[MicroServiceApp].[confFileNames] AS [confFileNames],[MicroServiceApp].[sslKey] AS [sslKey],[MicroServiceApp].[appName] AS [appName],[MicroServiceApp].[rootDirMainFile] AS [rootDirMainFile],[MicroServiceApp].[proxyPort] AS [proxyPort],[MicroServiceApp].[serviceType] AS [serviceType],[MicroServiceApp].[stopCommand] AS [stopCommand],[MicroServiceApp].[key] AS [key],[MicroServiceApp].[port] AS [port],[MicroServiceApp].[useSsl] AS [useSsl],[MicroServiceApp].[createContainerParams2] AS [createContainerParams2],[MicroServiceApp].[memo] AS [memo],[MicroServiceApp].[hostname] AS [hostname],[MicroServiceApp].[sslPem] AS [sslPem],[MicroServiceApp].[startCommand] AS [startCommand],[MicroServiceApp].[Ass_AppType] AS [Ass_AppType_Id],[MicroServiceApp].[UpdaterID] AS [UpdaterID],[MicroServiceApp].[UpdaterName] AS [UpdaterName],[MicroServiceApp].[CreateDt] AS [CreateDt],[MicroServiceApp].[UpdateDt] AS [UpdateDt],[MicroServiceApp].[IsDeleted] AS [IsDeleted],[MicroServiceApp].[CreaterName] AS [CreaterName],[MicroServiceApp].[CreaterID] AS [CreaterID] FROM [MicroServiceApp] AS [MicroServiceApp] WHERE (NOT ([MicroServiceApp].[IsDeleted] = 1) AND [MicroServiceApp].[Ass_AppType] = @P_0) ORDER BY [MicroServiceApp].[CreateDt] DESC LIMIT 100 OFFSET 0

30 Apr 2020 06:55:34,341  DEBUG [36] ?.?  - [ReaderExecuted]26
30 Apr 2020 06:55:34,367  DEBUG [36] ?.?  - [ReaderExecuting]SELECT [RegionApps].[AssC_Region] AS [C] FROM [RegionApps] AS [RegionApps] WHERE [RegionApps].[AssC_MicroServiceApp] IN (3)

30 Apr 2020 06:55:34,390  DEBUG [36] ?.?  - [ReaderExecuted]1
30 Apr 2020 06:55:42,902  DEBUG [45] ?.?  - [ReaderExecuting]SELECT [ReleaseTask].[Id] AS [Id],[ReleaseTask].[FileName] AS [FileName],[ReleaseTask].[status] AS [status],[ReleaseTask].[count] AS [count],[ReleaseTask].[useSSL] AS [useSSL],[ReleaseTask].[ProcessInfo] AS [ProcessInfo],[ReleaseTask].[overridePolicy] AS [overridePolicy],[ReleaseTask].[unzipInServer] AS [unzipInServer],[ReleaseTask].[selectHostPolicy] AS [selectHostPolicy],[ReleaseTask].[dockerNetType] AS [dockerNetType],[ReleaseTask].[sslPem] AS [sslPem],[ReleaseTask].[domainName] AS [domainName],[ReleaseTask].[Version] AS [Version],[ReleaseTask].[FileGuid] AS [FileGuid],[ReleaseTask].[sslKey] AS [sslKey],[ReleaseTask].[needRegister] AS [needRegister],[ReleaseTask].[memo] AS [memo],[ReleaseTask].[releaseType] AS [releaseType],[ReleaseTask].[useWIP] AS [useWIP],[ReleaseTask].[HostIds] AS [HostIds],[ReleaseTask].[confFileOverride] AS [confFileOverride],[ReleaseTask].[Ass_MicroServiceApp] AS [Ass_MicroServiceApp_Id],[ReleaseTask].[Ass_Region] AS [Ass_Region_Id],[ReleaseTask].[Ass_Zone] AS [Ass_Zone_Id],[ReleaseTask].[UpdaterID] AS [UpdaterID],[ReleaseTask].[UpdaterName] AS [UpdaterName],[ReleaseTask].[CreateDt] AS [CreateDt],[ReleaseTask].[UpdateDt] AS [UpdateDt],[ReleaseTask].[IsDeleted] AS [IsDeleted],[ReleaseTask].[CreaterName] AS [CreaterName],[ReleaseTask].[CreaterID] AS [CreaterID] FROM [ReleaseTask] AS [ReleaseTask] WHERE [ReleaseTask].[status] = 10 ORDER BY [ReleaseTask].[CreateDt] ASC

30 Apr 2020 06:55:42,902  DEBUG [32] ?.?  - [ReaderExecuting]SELECT [ReleaseTask].[Id] AS [Id],[ReleaseTask].[FileName] AS [FileName],[ReleaseTask].[status] AS [status],[ReleaseTask].[count] AS [count],[ReleaseTask].[useSSL] AS [useSSL],[ReleaseTask].[ProcessInfo] AS [ProcessInfo],[ReleaseTask].[overridePolicy] AS [overridePolicy],[ReleaseTask].[unzipInServer] AS [unzipInServer],[ReleaseTask].[selectHostPolicy] AS [selectHostPolicy],[ReleaseTask].[dockerNetType] AS [dockerNetType],[ReleaseTask].[sslPem] AS [sslPem],[ReleaseTask].[domainName] AS [domainName],[ReleaseTask].[Version] AS [Version],[ReleaseTask].[FileGuid] AS [FileGuid],[ReleaseTask].[sslKey] AS [sslKey],[ReleaseTask].[needRegister] AS [needRegister],[ReleaseTask].[memo] AS [memo],[ReleaseTask].[releaseType] AS [releaseType],[ReleaseTask].[useWIP] AS [useWIP],[ReleaseTask].[HostIds] AS [HostIds],[ReleaseTask].[confFileOverride] AS [confFileOverride],[ReleaseTask].[Ass_MicroServiceApp] AS [Ass_MicroServiceApp_Id],[ReleaseTask].[Ass_Region] AS [Ass_Region_Id],[ReleaseTask].[Ass_Zone] AS [Ass_Zone_Id],[ReleaseTask].[UpdaterID] AS [UpdaterID],[ReleaseTask].[UpdaterName] AS [UpdaterName],[ReleaseTask].[CreateDt] AS [CreateDt],[ReleaseTask].[UpdateDt] AS [UpdateDt],[ReleaseTask].[IsDeleted] AS [IsDeleted],[ReleaseTask].[CreaterName] AS [CreaterName],[ReleaseTask].[CreaterID] AS [CreaterID] FROM [ReleaseTask] AS [ReleaseTask] WHERE [ReleaseTask].[status] = 11 ORDER BY [ReleaseTask].[CreateDt] ASC

30 Apr 2020 06:55:42,989  DEBUG [45] ?.?  - [ReaderExecuted]31
30 Apr 2020 06:55:43,036  DEBUG [32] ?.?  - [ReaderExecuted]31
30 Apr 2020 06:56:12,931  DEBUG [45] ?.?  - [ReaderExecuting]SELECT [ReleaseTask].[Id] AS [Id],[ReleaseTask].[FileName] AS [FileName],[ReleaseTask].[status] AS [status],[ReleaseTask].[count] AS [count],[ReleaseTask].[useSSL] AS [useSSL],[ReleaseTask].[ProcessInfo] AS [ProcessInfo],[ReleaseTask].[overridePolicy] AS [overridePolicy],[ReleaseTask].[unzipInServer] AS [unzipInServer],[ReleaseTask].[selectHostPolicy] AS [selectHostPolicy],[ReleaseTask].[dockerNetType] AS [dockerNetType],[ReleaseTask].[sslPem] AS [sslPem],[ReleaseTask].[domainName] AS [domainName],[ReleaseTask].[Version] AS [Version],[ReleaseTask].[FileGuid] AS [FileGuid],[ReleaseTask].[sslKey] AS [sslKey],[ReleaseTask].[needRegister] AS [needRegister],[ReleaseTask].[memo] AS [memo],[ReleaseTask].[releaseType] AS [releaseType],[ReleaseTask].[useWIP] AS [useWIP],[ReleaseTask].[HostIds] AS [HostIds],[ReleaseTask].[confFileOverride] AS [confFileOverride],[ReleaseTask].[Ass_MicroServiceApp] AS [Ass_MicroServiceApp_Id],[ReleaseTask].[Ass_Region] AS [Ass_Region_Id],[ReleaseTask].[Ass_Zone] AS [Ass_Zone_Id],[ReleaseTask].[UpdaterID] AS [UpdaterID],[ReleaseTask].[UpdaterName] AS [UpdaterName],[ReleaseTask].[CreateDt] AS [CreateDt],[ReleaseTask].[UpdateDt] AS [UpdateDt],[ReleaseTask].[IsDeleted] AS [IsDeleted],[ReleaseTask].[CreaterName] AS [CreaterName],[ReleaseTask].[CreaterID] AS [CreaterID] FROM [ReleaseTask] AS [ReleaseTask] WHERE [ReleaseTask].[status] = 10 ORDER BY [ReleaseTask].[CreateDt] ASC

30 Apr 2020 06:56:12,931  DEBUG [32] ?.?  - [ReaderExecuting]SELECT [ReleaseTask].[Id] AS [Id],[ReleaseTask].[FileName] AS [FileName],[ReleaseTask].[status] AS [status],[ReleaseTask].[count] AS [count],[ReleaseTask].[useSSL] AS [useSSL],[ReleaseTask].[ProcessInfo] AS [ProcessInfo],[ReleaseTask].[overridePolicy] AS [overridePolicy],[ReleaseTask].[unzipInServer] AS [unzipInServer],[ReleaseTask].[selectHostPolicy] AS [selectHostPolicy],[ReleaseTask].[dockerNetType] AS [dockerNetType],[ReleaseTask].[sslPem] AS [sslPem],[ReleaseTask].[domainName] AS [domainName],[ReleaseTask].[Version] AS [Version],[ReleaseTask].[FileGuid] AS [FileGuid],[ReleaseTask].[sslKey] AS [sslKey],[ReleaseTask].[needRegister] AS [needRegister],[ReleaseTask].[memo] AS [memo],[ReleaseTask].[releaseType] AS [releaseType],[ReleaseTask].[useWIP] AS [useWIP],[ReleaseTask].[HostIds] AS [HostIds],[ReleaseTask].[confFileOverride] AS [confFileOverride],[ReleaseTask].[Ass_MicroServiceApp] AS [Ass_MicroServiceApp_Id],[ReleaseTask].[Ass_Region] AS [Ass_Region_Id],[ReleaseTask].[Ass_Zone] AS [Ass_Zone_Id],[ReleaseTask].[UpdaterID] AS [UpdaterID],[ReleaseTask].[UpdaterName] AS [UpdaterName],[ReleaseTask].[CreateDt] AS [CreateDt],[ReleaseTask].[UpdateDt] AS [UpdateDt],[ReleaseTask].[IsDeleted] AS [IsDeleted],[ReleaseTask].[CreaterName] AS [CreaterName],[ReleaseTask].[CreaterID] AS [CreaterID] FROM [ReleaseTask] AS [ReleaseTask] WHERE [ReleaseTask].[status] = 11 ORDER BY [ReleaseTask].[CreateDt] ASC

30 Apr 2020 06:56:13,000  DEBUG [45] ?.?  - [ReaderExecuted]31
30 Apr 2020 06:56:13,090  DEBUG [32] ?.?  - [ReaderExecuted]31
30 Apr 2020 06:56:37,350  DEBUG [45] ?.?  - [ReaderExecuting]Input Int32 @P_0 = 1;
SELECT [Zone].[Id] AS [Id],[Zone].[Name] AS [Name],[Zone].[Key] AS [Key],[Zone].[Ass_Region] AS [Ass_Region_Id],[Zone].[UpdaterID] AS [UpdaterID],[Zone].[UpdaterName] AS [UpdaterName],[Zone].[CreateDt] AS [CreateDt],[Zone].[UpdateDt] AS [UpdateDt],[Zone].[IsDeleted] AS [IsDeleted],[Zone].[CreaterName] AS [CreaterName],[Zone].[CreaterID] AS [CreaterID] FROM [Zone] AS [Zone] WHERE [Zone].[Id] = @P_0 LIMIT 1 OFFSET 0

30 Apr 2020 06:56:37,391  DEBUG [45] ?.?  - [ReaderExecuted]11
30 Apr 2020 06:56:37,515  DEBUG [45] ?.?  - [ReaderExecuting]Input String @P_0 = '1';
SELECT COUNT(1) AS [C] FROM [HostResource] AS [HostResource] WHERE (NOT ([HostResource].[IsDeleted] = 1) AND [HostResource].[Ass_Zone] = @P_0)

30 Apr 2020 06:56:37,549  DEBUG [45] ?.?  - [ReaderExecuted]1
30 Apr 2020 06:56:38,644  DEBUG [45] ?.?  - [ReaderExecuting]Input String @P_0 = '1';
SELECT [HostResource].[Id] AS [Id],[HostResource].[IP] AS [IP],[HostResource].[clientSessionId] AS [clientSessionId],[HostResource].[allocFromPort] AS [allocFromPort],[HostResource].[WIP] AS [WIP],[HostResource].[cpuCoreNumber] AS [cpuCoreNumber],[HostResource].[canAutoAssign] AS [canAutoAssign],[HostResource].[nodePort] AS [nodePort],[HostResource].[nodeId] AS [nodeId],[HostResource].[allocEndPort] AS [allocEndPort],[HostResource].[haveNginx] AS [haveNginx],[HostResource].[nginxIsRun] AS [nginxIsRun],[HostResource].[OsName] AS [OsName],[HostResource].[appBaseDir] AS [appBaseDir],[HostResource].[nginxConfPath] AS [nginxConfPath],[HostResource].[hostName] AS [hostName],[HostResource].[macId] AS [macId],[HostResource].[cpuName] AS [cpuName],[HostResource].[nginxInstanceId] AS [nginxInstanceId],[HostResource].[Ass_Zone] AS [Ass_Zone_Id],[HostResource].[UpdaterID] AS [UpdaterID],[HostResource].[UpdaterName] AS [UpdaterName],[HostResource].[CreateDt] AS [CreateDt],[HostResource].[UpdateDt] AS [UpdateDt],[HostResource].[IsDeleted] AS [IsDeleted],[HostResource].[CreaterName] AS [CreaterName],[HostResource].[CreaterID] AS [CreaterID] FROM [HostResource] AS [HostResource] WHERE (NOT ([HostResource].[IsDeleted] = 1) AND [HostResource].[Ass_Zone] = @P_0) ORDER BY [HostResource].[CreateDt] DESC LIMIT 100 OFFSET 0

30 Apr 2020 06:56:38,705  DEBUG [45] ?.?  - [ReaderExecuted]27
30 Apr 2020 06:56:42,911  DEBUG [32] ?.?  - [ReaderExecuting]SELECT [ReleaseTask].[Id] AS [Id],[ReleaseTask].[FileName] AS [FileName],[ReleaseTask].[status] AS [status],[ReleaseTask].[count] AS [count],[ReleaseTask].[useSSL] AS [useSSL],[ReleaseTask].[ProcessInfo] AS [ProcessInfo],[ReleaseTask].[overridePolicy] AS [overridePolicy],[ReleaseTask].[unzipInServer] AS [unzipInServer],[ReleaseTask].[selectHostPolicy] AS [selectHostPolicy],[ReleaseTask].[dockerNetType] AS [dockerNetType],[ReleaseTask].[sslPem] AS [sslPem],[ReleaseTask].[domainName] AS [domainName],[ReleaseTask].[Version] AS [Version],[ReleaseTask].[FileGuid] AS [FileGuid],[ReleaseTask].[sslKey] AS [sslKey],[ReleaseTask].[needRegister] AS [needRegister],[ReleaseTask].[memo] AS [memo],[ReleaseTask].[releaseType] AS [releaseType],[ReleaseTask].[useWIP] AS [useWIP],[ReleaseTask].[HostIds] AS [HostIds],[ReleaseTask].[confFileOverride] AS [confFileOverride],[ReleaseTask].[Ass_MicroServiceApp] AS [Ass_MicroServiceApp_Id],[ReleaseTask].[Ass_Region] AS [Ass_Region_Id],[ReleaseTask].[Ass_Zone] AS [Ass_Zone_Id],[ReleaseTask].[UpdaterID] AS [UpdaterID],[ReleaseTask].[UpdaterName] AS [UpdaterName],[ReleaseTask].[CreateDt] AS [CreateDt],[ReleaseTask].[UpdateDt] AS [UpdateDt],[ReleaseTask].[IsDeleted] AS [IsDeleted],[ReleaseTask].[CreaterName] AS [CreaterName],[ReleaseTask].[CreaterID] AS [CreaterID] FROM [ReleaseTask] AS [ReleaseTask] WHERE [ReleaseTask].[status] = 11 ORDER BY [ReleaseTask].[CreateDt] ASC

30 Apr 2020 06:56:42,912  DEBUG [45] ?.?  - [ReaderExecuting]SELECT [ReleaseTask].[Id] AS [Id],[ReleaseTask].[FileName] AS [FileName],[ReleaseTask].[status] AS [status],[ReleaseTask].[count] AS [count],[ReleaseTask].[useSSL] AS [useSSL],[ReleaseTask].[ProcessInfo] AS [ProcessInfo],[ReleaseTask].[overridePolicy] AS [overridePolicy],[ReleaseTask].[unzipInServer] AS [unzipInServer],[ReleaseTask].[selectHostPolicy] AS [selectHostPolicy],[ReleaseTask].[dockerNetType] AS [dockerNetType],[ReleaseTask].[sslPem] AS [sslPem],[ReleaseTask].[domainName] AS [domainName],[ReleaseTask].[Version] AS [Version],[ReleaseTask].[FileGuid] AS [FileGuid],[ReleaseTask].[sslKey] AS [sslKey],[ReleaseTask].[needRegister] AS [needRegister],[ReleaseTask].[memo] AS [memo],[ReleaseTask].[releaseType] AS [releaseType],[ReleaseTask].[useWIP] AS [useWIP],[ReleaseTask].[HostIds] AS [HostIds],[ReleaseTask].[confFileOverride] AS [confFileOverride],[ReleaseTask].[Ass_MicroServiceApp] AS [Ass_MicroServiceApp_Id],[ReleaseTask].[Ass_Region] AS [Ass_Region_Id],[ReleaseTask].[Ass_Zone] AS [Ass_Zone_Id],[ReleaseTask].[UpdaterID] AS [UpdaterID],[ReleaseTask].[UpdaterName] AS [UpdaterName],[ReleaseTask].[CreateDt] AS [CreateDt],[ReleaseTask].[UpdateDt] AS [UpdateDt],[ReleaseTask].[IsDeleted] AS [IsDeleted],[ReleaseTask].[CreaterName] AS [CreaterName],[ReleaseTask].[CreaterID] AS [CreaterID] FROM [ReleaseTask] AS [ReleaseTask] WHERE [ReleaseTask].[status] = 10 ORDER BY [ReleaseTask].[CreateDt] ASC

30 Apr 2020 06:56:42,982  DEBUG [32] ?.?  - [ReaderExecuted]31
30 Apr 2020 06:56:43,025  DEBUG [45] ?.?  - [ReaderExecuted]31
30 Apr 2020 06:57:05,534  DEBUG [52] ?.?  - [ReaderExecuting]Input Int32 @P_0 = 3;
SELECT [MicroServiceApp].[Id] AS [Id],[MicroServiceApp].[createContainerParams] AS [createContainerParams],[MicroServiceApp].[buildScript] AS [buildScript],[MicroServiceApp].[confFileNames] AS [confFileNames],[MicroServiceApp].[sslKey] AS [sslKey],[MicroServiceApp].[appName] AS [appName],[MicroServiceApp].[rootDirMainFile] AS [rootDirMainFile],[MicroServiceApp].[proxyPort] AS [proxyPort],[MicroServiceApp].[serviceType] AS [serviceType],[MicroServiceApp].[stopCommand] AS [stopCommand],[MicroServiceApp].[key] AS [key],[MicroServiceApp].[port] AS [port],[MicroServiceApp].[useSsl] AS [useSsl],[MicroServiceApp].[createContainerParams2] AS [createContainerParams2],[MicroServiceApp].[memo] AS [memo],[MicroServiceApp].[hostname] AS [hostname],[MicroServiceApp].[sslPem] AS [sslPem],[MicroServiceApp].[startCommand] AS [startCommand],[MicroServiceApp].[Ass_AppType] AS [Ass_AppType_Id],[MicroServiceApp].[UpdaterID] AS [UpdaterID],[MicroServiceApp].[UpdaterName] AS [UpdaterName],[MicroServiceApp].[CreateDt] AS [CreateDt],[MicroServiceApp].[UpdateDt] AS [UpdateDt],[MicroServiceApp].[IsDeleted] AS [IsDeleted],[MicroServiceApp].[CreaterName] AS [CreaterName],[MicroServiceApp].[CreaterID] AS [CreaterID] FROM [MicroServiceApp] AS [MicroServiceApp] WHERE [MicroServiceApp].[Id] = @P_0 LIMIT 1 OFFSET 0

30 Apr 2020 06:57:05,608  DEBUG [52] ?.?  - [ReaderExecuted]26
30 Apr 2020 06:57:05,672  DEBUG [52] ?.?  - [ReaderExecuting]Input String @P_0 = '3';
Input String @P_1 = '111';
SELECT COUNT(1) AS [C] FROM [appVersion] AS [appVersion] WHERE ([appVersion].[Ass_MicroServiceApp] = @P_0 AND [appVersion].[version] = @P_1)

30 Apr 2020 06:57:05,771  DEBUG [52] ?.?  - [ReaderExecuted]1
30 Apr 2020 06:57:05,785  DEBUG [52] ?.?  - [ReaderExecuting]Input String @P_0 = '3';
Input String @P_1 = '111';
SELECT COUNT(1) AS [C] FROM [ReleaseTask] AS [ReleaseTask] WHERE ([ReleaseTask].[Ass_MicroServiceApp] = @P_0 AND [ReleaseTask].[Version] = @P_1)

30 Apr 2020 06:57:05,796  DEBUG [52] ?.?  - [ReaderExecuted]1
30 Apr 2020 06:57:06,025  DEBUG [52] ?.?  - [ReaderExecuting]Input Int32 @P_0 = 0;
SELECT [PhysicalPath].[Id] AS [Id],[PhysicalPath].[Level] AS [Level],[PhysicalPath].[Name] AS [Name],[PhysicalPath].[FileCount] AS [FileCount],[PhysicalPath].[Ass_LocalPath_parent] AS [Ass_LocalPath_parent_Id] FROM [PhysicalPath] AS [PhysicalPath] WHERE ([PhysicalPath].[Ass_LocalPath_parent] IS NULL OR [PhysicalPath].[Ass_LocalPath_parent] < @P_0) LIMIT 1 OFFSET 0

30 Apr 2020 06:57:06,051  DEBUG [52] ?.?  - [ReaderExecuted]5
30 Apr 2020 06:57:06,060  DEBUG [52] ?.?  - [ReaderExecuting]Input String @P_0 = 'y2020';
SELECT [PhysicalPath].[Id] AS [Id],[PhysicalPath].[Level] AS [Level],[PhysicalPath].[Name] AS [Name],[PhysicalPath].[FileCount] AS [FileCount],[PhysicalPath].[Ass_LocalPath_parent] AS [Ass_LocalPath_parent_Id] FROM [PhysicalPath] AS [PhysicalPath] WHERE [PhysicalPath].[Name] LIKE @P_0 || '%' ORDER BY [PhysicalPath].[Id] DESC LIMIT 1 OFFSET 0

30 Apr 2020 06:57:06,082  DEBUG [52] ?.?  - [ReaderExecuted]5
30 Apr 2020 06:57:06,094  DEBUG [52] ?.?  - [ReaderExecuting]Input String @P_0 = 'd0430';
SELECT [PhysicalPath].[Id] AS [Id],[PhysicalPath].[Level] AS [Level],[PhysicalPath].[Name] AS [Name],[PhysicalPath].[FileCount] AS [FileCount],[PhysicalPath].[Ass_LocalPath_parent] AS [Ass_LocalPath_parent_Id] FROM [PhysicalPath] AS [PhysicalPath] WHERE [PhysicalPath].[Name] LIKE @P_0 || '%' ORDER BY [PhysicalPath].[Id] DESC LIMIT 1 OFFSET 0

30 Apr 2020 06:57:06,116  DEBUG [52] ?.?  - [ReaderExecuted]5
30 Apr 2020 06:57:06,129  DEBUG [52] ?.?  - [ReaderExecuting]Input String @P_0 = 'd0430';
SELECT [PhysicalPath].[Id] AS [Id],[PhysicalPath].[Level] AS [Level],[PhysicalPath].[Name] AS [Name],[PhysicalPath].[FileCount] AS [FileCount],[PhysicalPath].[Ass_LocalPath_parent] AS [Ass_LocalPath_parent_Id] FROM [PhysicalPath] AS [PhysicalPath] WHERE [PhysicalPath].[Name] LIKE @P_0 || '%' ORDER BY [PhysicalPath].[Id] DESC LIMIT 1 OFFSET 0

30 Apr 2020 06:57:06,152  DEBUG [52] ?.?  - [ReaderExecuted]5
30 Apr 2020 06:57:06,159  DEBUG [52] ?.?  - [ScalarExecuting]Input Int32 @P_0 = 0;
Input String @P_1 = 'd0430';
Input Int32 @P_2 = 2;
INSERT INTO [PhysicalPath]([Level],[Name],[FileCount],[Ass_LocalPath_parent]) VALUES(@P_0,@P_1,@P_0,@P_2);SELECT LAST_INSERT_ROWID()

30 Apr 2020 06:57:06,172  DEBUG [52] ?.?  - [ScalarExecuted]18
30 Apr 2020 06:57:06,189  DEBUG [52] ?.?  - [ReaderExecuting]Input Int32 @P_0 = 1;
SELECT [PhysicalPath].[Id] AS [Id],[PhysicalPath].[Level] AS [Level],[PhysicalPath].[Name] AS [Name],[PhysicalPath].[FileCount] AS [FileCount],[PhysicalPath].[Ass_LocalPath_parent] AS [Ass_LocalPath_parent_Id] FROM [PhysicalPath] AS [PhysicalPath] WHERE [PhysicalPath].[Id] = @P_0 LIMIT 1 OFFSET 0

30 Apr 2020 06:57:06,207  DEBUG [52] ?.?  - [ReaderExecuted]5
30 Apr 2020 06:57:06,223  DEBUG [52] ?.?  - [ScalarExecuting]Input String @P_0 = NULL;
Input Int32 @P_1 = 0;
Input Boolean @P_2 = True;
Input String @P_3 = '69664535-5f5d-4b74-96dc-dda727598226';
Input Int64 @P_4 = 2537514;
Input String @P_5 = 'dist.zip';
Input Int32 @P_6 = 1;
Input Int32 @P_7 = 18;
Input Int32 @P_8 = -1;
INSERT INTO [FileVDir]([Memo],[DownloadCount],[isFile],[Guid],[FileSize],[Name],[Version],[Ass_PhysicalPath],[Ass_FileVDir_parent]) VALUES(@P_0,@P_1,@P_2,@P_3,@P_4,@P_5,@P_6,@P_7,@P_8);SELECT LAST_INSERT_ROWID()

30 Apr 2020 06:57:06,259  DEBUG [52] ?.?  - [ScalarExecuted]946
30 Apr 2020 06:57:06,269  DEBUG [52] ?.?  - [ScalarExecuting]Input String @P_0 = 'dist.zip';
Input Int32 @P_1 = 0;
Input Int32 @P_2 = 1;
Input Int32 @P_3 = 2;
Input String @P_4 = NULL;
Input Boolean @P_5 = False;
Input String @P_6 = '111';
Input String @P_7 = '69664535-5f5d-4b74-96dc-dda727598226';
Input Boolean @P_8 = True;
Input String @P_9 = '2';
Input Int32 @P_10 = 3;
Input String @P_11 = '-1';
Input String @P_12 = 'admin';
Input DateTime @P_13 = '2020/4/30 6:57:05';
Input DateTime @P_14 = '2020/4/30 6:57:05';
INSERT INTO [ReleaseTask]([FileName],[status],[count],[useSSL],[ProcessInfo],[overridePolicy],[unzipInServer],[selectHostPolicy],[dockerNetType],[sslPem],[domainName],[Version],[FileGuid],[sslKey],[needRegister],[memo],[releaseType],[useWIP],[HostIds],[confFileOverride],[Ass_MicroServiceApp],[Ass_Region],[Ass_Zone],[UpdaterID],[UpdaterName],[CreateDt],[UpdateDt],[IsDeleted],[CreaterName],[CreaterID]) VALUES(@P_0,@P_1,@P_2,@P_3,@P_4,@P_1,@P_5,@P_2,@P_2,@P_4,@P_4,@P_6,@P_7,@P_4,@P_5,@P_4,@P_1,@P_8,@P_9,@P_5,@P_10,@P_2,@P_2,@P_11,@P_12,@P_13,@P_14,@P_5,@P_12,@P_11);SELECT LAST_INSERT_ROWID()

30 Apr 2020 06:57:06,331  DEBUG [52] ?.?  - [ScalarExecuted]17
30 Apr 2020 06:57:06,796  DEBUG [52] ?.?  - [ReaderExecuting]SELECT COUNT(1) AS [C] FROM [ReleaseTask] AS [ReleaseTask] INNER JOIN [MicroServiceApp] AS [MicroServiceApp] ON (NOT ([ReleaseTask].[IsDeleted] = 1) AND [ReleaseTask].[Ass_MicroServiceApp] = [MicroServiceApp].[Id])

30 Apr 2020 06:57:06,817  DEBUG [52] ?.?  - [ReaderExecuted]1
30 Apr 2020 06:57:06,831  DEBUG [52] ?.?  - [ReaderExecuting]SELECT [ReleaseTask].[Id] AS [Id],[ReleaseTask].[HostIds] AS [HostIds],[ReleaseTask].[Ass_Zone] AS [Ass_Zone_Id],[ReleaseTask].[Ass_Region] AS [Ass_Region_Id],[ReleaseTask].[Ass_MicroServiceApp] AS [Ass_MicroServiceApp_Id],[ReleaseTask].[count] AS [count],[ReleaseTask].[CreateDt] AS [CreateDt],[ReleaseTask].[CreaterID] AS [CreaterID],[ReleaseTask].[CreaterName] AS [CreaterName],[ReleaseTask].[dockerNetType] AS [dockerNetType],[ReleaseTask].[FileGuid] AS [FileGuid],[ReleaseTask].[FileName] AS [FileName],[ReleaseTask].[memo] AS [memo],[ReleaseTask].[overridePolicy] AS [overridePolicy],[ReleaseTask].[ProcessInfo] AS [ProcessInfo],[ReleaseTask].[releaseType] AS [releaseType],[ReleaseTask].[selectHostPolicy] AS [selectHostPolicy],[ReleaseTask].[status] AS [status],[ReleaseTask].[unzipInServer] AS [unzipInServer],[ReleaseTask].[UpdateDt] AS [UpdateDt],[ReleaseTask].[UpdaterID] AS [UpdaterID],[ReleaseTask].[UpdaterName] AS [UpdaterName],[ReleaseTask].[useWIP] AS [useWIP],[ReleaseTask].[Version] AS [Version],[MicroServiceApp].[appName] AS [appName],[MicroServiceApp].[key] AS [key],[ReleaseTask].[sslKey] AS [sslKey],[ReleaseTask].[sslPem] AS [sslPem] FROM [ReleaseTask] AS [ReleaseTask] INNER JOIN [MicroServiceApp] AS [MicroServiceApp] ON (NOT ([ReleaseTask].[IsDeleted] = 1) AND [ReleaseTask].[Ass_MicroServiceApp] = [MicroServiceApp].[Id]) ORDER BY [ReleaseTask].[CreateDt] DESC LIMIT 10 OFFSET 0

30 Apr 2020 06:57:06,867  DEBUG [52] ?.?  - [ReaderExecuted]28
30 Apr 2020 06:57:12,898  DEBUG [32] ?.?  - [ReaderExecuting]SELECT [ReleaseTask].[Id] AS [Id],[ReleaseTask].[FileName] AS [FileName],[ReleaseTask].[status] AS [status],[ReleaseTask].[count] AS [count],[ReleaseTask].[useSSL] AS [useSSL],[ReleaseTask].[ProcessInfo] AS [ProcessInfo],[ReleaseTask].[overridePolicy] AS [overridePolicy],[ReleaseTask].[unzipInServer] AS [unzipInServer],[ReleaseTask].[selectHostPolicy] AS [selectHostPolicy],[ReleaseTask].[dockerNetType] AS [dockerNetType],[ReleaseTask].[sslPem] AS [sslPem],[ReleaseTask].[domainName] AS [domainName],[ReleaseTask].[Version] AS [Version],[ReleaseTask].[FileGuid] AS [FileGuid],[ReleaseTask].[sslKey] AS [sslKey],[ReleaseTask].[needRegister] AS [needRegister],[ReleaseTask].[memo] AS [memo],[ReleaseTask].[releaseType] AS [releaseType],[ReleaseTask].[useWIP] AS [useWIP],[ReleaseTask].[HostIds] AS [HostIds],[ReleaseTask].[confFileOverride] AS [confFileOverride],[ReleaseTask].[Ass_MicroServiceApp] AS [Ass_MicroServiceApp_Id],[ReleaseTask].[Ass_Region] AS [Ass_Region_Id],[ReleaseTask].[Ass_Zone] AS [Ass_Zone_Id],[ReleaseTask].[UpdaterID] AS [UpdaterID],[ReleaseTask].[UpdaterName] AS [UpdaterName],[ReleaseTask].[CreateDt] AS [CreateDt],[ReleaseTask].[UpdateDt] AS [UpdateDt],[ReleaseTask].[IsDeleted] AS [IsDeleted],[ReleaseTask].[CreaterName] AS [CreaterName],[ReleaseTask].[CreaterID] AS [CreaterID] FROM [ReleaseTask] AS [ReleaseTask] WHERE [ReleaseTask].[status] = 11 ORDER BY [ReleaseTask].[CreateDt] ASC

30 Apr 2020 06:57:12,899  DEBUG [51] ?.?  - [ReaderExecuting]SELECT [ReleaseTask].[Id] AS [Id],[ReleaseTask].[FileName] AS [FileName],[ReleaseTask].[status] AS [status],[ReleaseTask].[count] AS [count],[ReleaseTask].[useSSL] AS [useSSL],[ReleaseTask].[ProcessInfo] AS [ProcessInfo],[ReleaseTask].[overridePolicy] AS [overridePolicy],[ReleaseTask].[unzipInServer] AS [unzipInServer],[ReleaseTask].[selectHostPolicy] AS [selectHostPolicy],[ReleaseTask].[dockerNetType] AS [dockerNetType],[ReleaseTask].[sslPem] AS [sslPem],[ReleaseTask].[domainName] AS [domainName],[ReleaseTask].[Version] AS [Version],[ReleaseTask].[FileGuid] AS [FileGuid],[ReleaseTask].[sslKey] AS [sslKey],[ReleaseTask].[needRegister] AS [needRegister],[ReleaseTask].[memo] AS [memo],[ReleaseTask].[releaseType] AS [releaseType],[ReleaseTask].[useWIP] AS [useWIP],[ReleaseTask].[HostIds] AS [HostIds],[ReleaseTask].[confFileOverride] AS [confFileOverride],[ReleaseTask].[Ass_MicroServiceApp] AS [Ass_MicroServiceApp_Id],[ReleaseTask].[Ass_Region] AS [Ass_Region_Id],[ReleaseTask].[Ass_Zone] AS [Ass_Zone_Id],[ReleaseTask].[UpdaterID] AS [UpdaterID],[ReleaseTask].[UpdaterName] AS [UpdaterName],[ReleaseTask].[CreateDt] AS [CreateDt],[ReleaseTask].[UpdateDt] AS [UpdateDt],[ReleaseTask].[IsDeleted] AS [IsDeleted],[ReleaseTask].[CreaterName] AS [CreaterName],[ReleaseTask].[CreaterID] AS [CreaterID] FROM [ReleaseTask] AS [ReleaseTask] WHERE [ReleaseTask].[status] = 10 ORDER BY [ReleaseTask].[CreateDt] ASC

30 Apr 2020 06:57:13,036  DEBUG [32] ?.?  - [ReaderExecuted]31
30 Apr 2020 06:57:13,191  DEBUG [51] ?.?  - [ReaderExecuted]31
