发生时间：2020-04-03 15:24:23,219 
内容： 
[.ctor:74@choFastApiService.cs]EcoFastApiService creator,thread id:12 
 
发生时间：2020-04-03 15:24:23,220 
内容： 
[.ctor:79@choFastApiService.cs]EcoFastApiService init ok 
 
发生时间：2020-04-03 15:24:23,378 
内容： 
[NodeRegiste:252@FastCallService.cs]Login ,thread id:12 
 
发生时间：2020-04-03 15:24:25,653 
内容： 
[NodeRegiste:282@FastCallService.cs]registe fail 
 
发生时间：2020-04-03 15:24:29,243 
内容： 
[Dispose:95@choFastApiService.cs]ecoFtpApiserver dispose ,thread id:12 
 
发生时间：2020-04-03 15:24:29,282 
内容： 
[.ctor:74@choFastApiService.cs]EcoFastApiService creator,thread id:12 
 
发生时间：2020-04-03 15:24:29,282 
内容： 
[.ctor:79@choFastApiService.cs]EcoFastApiService init ok 
 
发生时间：2020-04-03 15:24:29,298 
内容： 
[NodeRegiste:252@FastCallService.cs]Login ,thread id:12 
 
发生时间：2020-04-03 15:24:29,389 
内容： 
[NodeRegiste:282@FastCallService.cs]registe fail 
 
发生时间：2020-04-03 15:24:29,390 
内容： 
[Dispose:95@choFastApiService.cs]ecoFtpApiserver dispose ,thread id:12 
 
发生时间：2020-04-03 15:24:29,400 
内容： 
[.ctor:74@choFastApiService.cs]EcoFastApiService creator,thread id:12 
 
发生时间：2020-04-03 15:24:29,412 
内容： 
[.ctor:79@choFastApiService.cs]EcoFastApiService init ok 
 
发生时间：2020-04-03 15:24:29,416 
内容： 
[NodeRegiste:252@FastCallService.cs]Login ,thread id:12 
 
发生时间：2020-04-03 15:24:29,526 
内容： 
[NodeRegiste:282@FastCallService.cs]registe fail 
 
发生时间：2020-04-03 15:24:29,529 
内容： 
[Dispose:95@choFastApiService.cs]ecoFtpApiserver dispose ,thread id:12 
 
发生时间：2020-04-03 15:24:29,540 
内容： 
[.ctor:74@choFastApiService.cs]EcoFastApiService creator,thread id:12 
 
发生时间：2020-04-03 15:24:29,543 
内容： 
[.ctor:79@choFastApiService.cs]EcoFastApiService init ok 
 
发生时间：2020-04-03 15:24:29,555 
内容： 
[NodeRegiste:252@FastCallService.cs]Login ,thread id:12 
 
发生时间：2020-04-03 15:24:29,631 
内容： 
[NodeRegiste:282@FastCallService.cs]registe fail 
 
发生时间：2020-04-03 15:24:29,632 
内容： 
[Dispose:95@choFastApiService.cs]ecoFtpApiserver dispose ,thread id:12 
 
发生时间：2020-04-03 15:24:29,641 
内容： 
[.ctor:74@choFastApiService.cs]EcoFastApiService creator,thread id:12 
 
发生时间：2020-04-03 15:24:29,646 
内容： 
[.ctor:79@choFastApiService.cs]EcoFastApiService init ok 
 
发生时间：2020-04-03 15:24:29,656 
内容： 
[NodeRegiste:252@FastCallService.cs]Login ,thread id:12 
 
发生时间：2020-04-03 15:24:29,729 
内容： 
[NodeRegiste:282@FastCallService.cs]registe fail 
 
发生时间：2020-04-03 15:24:29,730 
内容： 
[Dispose:95@choFastApiService.cs]ecoFtpApiserver dispose ,thread id:12 
 
发生时间：2020-04-03 15:24:29,730 
内容： 
[.ctor:74@choFastApiService.cs]EcoFastApiService creator,thread id:12 
 
发生时间：2020-04-03 15:24:29,731 
内容： 
[.ctor:79@choFastApiService.cs]EcoFastApiService init ok 
 
发生时间：2020-04-03 15:24:29,746 
内容： 
[NodeRegiste:252@FastCallService.cs]Login ,thread id:12 
 
发生时间：2020-04-03 15:24:29,829 
内容： 
[NodeRegiste:282@FastCallService.cs]registe fail 
 
发生时间：2020-04-03 15:24:29,831 
内容： 
[Dispose:95@choFastApiService.cs]ecoFtpApiserver dispose ,thread id:12 
 
发生时间：2020-04-03 15:24:29,845 
内容： 
[.ctor:74@choFastApiService.cs]EcoFastApiService creator,thread id:12 
 
发生时间：2020-04-03 15:24:29,848 
内容： 
[.ctor:79@choFastApiService.cs]EcoFastApiService init ok 
 
发生时间：2020-04-03 15:24:29,859 
内容： 
[NodeRegiste:252@FastCallService.cs]Login ,thread id:12 
 
发生时间：2020-04-03 15:24:30,061 
内容： 
[NodeRegiste:277@FastCallService.cs]registe ok 
 
发生时间：2020-04-03 15:24:30,061 
内容： 
[Dispose:95@choFastApiService.cs]ecoFtpApiserver dispose ,thread id:12 
 
发生时间：2020-04-03 15:24:31,297 
内容： 
[.ctor:74@choFastApiService.cs]EcoFastApiService creator,thread id:12 
 
发生时间：2020-04-03 15:24:31,299 
内容： 
[.ctor:79@choFastApiService.cs]EcoFastApiService init ok 
 
发生时间：2020-04-03 15:24:31,656 
内容： 
[Dispose:95@choFastApiService.cs]ecoFtpApiserver dispose ,thread id:12 
 
发生时间：2020-04-03 15:26:34,478 
内容： 
[.ctor:74@choFastApiService.cs]EcoFastApiService creator,thread id:12 
 
发生时间：2020-04-03 15:26:34,487 
内容： 
[.ctor:79@choFastApiService.cs]EcoFastApiService init ok 
 
发生时间：2020-04-03 15:26:34,522 
内容： 
[Dispose:95@choFastApiService.cs]ecoFtpApiserver dispose ,thread id:12 
 
发生时间：2020-04-03 15:28:33,070 
内容： 
[.ctor:74@choFastApiService.cs]EcoFastApiService creator,thread id:12 
 
发生时间：2020-04-03 15:28:33,071 
内容： 
[.ctor:79@choFastApiService.cs]EcoFastApiService init ok 
 
发生时间：2020-04-03 15:28:33,103 
内容： 
[Dispose:95@choFastApiService.cs]ecoFtpApiserver dispose ,thread id:12 
 
发生时间：2020-04-03 15:30:33,061 
内容： 
[.ctor:74@choFastApiService.cs]EcoFastApiService creator,thread id:12 
 
发生时间：2020-04-03 15:30:33,062 
内容： 
[.ctor:79@choFastApiService.cs]EcoFastApiService init ok 
 
发生时间：2020-04-03 15:30:54,354 
内容： 
[Dispose:95@choFastApiService.cs]ecoFtpApiserver dispose ,thread id:12 
 
发生时间：2020-04-03 15:32:33,062 
内容： 
[.ctor:74@choFastApiService.cs]EcoFastApiService creator,thread id:12 
 
发生时间：2020-04-03 15:32:33,063 
内容： 
[.ctor:79@choFastApiService.cs]EcoFastApiService init ok 
 
发生时间：2020-04-03 15:33:20,956 
内容： 
[Dispose:95@choFastApiService.cs]ecoFtpApiserver dispose ,thread id:12 
 
发生时间：2020-04-03 15:36:16,425 
内容： 
[.ctor:74@choFastApiService.cs]EcoFastApiService creator,thread id:11 
 
发生时间：2020-04-03 15:36:16,426 
内容： 
[.ctor:79@choFastApiService.cs]EcoFastApiService init ok 
 
发生时间：2020-04-03 15:36:16,576 
内容： 
[NodeRegiste:252@FastCallService.cs]Login ,thread id:11 
 
发生时间：2020-04-03 15:36:18,609 
内容： 
[NodeRegiste:282@FastCallService.cs]registe fail 
 
发生时间：2020-04-03 15:36:18,653 
内容： 
[Dispose:95@choFastApiService.cs]ecoFtpApiserver dispose ,thread id:11 
 
发生时间：2020-04-03 15:36:18,686 
内容： 
[.ctor:74@choFastApiService.cs]EcoFastApiService creator,thread id:11 
 
发生时间：2020-04-03 15:36:18,686 
内容： 
[.ctor:79@choFastApiService.cs]EcoFastApiService init ok 
 
发生时间：2020-04-03 15:36:18,690 
内容： 
[NodeRegiste:252@FastCallService.cs]Login ,thread id:11 
 
发生时间：2020-04-03 15:36:18,802 
内容： 
[NodeRegiste:282@FastCallService.cs]registe fail 
 
发生时间：2020-04-03 15:36:18,819 
内容： 
[Dispose:95@choFastApiService.cs]ecoFtpApiserver dispose ,thread id:11 
 
发生时间：2020-04-03 15:36:18,824 
内容： 
[.ctor:74@choFastApiService.cs]EcoFastApiService creator,thread id:11 
 
发生时间：2020-04-03 15:36:18,839 
内容： 
[.ctor:79@choFastApiService.cs]EcoFastApiService init ok 
 
发生时间：2020-04-03 15:36:18,854 
内容： 
[NodeRegiste:252@FastCallService.cs]Login ,thread id:11 
 
发生时间：2020-04-03 15:36:18,973 
内容： 
[NodeRegiste:282@FastCallService.cs]registe fail 
 
发生时间：2020-04-03 15:36:18,973 
内容： 
[Dispose:95@choFastApiService.cs]ecoFtpApiserver dispose ,thread id:11 
 
发生时间：2020-04-03 15:36:18,986 
内容： 
[.ctor:74@choFastApiService.cs]EcoFastApiService creator,thread id:11 
 
发生时间：2020-04-03 15:36:18,990 
内容： 
[.ctor:79@choFastApiService.cs]EcoFastApiService init ok 
 
发生时间：2020-04-03 15:36:19,002 
内容： 
[NodeRegiste:252@FastCallService.cs]Login ,thread id:11 
 
发生时间：2020-04-03 15:36:19,092 
内容： 
[NodeRegiste:282@FastCallService.cs]registe fail 
 
发生时间：2020-04-03 15:36:19,104 
内容： 
[Dispose:95@choFastApiService.cs]ecoFtpApiserver dispose ,thread id:11 
 
发生时间：2020-04-03 15:36:19,108 
内容： 
[.ctor:74@choFastApiService.cs]EcoFastApiService creator,thread id:11 
 
发生时间：2020-04-03 15:36:19,120 
内容： 
[.ctor:79@choFastApiService.cs]EcoFastApiService init ok 
 
发生时间：2020-04-03 15:36:19,124 
内容： 
[NodeRegiste:252@FastCallService.cs]Login ,thread id:11 
 
发生时间：2020-04-03 15:36:19,240 
内容： 
[NodeRegiste:282@FastCallService.cs]registe fail 
 
发生时间：2020-04-03 15:36:19,241 
内容： 
[Dispose:95@choFastApiService.cs]ecoFtpApiserver dispose ,thread id:11 
 
发生时间：2020-04-03 15:36:19,254 
内容： 
[.ctor:74@choFastApiService.cs]EcoFastApiService creator,thread id:11 
 
发生时间：2020-04-03 15:36:19,269 
内容： 
[.ctor:79@choFastApiService.cs]EcoFastApiService init ok 
 
发生时间：2020-04-03 15:36:19,272 
内容： 
[NodeRegiste:252@FastCallService.cs]Login ,thread id:11 
 
发生时间：2020-04-03 15:36:19,391 
内容： 
[NodeRegiste:282@FastCallService.cs]registe fail 
 
发生时间：2020-04-03 15:36:19,403 
内容： 
[Dispose:95@choFastApiService.cs]ecoFtpApiserver dispose ,thread id:11 
 
发生时间：2020-04-03 15:36:19,408 
内容： 
[.ctor:74@choFastApiService.cs]EcoFastApiService creator,thread id:11 
 
发生时间：2020-04-03 15:36:19,422 
内容： 
[.ctor:79@choFastApiService.cs]EcoFastApiService init ok 
 
发生时间：2020-04-03 15:36:19,425 
内容： 
[NodeRegiste:252@FastCallService.cs]Login ,thread id:11 
 
发生时间：2020-04-03 15:36:19,669 
内容： 
[NodeRegiste:277@FastCallService.cs]registe ok 
 
发生时间：2020-04-03 15:36:19,669 
内容： 
[Dispose:95@choFastApiService.cs]ecoFtpApiserver dispose ,thread id:11 
 
发生时间：2020-04-03 15:36:20,961 
内容： 
[.ctor:74@choFastApiService.cs]EcoFastApiService creator,thread id:11 
 
发生时间：2020-04-03 15:36:20,961 
内容： 
[.ctor:79@choFastApiService.cs]EcoFastApiService init ok 
 
发生时间：2020-04-03 15:36:21,266 
内容： 
[Dispose:95@choFastApiService.cs]ecoFtpApiserver dispose ,thread id:11 
 
发生时间：2020-04-03 15:38:22,694 
内容： 
[.ctor:74@choFastApiService.cs]EcoFastApiService creator,thread id:11 
 
发生时间：2020-04-03 15:38:22,695 
内容： 
[.ctor:79@choFastApiService.cs]EcoFastApiService init ok 
 
发生时间：2020-04-03 15:38:22,708 
内容： 
[Dispose:95@choFastApiService.cs]ecoFtpApiserver dispose ,thread id:11 
 
发生时间：2020-04-03 15:40:10,117 
内容： 
[.ctor:74@choFastApiService.cs]EcoFastApiService creator,thread id:11 
 
发生时间：2020-04-03 15:40:10,118 
内容： 
[.ctor:79@choFastApiService.cs]EcoFastApiService init ok 
 
发生时间：2020-04-03 15:40:10,268 
内容： 
[NodeRegiste:252@FastCallService.cs]Login ,thread id:11 
 
发生时间：2020-04-03 15:40:19,582 
内容： 
[NodeRegiste:282@FastCallService.cs]registe fail 
 
发生时间：2020-04-03 15:40:19,630 
内容： 
[Dispose:95@choFastApiService.cs]ecoFtpApiserver dispose ,thread id:11 
 
发生时间：2020-04-03 15:40:19,664 
内容： 
[.ctor:74@choFastApiService.cs]EcoFastApiService creator,thread id:11 
 
发生时间：2020-04-03 15:40:19,664 
内容： 
[.ctor:79@choFastApiService.cs]EcoFastApiService init ok 
 
发生时间：2020-04-03 15:40:19,668 
内容： 
[NodeRegiste:252@FastCallService.cs]Login ,thread id:11 
 
发生时间：2020-04-03 15:40:19,769 
内容： 
[NodeRegiste:282@FastCallService.cs]registe fail 
 
发生时间：2020-04-03 15:40:19,770 
内容： 
[Dispose:95@choFastApiService.cs]ecoFtpApiserver dispose ,thread id:11 
 
发生时间：2020-04-03 15:40:19,783 
内容： 
[.ctor:74@choFastApiService.cs]EcoFastApiService creator,thread id:11 
 
发生时间：2020-04-03 15:40:19,787 
内容： 
[.ctor:79@choFastApiService.cs]EcoFastApiService init ok 
 
发生时间：2020-04-03 15:40:19,798 
内容： 
[NodeRegiste:252@FastCallService.cs]Login ,thread id:11 
 
发生时间：2020-04-03 15:40:19,921 
内容： 
[NodeRegiste:282@FastCallService.cs]registe fail 
 
发生时间：2020-04-03 15:40:19,934 
内容： 
[Dispose:95@choFastApiService.cs]ecoFtpApiserver dispose ,thread id:11 
 
发生时间：2020-04-03 15:40:19,936 
内容： 
[.ctor:74@choFastApiService.cs]EcoFastApiService creator,thread id:11 
 
发生时间：2020-04-03 15:40:19,937 
内容： 
[.ctor:79@choFastApiService.cs]EcoFastApiService init ok 
 
发生时间：2020-04-03 15:40:19,950 
内容： 
[NodeRegiste:252@FastCallService.cs]Login ,thread id:11 
 
发生时间：2020-04-03 15:40:20,052 
内容： 
[NodeRegiste:282@FastCallService.cs]registe fail 
 
发生时间：2020-04-03 15:40:20,053 
内容： 
[Dispose:95@choFastApiService.cs]ecoFtpApiserver dispose ,thread id:11 
 
发生时间：2020-04-03 15:40:20,066 
内容： 
[.ctor:74@choFastApiService.cs]EcoFastApiService creator,thread id:11 
 
发生时间：2020-04-03 15:40:20,069 
内容： 
[.ctor:79@choFastApiService.cs]EcoFastApiService init ok 
 
发生时间：2020-04-03 15:40:20,082 
内容： 
[NodeRegiste:252@FastCallService.cs]Login ,thread id:11 
 
发生时间：2020-04-03 15:40:20,184 
内容： 
[NodeRegiste:282@FastCallService.cs]registe fail 
 
发生时间：2020-04-03 15:40:20,186 
内容： 
[Dispose:95@choFastApiService.cs]ecoFtpApiserver dispose ,thread id:11 
 
发生时间：2020-04-03 15:40:20,194 
内容： 
[.ctor:74@choFastApiService.cs]EcoFastApiService creator,thread id:11 
 
发生时间：2020-04-03 15:40:20,200 
内容： 
[.ctor:79@choFastApiService.cs]EcoFastApiService init ok 
 
发生时间：2020-04-03 15:40:20,205 
内容： 
[NodeRegiste:252@FastCallService.cs]Login ,thread id:11 
 
发生时间：2020-04-03 15:40:20,334 
内容： 
[NodeRegiste:282@FastCallService.cs]registe fail 
 
发生时间：2020-04-03 15:40:20,337 
内容： 
[Dispose:95@choFastApiService.cs]ecoFtpApiserver dispose ,thread id:11 
 
发生时间：2020-04-03 15:40:20,350 
内容： 
[.ctor:74@choFastApiService.cs]EcoFastApiService creator,thread id:11 
 
发生时间：2020-04-03 15:40:20,354 
内容： 
[.ctor:79@choFastApiService.cs]EcoFastApiService init ok 
 
发生时间：2020-04-03 15:40:20,367 
内容： 
[NodeRegiste:252@FastCallService.cs]Login ,thread id:11 
 
发生时间：2020-04-03 15:40:20,615 
内容： 
[NodeRegiste:277@FastCallService.cs]registe ok 
 
发生时间：2020-04-03 15:40:20,616 
内容： 
[Dispose:95@choFastApiService.cs]ecoFtpApiserver dispose ,thread id:11 
 
发生时间：2020-04-03 15:40:21,876 
内容： 
[.ctor:74@choFastApiService.cs]EcoFastApiService creator,thread id:11 
 
发生时间：2020-04-03 15:40:21,876 
内容： 
[.ctor:79@choFastApiService.cs]EcoFastApiService init ok 
 
发生时间：2020-04-03 15:40:22,182 
内容： 
[Dispose:95@choFastApiService.cs]ecoFtpApiserver dispose ,thread id:11 
 
发生时间：2020-04-03 15:42:23,598 
内容： 
[.ctor:74@choFastApiService.cs]EcoFastApiService creator,thread id:11 
 
发生时间：2020-04-03 15:42:23,598 
内容： 
[.ctor:79@choFastApiService.cs]EcoFastApiService init ok 
 
发生时间：2020-04-03 15:42:23,605 
内容： 
[Dispose:95@choFastApiService.cs]ecoFtpApiserver dispose ,thread id:11 
 
发生时间：2020-04-03 15:44:23,644 
内容： 
[.ctor:74@choFastApiService.cs]EcoFastApiService creator,thread id:11 
 
发生时间：2020-04-03 15:44:23,644 
内容： 
[.ctor:79@choFastApiService.cs]EcoFastApiService init ok 
 
发生时间：2020-04-03 15:44:23,660 
内容： 
[Dispose:95@choFastApiService.cs]ecoFtpApiserver dispose ,thread id:11 
 
发生时间：2020-04-03 15:46:23,599 
内容： 
[.ctor:74@choFastApiService.cs]EcoFastApiService creator,thread id:11 
 
发生时间：2020-04-03 15:46:23,599 
内容： 
[.ctor:79@choFastApiService.cs]EcoFastApiService init ok 
 
发生时间：2020-04-03 15:46:23,617 
内容： 
[Dispose:95@choFastApiService.cs]ecoFtpApiserver dispose ,thread id:11 
 
发生时间：2020-04-03 15:48:10,720 
内容： 
[.ctor:74@choFastApiService.cs]EcoFastApiService creator,thread id:11 
 
发生时间：2020-04-03 15:48:10,721 
内容： 
[.ctor:79@choFastApiService.cs]EcoFastApiService init ok 
 
发生时间：2020-04-03 15:48:10,875 
内容： 
[NodeRegiste:252@FastCallService.cs]Login ,thread id:11 
 
发生时间：2020-04-03 15:48:12,891 
内容： 
[NodeRegiste:282@FastCallService.cs]registe fail 
 
发生时间：2020-04-03 15:48:12,932 
内容： 
[Dispose:95@choFastApiService.cs]ecoFtpApiserver dispose ,thread id:11 
 
发生时间：2020-04-03 15:48:12,969 
内容： 
[.ctor:74@choFastApiService.cs]EcoFastApiService creator,thread id:11 
 
发生时间：2020-04-03 15:48:12,969 
内容： 
[.ctor:79@choFastApiService.cs]EcoFastApiService init ok 
 
发生时间：2020-04-03 15:48:12,973 
内容： 
[NodeRegiste:252@FastCallService.cs]Login ,thread id:11 
 
发生时间：2020-04-03 15:48:13,093 
内容： 
[NodeRegiste:282@FastCallService.cs]registe fail 
 
发生时间：2020-04-03 15:48:13,098 
内容： 
[Dispose:95@choFastApiService.cs]ecoFtpApiserver dispose ,thread id:11 
 
发生时间：2020-04-03 15:48:13,111 
内容： 
[.ctor:74@choFastApiService.cs]EcoFastApiService creator,thread id:11 
 
发生时间：2020-04-03 15:48:13,115 
内容： 
[.ctor:79@choFastApiService.cs]EcoFastApiService init ok 
 
发生时间：2020-04-03 15:48:13,127 
内容： 
[NodeRegiste:252@FastCallService.cs]Login ,thread id:11 
 
发生时间：2020-04-03 15:48:13,229 
内容： 
[NodeRegiste:282@FastCallService.cs]registe fail 
 
发生时间：2020-04-03 15:48:13,240 
内容： 
[Dispose:95@choFastApiService.cs]ecoFtpApiserver dispose ,thread id:11 
 
发生时间：2020-04-03 15:48:13,244 
内容： 
[.ctor:74@choFastApiService.cs]EcoFastApiService creator,thread id:11 
 
发生时间：2020-04-03 15:48:13,256 
内容： 
[.ctor:79@choFastApiService.cs]EcoFastApiService init ok 
 
发生时间：2020-04-03 15:48:13,261 
内容： 
[NodeRegiste:252@FastCallService.cs]Login ,thread id:11 
 
发生时间：2020-04-03 15:48:13,398 
内容： 
[NodeRegiste:282@FastCallService.cs]registe fail 
 
发生时间：2020-04-03 15:48:13,399 
内容： 
[Dispose:95@choFastApiService.cs]ecoFtpApiserver dispose ,thread id:11 
 
发生时间：2020-04-03 15:48:13,412 
内容： 
[.ctor:74@choFastApiService.cs]EcoFastApiService creator,thread id:11 
 
发生时间：2020-04-03 15:48:13,415 
内容： 
[.ctor:79@choFastApiService.cs]EcoFastApiService init ok 
 
发生时间：2020-04-03 15:48:13,428 
内容： 
[NodeRegiste:252@FastCallService.cs]Login ,thread id:11 
 
发生时间：2020-04-03 15:48:13,562 
内容： 
[NodeRegiste:282@FastCallService.cs]registe fail 
 
发生时间：2020-04-03 15:48:13,577 
内容： 
[Dispose:95@choFastApiService.cs]ecoFtpApiserver dispose ,thread id:11 
 
发生时间：2020-04-03 15:48:13,581 
内容： 
[.ctor:74@choFastApiService.cs]EcoFastApiService creator,thread id:11 
 
发生时间：2020-04-03 15:48:13,594 
内容： 
[.ctor:79@choFastApiService.cs]EcoFastApiService init ok 
 
发生时间：2020-04-03 15:48:13,597 
内容： 
[NodeRegiste:252@FastCallService.cs]Login ,thread id:11 
 
发生时间：2020-04-03 15:48:13,727 
内容： 
[NodeRegiste:282@FastCallService.cs]registe fail 
 
发生时间：2020-04-03 15:48:13,730 
内容： 
[Dispose:95@choFastApiService.cs]ecoFtpApiserver dispose ,thread id:11 
 
发生时间：2020-04-03 15:48:13,743 
内容： 
[.ctor:74@choFastApiService.cs]EcoFastApiService creator,thread id:11 
 
发生时间：2020-04-03 15:48:13,746 
内容： 
[.ctor:79@choFastApiService.cs]EcoFastApiService init ok 
 
发生时间：2020-04-03 15:48:13,761 
内容： 
[NodeRegiste:252@FastCallService.cs]Login ,thread id:11 
 
发生时间：2020-04-03 15:48:14,014 
内容： 
[NodeRegiste:277@FastCallService.cs]registe ok 
 
发生时间：2020-04-03 15:48:14,015 
内容： 
[Dispose:95@choFastApiService.cs]ecoFtpApiserver dispose ,thread id:11 
 
发生时间：2020-04-03 15:48:15,256 
内容： 
[.ctor:74@choFastApiService.cs]EcoFastApiService creator,thread id:11 
 
发生时间：2020-04-03 15:48:15,256 
内容： 
[.ctor:79@choFastApiService.cs]EcoFastApiService init ok 
 
发生时间：2020-04-03 15:48:15,558 
内容： 
[Dispose:95@choFastApiService.cs]ecoFtpApiserver dispose ,thread id:11 
 
发生时间：2020-04-03 15:50:16,971 
内容： 
[.ctor:74@choFastApiService.cs]EcoFastApiService creator,thread id:11 
 
发生时间：2020-04-03 15:50:16,972 
内容： 
[.ctor:79@choFastApiService.cs]EcoFastApiService init ok 
 
发生时间：2020-04-03 15:50:17,002 
内容： 
[Dispose:95@choFastApiService.cs]ecoFtpApiserver dispose ,thread id:11 
 
发生时间：2020-04-03 15:52:16,976 
内容： 
[.ctor:74@choFastApiService.cs]EcoFastApiService creator,thread id:11 
 
发生时间：2020-04-03 15:52:16,990 
内容： 
[.ctor:79@choFastApiService.cs]EcoFastApiService init ok 
 
发生时间：2020-04-03 15:52:17,006 
内容： 
[Dispose:95@choFastApiService.cs]ecoFtpApiserver dispose ,thread id:11 
 
发生时间：2020-04-03 15:54:17,044 
内容： 
[.ctor:74@choFastApiService.cs]EcoFastApiService creator,thread id:11 
 
发生时间：2020-04-03 15:54:17,047 
内容： 
[.ctor:79@choFastApiService.cs]EcoFastApiService init ok 
 
发生时间：2020-04-03 15:54:17,088 
内容： 
[Dispose:95@choFastApiService.cs]ecoFtpApiserver dispose ,thread id:11 
 
发生时间：2020-04-03 15:56:17,059 
内容： 
[.ctor:74@choFastApiService.cs]EcoFastApiService creator,thread id:11 
 
发生时间：2020-04-03 15:56:17,079 
内容： 
[.ctor:79@choFastApiService.cs]EcoFastApiService init ok 
 
发生时间：2020-04-03 15:56:17,091 
内容： 
[Dispose:95@choFastApiService.cs]ecoFtpApiserver dispose ,thread id:11 
 
发生时间：2020-04-03 15:58:16,988 
内容： 
[.ctor:74@choFastApiService.cs]EcoFastApiService creator,thread id:11 
 
发生时间：2020-04-03 15:58:16,989 
内容： 
[.ctor:79@choFastApiService.cs]EcoFastApiService init ok 
 
发生时间：2020-04-03 15:58:16,993 
内容： 
[Dispose:95@choFastApiService.cs]ecoFtpApiserver dispose ,thread id:11 
 
发生时间：2020-04-03 16:00:16,974 
内容： 
[.ctor:74@choFastApiService.cs]EcoFastApiService creator,thread id:11 
 
发生时间：2020-04-03 16:00:16,976 
内容： 
[.ctor:79@choFastApiService.cs]EcoFastApiService init ok 
 
发生时间：2020-04-03 16:00:17,000 
内容： 
[Dispose:95@choFastApiService.cs]ecoFtpApiserver dispose ,thread id:11 
 
发生时间：2020-04-03 16:02:16,989 
内容： 
[.ctor:74@choFastApiService.cs]EcoFastApiService creator,thread id:11 
 
发生时间：2020-04-03 16:02:16,991 
内容： 
[.ctor:79@choFastApiService.cs]EcoFastApiService init ok 
 
发生时间：2020-04-03 16:02:17,009 
内容： 
[Dispose:95@choFastApiService.cs]ecoFtpApiserver dispose ,thread id:11 
 
发生时间：2020-04-03 16:04:16,976 
内容： 
[.ctor:74@choFastApiService.cs]EcoFastApiService creator,thread id:11 
 
发生时间：2020-04-03 16:04:16,978 
内容： 
[.ctor:79@choFastApiService.cs]EcoFastApiService init ok 
 
发生时间：2020-04-03 16:04:17,002 
内容： 
[Dispose:95@choFastApiService.cs]ecoFtpApiserver dispose ,thread id:11 
 
发生时间：2020-04-03 16:06:16,975 
内容： 
[.ctor:74@choFastApiService.cs]EcoFastApiService creator,thread id:11 
 
发生时间：2020-04-03 16:06:16,976 
内容： 
[.ctor:79@choFastApiService.cs]EcoFastApiService init ok 
 
发生时间：2020-04-03 16:06:16,989 
内容： 
[Dispose:95@choFastApiService.cs]ecoFtpApiserver dispose ,thread id:11 
 
发生时间：2020-04-03 16:08:15,870 
内容： 
[.ctor:74@choFastApiService.cs]EcoFastApiService creator,thread id:11 
 
发生时间：2020-04-03 16:08:15,871 
内容： 
[.ctor:79@choFastApiService.cs]EcoFastApiService init ok 
 
发生时间：2020-04-03 16:08:15,941 
内容： 
[CompareClientFiles:30@FastCallService.cs]CompareClientFiles  
 
发生时间：2020-04-03 16:08:15,943 
内容： 
[CompareClientFiles:46@FastCallService.cs]CompareClientFiles result:4 
 
发生时间：2020-04-03 16:08:15,951 
内容： 
[Dispose:95@choFastApiService.cs]ecoFtpApiserver dispose ,thread id:11 
 
发生时间：2020-04-03 16:08:17,048 
内容： 
[.ctor:74@choFastApiService.cs]EcoFastApiService creator,thread id:11 
 
发生时间：2020-04-03 16:08:17,049 
内容： 
[.ctor:79@choFastApiService.cs]EcoFastApiService init ok 
 
发生时间：2020-04-03 16:08:17,066 
内容： 
[Dispose:95@choFastApiService.cs]ecoFtpApiserver dispose ,thread id:11 
 
发生时间：2020-04-03 16:10:17,032 
内容： 
[.ctor:74@choFastApiService.cs]EcoFastApiService creator,thread id:11 
 
发生时间：2020-04-03 16:10:17,033 
内容： 
[.ctor:79@choFastApiService.cs]EcoFastApiService init ok 
 
发生时间：2020-04-03 16:10:17,059 
内容： 
[Dispose:95@choFastApiService.cs]ecoFtpApiserver dispose ,thread id:11 
 
发生时间：2020-04-03 16:12:17,025 
内容： 
[.ctor:74@choFastApiService.cs]EcoFastApiService creator,thread id:11 
 
发生时间：2020-04-03 16:12:17,027 
内容： 
[.ctor:79@choFastApiService.cs]EcoFastApiService init ok 
 
发生时间：2020-04-03 16:12:17,070 
内容： 
[Dispose:95@choFastApiService.cs]ecoFtpApiserver dispose ,thread id:11 
 
发生时间：2020-04-03 16:14:17,019 
内容： 
[.ctor:74@choFastApiService.cs]EcoFastApiService creator,thread id:11 
 
发生时间：2020-04-03 16:14:17,020 
内容： 
[.ctor:79@choFastApiService.cs]EcoFastApiService init ok 
 
发生时间：2020-04-03 16:14:17,047 
内容： 
[Dispose:95@choFastApiService.cs]ecoFtpApiserver dispose ,thread id:11 
 
发生时间：2020-04-03 16:16:16,970 
内容： 
[.ctor:74@choFastApiService.cs]EcoFastApiService creator,thread id:11 
 
发生时间：2020-04-03 16:16:16,972 
内容： 
[.ctor:79@choFastApiService.cs]EcoFastApiService init ok 
 
发生时间：2020-04-03 16:16:17,001 
内容： 
[Dispose:95@choFastApiService.cs]ecoFtpApiserver dispose ,thread id:11 
 
发生时间：2020-04-03 16:18:17,044 
内容： 
[.ctor:74@choFastApiService.cs]EcoFastApiService creator,thread id:11 
 
发生时间：2020-04-03 16:18:17,045 
内容： 
[.ctor:79@choFastApiService.cs]EcoFastApiService init ok 
 
发生时间：2020-04-03 16:18:17,076 
内容： 
[Dispose:95@choFastApiService.cs]ecoFtpApiserver dispose ,thread id:11 
 
发生时间：2020-04-03 16:20:16,981 
内容： 
[.ctor:74@choFastApiService.cs]EcoFastApiService creator,thread id:11 
 
发生时间：2020-04-03 16:20:16,983 
内容： 
[.ctor:79@choFastApiService.cs]EcoFastApiService init ok 
 
发生时间：2020-04-03 16:20:17,009 
内容： 
[Dispose:95@choFastApiService.cs]ecoFtpApiserver dispose ,thread id:11 
 
发生时间：2020-04-03 16:22:16,980 
内容： 
[.ctor:74@choFastApiService.cs]EcoFastApiService creator,thread id:11 
 
发生时间：2020-04-03 16:22:16,981 
内容： 
[.ctor:79@choFastApiService.cs]EcoFastApiService init ok 
 
发生时间：2020-04-03 16:22:16,985 
内容： 
[Dispose:95@choFastApiService.cs]ecoFtpApiserver dispose ,thread id:11 
 
发生时间：2020-04-03 16:24:16,973 
内容： 
[.ctor:74@choFastApiService.cs]EcoFastApiService creator,thread id:11 
 
发生时间：2020-04-03 16:24:16,974 
内容： 
[.ctor:79@choFastApiService.cs]EcoFastApiService init ok 
 
发生时间：2020-04-03 16:24:16,993 
内容： 
[Dispose:95@choFastApiService.cs]ecoFtpApiserver dispose ,thread id:11 
 
发生时间：2020-04-03 16:26:16,977 
内容： 
[.ctor:74@choFastApiService.cs]EcoFastApiService creator,thread id:11 
 
发生时间：2020-04-03 16:26:16,987 
内容： 
[.ctor:79@choFastApiService.cs]EcoFastApiService init ok 
 
发生时间：2020-04-03 16:26:17,007 
内容： 
[Dispose:95@choFastApiService.cs]ecoFtpApiserver dispose ,thread id:11 
 
发生时间：2020-04-03 16:28:15,855 
内容： 
[.ctor:74@choFastApiService.cs]EcoFastApiService creator,thread id:11 
 
发生时间：2020-04-03 16:28:15,855 
内容： 
[.ctor:79@choFastApiService.cs]EcoFastApiService init ok 
 
发生时间：2020-04-03 16:28:15,884 
内容： 
[CompareClientFiles:30@FastCallService.cs]CompareClientFiles  
 
发生时间：2020-04-03 16:28:15,886 
内容： 
[CompareClientFiles:46@FastCallService.cs]CompareClientFiles result:4 
 
发生时间：2020-04-03 16:28:15,897 
内容： 
[Dispose:95@choFastApiService.cs]ecoFtpApiserver dispose ,thread id:11 
 
发生时间：2020-04-03 16:28:17,084 
内容： 
[.ctor:74@choFastApiService.cs]EcoFastApiService creator,thread id:11 
 
发生时间：2020-04-03 16:28:17,084 
内容： 
[.ctor:79@choFastApiService.cs]EcoFastApiService init ok 
 
发生时间：2020-04-03 16:28:17,109 
内容： 
[Dispose:95@choFastApiService.cs]ecoFtpApiserver dispose ,thread id:11 
 
发生时间：2020-04-03 16:30:17,037 
内容： 
[.ctor:74@choFastApiService.cs]EcoFastApiService creator,thread id:11 
 
发生时间：2020-04-03 16:30:17,037 
内容： 
[.ctor:79@choFastApiService.cs]EcoFastApiService init ok 
 
发生时间：2020-04-03 16:30:17,052 
内容： 
[Dispose:95@choFastApiService.cs]ecoFtpApiserver dispose ,thread id:11 
 
