发生时间：2020-04-04 11:11:33,087 
内容： 
[.ctor:74@choFastApiService.cs]EcoFastApiService creator,thread id:12 
 
发生时间：2020-04-04 11:11:33,088 
内容： 
[.ctor:79@choFastApiService.cs]EcoFastApiService init ok 
 
发生时间：2020-04-04 11:11:33,487 
内容： 
[NodeRegiste:316@FastCallService.cs]Login ,thread id:12 
 
发生时间：2020-04-04 11:11:40,679 
内容： 
[NodeRegiste:345@FastCallService.cs]registe fail 
 
发生时间：2020-04-04 11:11:40,843 
内容： 
[Dispose:95@choFastApiService.cs]ecoFtpApiserver dispose ,thread id:12 
 
发生时间：2020-04-04 11:11:40,953 
内容： 
[.ctor:74@choFastApiService.cs]EcoFastApiService creator,thread id:12 
 
发生时间：2020-04-04 11:11:40,954 
内容： 
[.ctor:79@choFastApiService.cs]EcoFastApiService init ok 
 
发生时间：2020-04-04 11:11:40,960 
内容： 
[NodeRegiste:316@FastCallService.cs]Login ,thread id:12 
 
发生时间：2020-04-04 11:11:41,064 
内容： 
[NodeRegiste:345@FastCallService.cs]registe fail 
 
发生时间：2020-04-04 11:11:41,070 
内容： 
[Dispose:95@choFastApiService.cs]ecoFtpApiserver dispose ,thread id:12 
 
发生时间：2020-04-04 11:11:41,082 
内容： 
[.ctor:74@choFastApiService.cs]EcoFastApiService creator,thread id:12 
 
发生时间：2020-04-04 11:11:41,097 
内容： 
[.ctor:79@choFastApiService.cs]EcoFastApiService init ok 
 
发生时间：2020-04-04 11:11:41,106 
内容： 
[NodeRegiste:316@FastCallService.cs]Login ,thread id:12 
 
发生时间：2020-04-04 11:11:41,220 
内容： 
[NodeRegiste:345@FastCallService.cs]registe fail 
 
发生时间：2020-04-04 11:11:41,231 
内容： 
[Dispose:95@choFastApiService.cs]ecoFtpApiserver dispose ,thread id:12 
 
发生时间：2020-04-04 11:11:41,247 
内容： 
[.ctor:74@choFastApiService.cs]EcoFastApiService creator,thread id:12 
 
发生时间：2020-04-04 11:11:41,252 
内容： 
[.ctor:79@choFastApiService.cs]EcoFastApiService init ok 
 
发生时间：2020-04-04 11:11:41,262 
内容： 
[NodeRegiste:316@FastCallService.cs]Login ,thread id:12 
 
发生时间：2020-04-04 11:11:41,392 
内容： 
[NodeRegiste:345@FastCallService.cs]registe fail 
 
发生时间：2020-04-04 11:11:41,398 
内容： 
[Dispose:95@choFastApiService.cs]ecoFtpApiserver dispose ,thread id:12 
 
发生时间：2020-04-04 11:11:41,408 
内容： 
[.ctor:74@choFastApiService.cs]EcoFastApiService creator,thread id:12 
 
发生时间：2020-04-04 11:11:41,416 
内容： 
[.ctor:79@choFastApiService.cs]EcoFastApiService init ok 
 
发生时间：2020-04-04 11:11:41,430 
内容： 
[NodeRegiste:316@FastCallService.cs]Login ,thread id:12 
 
发生时间：2020-04-04 11:11:41,497 
内容： 
[NodeRegiste:345@FastCallService.cs]registe fail 
 
发生时间：2020-04-04 11:11:41,503 
内容： 
[Dispose:95@choFastApiService.cs]ecoFtpApiserver dispose ,thread id:12 
 
发生时间：2020-04-04 11:11:41,515 
内容： 
[.ctor:74@choFastApiService.cs]EcoFastApiService creator,thread id:12 
 
发生时间：2020-04-04 11:11:41,532 
内容： 
[.ctor:79@choFastApiService.cs]EcoFastApiService init ok 
 
发生时间：2020-04-04 11:11:41,549 
内容： 
[NodeRegiste:316@FastCallService.cs]Login ,thread id:12 
 
发生时间：2020-04-04 11:11:41,722 
内容： 
[NodeRegiste:340@FastCallService.cs]registe ok 
 
发生时间：2020-04-04 11:11:41,723 
内容： 
[Dispose:95@choFastApiService.cs]ecoFtpApiserver dispose ,thread id:12 
 
发生时间：2020-04-04 11:11:43,321 
内容： 
[.ctor:74@choFastApiService.cs]EcoFastApiService creator,thread id:12 
 
发生时间：2020-04-04 11:11:43,322 
内容： 
[.ctor:79@choFastApiService.cs]EcoFastApiService init ok 
 
