[initTasklist:367@baseStartupExt.cs]now time spane is :300000 naem:FrmLib.Extend.TimeNowDoEventHandler
[initTasklist:367@baseStartupExt.cs]now time spane is :30000 naem:FrmLib.Extend.TimeNowDoEventHandler
[initTasklist:367@baseStartupExt.cs]now time spane is :30000 naem:FrmLib.Extend.TimeNowDoEventHandler
[initTasklist:367@baseStartupExt.cs]now time spane is :300000 naem:FrmLib.Extend.TimeNowDoEventHandler
[initTasklist:367@baseStartupExt.cs]now time spane is :30000 naem:FrmLib.Extend.TimeNowDoEventHandler
[initTasklist:367@baseStartupExt.cs]now time spane is :30000 naem:FrmLib.Extend.TimeNowDoEventHandler
[initTasklist:367@baseStartupExt.cs]now time spane is :300000 naem:FrmLib.Extend.TimeNowDoEventHandler
[initTasklist:367@baseStartupExt.cs]now time spane is :30000 naem:FrmLib.Extend.TimeNowDoEventHandler
[initTasklist:367@baseStartupExt.cs]now time spane is :30000 naem:FrmLib.Extend.TimeNowDoEventHandler
[initTasklist:367@baseStartupExt.cs]now time spane is :300000 naem:FrmLib.Extend.TimeNowDoEventHandler
[initTasklist:367@baseStartupExt.cs]now time spane is :30000 naem:FrmLib.Extend.TimeNowDoEventHandler
[initTasklist:367@baseStartupExt.cs]now time spane is :30000 naem:FrmLib.Extend.TimeNowDoEventHandler
[initTasklist:367@baseStartupExt.cs]now time spane is :300000 naem:FrmLib.Extend.TimeNowDoEventHandler
[initTasklist:367@baseStartupExt.cs]now time spane is :30000 naem:FrmLib.Extend.TimeNowDoEventHandler
[initTasklist:367@baseStartupExt.cs]now time spane is :30000 naem:FrmLib.Extend.TimeNowDoEventHandler
[initTasklist:367@baseStartupExt.cs]now time spane is :300000 naem:FrmLib.Extend.TimeNowDoEventHandler
[initTasklist:367@baseStartupExt.cs]now time spane is :30000 naem:FrmLib.Extend.TimeNowDoEventHandler
[initTasklist:367@baseStartupExt.cs]now time spane is :30000 naem:FrmLib.Extend.TimeNowDoEventHandler
[initTasklist:367@baseStartupExt.cs]now time spane is :300000 naem:FrmLib.Extend.TimeNowDoEventHandler
[initTasklist:367@baseStartupExt.cs]now time spane is :30000 naem:FrmLib.Extend.TimeNowDoEventHandler
[initTasklist:367@baseStartupExt.cs]now time spane is :30000 naem:FrmLib.Extend.TimeNowDoEventHandler
[initTasklist:367@baseStartupExt.cs]now time spane is :300000 naem:FrmLib.Extend.TimeNowDoEventHandler
[initTasklist:367@baseStartupExt.cs]now time spane is :30000 naem:FrmLib.Extend.TimeNowDoEventHandler
[initTasklist:367@baseStartupExt.cs]now time spane is :30000 naem:FrmLib.Extend.TimeNowDoEventHandler
[getCurrentUser:89@SysFunc.cs]iprincipal:False
[getCurrentUser:95@SysFunc.cs]iprincipal user id:1
[getCurrentUser:97@SysFunc.cs]iprincipal space :False
[getCurrentUser:101@SysFunc.cs]iprincipal curr :False
[initTasklist:367@baseStartupExt.cs]now time spane is :300000 naem:FrmLib.Extend.TimeNowDoEventHandler
[initTasklist:367@baseStartupExt.cs]now time spane is :30000 naem:FrmLib.Extend.TimeNowDoEventHandler
[initTasklist:367@baseStartupExt.cs]now time spane is :30000 naem:FrmLib.Extend.TimeNowDoEventHandler
[getCurrentUser:89@SysFunc.cs]iprincipal:False
[getCurrentUser:95@SysFunc.cs]iprincipal user id:1
[getCurrentUser:97@SysFunc.cs]iprincipal space :False
[getCurrentUser:101@SysFunc.cs]iprincipal curr :False
[initTasklist:367@baseStartupExt.cs]now time spane is :300000 naem:FrmLib.Extend.TimeNowDoEventHandler
[initTasklist:367@baseStartupExt.cs]now time spane is :30000 naem:FrmLib.Extend.TimeNowDoEventHandler
[initTasklist:367@baseStartupExt.cs]now time spane is :30000 naem:FrmLib.Extend.TimeNowDoEventHandler
[initTasklist:367@baseStartupExt.cs]now time spane is :300000 naem:FrmLib.Extend.TimeNowDoEventHandler
[initTasklist:367@baseStartupExt.cs]now time spane is :30000 naem:FrmLib.Extend.TimeNowDoEventHandler
[initTasklist:367@baseStartupExt.cs]now time spane is :30000 naem:FrmLib.Extend.TimeNowDoEventHandler
[initTasklist:367@baseStartupExt.cs]now time spane is :300000 naem:FrmLib.Extend.TimeNowDoEventHandler
[initTasklist:367@baseStartupExt.cs]now time spane is :30000 naem:FrmLib.Extend.TimeNowDoEventHandler
[initTasklist:367@baseStartupExt.cs]now time spane is :30000 naem:FrmLib.Extend.TimeNowDoEventHandler
[initTasklist:367@baseStartupExt.cs]now time spane is :300000 naem:FrmLib.Extend.TimeNowDoEventHandler
[initTasklist:367@baseStartupExt.cs]now time spane is :30000 naem:FrmLib.Extend.TimeNowDoEventHandler
[initTasklist:367@baseStartupExt.cs]now time spane is :30000 naem:FrmLib.Extend.TimeNowDoEventHandler
[initTasklist:367@baseStartupExt.cs]now time spane is :300000 naem:FrmLib.Extend.TimeNowDoEventHandler
[initTasklist:367@baseStartupExt.cs]now time spane is :30000 naem:FrmLib.Extend.TimeNowDoEventHandler
[initTasklist:367@baseStartupExt.cs]now time spane is :30000 naem:FrmLib.Extend.TimeNowDoEventHandler
[initTasklist:367@baseStartupExt.cs]now time spane is :300000 naem:FrmLib.Extend.TimeNowDoEventHandler
[initTasklist:367@baseStartupExt.cs]now time spane is :30000 naem:FrmLib.Extend.TimeNowDoEventHandler
[initTasklist:367@baseStartupExt.cs]now time spane is :30000 naem:FrmLib.Extend.TimeNowDoEventHandler
