[updateMe:85@SoftUpdateFiles.cs]updateMe:D:\document\workSpace\projects\dotnetCore\open_microService\deploySys\deploySys.Node\bin\Debug\netcoreapp2.2,deploySys.Common.dll,False
[updateMe:85@SoftUpdateFiles.cs]updateMe:D:\document\workSpace\projects\dotnetCore\open_microService\deploySys\deploySys.Node\bin\Debug\netcoreapp2.2,deploySys.Common.pdb,False
[updateMe:85@SoftUpdateFiles.cs]updateMe:D:\document\workSpace\projects\dotnetCore\open_microService\deploySys\deploySys.Node\bin\Debug\netcoreapp2.2,deploySys.Node.deps.json,False
[updateMe:85@SoftUpdateFiles.cs]updateMe:D:\document\workSpace\projects\dotnetCore\open_microService\deploySys\deploySys.Node\bin\Debug\netcoreapp2.2,deploySys.Node.dll,False
[updateMe:85@SoftUpdateFiles.cs]updateMe:D:\document\workSpace\projects\dotnetCore\open_microService\deploySys\deploySys.Node\bin\Debug\netcoreapp2.2,deploySys.Node.pdb,False
[updateMe:85@SoftUpdateFiles.cs]updateMe:D:\document\workSpace\projects\dotnetCore\open_microService\deploySys\deploySys.Node\bin\Debug\netcoreapp2.2,deploySys.Node.runtimeconfig.dev.json,False
[updateMe:85@SoftUpdateFiles.cs]updateMe:D:\document\workSpace\projects\dotnetCore\open_microService\deploySys\deploySys.Node\bin\Debug\netcoreapp2.2,deploySys.Node.runtimeconfig.json,False
[updateMe:85@SoftUpdateFiles.cs]updateMe:D:\document\workSpace\projects\dotnetCore\open_microService\deploySys\deploySys.Node\bin\Debug\netcoreapp2.2,ModelCore.dll,False
[updateMe:85@SoftUpdateFiles.cs]updateMe:D:\document\workSpace\projects\dotnetCore\open_microService\deploySys\deploySys.Node\bin\Debug\netcoreapp2.2,ModelCore.dll.config,False
[updateMe:85@SoftUpdateFiles.cs]updateMe:D:\document\workSpace\projects\dotnetCore\open_microService\deploySys\deploySys.Node\bin\Debug\netcoreapp2.2,ModelCore.pdb,False
[updateMe:85@SoftUpdateFiles.cs]updateMe:D:\document\workSpace\projects\dotnetCore\open_microService\deploySys\deploySys.Node\bin\Debug\netcoreapp2.2,spNettyRPC.dll,False
[updateMe:85@SoftUpdateFiles.cs]updateMe:D:\document\workSpace\projects\dotnetCore\open_microService\deploySys\deploySys.Node\bin\Debug\netcoreapp2.2,spNettyRPC.pdb,False
[updateMe:85@SoftUpdateFiles.cs]updateMe:D:\document\workSpace\projects\dotnetCore\open_microService\deploySys\deploySys.Node\bin\Debug\netcoreapp2.2,version.txt,False
[updateMe:85@SoftUpdateFiles.cs]updateMe:configs,appsettings.json,False
[updateMe:85@SoftUpdateFiles.cs]updateMe:configs,CronTask.config,False
[updateMe:85@SoftUpdateFiles.cs]updateMe:configs,log4net.config,False
[updateMe:85@SoftUpdateFiles.cs]updateMe:configs,mime.types,False
[updateMe:85@SoftUpdateFiles.cs]updateMe:publish,AipSdk.dll,False
[updateMe:85@SoftUpdateFiles.cs]updateMe:publish,BouncyCastle.Crypto.dll,False
[updateMe:85@SoftUpdateFiles.cs]updateMe:publish,Chloe.dll,False
[updateMe:85@SoftUpdateFiles.cs]updateMe:publish,deploySys.Common.dll,False
[updateMe:85@SoftUpdateFiles.cs]updateMe:publish,deploySys.Common.pdb,False
[updateMe:85@SoftUpdateFiles.cs]updateMe:publish,deploySys.Node.deps.json,False
[updateMe:85@SoftUpdateFiles.cs]updateMe:publish,deploySys.Node.dll,False
[updateMe:85@SoftUpdateFiles.cs]updateMe:publish,deploySys.Node.pdb,False
[updateMe:85@SoftUpdateFiles.cs]updateMe:publish,deploySys.Node.runtimeconfig.json,False
[updateMe:85@SoftUpdateFiles.cs]updateMe:publish,Docker.DotNet.dll,False
[updateMe:85@SoftUpdateFiles.cs]updateMe:publish,DotNetty.Buffers.dll,False
[updateMe:85@SoftUpdateFiles.cs]updateMe:publish,DotNetty.Codecs.dll,False
[updateMe:85@SoftUpdateFiles.cs]updateMe:publish,DotNetty.Common.dll,False
[updateMe:85@SoftUpdateFiles.cs]updateMe:publish,DotNetty.Handlers.dll,False
[updateMe:85@SoftUpdateFiles.cs]updateMe:publish,DotNetty.Transport.dll,False
[updateMe:85@SoftUpdateFiles.cs]updateMe:publish,DotNetty.Transport.Libuv.dll,False
[updateMe:85@SoftUpdateFiles.cs]updateMe:publish,Google.Protobuf.dll,False
[updateMe:85@SoftUpdateFiles.cs]updateMe:publish,log4net.dll,False
[updateMe:85@SoftUpdateFiles.cs]updateMe:publish,MailKit.dll,False
[updateMe:85@SoftUpdateFiles.cs]updateMe:publish,MessagePack.Annotations.dll,False
[updateMe:85@SoftUpdateFiles.cs]updateMe:publish,MessagePack.dll,False
[updateMe:85@SoftUpdateFiles.cs]updateMe:publish,Microsoft.AspNetCore.Authentication.Abstractions.dll,False
[updateMe:85@SoftUpdateFiles.cs]updateMe:publish,Microsoft.AspNetCore.Authentication.Core.dll,False
[updateMe:85@SoftUpdateFiles.cs]updateMe:publish,Microsoft.AspNetCore.Authorization.dll,False
[updateMe:85@SoftUpdateFiles.cs]updateMe:publish,Microsoft.AspNetCore.Authorization.Policy.dll,False
[updateMe:85@SoftUpdateFiles.cs]updateMe:publish,Microsoft.AspNetCore.Hosting.Abstractions.dll,False
[updateMe:85@SoftUpdateFiles.cs]updateMe:publish,Microsoft.AspNetCore.Hosting.Server.Abstractions.dll,False
[updateMe:85@SoftUpdateFiles.cs]updateMe:publish,Microsoft.AspNetCore.Http.Abstractions.dll,False
[updateMe:85@SoftUpdateFiles.cs]updateMe:publish,Microsoft.AspNetCore.Http.dll,False
[updateMe:85@SoftUpdateFiles.cs]updateMe:publish,Microsoft.AspNetCore.Http.Extensions.dll,False
[updateMe:85@SoftUpdateFiles.cs]updateMe:publish,Microsoft.AspNetCore.Http.Features.dll,False
[updateMe:85@SoftUpdateFiles.cs]updateMe:publish,Microsoft.AspNetCore.Mvc.Abstractions.dll,False
[updateMe:85@SoftUpdateFiles.cs]updateMe:publish,Microsoft.AspNetCore.Mvc.Core.dll,False
[updateMe:85@SoftUpdateFiles.cs]updateMe:publish,Microsoft.AspNetCore.ResponseCaching.Abstractions.dll,False
[updateMe:85@SoftUpdateFiles.cs]updateMe:publish,Microsoft.AspNetCore.Routing.Abstractions.dll,False
[updateMe:85@SoftUpdateFiles.cs]updateMe:publish,Microsoft.AspNetCore.Routing.dll,False
[updateMe:85@SoftUpdateFiles.cs]updateMe:publish,Microsoft.AspNetCore.WebUtilities.dll,False
[updateMe:85@SoftUpdateFiles.cs]updateMe:publish,Microsoft.Bcl.AsyncInterfaces.dll,False
[updateMe:85@SoftUpdateFiles.cs]updateMe:publish,Microsoft.DotNet.PlatformAbstractions.dll,False
[updateMe:85@SoftUpdateFiles.cs]updateMe:publish,Microsoft.Extensions.Configuration.Abstractions.dll,False
[updateMe:85@SoftUpdateFiles.cs]updateMe:publish,Microsoft.Extensions.Configuration.Binder.dll,False
[updateMe:85@SoftUpdateFiles.cs]updateMe:publish,Microsoft.Extensions.Configuration.CommandLine.dll,False
[updateMe:85@SoftUpdateFiles.cs]updateMe:publish,Microsoft.Extensions.Configuration.dll,False
[updateMe:85@SoftUpdateFiles.cs]updateMe:publish,Microsoft.Extensions.Configuration.EnvironmentVariables.dll,False
[updateMe:85@SoftUpdateFiles.cs]updateMe:publish,Microsoft.Extensions.Configuration.FileExtensions.dll,False
[updateMe:85@SoftUpdateFiles.cs]updateMe:publish,Microsoft.Extensions.Configuration.Json.dll,False
[updateMe:85@SoftUpdateFiles.cs]updateMe:publish,Microsoft.Extensions.DependencyInjection.Abstractions.dll,False
[updateMe:85@SoftUpdateFiles.cs]updateMe:publish,Microsoft.Extensions.DependencyInjection.dll,False
[updateMe:85@SoftUpdateFiles.cs]updateMe:publish,Microsoft.Extensions.DependencyModel.dll,False
[updateMe:85@SoftUpdateFiles.cs]updateMe:publish,Microsoft.Extensions.FileProviders.Abstractions.dll,False
[updateMe:85@SoftUpdateFiles.cs]updateMe:publish,Microsoft.Extensions.FileProviders.Physical.dll,False
[updateMe:85@SoftUpdateFiles.cs]updateMe:publish,Microsoft.Extensions.FileSystemGlobbing.dll,False
[updateMe:85@SoftUpdateFiles.cs]updateMe:publish,Microsoft.Extensions.Hosting.Abstractions.dll,False
[updateMe:85@SoftUpdateFiles.cs]updateMe:publish,Microsoft.Extensions.Hosting.dll,False
[updateMe:85@SoftUpdateFiles.cs]updateMe:publish,Microsoft.Extensions.Logging.Abstractions.dll,False
[updateMe:85@SoftUpdateFiles.cs]updateMe:publish,Microsoft.Extensions.Logging.Configuration.dll,False
[updateMe:85@SoftUpdateFiles.cs]updateMe:publish,Microsoft.Extensions.Logging.Console.dll,False
[updateMe:85@SoftUpdateFiles.cs]updateMe:publish,Microsoft.Extensions.Logging.Debug.dll,False
[updateMe:85@SoftUpdateFiles.cs]updateMe:publish,Microsoft.Extensions.Logging.dll,False
[updateMe:85@SoftUpdateFiles.cs]updateMe:publish,Microsoft.Extensions.ObjectPool.dll,False
[updateMe:85@SoftUpdateFiles.cs]updateMe:publish,Microsoft.Extensions.Options.ConfigurationExtensions.dll,False
[updateMe:85@SoftUpdateFiles.cs]updateMe:publish,Microsoft.Extensions.Options.dll,False
[updateMe:85@SoftUpdateFiles.cs]updateMe:publish,Microsoft.Extensions.Primitives.dll,False
[updateMe:85@SoftUpdateFiles.cs]updateMe:publish,Microsoft.Net.Http.Headers.dll,False
[updateMe:85@SoftUpdateFiles.cs]updateMe:publish,Microsoft.Win32.Registry.dll,False
[updateMe:85@SoftUpdateFiles.cs]updateMe:publish,MimeKit.dll,False
[updateMe:85@SoftUpdateFiles.cs]updateMe:publish,ModelCore.dll,False
[updateMe:85@SoftUpdateFiles.cs]updateMe:publish,ModelCore.dll.config,False
[updateMe:85@SoftUpdateFiles.cs]updateMe:publish,ModelCore.pdb,False
[updateMe:85@SoftUpdateFiles.cs]updateMe:publish,MongoDB.Bson.dll,False
[updateMe:85@SoftUpdateFiles.cs]updateMe:publish,MongoDB.Driver.Core.dll,False
[updateMe:85@SoftUpdateFiles.cs]updateMe:publish,MongoDB.Driver.dll,False
[updateMe:85@SoftUpdateFiles.cs]updateMe:publish,MySql.Data.dll,False
[updateMe:85@SoftUpdateFiles.cs]updateMe:publish,Newtonsoft.Json.dll,False
[updateMe:85@SoftUpdateFiles.cs]updateMe:publish,NodaTime.dll,False
[updateMe:85@SoftUpdateFiles.cs]updateMe:publish,SharpCompress.dll,False
[updateMe:85@SoftUpdateFiles.cs]updateMe:publish,spNettyRPC.dll,False
[updateMe:85@SoftUpdateFiles.cs]updateMe:publish,spNettyRPC.pdb,False
[updateMe:85@SoftUpdateFiles.cs]updateMe:publish,System.Configuration.ConfigurationManager.dll,False
[updateMe:85@SoftUpdateFiles.cs]updateMe:publish,System.Data.SqlClient.dll,False
[updateMe:85@SoftUpdateFiles.cs]updateMe:publish,System.Diagnostics.DiagnosticSource.dll,False
[updateMe:85@SoftUpdateFiles.cs]updateMe:publish,System.Diagnostics.EventLog.dll,False
[updateMe:85@SoftUpdateFiles.cs]updateMe:publish,System.Runtime.CompilerServices.Unsafe.dll,False
[updateMe:85@SoftUpdateFiles.cs]updateMe:publish,System.Security.AccessControl.dll,False
[updateMe:85@SoftUpdateFiles.cs]updateMe:publish,System.Security.Cryptography.ProtectedData.dll,False
[updateMe:85@SoftUpdateFiles.cs]updateMe:publish,System.Security.Permissions.dll,False
[updateMe:85@SoftUpdateFiles.cs]updateMe:publish,System.Security.Principal.Windows.dll,False
[updateMe:85@SoftUpdateFiles.cs]updateMe:publish,System.ServiceProcess.ServiceController.dll,False
[updateMe:85@SoftUpdateFiles.cs]updateMe:publish,System.Text.Encoding.CodePages.dll,False
[updateMe:85@SoftUpdateFiles.cs]updateMe:publish,System.Text.Encodings.Web.dll,False
[updateMe:85@SoftUpdateFiles.cs]updateMe:publish,System.Threading.AccessControl.dll,False
[updateMe:85@SoftUpdateFiles.cs]updateMe:publish,Topshelf.dll,False
[updateMe:85@SoftUpdateFiles.cs]updateMe:publish,TopShelf.ServiceInstaller.dll,False
[updateMe:85@SoftUpdateFiles.cs]updateMe:publish,version.txt,False
[updateMe:85@SoftUpdateFiles.cs]updateMe:publish,ZKWeb.System.Drawing.dll,False
[updateMe:85@SoftUpdateFiles.cs]updateMe:publish,zxing.dll,False
[updateMe:85@SoftUpdateFiles.cs]updateMe:publish\configs,appsettings.json,False
[updateMe:85@SoftUpdateFiles.cs]updateMe:publish\configs,CronTask.config,False
[updateMe:85@SoftUpdateFiles.cs]updateMe:publish\configs,log4net.config,False
[updateMe:85@SoftUpdateFiles.cs]updateMe:publish\configs,mime.types,False
[updateMe:85@SoftUpdateFiles.cs]updateMe:publish\runtimes\linux-arm\native,libuv.so,False
[updateMe:85@SoftUpdateFiles.cs]updateMe:publish\runtimes\linux-arm64\native,libuv.so,False
[updateMe:85@SoftUpdateFiles.cs]updateMe:publish\runtimes\linux-armel\native,libuv.so,False
[updateMe:85@SoftUpdateFiles.cs]updateMe:publish\runtimes\linux-x64\native,libuv.so,False
[updateMe:85@SoftUpdateFiles.cs]updateMe:publish\runtimes\osx\native,libuv.dylib,False
[updateMe:85@SoftUpdateFiles.cs]updateMe:publish\runtimes\unix\lib\netcoreapp2.1,System.Data.SqlClient.dll,False
[updateMe:85@SoftUpdateFiles.cs]updateMe:publish\runtimes\unix\lib\netcoreapp2.1,System.Security.Principal.Windows.dll,False
[updateMe:85@SoftUpdateFiles.cs]updateMe:publish\runtimes\unix\lib\netstandard2.0,Microsoft.Win32.Registry.dll,False
[updateMe:85@SoftUpdateFiles.cs]updateMe:publish\runtimes\win\lib\netcoreapp2.0,System.Diagnostics.EventLog.dll,False
[updateMe:85@SoftUpdateFiles.cs]updateMe:publish\runtimes\win\lib\netcoreapp2.0,System.Security.AccessControl.dll,False
[updateMe:85@SoftUpdateFiles.cs]updateMe:publish\runtimes\win\lib\netcoreapp2.0,System.Text.Encoding.CodePages.dll,False
[updateMe:85@SoftUpdateFiles.cs]updateMe:publish\runtimes\win\lib\netcoreapp2.1,System.Data.SqlClient.dll,False
[updateMe:85@SoftUpdateFiles.cs]updateMe:publish\runtimes\win\lib\netcoreapp2.1,System.Security.Principal.Windows.dll,False
[updateMe:85@SoftUpdateFiles.cs]updateMe:publish\runtimes\win\lib\netstandard2.0,Microsoft.Win32.Registry.dll,False
[updateMe:85@SoftUpdateFiles.cs]updateMe:publish\runtimes\win\lib\netstandard2.0,System.Security.Cryptography.ProtectedData.dll,False
[updateMe:85@SoftUpdateFiles.cs]updateMe:publish\runtimes\win\lib\netstandard2.0,System.ServiceProcess.ServiceController.dll,False
[updateMe:85@SoftUpdateFiles.cs]updateMe:publish\runtimes\win\lib\netstandard2.0,System.Threading.AccessControl.dll,False
[updateMe:85@SoftUpdateFiles.cs]updateMe:publish\runtimes\win-arm\native,libuv.dll,False
[updateMe:85@SoftUpdateFiles.cs]updateMe:publish\runtimes\win-arm64\native,sni.dll,False
[updateMe:85@SoftUpdateFiles.cs]updateMe:publish\runtimes\win-x64\native,libuv.dll,False
[updateMe:85@SoftUpdateFiles.cs]updateMe:publish\runtimes\win-x64\native,sni.dll,False
[updateMe:85@SoftUpdateFiles.cs]updateMe:publish\runtimes\win-x86\native,libuv.dll,False
[updateMe:85@SoftUpdateFiles.cs]updateMe:publish\runtimes\win-x86\native,sni.dll,False
[checkSelfUpdate:54@Crontask.cs]obj :{
  "filename": "ModelCore.dll.config",
  "basepath": "",
  "lastwriteDt": "0001-01-01T00:00:00",
  "hashcode": "3B309755187E45054C52D95619776307",
  "isdelete": false
}
