2020-04-04 15:16:52,119 [1] DEBUG runInfo [(null)] - [getNetworkInterfacesMac:89@tools.cs]TAP-Windows Adapter V9
2020-04-04 15:16:52,159 [1] DEBUG runInfo [(null)] - [getNetworkInterfacesMac:90@tools.cs]======================
2020-04-04 15:16:52,160 [1] DEBUG runInfo [(null)] - [getNetworkInterfacesMac:91@tools.cs]  Interface type .......................... : Ethernet
2020-04-04 15:16:52,161 [1] DEBUG runInfo [(null)] - [getNetworkInterfacesMac:89@tools.cs]Microsoft Wi-Fi Direct Virtual Adapter
2020-04-04 15:16:52,162 [1] DEBUG runInfo [(null)] - [getNetworkInterfacesMac:90@tools.cs]======================================
2020-04-04 15:16:52,162 [1] DEBUG runInfo [(null)] - [getNetworkInterfacesMac:91@tools.cs]  Interface type .......................... : Wireless80211
2020-04-04 15:16:52,163 [1] DEBUG runInfo [(null)] - [getNetworkInterfacesMac:89@tools.cs]Microsoft Wi-Fi Direct Virtual Adapter #2
2020-04-04 15:16:52,163 [1] DEBUG runInfo [(null)] - [getNetworkInterfacesMac:90@tools.cs]=========================================
2020-04-04 15:16:52,163 [1] DEBUG runInfo [(null)] - [getNetworkInterfacesMac:91@tools.cs]  Interface type .......................... : Wireless80211
2020-04-04 15:16:52,165 [1] DEBUG runInfo [(null)] - [getNetworkInterfacesMac:89@tools.cs]VMware Virtual Ethernet Adapter for VMnet1
2020-04-04 15:16:52,165 [1] DEBUG runInfo [(null)] - [getNetworkInterfacesMac:90@tools.cs]==========================================
2020-04-04 15:16:52,165 [1] DEBUG runInfo [(null)] - [getNetworkInterfacesMac:91@tools.cs]  Interface type .......................... : Ethernet
2020-04-04 15:16:52,166 [1] DEBUG runInfo [(null)] - [getNetworkInterfacesMac:89@tools.cs]VMware Virtual Ethernet Adapter for VMnet8
2020-04-04 15:16:52,166 [1] DEBUG runInfo [(null)] - [getNetworkInterfacesMac:90@tools.cs]==========================================
2020-04-04 15:16:52,166 [1] DEBUG runInfo [(null)] - [getNetworkInterfacesMac:91@tools.cs]  Interface type .......................... : Ethernet
2020-04-04 15:16:52,180 [1] DEBUG runInfo [(null)] - [getNetworkInterfacesMac:89@tools.cs]Intel(R) Dual Band Wireless-AC 8260
2020-04-04 15:16:52,181 [1] DEBUG runInfo [(null)] - [getNetworkInterfacesMac:90@tools.cs]===================================
2020-04-04 15:16:52,189 [1] DEBUG runInfo [(null)] - [getNetworkInterfacesMac:91@tools.cs]  Interface type .......................... : Wireless80211
2020-04-04 15:16:52,208 [1] DEBUG runInfo [(null)] - [getNetworkInterfacesMac:89@tools.cs]Bluetooth Device (Personal Area Network)
2020-04-04 15:16:52,209 [1] DEBUG runInfo [(null)] - [getNetworkInterfacesMac:90@tools.cs]========================================
2020-04-04 15:16:52,221 [1] DEBUG runInfo [(null)] - [getNetworkInterfacesMac:91@tools.cs]  Interface type .......................... : Ethernet
2020-04-04 15:16:52,225 [1] DEBUG runInfo [(null)] - [getNetworkInterfacesMac:89@tools.cs]Software Loopback Interface 1
2020-04-04 15:16:52,225 [1] DEBUG runInfo [(null)] - [getNetworkInterfacesMac:90@tools.cs]=============================
2020-04-04 15:16:52,237 [1] DEBUG runInfo [(null)] - [getNetworkInterfacesMac:91@tools.cs]  Interface type .......................... : Loopback
2020-04-04 15:16:58,977 [1] DEBUG runInfo [(null)] - [initTasklist:81@Confg.cs]now createTaskList
2020-04-04 15:16:59,208 [1] DEBUG runInfo [(null)] - [initTasklist:90@Confg.cs]createTaskList count:4
2020-04-04 15:21:04,162 [1] DEBUG runInfo [(null)] - [getNetworkInterfacesMac:89@tools.cs]TAP-Windows Adapter V9
2020-04-04 15:21:04,200 [1] DEBUG runInfo [(null)] - [getNetworkInterfacesMac:90@tools.cs]======================
2020-04-04 15:21:04,201 [1] DEBUG runInfo [(null)] - [getNetworkInterfacesMac:91@tools.cs]  Interface type .......................... : Ethernet
2020-04-04 15:21:04,202 [1] DEBUG runInfo [(null)] - [getNetworkInterfacesMac:89@tools.cs]Microsoft Wi-Fi Direct Virtual Adapter
2020-04-04 15:21:04,202 [1] DEBUG runInfo [(null)] - [getNetworkInterfacesMac:90@tools.cs]======================================
2020-04-04 15:21:04,202 [1] DEBUG runInfo [(null)] - [getNetworkInterfacesMac:91@tools.cs]  Interface type .......................... : Wireless80211
2020-04-04 15:21:04,203 [1] DEBUG runInfo [(null)] - [getNetworkInterfacesMac:89@tools.cs]Microsoft Wi-Fi Direct Virtual Adapter #2
2020-04-04 15:21:04,203 [1] DEBUG runInfo [(null)] - [getNetworkInterfacesMac:90@tools.cs]=========================================
2020-04-04 15:21:04,203 [1] DEBUG runInfo [(null)] - [getNetworkInterfacesMac:91@tools.cs]  Interface type .......................... : Wireless80211
2020-04-04 15:21:04,204 [1] DEBUG runInfo [(null)] - [getNetworkInterfacesMac:89@tools.cs]VMware Virtual Ethernet Adapter for VMnet1
2020-04-04 15:21:04,205 [1] DEBUG runInfo [(null)] - [getNetworkInterfacesMac:90@tools.cs]==========================================
2020-04-04 15:21:04,205 [1] DEBUG runInfo [(null)] - [getNetworkInterfacesMac:91@tools.cs]  Interface type .......................... : Ethernet
2020-04-04 15:21:04,206 [1] DEBUG runInfo [(null)] - [getNetworkInterfacesMac:89@tools.cs]VMware Virtual Ethernet Adapter for VMnet8
2020-04-04 15:21:04,206 [1] DEBUG runInfo [(null)] - [getNetworkInterfacesMac:90@tools.cs]==========================================
2020-04-04 15:21:04,206 [1] DEBUG runInfo [(null)] - [getNetworkInterfacesMac:91@tools.cs]  Interface type .......................... : Ethernet
2020-04-04 15:21:04,219 [1] DEBUG runInfo [(null)] - [getNetworkInterfacesMac:89@tools.cs]Intel(R) Dual Band Wireless-AC 8260
2020-04-04 15:21:04,219 [1] DEBUG runInfo [(null)] - [getNetworkInterfacesMac:90@tools.cs]===================================
2020-04-04 15:21:04,220 [1] DEBUG runInfo [(null)] - [getNetworkInterfacesMac:91@tools.cs]  Interface type .......................... : Wireless80211
2020-04-04 15:21:04,237 [1] DEBUG runInfo [(null)] - [getNetworkInterfacesMac:89@tools.cs]Bluetooth Device (Personal Area Network)
2020-04-04 15:21:04,237 [1] DEBUG runInfo [(null)] - [getNetworkInterfacesMac:90@tools.cs]========================================
2020-04-04 15:21:04,251 [1] DEBUG runInfo [(null)] - [getNetworkInterfacesMac:91@tools.cs]  Interface type .......................... : Ethernet
2020-04-04 15:21:04,270 [1] DEBUG runInfo [(null)] - [getNetworkInterfacesMac:89@tools.cs]Software Loopback Interface 1
2020-04-04 15:21:04,271 [1] DEBUG runInfo [(null)] - [getNetworkInterfacesMac:90@tools.cs]=============================
2020-04-04 15:21:04,271 [1] DEBUG runInfo [(null)] - [getNetworkInterfacesMac:91@tools.cs]  Interface type .......................... : Loopback
2020-04-04 15:29:14,305 [1] DEBUG runInfo [(null)] - [initTasklist:81@Confg.cs]now createTaskList
2020-04-04 15:29:14,450 [1] DEBUG runInfo [(null)] - [initTasklist:90@Confg.cs]createTaskList count:4
2020-04-04 15:29:34,950 [30] ERROR runInfo [(null)] - [SayAlive:258@nodeClient.cs]由于以前的关闭调用，套接字在那个方向已经关闭，发送或接收数据的请求没有被接受。
2020-04-04 15:34:44,487 [24] ERROR runInfo [(null)] - [SayAlive:258@nodeClient.cs]The operation has timed out.
2020-04-04 15:40:53,073 [1] DEBUG runInfo [(null)] - [initTasklist:81@Confg.cs]now createTaskList
2020-04-04 15:40:53,228 [1] DEBUG runInfo [(null)] - [initTasklist:90@Confg.cs]createTaskList count:4
2020-04-04 15:53:51,705 [1] DEBUG runInfo [(null)] - [initTasklist:81@Confg.cs]now createTaskList
2020-04-04 15:53:51,845 [1] DEBUG runInfo [(null)] - [initTasklist:90@Confg.cs]createTaskList count:4
2020-04-04 15:55:28,528 [24] ERROR runInfo [(null)] - [SayAlive:259@nodeClient.cs]AsyncHelpers.Run method threw an exception. (The operation has timed out.)
The operation has timed out.
2020-04-04 15:56:08,517 [30] ERROR runInfo [(null)] - [SayAlive:259@nodeClient.cs]AsyncHelpers.Run method threw an exception. (The operation has timed out.)
The operation has timed out.
2020-04-04 15:56:55,333 [26] ERROR runInfo [(null)] - [SayAlive:259@nodeClient.cs]AsyncHelpers.Run method threw an exception. (The operation has timed out.)
The operation has timed out.
2020-04-04 15:57:43,653 [30] ERROR runInfo [(null)] - [SayAlive:259@nodeClient.cs]AsyncHelpers.Run method threw an exception. (The operation has timed out.)
The operation has timed out.
2020-04-04 16:00:25,343 [1] DEBUG runInfo [(null)] - [initTasklist:81@Confg.cs]now createTaskList
2020-04-04 16:00:25,477 [1] DEBUG runInfo [(null)] - [initTasklist:90@Confg.cs]createTaskList count:4
2020-04-04 16:02:12,256 [1] DEBUG runInfo [(null)] - [initTasklist:81@Confg.cs]now createTaskList
2020-04-04 16:02:12,406 [1] DEBUG runInfo [(null)] - [initTasklist:90@Confg.cs]createTaskList count:4
2020-04-04 16:04:21,647 [1] DEBUG runInfo [(null)] - [initTasklist:81@Confg.cs]now createTaskList
2020-04-04 16:04:21,799 [1] DEBUG runInfo [(null)] - [initTasklist:90@Confg.cs]createTaskList count:4
2020-04-04 16:06:28,419 [1] DEBUG runInfo [(null)] - [initTasklist:81@Confg.cs]now createTaskList
2020-04-04 16:06:28,571 [1] DEBUG runInfo [(null)] - [initTasklist:90@Confg.cs]createTaskList count:4
2020-04-04 16:07:07,309 [29] ERROR runInfo [(null)] - [refreshConnect:102@nodeClient.cs]AsyncHelpers.Run method threw an exception. (AsyncHelpers.Run method threw an exception. (LogError connecting to 119.3.126.117:8080))
AsyncHelpers.Run method threw an exception. (LogError connecting to 119.3.126.117:8080)
LogError connecting to 119.3.126.117:8080
由于目标计算机积极拒绝，无法连接。
2020-04-04 16:07:44,466 [29] ERROR runInfo [(null)] - [refreshConnect:102@nodeClient.cs]AsyncHelpers.Run method threw an exception. (AsyncHelpers.Run method threw an exception. (LogError connecting to 119.3.126.117:8080))
AsyncHelpers.Run method threw an exception. (LogError connecting to 119.3.126.117:8080)
LogError connecting to 119.3.126.117:8080
由于目标计算机积极拒绝，无法连接。
2020-04-04 16:19:58,193 [1] ERROR runInfo [(null)] - [GetHost:131@nodeClient.cs]Index was outside the bounds of the array.
2020-04-04 16:19:58,217 [1] DEBUG runInfo [(null)] - [initTasklist:81@Confg.cs]now createTaskList
2020-04-04 16:19:58,315 [1] DEBUG runInfo [(null)] - [initTasklist:90@Confg.cs]createTaskList count:4
